

================================================================
== Vivado HLS Report for 'myproject'
================================================================
* Date:           Sun Oct 16 21:06:30 2022

* Version:        2019.2 (Build 2704478 on Wed Nov 06 22:10:23 MST 2019)
* Project:        myproject_prj
* Solution:       solution1
* Product family: zynquplus
* Target device:  xczu9eg-ffvb1156-2-e


================================================================
== Performance Estimates
================================================================
+ Timing: 
    * Summary: 
    +--------+---------+----------+------------+
    |  Clock |  Target | Estimated| Uncertainty|
    +--------+---------+----------+------------+
    |ap_clk  | 5.00 ns | 3.420 ns |   0.62 ns  |
    +--------+---------+----------+------------+

+ Latency: 
    * Summary: 
    +---------+---------+----------+----------+-----+-----+----------+
    |  Latency (cycles) |  Latency (absolute) |  Interval | Pipeline |
    |   min   |   max   |    min   |    max   | min | max |   Type   |
    +---------+---------+----------+----------+-----+-----+----------+
    |      684|      684| 3.420 us | 3.420 us |  685|  685| dataflow |
    +---------+---------+----------+----------+-----+-----+----------+

    + Detail: 
        * Instance: 
        +------------------------------------------------------------+-----------------------------------------------------------+---------+---------+----------+----------+-----+-----+---------+
        |                                                            |                                                           |  Latency (cycles) |  Latency (absolute) |  Interval | Pipeline|
        |                          Instance                          |                           Module                          |   min   |   max   |    min   |    max   | min | max |   Type  |
        +------------------------------------------------------------+-----------------------------------------------------------+---------+---------+----------+----------+-----+-----+---------+
        |pointwise_conv_1d_cl_switch_ap_fixed_ap_fixed_config117_U0  |pointwise_conv_1d_cl_switch_ap_fixed_ap_fixed_config117_s  |      684|      684| 3.420 us | 3.420 us |  684|  684|   none  |
        +------------------------------------------------------------+-----------------------------------------------------------+---------+---------+----------+----------+-----+-----+---------+

        * Loop: 
        N/A



================================================================
== Utilization Estimates
================================================================
* Summary: 
+-----------------+---------+-------+--------+--------+-----+
|       Name      | BRAM_18K| DSP48E|   FF   |   LUT  | URAM|
+-----------------+---------+-------+--------+--------+-----+
|DSP              |        -|      -|       -|       -|    -|
|Expression       |        -|      -|       -|       -|    -|
|FIFO             |        -|      -|       -|       -|    -|
|Instance         |       22|    254|   13462|   11322|    -|
|Memory           |        -|      -|       -|       -|    -|
|Multiplexer      |        -|      -|       -|       -|    -|
|Register         |        -|      -|       -|       -|    -|
+-----------------+---------+-------+--------+--------+-----+
|Total            |       22|    254|   13462|   11322|    0|
+-----------------+---------+-------+--------+--------+-----+
|Available        |     1824|   2520|  548160|  274080|    0|
+-----------------+---------+-------+--------+--------+-----+
|Utilization (%)  |        1|     10|       2|       4|    0|
+-----------------+---------+-------+--------+--------+-----+

+ Detail: 
    * Instance: 
    +------------------------------------------------------------+-----------------------------------------------------------+---------+-------+-------+-------+-----+
    |                          Instance                          |                           Module                          | BRAM_18K| DSP48E|   FF  |  LUT  | URAM|
    +------------------------------------------------------------+-----------------------------------------------------------+---------+-------+-------+-------+-----+
    |pointwise_conv_1d_cl_switch_ap_fixed_ap_fixed_config117_U0  |pointwise_conv_1d_cl_switch_ap_fixed_ap_fixed_config117_s  |       22|    254|  13462|  11322|    0|
    +------------------------------------------------------------+-----------------------------------------------------------+---------+-------+-------+-------+-----+
    |Total                                                       |                                                           |       22|    254|  13462|  11322|    0|
    +------------------------------------------------------------+-----------------------------------------------------------+---------+-------+-------+-------+-----+

    * DSP48E: 
    N/A

    * Memory: 
    N/A

    * FIFO: 
    N/A

    * Expression: 
    N/A

    * Multiplexer: 
    N/A

    * Register: 
    N/A



================================================================
== Interface
================================================================
* Summary: 
+-----------------------------+-----+-----+------------+----------------------+--------------+
|          RTL Ports          | Dir | Bits|  Protocol  |     Source Object    |    C Type    |
+-----------------------------+-----+-----+------------+----------------------+--------------+
|tracks_0_V_V_TDATA           |  in |   32|    axis    |     tracks_0_V_V     |    pointer   |
|tracks_0_V_V_TVALID          |  in |    1|    axis    |     tracks_0_V_V     |    pointer   |
|tracks_0_V_V_TREADY          | out |    1|    axis    |     tracks_0_V_V     |    pointer   |
|tracks_1_V_V_TDATA           |  in |   32|    axis    |     tracks_1_V_V     |    pointer   |
|tracks_1_V_V_TVALID          |  in |    1|    axis    |     tracks_1_V_V     |    pointer   |
|tracks_1_V_V_TREADY          | out |    1|    axis    |     tracks_1_V_V     |    pointer   |
|tracks_2_V_V_TDATA           |  in |   32|    axis    |     tracks_2_V_V     |    pointer   |
|tracks_2_V_V_TVALID          |  in |    1|    axis    |     tracks_2_V_V     |    pointer   |
|tracks_2_V_V_TREADY          | out |    1|    axis    |     tracks_2_V_V     |    pointer   |
|tracks_3_V_V_TDATA           |  in |   32|    axis    |     tracks_3_V_V     |    pointer   |
|tracks_3_V_V_TVALID          |  in |    1|    axis    |     tracks_3_V_V     |    pointer   |
|tracks_3_V_V_TREADY          | out |    1|    axis    |     tracks_3_V_V     |    pointer   |
|tracks_4_V_V_TDATA           |  in |   32|    axis    |     tracks_4_V_V     |    pointer   |
|tracks_4_V_V_TVALID          |  in |    1|    axis    |     tracks_4_V_V     |    pointer   |
|tracks_4_V_V_TREADY          | out |    1|    axis    |     tracks_4_V_V     |    pointer   |
|tracks_5_V_V_TDATA           |  in |   32|    axis    |     tracks_5_V_V     |    pointer   |
|tracks_5_V_V_TVALID          |  in |    1|    axis    |     tracks_5_V_V     |    pointer   |
|tracks_5_V_V_TREADY          | out |    1|    axis    |     tracks_5_V_V     |    pointer   |
|layer117_out_0_V_V_TDATA     | out |   32|    axis    |  layer117_out_0_V_V  |    pointer   |
|layer117_out_0_V_V_TVALID    | out |    1|    axis    |  layer117_out_0_V_V  |    pointer   |
|layer117_out_0_V_V_TREADY    |  in |    1|    axis    |  layer117_out_0_V_V  |    pointer   |
|layer117_out_1_V_V_TDATA     | out |   32|    axis    |  layer117_out_1_V_V  |    pointer   |
|layer117_out_1_V_V_TVALID    | out |    1|    axis    |  layer117_out_1_V_V  |    pointer   |
|layer117_out_1_V_V_TREADY    |  in |    1|    axis    |  layer117_out_1_V_V  |    pointer   |
|layer117_out_2_V_V_TDATA     | out |   32|    axis    |  layer117_out_2_V_V  |    pointer   |
|layer117_out_2_V_V_TVALID    | out |    1|    axis    |  layer117_out_2_V_V  |    pointer   |
|layer117_out_2_V_V_TREADY    |  in |    1|    axis    |  layer117_out_2_V_V  |    pointer   |
|layer117_out_3_V_V_TDATA     | out |   32|    axis    |  layer117_out_3_V_V  |    pointer   |
|layer117_out_3_V_V_TVALID    | out |    1|    axis    |  layer117_out_3_V_V  |    pointer   |
|layer117_out_3_V_V_TREADY    |  in |    1|    axis    |  layer117_out_3_V_V  |    pointer   |
|layer117_out_4_V_V_TDATA     | out |   32|    axis    |  layer117_out_4_V_V  |    pointer   |
|layer117_out_4_V_V_TVALID    | out |    1|    axis    |  layer117_out_4_V_V  |    pointer   |
|layer117_out_4_V_V_TREADY    |  in |    1|    axis    |  layer117_out_4_V_V  |    pointer   |
|layer117_out_5_V_V_TDATA     | out |   32|    axis    |  layer117_out_5_V_V  |    pointer   |
|layer117_out_5_V_V_TVALID    | out |    1|    axis    |  layer117_out_5_V_V  |    pointer   |
|layer117_out_5_V_V_TREADY    |  in |    1|    axis    |  layer117_out_5_V_V  |    pointer   |
|layer117_out_6_V_V_TDATA     | out |   32|    axis    |  layer117_out_6_V_V  |    pointer   |
|layer117_out_6_V_V_TVALID    | out |    1|    axis    |  layer117_out_6_V_V  |    pointer   |
|layer117_out_6_V_V_TREADY    |  in |    1|    axis    |  layer117_out_6_V_V  |    pointer   |
|layer117_out_7_V_V_TDATA     | out |   32|    axis    |  layer117_out_7_V_V  |    pointer   |
|layer117_out_7_V_V_TVALID    | out |    1|    axis    |  layer117_out_7_V_V  |    pointer   |
|layer117_out_7_V_V_TREADY    |  in |    1|    axis    |  layer117_out_7_V_V  |    pointer   |
|layer117_out_8_V_V_TDATA     | out |   32|    axis    |  layer117_out_8_V_V  |    pointer   |
|layer117_out_8_V_V_TVALID    | out |    1|    axis    |  layer117_out_8_V_V  |    pointer   |
|layer117_out_8_V_V_TREADY    |  in |    1|    axis    |  layer117_out_8_V_V  |    pointer   |
|layer117_out_9_V_V_TDATA     | out |   32|    axis    |  layer117_out_9_V_V  |    pointer   |
|layer117_out_9_V_V_TVALID    | out |    1|    axis    |  layer117_out_9_V_V  |    pointer   |
|layer117_out_9_V_V_TREADY    |  in |    1|    axis    |  layer117_out_9_V_V  |    pointer   |
|layer117_out_10_V_V_TDATA    | out |   32|    axis    |  layer117_out_10_V_V |    pointer   |
|layer117_out_10_V_V_TVALID   | out |    1|    axis    |  layer117_out_10_V_V |    pointer   |
|layer117_out_10_V_V_TREADY   |  in |    1|    axis    |  layer117_out_10_V_V |    pointer   |
|layer117_out_11_V_V_TDATA    | out |   32|    axis    |  layer117_out_11_V_V |    pointer   |
|layer117_out_11_V_V_TVALID   | out |    1|    axis    |  layer117_out_11_V_V |    pointer   |
|layer117_out_11_V_V_TREADY   |  in |    1|    axis    |  layer117_out_11_V_V |    pointer   |
|layer117_out_12_V_V_TDATA    | out |   32|    axis    |  layer117_out_12_V_V |    pointer   |
|layer117_out_12_V_V_TVALID   | out |    1|    axis    |  layer117_out_12_V_V |    pointer   |
|layer117_out_12_V_V_TREADY   |  in |    1|    axis    |  layer117_out_12_V_V |    pointer   |
|layer117_out_13_V_V_TDATA    | out |   32|    axis    |  layer117_out_13_V_V |    pointer   |
|layer117_out_13_V_V_TVALID   | out |    1|    axis    |  layer117_out_13_V_V |    pointer   |
|layer117_out_13_V_V_TREADY   |  in |    1|    axis    |  layer117_out_13_V_V |    pointer   |
|layer117_out_14_V_V_TDATA    | out |   32|    axis    |  layer117_out_14_V_V |    pointer   |
|layer117_out_14_V_V_TVALID   | out |    1|    axis    |  layer117_out_14_V_V |    pointer   |
|layer117_out_14_V_V_TREADY   |  in |    1|    axis    |  layer117_out_14_V_V |    pointer   |
|layer117_out_15_V_V_TDATA    | out |   32|    axis    |  layer117_out_15_V_V |    pointer   |
|layer117_out_15_V_V_TVALID   | out |    1|    axis    |  layer117_out_15_V_V |    pointer   |
|layer117_out_15_V_V_TREADY   |  in |    1|    axis    |  layer117_out_15_V_V |    pointer   |
|layer117_out_16_V_V_TDATA    | out |   32|    axis    |  layer117_out_16_V_V |    pointer   |
|layer117_out_16_V_V_TVALID   | out |    1|    axis    |  layer117_out_16_V_V |    pointer   |
|layer117_out_16_V_V_TREADY   |  in |    1|    axis    |  layer117_out_16_V_V |    pointer   |
|layer117_out_17_V_V_TDATA    | out |   32|    axis    |  layer117_out_17_V_V |    pointer   |
|layer117_out_17_V_V_TVALID   | out |    1|    axis    |  layer117_out_17_V_V |    pointer   |
|layer117_out_17_V_V_TREADY   |  in |    1|    axis    |  layer117_out_17_V_V |    pointer   |
|layer117_out_18_V_V_TDATA    | out |   32|    axis    |  layer117_out_18_V_V |    pointer   |
|layer117_out_18_V_V_TVALID   | out |    1|    axis    |  layer117_out_18_V_V |    pointer   |
|layer117_out_18_V_V_TREADY   |  in |    1|    axis    |  layer117_out_18_V_V |    pointer   |
|layer117_out_19_V_V_TDATA    | out |   32|    axis    |  layer117_out_19_V_V |    pointer   |
|layer117_out_19_V_V_TVALID   | out |    1|    axis    |  layer117_out_19_V_V |    pointer   |
|layer117_out_19_V_V_TREADY   |  in |    1|    axis    |  layer117_out_19_V_V |    pointer   |
|layer117_out_20_V_V_TDATA    | out |   32|    axis    |  layer117_out_20_V_V |    pointer   |
|layer117_out_20_V_V_TVALID   | out |    1|    axis    |  layer117_out_20_V_V |    pointer   |
|layer117_out_20_V_V_TREADY   |  in |    1|    axis    |  layer117_out_20_V_V |    pointer   |
|layer117_out_21_V_V_TDATA    | out |   32|    axis    |  layer117_out_21_V_V |    pointer   |
|layer117_out_21_V_V_TVALID   | out |    1|    axis    |  layer117_out_21_V_V |    pointer   |
|layer117_out_21_V_V_TREADY   |  in |    1|    axis    |  layer117_out_21_V_V |    pointer   |
|layer117_out_22_V_V_TDATA    | out |   32|    axis    |  layer117_out_22_V_V |    pointer   |
|layer117_out_22_V_V_TVALID   | out |    1|    axis    |  layer117_out_22_V_V |    pointer   |
|layer117_out_22_V_V_TREADY   |  in |    1|    axis    |  layer117_out_22_V_V |    pointer   |
|layer117_out_23_V_V_TDATA    | out |   32|    axis    |  layer117_out_23_V_V |    pointer   |
|layer117_out_23_V_V_TVALID   | out |    1|    axis    |  layer117_out_23_V_V |    pointer   |
|layer117_out_23_V_V_TREADY   |  in |    1|    axis    |  layer117_out_23_V_V |    pointer   |
|layer117_out_24_V_V_TDATA    | out |   32|    axis    |  layer117_out_24_V_V |    pointer   |
|layer117_out_24_V_V_TVALID   | out |    1|    axis    |  layer117_out_24_V_V |    pointer   |
|layer117_out_24_V_V_TREADY   |  in |    1|    axis    |  layer117_out_24_V_V |    pointer   |
|layer117_out_25_V_V_TDATA    | out |   32|    axis    |  layer117_out_25_V_V |    pointer   |
|layer117_out_25_V_V_TVALID   | out |    1|    axis    |  layer117_out_25_V_V |    pointer   |
|layer117_out_25_V_V_TREADY   |  in |    1|    axis    |  layer117_out_25_V_V |    pointer   |
|layer117_out_26_V_V_TDATA    | out |   32|    axis    |  layer117_out_26_V_V |    pointer   |
|layer117_out_26_V_V_TVALID   | out |    1|    axis    |  layer117_out_26_V_V |    pointer   |
|layer117_out_26_V_V_TREADY   |  in |    1|    axis    |  layer117_out_26_V_V |    pointer   |
|layer117_out_27_V_V_TDATA    | out |   32|    axis    |  layer117_out_27_V_V |    pointer   |
|layer117_out_27_V_V_TVALID   | out |    1|    axis    |  layer117_out_27_V_V |    pointer   |
|layer117_out_27_V_V_TREADY   |  in |    1|    axis    |  layer117_out_27_V_V |    pointer   |
|layer117_out_28_V_V_TDATA    | out |   32|    axis    |  layer117_out_28_V_V |    pointer   |
|layer117_out_28_V_V_TVALID   | out |    1|    axis    |  layer117_out_28_V_V |    pointer   |
|layer117_out_28_V_V_TREADY   |  in |    1|    axis    |  layer117_out_28_V_V |    pointer   |
|layer117_out_29_V_V_TDATA    | out |   32|    axis    |  layer117_out_29_V_V |    pointer   |
|layer117_out_29_V_V_TVALID   | out |    1|    axis    |  layer117_out_29_V_V |    pointer   |
|layer117_out_29_V_V_TREADY   |  in |    1|    axis    |  layer117_out_29_V_V |    pointer   |
|layer117_out_30_V_V_TDATA    | out |   32|    axis    |  layer117_out_30_V_V |    pointer   |
|layer117_out_30_V_V_TVALID   | out |    1|    axis    |  layer117_out_30_V_V |    pointer   |
|layer117_out_30_V_V_TREADY   |  in |    1|    axis    |  layer117_out_30_V_V |    pointer   |
|layer117_out_31_V_V_TDATA    | out |   32|    axis    |  layer117_out_31_V_V |    pointer   |
|layer117_out_31_V_V_TVALID   | out |    1|    axis    |  layer117_out_31_V_V |    pointer   |
|layer117_out_31_V_V_TREADY   |  in |    1|    axis    |  layer117_out_31_V_V |    pointer   |
|layer117_out_32_V_V_TDATA    | out |   32|    axis    |  layer117_out_32_V_V |    pointer   |
|layer117_out_32_V_V_TVALID   | out |    1|    axis    |  layer117_out_32_V_V |    pointer   |
|layer117_out_32_V_V_TREADY   |  in |    1|    axis    |  layer117_out_32_V_V |    pointer   |
|layer117_out_33_V_V_TDATA    | out |   32|    axis    |  layer117_out_33_V_V |    pointer   |
|layer117_out_33_V_V_TVALID   | out |    1|    axis    |  layer117_out_33_V_V |    pointer   |
|layer117_out_33_V_V_TREADY   |  in |    1|    axis    |  layer117_out_33_V_V |    pointer   |
|layer117_out_34_V_V_TDATA    | out |   32|    axis    |  layer117_out_34_V_V |    pointer   |
|layer117_out_34_V_V_TVALID   | out |    1|    axis    |  layer117_out_34_V_V |    pointer   |
|layer117_out_34_V_V_TREADY   |  in |    1|    axis    |  layer117_out_34_V_V |    pointer   |
|layer117_out_35_V_V_TDATA    | out |   32|    axis    |  layer117_out_35_V_V |    pointer   |
|layer117_out_35_V_V_TVALID   | out |    1|    axis    |  layer117_out_35_V_V |    pointer   |
|layer117_out_35_V_V_TREADY   |  in |    1|    axis    |  layer117_out_35_V_V |    pointer   |
|layer117_out_36_V_V_TDATA    | out |   32|    axis    |  layer117_out_36_V_V |    pointer   |
|layer117_out_36_V_V_TVALID   | out |    1|    axis    |  layer117_out_36_V_V |    pointer   |
|layer117_out_36_V_V_TREADY   |  in |    1|    axis    |  layer117_out_36_V_V |    pointer   |
|layer117_out_37_V_V_TDATA    | out |   32|    axis    |  layer117_out_37_V_V |    pointer   |
|layer117_out_37_V_V_TVALID   | out |    1|    axis    |  layer117_out_37_V_V |    pointer   |
|layer117_out_37_V_V_TREADY   |  in |    1|    axis    |  layer117_out_37_V_V |    pointer   |
|layer117_out_38_V_V_TDATA    | out |   32|    axis    |  layer117_out_38_V_V |    pointer   |
|layer117_out_38_V_V_TVALID   | out |    1|    axis    |  layer117_out_38_V_V |    pointer   |
|layer117_out_38_V_V_TREADY   |  in |    1|    axis    |  layer117_out_38_V_V |    pointer   |
|layer117_out_39_V_V_TDATA    | out |   32|    axis    |  layer117_out_39_V_V |    pointer   |
|layer117_out_39_V_V_TVALID   | out |    1|    axis    |  layer117_out_39_V_V |    pointer   |
|layer117_out_39_V_V_TREADY   |  in |    1|    axis    |  layer117_out_39_V_V |    pointer   |
|layer117_out_40_V_V_TDATA    | out |   32|    axis    |  layer117_out_40_V_V |    pointer   |
|layer117_out_40_V_V_TVALID   | out |    1|    axis    |  layer117_out_40_V_V |    pointer   |
|layer117_out_40_V_V_TREADY   |  in |    1|    axis    |  layer117_out_40_V_V |    pointer   |
|layer117_out_41_V_V_TDATA    | out |   32|    axis    |  layer117_out_41_V_V |    pointer   |
|layer117_out_41_V_V_TVALID   | out |    1|    axis    |  layer117_out_41_V_V |    pointer   |
|layer117_out_41_V_V_TREADY   |  in |    1|    axis    |  layer117_out_41_V_V |    pointer   |
|layer117_out_42_V_V_TDATA    | out |   32|    axis    |  layer117_out_42_V_V |    pointer   |
|layer117_out_42_V_V_TVALID   | out |    1|    axis    |  layer117_out_42_V_V |    pointer   |
|layer117_out_42_V_V_TREADY   |  in |    1|    axis    |  layer117_out_42_V_V |    pointer   |
|layer117_out_43_V_V_TDATA    | out |   32|    axis    |  layer117_out_43_V_V |    pointer   |
|layer117_out_43_V_V_TVALID   | out |    1|    axis    |  layer117_out_43_V_V |    pointer   |
|layer117_out_43_V_V_TREADY   |  in |    1|    axis    |  layer117_out_43_V_V |    pointer   |
|layer117_out_44_V_V_TDATA    | out |   32|    axis    |  layer117_out_44_V_V |    pointer   |
|layer117_out_44_V_V_TVALID   | out |    1|    axis    |  layer117_out_44_V_V |    pointer   |
|layer117_out_44_V_V_TREADY   |  in |    1|    axis    |  layer117_out_44_V_V |    pointer   |
|layer117_out_45_V_V_TDATA    | out |   32|    axis    |  layer117_out_45_V_V |    pointer   |
|layer117_out_45_V_V_TVALID   | out |    1|    axis    |  layer117_out_45_V_V |    pointer   |
|layer117_out_45_V_V_TREADY   |  in |    1|    axis    |  layer117_out_45_V_V |    pointer   |
|layer117_out_46_V_V_TDATA    | out |   32|    axis    |  layer117_out_46_V_V |    pointer   |
|layer117_out_46_V_V_TVALID   | out |    1|    axis    |  layer117_out_46_V_V |    pointer   |
|layer117_out_46_V_V_TREADY   |  in |    1|    axis    |  layer117_out_46_V_V |    pointer   |
|layer117_out_47_V_V_TDATA    | out |   32|    axis    |  layer117_out_47_V_V |    pointer   |
|layer117_out_47_V_V_TVALID   | out |    1|    axis    |  layer117_out_47_V_V |    pointer   |
|layer117_out_47_V_V_TREADY   |  in |    1|    axis    |  layer117_out_47_V_V |    pointer   |
|layer117_out_48_V_V_TDATA    | out |   32|    axis    |  layer117_out_48_V_V |    pointer   |
|layer117_out_48_V_V_TVALID   | out |    1|    axis    |  layer117_out_48_V_V |    pointer   |
|layer117_out_48_V_V_TREADY   |  in |    1|    axis    |  layer117_out_48_V_V |    pointer   |
|layer117_out_49_V_V_TDATA    | out |   32|    axis    |  layer117_out_49_V_V |    pointer   |
|layer117_out_49_V_V_TVALID   | out |    1|    axis    |  layer117_out_49_V_V |    pointer   |
|layer117_out_49_V_V_TREADY   |  in |    1|    axis    |  layer117_out_49_V_V |    pointer   |
|layer117_out_50_V_V_TDATA    | out |   32|    axis    |  layer117_out_50_V_V |    pointer   |
|layer117_out_50_V_V_TVALID   | out |    1|    axis    |  layer117_out_50_V_V |    pointer   |
|layer117_out_50_V_V_TREADY   |  in |    1|    axis    |  layer117_out_50_V_V |    pointer   |
|layer117_out_51_V_V_TDATA    | out |   32|    axis    |  layer117_out_51_V_V |    pointer   |
|layer117_out_51_V_V_TVALID   | out |    1|    axis    |  layer117_out_51_V_V |    pointer   |
|layer117_out_51_V_V_TREADY   |  in |    1|    axis    |  layer117_out_51_V_V |    pointer   |
|layer117_out_52_V_V_TDATA    | out |   32|    axis    |  layer117_out_52_V_V |    pointer   |
|layer117_out_52_V_V_TVALID   | out |    1|    axis    |  layer117_out_52_V_V |    pointer   |
|layer117_out_52_V_V_TREADY   |  in |    1|    axis    |  layer117_out_52_V_V |    pointer   |
|layer117_out_53_V_V_TDATA    | out |   32|    axis    |  layer117_out_53_V_V |    pointer   |
|layer117_out_53_V_V_TVALID   | out |    1|    axis    |  layer117_out_53_V_V |    pointer   |
|layer117_out_53_V_V_TREADY   |  in |    1|    axis    |  layer117_out_53_V_V |    pointer   |
|layer117_out_54_V_V_TDATA    | out |   32|    axis    |  layer117_out_54_V_V |    pointer   |
|layer117_out_54_V_V_TVALID   | out |    1|    axis    |  layer117_out_54_V_V |    pointer   |
|layer117_out_54_V_V_TREADY   |  in |    1|    axis    |  layer117_out_54_V_V |    pointer   |
|layer117_out_55_V_V_TDATA    | out |   32|    axis    |  layer117_out_55_V_V |    pointer   |
|layer117_out_55_V_V_TVALID   | out |    1|    axis    |  layer117_out_55_V_V |    pointer   |
|layer117_out_55_V_V_TREADY   |  in |    1|    axis    |  layer117_out_55_V_V |    pointer   |
|layer117_out_56_V_V_TDATA    | out |   32|    axis    |  layer117_out_56_V_V |    pointer   |
|layer117_out_56_V_V_TVALID   | out |    1|    axis    |  layer117_out_56_V_V |    pointer   |
|layer117_out_56_V_V_TREADY   |  in |    1|    axis    |  layer117_out_56_V_V |    pointer   |
|layer117_out_57_V_V_TDATA    | out |   32|    axis    |  layer117_out_57_V_V |    pointer   |
|layer117_out_57_V_V_TVALID   | out |    1|    axis    |  layer117_out_57_V_V |    pointer   |
|layer117_out_57_V_V_TREADY   |  in |    1|    axis    |  layer117_out_57_V_V |    pointer   |
|layer117_out_58_V_V_TDATA    | out |   32|    axis    |  layer117_out_58_V_V |    pointer   |
|layer117_out_58_V_V_TVALID   | out |    1|    axis    |  layer117_out_58_V_V |    pointer   |
|layer117_out_58_V_V_TREADY   |  in |    1|    axis    |  layer117_out_58_V_V |    pointer   |
|layer117_out_59_V_V_TDATA    | out |   32|    axis    |  layer117_out_59_V_V |    pointer   |
|layer117_out_59_V_V_TVALID   | out |    1|    axis    |  layer117_out_59_V_V |    pointer   |
|layer117_out_59_V_V_TREADY   |  in |    1|    axis    |  layer117_out_59_V_V |    pointer   |
|layer117_out_60_V_V_TDATA    | out |   32|    axis    |  layer117_out_60_V_V |    pointer   |
|layer117_out_60_V_V_TVALID   | out |    1|    axis    |  layer117_out_60_V_V |    pointer   |
|layer117_out_60_V_V_TREADY   |  in |    1|    axis    |  layer117_out_60_V_V |    pointer   |
|layer117_out_61_V_V_TDATA    | out |   32|    axis    |  layer117_out_61_V_V |    pointer   |
|layer117_out_61_V_V_TVALID   | out |    1|    axis    |  layer117_out_61_V_V |    pointer   |
|layer117_out_61_V_V_TREADY   |  in |    1|    axis    |  layer117_out_61_V_V |    pointer   |
|layer117_out_62_V_V_TDATA    | out |   32|    axis    |  layer117_out_62_V_V |    pointer   |
|layer117_out_62_V_V_TVALID   | out |    1|    axis    |  layer117_out_62_V_V |    pointer   |
|layer117_out_62_V_V_TREADY   |  in |    1|    axis    |  layer117_out_62_V_V |    pointer   |
|layer117_out_63_V_V_TDATA    | out |   32|    axis    |  layer117_out_63_V_V |    pointer   |
|layer117_out_63_V_V_TVALID   | out |    1|    axis    |  layer117_out_63_V_V |    pointer   |
|layer117_out_63_V_V_TREADY   |  in |    1|    axis    |  layer117_out_63_V_V |    pointer   |
|layer117_out_64_V_V_TDATA    | out |   32|    axis    |  layer117_out_64_V_V |    pointer   |
|layer117_out_64_V_V_TVALID   | out |    1|    axis    |  layer117_out_64_V_V |    pointer   |
|layer117_out_64_V_V_TREADY   |  in |    1|    axis    |  layer117_out_64_V_V |    pointer   |
|layer117_out_65_V_V_TDATA    | out |   32|    axis    |  layer117_out_65_V_V |    pointer   |
|layer117_out_65_V_V_TVALID   | out |    1|    axis    |  layer117_out_65_V_V |    pointer   |
|layer117_out_65_V_V_TREADY   |  in |    1|    axis    |  layer117_out_65_V_V |    pointer   |
|layer117_out_66_V_V_TDATA    | out |   32|    axis    |  layer117_out_66_V_V |    pointer   |
|layer117_out_66_V_V_TVALID   | out |    1|    axis    |  layer117_out_66_V_V |    pointer   |
|layer117_out_66_V_V_TREADY   |  in |    1|    axis    |  layer117_out_66_V_V |    pointer   |
|layer117_out_67_V_V_TDATA    | out |   32|    axis    |  layer117_out_67_V_V |    pointer   |
|layer117_out_67_V_V_TVALID   | out |    1|    axis    |  layer117_out_67_V_V |    pointer   |
|layer117_out_67_V_V_TREADY   |  in |    1|    axis    |  layer117_out_67_V_V |    pointer   |
|layer117_out_68_V_V_TDATA    | out |   32|    axis    |  layer117_out_68_V_V |    pointer   |
|layer117_out_68_V_V_TVALID   | out |    1|    axis    |  layer117_out_68_V_V |    pointer   |
|layer117_out_68_V_V_TREADY   |  in |    1|    axis    |  layer117_out_68_V_V |    pointer   |
|layer117_out_69_V_V_TDATA    | out |   32|    axis    |  layer117_out_69_V_V |    pointer   |
|layer117_out_69_V_V_TVALID   | out |    1|    axis    |  layer117_out_69_V_V |    pointer   |
|layer117_out_69_V_V_TREADY   |  in |    1|    axis    |  layer117_out_69_V_V |    pointer   |
|layer117_out_70_V_V_TDATA    | out |   32|    axis    |  layer117_out_70_V_V |    pointer   |
|layer117_out_70_V_V_TVALID   | out |    1|    axis    |  layer117_out_70_V_V |    pointer   |
|layer117_out_70_V_V_TREADY   |  in |    1|    axis    |  layer117_out_70_V_V |    pointer   |
|layer117_out_71_V_V_TDATA    | out |   32|    axis    |  layer117_out_71_V_V |    pointer   |
|layer117_out_71_V_V_TVALID   | out |    1|    axis    |  layer117_out_71_V_V |    pointer   |
|layer117_out_71_V_V_TREADY   |  in |    1|    axis    |  layer117_out_71_V_V |    pointer   |
|layer117_out_72_V_V_TDATA    | out |   32|    axis    |  layer117_out_72_V_V |    pointer   |
|layer117_out_72_V_V_TVALID   | out |    1|    axis    |  layer117_out_72_V_V |    pointer   |
|layer117_out_72_V_V_TREADY   |  in |    1|    axis    |  layer117_out_72_V_V |    pointer   |
|layer117_out_73_V_V_TDATA    | out |   32|    axis    |  layer117_out_73_V_V |    pointer   |
|layer117_out_73_V_V_TVALID   | out |    1|    axis    |  layer117_out_73_V_V |    pointer   |
|layer117_out_73_V_V_TREADY   |  in |    1|    axis    |  layer117_out_73_V_V |    pointer   |
|layer117_out_74_V_V_TDATA    | out |   32|    axis    |  layer117_out_74_V_V |    pointer   |
|layer117_out_74_V_V_TVALID   | out |    1|    axis    |  layer117_out_74_V_V |    pointer   |
|layer117_out_74_V_V_TREADY   |  in |    1|    axis    |  layer117_out_74_V_V |    pointer   |
|layer117_out_75_V_V_TDATA    | out |   32|    axis    |  layer117_out_75_V_V |    pointer   |
|layer117_out_75_V_V_TVALID   | out |    1|    axis    |  layer117_out_75_V_V |    pointer   |
|layer117_out_75_V_V_TREADY   |  in |    1|    axis    |  layer117_out_75_V_V |    pointer   |
|layer117_out_76_V_V_TDATA    | out |   32|    axis    |  layer117_out_76_V_V |    pointer   |
|layer117_out_76_V_V_TVALID   | out |    1|    axis    |  layer117_out_76_V_V |    pointer   |
|layer117_out_76_V_V_TREADY   |  in |    1|    axis    |  layer117_out_76_V_V |    pointer   |
|layer117_out_77_V_V_TDATA    | out |   32|    axis    |  layer117_out_77_V_V |    pointer   |
|layer117_out_77_V_V_TVALID   | out |    1|    axis    |  layer117_out_77_V_V |    pointer   |
|layer117_out_77_V_V_TREADY   |  in |    1|    axis    |  layer117_out_77_V_V |    pointer   |
|layer117_out_78_V_V_TDATA    | out |   32|    axis    |  layer117_out_78_V_V |    pointer   |
|layer117_out_78_V_V_TVALID   | out |    1|    axis    |  layer117_out_78_V_V |    pointer   |
|layer117_out_78_V_V_TREADY   |  in |    1|    axis    |  layer117_out_78_V_V |    pointer   |
|layer117_out_79_V_V_TDATA    | out |   32|    axis    |  layer117_out_79_V_V |    pointer   |
|layer117_out_79_V_V_TVALID   | out |    1|    axis    |  layer117_out_79_V_V |    pointer   |
|layer117_out_79_V_V_TREADY   |  in |    1|    axis    |  layer117_out_79_V_V |    pointer   |
|layer117_out_80_V_V_TDATA    | out |   32|    axis    |  layer117_out_80_V_V |    pointer   |
|layer117_out_80_V_V_TVALID   | out |    1|    axis    |  layer117_out_80_V_V |    pointer   |
|layer117_out_80_V_V_TREADY   |  in |    1|    axis    |  layer117_out_80_V_V |    pointer   |
|layer117_out_81_V_V_TDATA    | out |   32|    axis    |  layer117_out_81_V_V |    pointer   |
|layer117_out_81_V_V_TVALID   | out |    1|    axis    |  layer117_out_81_V_V |    pointer   |
|layer117_out_81_V_V_TREADY   |  in |    1|    axis    |  layer117_out_81_V_V |    pointer   |
|layer117_out_82_V_V_TDATA    | out |   32|    axis    |  layer117_out_82_V_V |    pointer   |
|layer117_out_82_V_V_TVALID   | out |    1|    axis    |  layer117_out_82_V_V |    pointer   |
|layer117_out_82_V_V_TREADY   |  in |    1|    axis    |  layer117_out_82_V_V |    pointer   |
|layer117_out_83_V_V_TDATA    | out |   32|    axis    |  layer117_out_83_V_V |    pointer   |
|layer117_out_83_V_V_TVALID   | out |    1|    axis    |  layer117_out_83_V_V |    pointer   |
|layer117_out_83_V_V_TREADY   |  in |    1|    axis    |  layer117_out_83_V_V |    pointer   |
|layer117_out_84_V_V_TDATA    | out |   32|    axis    |  layer117_out_84_V_V |    pointer   |
|layer117_out_84_V_V_TVALID   | out |    1|    axis    |  layer117_out_84_V_V |    pointer   |
|layer117_out_84_V_V_TREADY   |  in |    1|    axis    |  layer117_out_84_V_V |    pointer   |
|layer117_out_85_V_V_TDATA    | out |   32|    axis    |  layer117_out_85_V_V |    pointer   |
|layer117_out_85_V_V_TVALID   | out |    1|    axis    |  layer117_out_85_V_V |    pointer   |
|layer117_out_85_V_V_TREADY   |  in |    1|    axis    |  layer117_out_85_V_V |    pointer   |
|layer117_out_86_V_V_TDATA    | out |   32|    axis    |  layer117_out_86_V_V |    pointer   |
|layer117_out_86_V_V_TVALID   | out |    1|    axis    |  layer117_out_86_V_V |    pointer   |
|layer117_out_86_V_V_TREADY   |  in |    1|    axis    |  layer117_out_86_V_V |    pointer   |
|layer117_out_87_V_V_TDATA    | out |   32|    axis    |  layer117_out_87_V_V |    pointer   |
|layer117_out_87_V_V_TVALID   | out |    1|    axis    |  layer117_out_87_V_V |    pointer   |
|layer117_out_87_V_V_TREADY   |  in |    1|    axis    |  layer117_out_87_V_V |    pointer   |
|layer117_out_88_V_V_TDATA    | out |   32|    axis    |  layer117_out_88_V_V |    pointer   |
|layer117_out_88_V_V_TVALID   | out |    1|    axis    |  layer117_out_88_V_V |    pointer   |
|layer117_out_88_V_V_TREADY   |  in |    1|    axis    |  layer117_out_88_V_V |    pointer   |
|layer117_out_89_V_V_TDATA    | out |   32|    axis    |  layer117_out_89_V_V |    pointer   |
|layer117_out_89_V_V_TVALID   | out |    1|    axis    |  layer117_out_89_V_V |    pointer   |
|layer117_out_89_V_V_TREADY   |  in |    1|    axis    |  layer117_out_89_V_V |    pointer   |
|layer117_out_90_V_V_TDATA    | out |   32|    axis    |  layer117_out_90_V_V |    pointer   |
|layer117_out_90_V_V_TVALID   | out |    1|    axis    |  layer117_out_90_V_V |    pointer   |
|layer117_out_90_V_V_TREADY   |  in |    1|    axis    |  layer117_out_90_V_V |    pointer   |
|layer117_out_91_V_V_TDATA    | out |   32|    axis    |  layer117_out_91_V_V |    pointer   |
|layer117_out_91_V_V_TVALID   | out |    1|    axis    |  layer117_out_91_V_V |    pointer   |
|layer117_out_91_V_V_TREADY   |  in |    1|    axis    |  layer117_out_91_V_V |    pointer   |
|layer117_out_92_V_V_TDATA    | out |   32|    axis    |  layer117_out_92_V_V |    pointer   |
|layer117_out_92_V_V_TVALID   | out |    1|    axis    |  layer117_out_92_V_V |    pointer   |
|layer117_out_92_V_V_TREADY   |  in |    1|    axis    |  layer117_out_92_V_V |    pointer   |
|layer117_out_93_V_V_TDATA    | out |   32|    axis    |  layer117_out_93_V_V |    pointer   |
|layer117_out_93_V_V_TVALID   | out |    1|    axis    |  layer117_out_93_V_V |    pointer   |
|layer117_out_93_V_V_TREADY   |  in |    1|    axis    |  layer117_out_93_V_V |    pointer   |
|layer117_out_94_V_V_TDATA    | out |   32|    axis    |  layer117_out_94_V_V |    pointer   |
|layer117_out_94_V_V_TVALID   | out |    1|    axis    |  layer117_out_94_V_V |    pointer   |
|layer117_out_94_V_V_TREADY   |  in |    1|    axis    |  layer117_out_94_V_V |    pointer   |
|layer117_out_95_V_V_TDATA    | out |   32|    axis    |  layer117_out_95_V_V |    pointer   |
|layer117_out_95_V_V_TVALID   | out |    1|    axis    |  layer117_out_95_V_V |    pointer   |
|layer117_out_95_V_V_TREADY   |  in |    1|    axis    |  layer117_out_95_V_V |    pointer   |
|layer117_out_96_V_V_TDATA    | out |   32|    axis    |  layer117_out_96_V_V |    pointer   |
|layer117_out_96_V_V_TVALID   | out |    1|    axis    |  layer117_out_96_V_V |    pointer   |
|layer117_out_96_V_V_TREADY   |  in |    1|    axis    |  layer117_out_96_V_V |    pointer   |
|layer117_out_97_V_V_TDATA    | out |   32|    axis    |  layer117_out_97_V_V |    pointer   |
|layer117_out_97_V_V_TVALID   | out |    1|    axis    |  layer117_out_97_V_V |    pointer   |
|layer117_out_97_V_V_TREADY   |  in |    1|    axis    |  layer117_out_97_V_V |    pointer   |
|layer117_out_98_V_V_TDATA    | out |   32|    axis    |  layer117_out_98_V_V |    pointer   |
|layer117_out_98_V_V_TVALID   | out |    1|    axis    |  layer117_out_98_V_V |    pointer   |
|layer117_out_98_V_V_TREADY   |  in |    1|    axis    |  layer117_out_98_V_V |    pointer   |
|layer117_out_99_V_V_TDATA    | out |   32|    axis    |  layer117_out_99_V_V |    pointer   |
|layer117_out_99_V_V_TVALID   | out |    1|    axis    |  layer117_out_99_V_V |    pointer   |
|layer117_out_99_V_V_TREADY   |  in |    1|    axis    |  layer117_out_99_V_V |    pointer   |
|layer117_out_100_V_V_TDATA   | out |   32|    axis    | layer117_out_100_V_V |    pointer   |
|layer117_out_100_V_V_TVALID  | out |    1|    axis    | layer117_out_100_V_V |    pointer   |
|layer117_out_100_V_V_TREADY  |  in |    1|    axis    | layer117_out_100_V_V |    pointer   |
|layer117_out_101_V_V_TDATA   | out |   32|    axis    | layer117_out_101_V_V |    pointer   |
|layer117_out_101_V_V_TVALID  | out |    1|    axis    | layer117_out_101_V_V |    pointer   |
|layer117_out_101_V_V_TREADY  |  in |    1|    axis    | layer117_out_101_V_V |    pointer   |
|layer117_out_102_V_V_TDATA   | out |   32|    axis    | layer117_out_102_V_V |    pointer   |
|layer117_out_102_V_V_TVALID  | out |    1|    axis    | layer117_out_102_V_V |    pointer   |
|layer117_out_102_V_V_TREADY  |  in |    1|    axis    | layer117_out_102_V_V |    pointer   |
|layer117_out_103_V_V_TDATA   | out |   32|    axis    | layer117_out_103_V_V |    pointer   |
|layer117_out_103_V_V_TVALID  | out |    1|    axis    | layer117_out_103_V_V |    pointer   |
|layer117_out_103_V_V_TREADY  |  in |    1|    axis    | layer117_out_103_V_V |    pointer   |
|layer117_out_104_V_V_TDATA   | out |   32|    axis    | layer117_out_104_V_V |    pointer   |
|layer117_out_104_V_V_TVALID  | out |    1|    axis    | layer117_out_104_V_V |    pointer   |
|layer117_out_104_V_V_TREADY  |  in |    1|    axis    | layer117_out_104_V_V |    pointer   |
|layer117_out_105_V_V_TDATA   | out |   32|    axis    | layer117_out_105_V_V |    pointer   |
|layer117_out_105_V_V_TVALID  | out |    1|    axis    | layer117_out_105_V_V |    pointer   |
|layer117_out_105_V_V_TREADY  |  in |    1|    axis    | layer117_out_105_V_V |    pointer   |
|layer117_out_106_V_V_TDATA   | out |   32|    axis    | layer117_out_106_V_V |    pointer   |
|layer117_out_106_V_V_TVALID  | out |    1|    axis    | layer117_out_106_V_V |    pointer   |
|layer117_out_106_V_V_TREADY  |  in |    1|    axis    | layer117_out_106_V_V |    pointer   |
|layer117_out_107_V_V_TDATA   | out |   32|    axis    | layer117_out_107_V_V |    pointer   |
|layer117_out_107_V_V_TVALID  | out |    1|    axis    | layer117_out_107_V_V |    pointer   |
|layer117_out_107_V_V_TREADY  |  in |    1|    axis    | layer117_out_107_V_V |    pointer   |
|layer117_out_108_V_V_TDATA   | out |   32|    axis    | layer117_out_108_V_V |    pointer   |
|layer117_out_108_V_V_TVALID  | out |    1|    axis    | layer117_out_108_V_V |    pointer   |
|layer117_out_108_V_V_TREADY  |  in |    1|    axis    | layer117_out_108_V_V |    pointer   |
|layer117_out_109_V_V_TDATA   | out |   32|    axis    | layer117_out_109_V_V |    pointer   |
|layer117_out_109_V_V_TVALID  | out |    1|    axis    | layer117_out_109_V_V |    pointer   |
|layer117_out_109_V_V_TREADY  |  in |    1|    axis    | layer117_out_109_V_V |    pointer   |
|layer117_out_110_V_V_TDATA   | out |   32|    axis    | layer117_out_110_V_V |    pointer   |
|layer117_out_110_V_V_TVALID  | out |    1|    axis    | layer117_out_110_V_V |    pointer   |
|layer117_out_110_V_V_TREADY  |  in |    1|    axis    | layer117_out_110_V_V |    pointer   |
|layer117_out_111_V_V_TDATA   | out |   32|    axis    | layer117_out_111_V_V |    pointer   |
|layer117_out_111_V_V_TVALID  | out |    1|    axis    | layer117_out_111_V_V |    pointer   |
|layer117_out_111_V_V_TREADY  |  in |    1|    axis    | layer117_out_111_V_V |    pointer   |
|layer117_out_112_V_V_TDATA   | out |   32|    axis    | layer117_out_112_V_V |    pointer   |
|layer117_out_112_V_V_TVALID  | out |    1|    axis    | layer117_out_112_V_V |    pointer   |
|layer117_out_112_V_V_TREADY  |  in |    1|    axis    | layer117_out_112_V_V |    pointer   |
|layer117_out_113_V_V_TDATA   | out |   32|    axis    | layer117_out_113_V_V |    pointer   |
|layer117_out_113_V_V_TVALID  | out |    1|    axis    | layer117_out_113_V_V |    pointer   |
|layer117_out_113_V_V_TREADY  |  in |    1|    axis    | layer117_out_113_V_V |    pointer   |
|layer117_out_114_V_V_TDATA   | out |   32|    axis    | layer117_out_114_V_V |    pointer   |
|layer117_out_114_V_V_TVALID  | out |    1|    axis    | layer117_out_114_V_V |    pointer   |
|layer117_out_114_V_V_TREADY  |  in |    1|    axis    | layer117_out_114_V_V |    pointer   |
|layer117_out_115_V_V_TDATA   | out |   32|    axis    | layer117_out_115_V_V |    pointer   |
|layer117_out_115_V_V_TVALID  | out |    1|    axis    | layer117_out_115_V_V |    pointer   |
|layer117_out_115_V_V_TREADY  |  in |    1|    axis    | layer117_out_115_V_V |    pointer   |
|layer117_out_116_V_V_TDATA   | out |   32|    axis    | layer117_out_116_V_V |    pointer   |
|layer117_out_116_V_V_TVALID  | out |    1|    axis    | layer117_out_116_V_V |    pointer   |
|layer117_out_116_V_V_TREADY  |  in |    1|    axis    | layer117_out_116_V_V |    pointer   |
|layer117_out_117_V_V_TDATA   | out |   32|    axis    | layer117_out_117_V_V |    pointer   |
|layer117_out_117_V_V_TVALID  | out |    1|    axis    | layer117_out_117_V_V |    pointer   |
|layer117_out_117_V_V_TREADY  |  in |    1|    axis    | layer117_out_117_V_V |    pointer   |
|layer117_out_118_V_V_TDATA   | out |   32|    axis    | layer117_out_118_V_V |    pointer   |
|layer117_out_118_V_V_TVALID  | out |    1|    axis    | layer117_out_118_V_V |    pointer   |
|layer117_out_118_V_V_TREADY  |  in |    1|    axis    | layer117_out_118_V_V |    pointer   |
|layer117_out_119_V_V_TDATA   | out |   32|    axis    | layer117_out_119_V_V |    pointer   |
|layer117_out_119_V_V_TVALID  | out |    1|    axis    | layer117_out_119_V_V |    pointer   |
|layer117_out_119_V_V_TREADY  |  in |    1|    axis    | layer117_out_119_V_V |    pointer   |
|layer117_out_120_V_V_TDATA   | out |   32|    axis    | layer117_out_120_V_V |    pointer   |
|layer117_out_120_V_V_TVALID  | out |    1|    axis    | layer117_out_120_V_V |    pointer   |
|layer117_out_120_V_V_TREADY  |  in |    1|    axis    | layer117_out_120_V_V |    pointer   |
|layer117_out_121_V_V_TDATA   | out |   32|    axis    | layer117_out_121_V_V |    pointer   |
|layer117_out_121_V_V_TVALID  | out |    1|    axis    | layer117_out_121_V_V |    pointer   |
|layer117_out_121_V_V_TREADY  |  in |    1|    axis    | layer117_out_121_V_V |    pointer   |
|layer117_out_122_V_V_TDATA   | out |   32|    axis    | layer117_out_122_V_V |    pointer   |
|layer117_out_122_V_V_TVALID  | out |    1|    axis    | layer117_out_122_V_V |    pointer   |
|layer117_out_122_V_V_TREADY  |  in |    1|    axis    | layer117_out_122_V_V |    pointer   |
|layer117_out_123_V_V_TDATA   | out |   32|    axis    | layer117_out_123_V_V |    pointer   |
|layer117_out_123_V_V_TVALID  | out |    1|    axis    | layer117_out_123_V_V |    pointer   |
|layer117_out_123_V_V_TREADY  |  in |    1|    axis    | layer117_out_123_V_V |    pointer   |
|layer117_out_124_V_V_TDATA   | out |   32|    axis    | layer117_out_124_V_V |    pointer   |
|layer117_out_124_V_V_TVALID  | out |    1|    axis    | layer117_out_124_V_V |    pointer   |
|layer117_out_124_V_V_TREADY  |  in |    1|    axis    | layer117_out_124_V_V |    pointer   |
|layer117_out_125_V_V_TDATA   | out |   32|    axis    | layer117_out_125_V_V |    pointer   |
|layer117_out_125_V_V_TVALID  | out |    1|    axis    | layer117_out_125_V_V |    pointer   |
|layer117_out_125_V_V_TREADY  |  in |    1|    axis    | layer117_out_125_V_V |    pointer   |
|layer117_out_126_V_V_TDATA   | out |   32|    axis    | layer117_out_126_V_V |    pointer   |
|layer117_out_126_V_V_TVALID  | out |    1|    axis    | layer117_out_126_V_V |    pointer   |
|layer117_out_126_V_V_TREADY  |  in |    1|    axis    | layer117_out_126_V_V |    pointer   |
|layer117_out_127_V_V_TDATA   | out |   32|    axis    | layer117_out_127_V_V |    pointer   |
|layer117_out_127_V_V_TVALID  | out |    1|    axis    | layer117_out_127_V_V |    pointer   |
|layer117_out_127_V_V_TREADY  |  in |    1|    axis    | layer117_out_127_V_V |    pointer   |
|ap_clk                       |  in |    1| ap_ctrl_hs |       myproject      | return value |
|ap_rst_n                     |  in |    1| ap_ctrl_hs |       myproject      | return value |
|ap_start                     |  in |    1| ap_ctrl_hs |       myproject      | return value |
|ap_done                      | out |    1| ap_ctrl_hs |       myproject      | return value |
|ap_ready                     | out |    1| ap_ctrl_hs |       myproject      | return value |
|ap_idle                      | out |    1| ap_ctrl_hs |       myproject      | return value |
+-----------------------------+-----+-----+------------+----------------------+--------------+

