
****** Vivado(TM) HLS - High-Level Synthesis from C, C++ and SystemC v2019.2 (64-bit)
  **** SW Build 2708876 on Wed Nov  6 21:39:14 MST 2019
  **** IP Build 2700528 on Thu Nov  7 00:09:20 MST 2019
    ** Copyright 1986-2019 Xilinx, Inc. All Rights Reserved.

source /opt/Xilinx/Vivado/2019.2/scripts/vivado_hls/hls.tcl -notrace
INFO: Applying HLS Y2K22 patch v1.2 for IP revision
INFO: [HLS 200-10] Running '/opt/Xilinx/Vivado/2019.2/bin/unwrapped/lnx64.o/vivado_hls'
INFO: [HLS 200-10] For user 'YL_HUANG' on host 'r7515ed520.EE.NCTU.edu.tw' (Linux_x86_64 version 3.10.0-1160.11.1.el7.x86_64) on Sun Oct 16 14:47:33 CST 2022
INFO: [HLS 200-10] On os "CentOS Linux release 7.9.2009 (Core)"
INFO: [HLS 200-10] In directory '/home/YL_HUANG/10_21/clone_stream'
Sourcing Tcl script 'build_prj.tcl'
INFO: [HLS 200-10] Opening project '/home/YL_HUANG/10_21/clone_stream/myproject_prj'.
INFO: [HLS 200-10] Adding design file 'firmware/myproject.cpp' to the project
INFO: [HLS 200-10] Adding test bench file 'myproject_test.cpp' to the project
INFO: [HLS 200-10] Adding test bench file 'firmware/weights' to the project
INFO: [HLS 200-10] Adding test bench file 'tb_data' to the project
INFO: [HLS 200-10] Opening solution '/home/YL_HUANG/10_21/clone_stream/myproject_prj/solution1'.
INFO: [SYN 201-201] Setting up clock 'default' with a period of 5ns.
INFO: [HLS 200-10] Setting target device to 'xczu9eg-ffvb1156-2-e'
INFO: [XFORM 203-101] Allowed max sub elements number after partition is 4096.
INFO: [XFORM 203-1161] The maximum of name length is set into 60.
INFO: [XFORM 203-101] Allowed max sub elements number after partition is 4096.
INFO: [XFORM 203-1161] The maximum of name length is set into 60.
***** C SIMULATION *****
INFO: [SIM 211-2] *************** CSIM start ***************
INFO: [SIM 211-4] CSIM will launch GCC as the compiler.
   Compiling ../../../../firmware/myproject.cpp in debug mode
   Generating csim.exe
Processing input 0
Predictions
86.7304 
Quantized predictions
copy1
1 1 1 1 1 1 1 1 1 1 1 1 1 1 1 1 1 1 1 1 1 1 1 1 1 1 1 1 1 1 1 1 1 1 1 1 1 1 1 1 1 1 1 1 1 1 1 1 1 1 1 1 1 1 1 1 1 1 1 1 1 1 1 1 1 1 1 1 1 1 1 1 1 1 1 1 1 1 1 1 1 1 1 1 1 1 1 1 1 1 1 1 1 1 1 1 1 1 1 1 1 1 1 1 1 1 1 1 1 1 1 1 1 1 1 1 1 1 1 1 1 1 1 1 1 1 1 1 1 1 1 1 1 1 1 1 1 1 1 1 1 1 1 1 1 1 1 1 1 1 1 1 1 1 1 1 1 1 1 1 1 1 1 1 1 1 1 1 1 1 1 1 1 1 1 1 1 1 1 1 1 1 1 1 1 1 1 1 1 1 1 1 1 1 1 1 1 1 1 1 1 1 1 1 1 1 1 1 1 1 1 1 1 1 1 1 1 1 1 1 1 1 1 1 1 1 1 1 1 1 1 1 1 1 1 1 1 1 1 1 1 1 1 1 1 1 1 1 1 1 1 1 1 1 1 1 1 1 1 1 1 1 1 1 1 1 1 1 1 1 1 1 1 1 1 1 1 1 1 1 1 1 1 1 1 1 1 1 1 1 1 1 1 1 1 1 1 1 1 1 1 1 1 1 1 1 1 1 1 1 1 1 1 1 1 1 1 1 1 1 1 1 1 1 1 1 1 1 1 1 1 1 1 1 1 1 1 1 1 1 1 1 
copy2
1 1 1 1 1 1 1 1 1 1 1 1 1 1 1 1 1 1 1 1 1 1 1 1 1 1 1 1 1 1 1 1 1 1 1 1 1 1 1 1 1 1 1 1 1 1 1 1 1 1 1 1 1 1 1 1 1 1 1 1 1 1 1 1 1 1 1 1 1 1 1 1 1 1 1 1 1 1 1 1 1 1 1 1 1 1 1 1 1 1 1 1 1 1 1 1 1 1 1 1 1 1 1 1 1 1 1 1 1 1 1 1 1 1 1 1 1 1 1 1 1 1 1 1 1 1 1 1 1 1 1 1 1 1 1 1 1 1 1 1 1 1 1 1 1 1 1 1 1 1 1 1 1 1 1 1 1 1 1 1 1 1 1 1 1 1 1 1 1 1 1 1 1 1 1 1 1 1 1 1 1 1 1 1 1 1 1 1 1 1 1 1 1 1 1 1 1 1 1 1 1 1 1 1 1 1 1 1 1 1 1 1 1 1 1 1 1 1 1 1 1 1 1 1 1 1 1 1 1 1 1 1 1 1 1 1 1 1 1 1 1 1 1 1 1 1 1 1 1 1 1 1 1 1 1 1 1 1 1 1 1 1 1 1 1 1 1 1 1 1 1 1 1 1 1 1 1 1 1 1 1 1 1 1 1 1 1 1 1 1 1 1 1 1 1 1 1 1 1 1 1 1 1 1 1 1 1 1 1 1 1 1 1 1 1 1 1 1 1 1 1 1 1 1 1 1 1 1 1 1 1 1 1 1 1 1 1 1 1 1 1 1 
INFO: Saved inference results to file: tb_data/csim_results.log
INFO: [SIM 211-1] CSim done with 0 errors.
INFO: [SIM 211-3] *************** CSIM finish ***************
***** C SIMULATION COMPLETED IN 0h0m2s *****
***** C/RTL SYNTHESIS *****
INFO: [SCHED 204-61] Option 'relax_ii_for_timing' is enabled, will increase II to preserve clock frequency constraints.
INFO: [HLS 200-10] Analyzing design file 'firmware/myproject.cpp' ... 
WARNING: [HLS 214-114] Since the only kind of statements allowed in a canonical dataflow region are variable declarations and function calls, the compiler may not be able to correctly handle the region: firmware/nnet_utils/nnet_sepconv1d_stream.h:254:2
WARNING: [HLS 200-471] Dataflow form checks found 1 issue(s) in file firmware/myproject.cpp
INFO: [HLS 200-111] Finished Linking Time (s): cpu = 00:01:32 ; elapsed = 00:01:35 . Memory (MB): peak = 1043.074 ; gain = 523.035 ; free physical = 8878 ; free virtual = 101302
INFO: [HLS 200-111] Finished Checking Pragmas Time (s): cpu = 00:01:32 ; elapsed = 00:01:35 . Memory (MB): peak = 1043.074 ; gain = 523.035 ; free physical = 8878 ; free virtual = 101302
INFO: [HLS 200-10] Starting code transformations ...
INFO: [XFORM 203-603] Inlining function 'nnet::clone_stream_array<ap_fixed<32, 16, (ap_q_mode)5, (ap_o_mode)3, 0>, ap_fixed<32, 16, (ap_q_mode)5, (ap_o_mode)3, 0>, config103>' into 'nnet::clone_stream_switch<ap_fixed<32, 16, (ap_q_mode)5, (ap_o_mode)3, 0>, ap_fixed<32, 16, (ap_q_mode)5, (ap_o_mode)3, 0>, config103>' (firmware/nnet_utils/nnet_stream.h:139).
INFO: [HLS 200-111] Finished Standard Transforms Time (s): cpu = 00:01:33 ; elapsed = 00:01:36 . Memory (MB): peak = 1043.074 ; gain = 523.035 ; free physical = 9376 ; free virtual = 101800
INFO: [HLS 200-10] Checking synthesizability ...
INFO: [HLS 200-111] Finished Checking Synthesizability Time (s): cpu = 00:01:33 ; elapsed = 00:01:36 . Memory (MB): peak = 1043.910 ; gain = 523.871 ; free physical = 9337 ; free virtual = 101761
INFO: [XFORM 203-502] Unrolling all sub-loops inside loop 'CloneLoop' (firmware/nnet_utils/nnet_stream.h:107) in function 'nnet::clone_stream_switch<ap_fixed<32, 16, (ap_q_mode)5, (ap_o_mode)3, 0>, ap_fixed<32, 16, (ap_q_mode)5, (ap_o_mode)3, 0>, config103>' for pipelining.
INFO: [HLS 200-489] Unrolling loop 'Input' (firmware/nnet_utils/nnet_stream.h:113) in function 'nnet::clone_stream_switch<ap_fixed<32, 16, (ap_q_mode)5, (ap_o_mode)3, 0>, ap_fixed<32, 16, (ap_q_mode)5, (ap_o_mode)3, 0>, config103>' completely with a factor of 6.
INFO: [HLS 200-489] Unrolling loop 'Output' (firmware/nnet_utils/nnet_stream.h:118) in function 'nnet::clone_stream_switch<ap_fixed<32, 16, (ap_q_mode)5, (ap_o_mode)3, 0>, ap_fixed<32, 16, (ap_q_mode)5, (ap_o_mode)3, 0>, config103>' completely with a factor of 6.
INFO: [XFORM 203-102] Automatically partitioning streamed array 'tracks.V.V' (firmware/myproject.cpp:25) .
INFO: [XFORM 203-102] Automatically partitioning streamed array 'layer103_cpy1.V.V' (firmware/myproject.cpp:26) .
INFO: [XFORM 203-102] Automatically partitioning streamed array 'layer103_cpy2.V.V' (firmware/myproject.cpp:27) .
INFO: [XFORM 203-101] Partitioning array 'in_data.V' (firmware/nnet_utils/nnet_stream.h:110) in dimension 1 completely.
INFO: [XFORM 203-101] Partitioning array 'tracks.V.V' (firmware/myproject.cpp:25) in dimension 1 completely.
INFO: [XFORM 203-101] Partitioning array 'layer103_cpy1.V.V' (firmware/myproject.cpp:26) in dimension 1 completely.
INFO: [XFORM 203-101] Partitioning array 'layer103_cpy2.V.V' (firmware/myproject.cpp:27) in dimension 1 completely.
INFO: [XFORM 203-712] Applying dataflow to function 'myproject', detected/extracted 1 process function(s): 
	 'nnet::clone_stream_switch<ap_fixed<32, 16, (ap_q_mode)5, (ap_o_mode)3, 0>, ap_fixed<32, 16, (ap_q_mode)5, (ap_o_mode)3, 0>, config103>'.
INFO: [HLS 200-111] Finished Pre-synthesis Time (s): cpu = 00:01:34 ; elapsed = 00:01:37 . Memory (MB): peak = 1043.910 ; gain = 523.871 ; free physical = 9285 ; free virtual = 101709
WARNING: [XFORM 203-631] Renaming function 'nnet::clone_stream_switch<ap_fixed<32, 16, (ap_q_mode)5, (ap_o_mode)3, 0>, ap_fixed<32, 16, (ap_q_mode)5, (ap_o_mode)3, 0>, config103>' to 'clone_stream_switch<ap_fixed,ap_fixed,config103>' (firmware/nnet_utils/nnet_stream.h:107:72)
INFO: [HLS 200-111] Finished Architecture Synthesis Time (s): cpu = 00:01:34 ; elapsed = 00:01:37 . Memory (MB): peak = 1043.910 ; gain = 523.871 ; free physical = 9081 ; free virtual = 101506
INFO: [HLS 200-10] Starting hardware synthesis ...
INFO: [HLS 200-10] Synthesizing 'myproject' ...
WARNING: [SYN 201-103] Legalizing function name 'clone_stream_switch<ap_fixed,ap_fixed,config103>' to 'clone_stream_switch_ap_fixed_ap_fixed_config103_s'.
INFO: [HLS 200-10] ----------------------------------------------------------------
INFO: [HLS 200-42] -- Implementing module 'clone_stream_switch_ap_fixed_ap_fixed_config103_s' 
INFO: [HLS 200-10] ----------------------------------------------------------------
INFO: [SCHED 204-11] Starting scheduling ...
INFO: [SCHED 204-61] Pipelining loop 'CloneLoop'.
INFO: [SCHED 204-61] Pipelining result : Target II = 1, Final II = 1, Depth = 3.
INFO: [SCHED 204-11] Finished scheduling.
INFO: [HLS 200-111]  Elapsed time: 97.44 seconds; current allocated memory: 179.180 MB.
INFO: [BIND 205-100] Starting micro-architecture generation ...
INFO: [BIND 205-101] Performing variable lifetime analysis.
INFO: [BIND 205-101] Exploring resource sharing.
INFO: [BIND 205-101] Binding ...
INFO: [BIND 205-100] Finished micro-architecture generation.
INFO: [HLS 200-111]  Elapsed time: 0.06 seconds; current allocated memory: 179.500 MB.
INFO: [HLS 200-10] ----------------------------------------------------------------
INFO: [HLS 200-42] -- Implementing module 'myproject' 
INFO: [HLS 200-10] ----------------------------------------------------------------
INFO: [SCHED 204-11] Starting scheduling ...
INFO: [SCHED 204-11] Finished scheduling.
INFO: [HLS 200-111]  Elapsed time: 0.07 seconds; current allocated memory: 179.573 MB.
INFO: [BIND 205-100] Starting micro-architecture generation ...
INFO: [BIND 205-101] Performing variable lifetime analysis.
INFO: [BIND 205-101] Exploring resource sharing.
INFO: [BIND 205-101] Binding ...
INFO: [BIND 205-100] Finished micro-architecture generation.
INFO: [HLS 200-111]  Elapsed time: 0.1 seconds; current allocated memory: 179.789 MB.
INFO: [HLS 200-10] ----------------------------------------------------------------
INFO: [HLS 200-10] -- Generating RTL for module 'clone_stream_switch_ap_fixed_ap_fixed_config103_s' 
INFO: [HLS 200-10] ----------------------------------------------------------------
INFO: [RTGEN 206-100] Finished creating RTL model for 'clone_stream_switch_ap_fixed_ap_fixed_config103_s'.
INFO: [HLS 200-111]  Elapsed time: 0.05 seconds; current allocated memory: 180.601 MB.
INFO: [HLS 200-10] ----------------------------------------------------------------
INFO: [HLS 200-10] -- Generating RTL for module 'myproject' 
INFO: [HLS 200-10] ----------------------------------------------------------------
INFO: [RTGEN 206-500] Setting interface mode on port 'myproject/tracks_0_V_V' to 'axis' (register, both mode).
INFO: [RTGEN 206-500] Setting interface mode on port 'myproject/tracks_1_V_V' to 'axis' (register, both mode).
INFO: [RTGEN 206-500] Setting interface mode on port 'myproject/tracks_2_V_V' to 'axis' (register, both mode).
INFO: [RTGEN 206-500] Setting interface mode on port 'myproject/tracks_3_V_V' to 'axis' (register, both mode).
INFO: [RTGEN 206-500] Setting interface mode on port 'myproject/tracks_4_V_V' to 'axis' (register, both mode).
INFO: [RTGEN 206-500] Setting interface mode on port 'myproject/tracks_5_V_V' to 'axis' (register, both mode).
INFO: [RTGEN 206-500] Setting interface mode on port 'myproject/layer103_cpy1_0_V_V' to 'axis' (register, both mode).
INFO: [RTGEN 206-500] Setting interface mode on port 'myproject/layer103_cpy1_1_V_V' to 'axis' (register, both mode).
INFO: [RTGEN 206-500] Setting interface mode on port 'myproject/layer103_cpy1_2_V_V' to 'axis' (register, both mode).
INFO: [RTGEN 206-500] Setting interface mode on port 'myproject/layer103_cpy1_3_V_V' to 'axis' (register, both mode).
INFO: [RTGEN 206-500] Setting interface mode on port 'myproject/layer103_cpy1_4_V_V' to 'axis' (register, both mode).
INFO: [RTGEN 206-500] Setting interface mode on port 'myproject/layer103_cpy1_5_V_V' to 'axis' (register, both mode).
INFO: [RTGEN 206-500] Setting interface mode on port 'myproject/layer103_cpy2_0_V_V' to 'axis' (register, both mode).
INFO: [RTGEN 206-500] Setting interface mode on port 'myproject/layer103_cpy2_1_V_V' to 'axis' (register, both mode).
INFO: [RTGEN 206-500] Setting interface mode on port 'myproject/layer103_cpy2_2_V_V' to 'axis' (register, both mode).
INFO: [RTGEN 206-500] Setting interface mode on port 'myproject/layer103_cpy2_3_V_V' to 'axis' (register, both mode).
INFO: [RTGEN 206-500] Setting interface mode on port 'myproject/layer103_cpy2_4_V_V' to 'axis' (register, both mode).
INFO: [RTGEN 206-500] Setting interface mode on port 'myproject/layer103_cpy2_5_V_V' to 'axis' (register, both mode).
INFO: [RTGEN 206-500] Setting interface mode on function 'myproject' to 'ap_ctrl_hs'.
INFO: [RTGEN 206-100] Finished creating RTL model for 'myproject'.
INFO: [HLS 200-111]  Elapsed time: 0.27 seconds; current allocated memory: 181.690 MB.
INFO: [HLS 200-790] **** Loop Constraint Status: All loop constraints were satisfied.
INFO: [HLS 200-789] **** Estimated Fmax: 932.84 MHz
INFO: [HLS 200-111] Finished generating all RTL models Time (s): cpu = 00:01:35 ; elapsed = 00:01:39 . Memory (MB): peak = 1043.910 ; gain = 523.871 ; free physical = 9132 ; free virtual = 101557
INFO: [VHDL 208-304] Generating VHDL RTL for myproject.
INFO: [VLOG 209-307] Generating Verilog RTL for myproject.
***** C/RTL SYNTHESIS COMPLETED IN 0h1m34s *****
***** C/RTL SIMULATION *****
INFO: [HLS 200-10] Adding test bench file 'myproject_test.cpp' to the project
INFO: [COSIM 212-47] Using XSIM for RTL simulation.
INFO: [COSIM 212-14] Instrumenting C test bench ...
   Build using "/opt/Xilinx/Vivado/2019.2/tps/lnx64/gcc-6.2.0/bin/g++"
   Compiling myproject_test.cpp_pre.cpp.tb.cpp
   Compiling apatb_myproject.cpp
   Compiling myproject.cpp_pre.cpp.tb.cpp
   Generating cosim.tv.exe
INFO: [COSIM 212-302] Starting C TB testing ... 
Processing input 0
Predictions
86.7304 
Quantized predictions
copy1
1 1 1 1 1 1 1 1 1 1 1 1 1 1 1 1 1 1 1 1 1 1 1 1 1 1 1 1 1 1 1 1 1 1 1 1 1 1 1 1 1 1 1 1 1 1 1 1 1 1 1 1 1 1 1 1 1 1 1 1 1 1 1 1 1 1 1 1 1 1 1 1 1 1 1 1 1 1 1 1 1 1 1 1 1 1 1 1 1 1 1 1 1 1 1 1 1 1 1 1 1 1 1 1 1 1 1 1 1 1 1 1 1 1 1 1 1 1 1 1 1 1 1 1 1 1 1 1 1 1 1 1 1 1 1 1 1 1 1 1 1 1 1 1 1 1 1 1 1 1 1 1 1 1 1 1 1 1 1 1 1 1 1 1 1 1 1 1 1 1 1 1 1 1 1 1 1 1 1 1 1 1 1 1 1 1 1 1 1 1 1 1 1 1 1 1 1 1 1 1 1 1 1 1 1 1 1 1 1 1 1 1 1 1 1 1 1 1 1 1 1 1 1 1 1 1 1 1 1 1 1 1 1 1 1 1 1 1 1 1 1 1 1 1 1 1 1 1 1 1 1 1 1 1 1 1 1 1 1 1 1 1 1 1 1 1 1 1 1 1 1 1 1 1 1 1 1 1 1 1 1 1 1 1 1 1 1 1 1 1 1 1 1 1 1 1 1 1 1 1 1 1 1 1 1 1 1 1 1 1 1 1 1 1 1 1 1 1 1 1 1 1 1 1 1 1 1 1 1 1 1 1 1 1 1 1 1 1 1 1 1 1 
copy2
1 1 1 1 1 1 1 1 1 1 1 1 1 1 1 1 1 1 1 1 1 1 1 1 1 1 1 1 1 1 1 1 1 1 1 1 1 1 1 1 1 1 1 1 1 1 1 1 1 1 1 1 1 1 1 1 1 1 1 1 1 1 1 1 1 1 1 1 1 1 1 1 1 1 1 1 1 1 1 1 1 1 1 1 1 1 1 1 1 1 1 1 1 1 1 1 1 1 1 1 1 1 1 1 1 1 1 1 1 1 1 1 1 1 1 1 1 1 1 1 1 1 1 1 1 1 1 1 1 1 1 1 1 1 1 1 1 1 1 1 1 1 1 1 1 1 1 1 1 1 1 1 1 1 1 1 1 1 1 1 1 1 1 1 1 1 1 1 1 1 1 1 1 1 1 1 1 1 1 1 1 1 1 1 1 1 1 1 1 1 1 1 1 1 1 1 1 1 1 1 1 1 1 1 1 1 1 1 1 1 1 1 1 1 1 1 1 1 1 1 1 1 1 1 1 1 1 1 1 1 1 1 1 1 1 1 1 1 1 1 1 1 1 1 1 1 1 1 1 1 1 1 1 1 1 1 1 1 1 1 1 1 1 1 1 1 1 1 1 1 1 1 1 1 1 1 1 1 1 1 1 1 1 1 1 1 1 1 1 1 1 1 1 1 1 1 1 1 1 1 1 1 1 1 1 1 1 1 1 1 1 1 1 1 1 1 1 1 1 1 1 1 1 1 1 1 1 1 1 1 1 1 1 1 1 1 1 1 1 1 1 1 
INFO: Saved inference results to file: tb_data/rtl_cosim_results.log
INFO: [COSIM 212-333] Generating C post check test bench ...
INFO: [COSIM 212-12] Generating RTL test bench ...
INFO: [COSIM 212-1] *** C/RTL co-simulation file generation completed. ***
INFO: [COSIM 212-211] II is measurable only when transaction number is greater than 1 in RTL simulation. Otherwise, they will be marked as all NA. If user wants to calculate them, please make sure there are at least 2 transactions in RTL simulation.
INFO: [COSIM 212-302] Starting C TB testing ...  
Processing input 0
Predictions
86.7304 
Quantized predictions
copy1
1 1 1 1 1 1 1 1 1 1 1 1 1 1 1 1 1 1 1 1 1 1 1 1 1 1 1 1 1 1 1 1 1 1 1 1 1 1 1 1 1 1 1 1 1 1 1 1 1 1 1 1 1 1 1 1 1 1 1 1 1 1 1 1 1 1 1 1 1 1 1 1 1 1 1 1 1 1 1 1 1 1 1 1 1 1 1 1 1 1 1 1 1 1 1 1 1 1 1 1 1 1 1 1 1 1 1 1 1 1 1 1 1 1 1 1 1 1 1 1 1 1 1 1 1 1 1 1 1 1 1 1 1 1 1 1 1 1 1 1 1 1 1 1 1 1 1 1 1 1 1 1 1 1 1 1 1 1 1 1 1 1 1 1 1 1 1 1 1 1 1 1 1 1 1 1 1 1 1 1 1 1 1 1 1 1 1 1 1 1 1 1 1 1 1 1 1 1 1 1 1 1 1 1 1 1 1 1 1 1 1 1 1 1 1 1 1 1 1 1 1 1 1 1 1 1 1 1 1 1 1 1 1 1 1 1 1 1 1 1 1 1 1 1 1 1 1 1 1 1 1 1 1 1 1 1 1 1 1 1 1 1 1 1 1 1 1 1 1 1 1 1 1 1 1 1 1 1 1 1 1 1 1 1 1 1 1 1 1 1 1 1 1 1 1 1 1 1 1 1 1 1 1 1 1 1 1 1 1 1 1 1 1 1 1 1 1 1 1 1 1 1 1 1 1 1 1 1 1 1 1 1 1 1 1 1 1 1 1 1 1 1 
copy2
1 1 1 1 1 1 1 1 1 1 1 1 1 1 1 1 1 1 1 1 1 1 1 1 1 1 1 1 1 1 1 1 1 1 1 1 1 1 1 1 1 1 1 1 1 1 1 1 1 1 1 1 1 1 1 1 1 1 1 1 1 1 1 1 1 1 1 1 1 1 1 1 1 1 1 1 1 1 1 1 1 1 1 1 1 1 1 1 1 1 1 1 1 1 1 1 1 1 1 1 1 1 1 1 1 1 1 1 1 1 1 1 1 1 1 1 1 1 1 1 1 1 1 1 1 1 1 1 1 1 1 1 1 1 1 1 1 1 1 1 1 1 1 1 1 1 1 1 1 1 1 1 1 1 1 1 1 1 1 1 1 1 1 1 1 1 1 1 1 1 1 1 1 1 1 1 1 1 1 1 1 1 1 1 1 1 1 1 1 1 1 1 1 1 1 1 1 1 1 1 1 1 1 1 1 1 1 1 1 1 1 1 1 1 1 1 1 1 1 1 1 1 1 1 1 1 1 1 1 1 1 1 1 1 1 1 1 1 1 1 1 1 1 1 1 1 1 1 1 1 1 1 1 1 1 1 1 1 1 1 1 1 1 1 1 1 1 1 1 1 1 1 1 1 1 1 1 1 1 1 1 1 1 1 1 1 1 1 1 1 1 1 1 1 1 1 1 1 1 1 1 1 1 1 1 1 1 1 1 1 1 1 1 1 1 1 1 1 1 1 1 1 1 1 1 1 1 1 1 1 1 1 1 1 1 1 1 1 1 1 1 1 
INFO: Saved inference results to file: tb_data/rtl_cosim_results.log
INFO: [COSIM 212-323] Starting verilog simulation...
INFO: [COSIM 212-15] Starting XSIM ...
INFO: [XSIM 43-3496] Using init file passed via -initfile option "/opt/Xilinx/Vivado/2019.2/data/xsim/ip/xsim_ip.ini".
Vivado Simulator 2019.2
Copyright 1986-1999, 2001-2019 Xilinx, Inc. All Rights Reserved.
Running: /opt/Xilinx/Vivado/2019.2/bin/unwrapped/lnx64.o/xelab xil_defaultlib.apatb_myproject_top glbl -prj myproject.prj -L smartconnect_v1_0 -L axi_protocol_checker_v1_1_12 -L axi_protocol_checker_v1_1_13 -L axis_protocol_checker_v1_1_11 -L axis_protocol_checker_v1_1_12 -L xil_defaultlib -L unisims_ver -L xpm --initfile /opt/Xilinx/Vivado/2019.2/data/xsim/ip/xsim_ip.ini --lib ieee_proposed=./ieee_proposed -s myproject -debug wave 
Multi-threading is on. Using 14 slave threads.
INFO: [VRFC 10-2263] Analyzing SystemVerilog file "/home/YL_HUANG/10_21/clone_stream/myproject_prj/solution1/sim/verilog/glbl.v" into library work
INFO: [VRFC 10-311] analyzing module glbl
INFO: [VRFC 10-2263] Analyzing SystemVerilog file "/home/YL_HUANG/10_21/clone_stream/myproject_prj/solution1/sim/verilog/myproject.autotb.v" into library xil_defaultlib
INFO: [VRFC 10-311] analyzing module apatb_myproject_top
INFO: [VRFC 10-2263] Analyzing SystemVerilog file "/home/YL_HUANG/10_21/clone_stream/myproject_prj/solution1/sim/verilog/AESL_fifo.v" into library xil_defaultlib
INFO: [VRFC 10-311] analyzing module fifo
INFO: [VRFC 10-2263] Analyzing SystemVerilog file "/home/YL_HUANG/10_21/clone_stream/myproject_prj/solution1/sim/verilog/AESL_axi_s_tracks_0_V_V.v" into library xil_defaultlib
INFO: [VRFC 10-311] analyzing module AESL_axi_s_tracks_0_V_V
INFO: [VRFC 10-2263] Analyzing SystemVerilog file "/home/YL_HUANG/10_21/clone_stream/myproject_prj/solution1/sim/verilog/AESL_axi_s_tracks_1_V_V.v" into library xil_defaultlib
INFO: [VRFC 10-311] analyzing module AESL_axi_s_tracks_1_V_V
INFO: [VRFC 10-2263] Analyzing SystemVerilog file "/home/YL_HUANG/10_21/clone_stream/myproject_prj/solution1/sim/verilog/AESL_axi_s_tracks_2_V_V.v" into library xil_defaultlib
INFO: [VRFC 10-311] analyzing module AESL_axi_s_tracks_2_V_V
INFO: [VRFC 10-2263] Analyzing SystemVerilog file "/home/YL_HUANG/10_21/clone_stream/myproject_prj/solution1/sim/verilog/AESL_axi_s_tracks_3_V_V.v" into library xil_defaultlib
INFO: [VRFC 10-311] analyzing module AESL_axi_s_tracks_3_V_V
INFO: [VRFC 10-2263] Analyzing SystemVerilog file "/home/YL_HUANG/10_21/clone_stream/myproject_prj/solution1/sim/verilog/AESL_axi_s_tracks_4_V_V.v" into library xil_defaultlib
INFO: [VRFC 10-311] analyzing module AESL_axi_s_tracks_4_V_V
INFO: [VRFC 10-2263] Analyzing SystemVerilog file "/home/YL_HUANG/10_21/clone_stream/myproject_prj/solution1/sim/verilog/AESL_axi_s_tracks_5_V_V.v" into library xil_defaultlib
INFO: [VRFC 10-311] analyzing module AESL_axi_s_tracks_5_V_V
INFO: [VRFC 10-2263] Analyzing SystemVerilog file "/home/YL_HUANG/10_21/clone_stream/myproject_prj/solution1/sim/verilog/AESL_axi_s_layer103_cpy1_0_V_V.v" into library xil_defaultlib
INFO: [VRFC 10-311] analyzing module AESL_axi_s_layer103_cpy1_0_V_V
INFO: [VRFC 10-2263] Analyzing SystemVerilog file "/home/YL_HUANG/10_21/clone_stream/myproject_prj/solution1/sim/verilog/AESL_axi_s_layer103_cpy1_1_V_V.v" into library xil_defaultlib
INFO: [VRFC 10-311] analyzing module AESL_axi_s_layer103_cpy1_1_V_V
INFO: [VRFC 10-2263] Analyzing SystemVerilog file "/home/YL_HUANG/10_21/clone_stream/myproject_prj/solution1/sim/verilog/AESL_axi_s_layer103_cpy1_2_V_V.v" into library xil_defaultlib
INFO: [VRFC 10-311] analyzing module AESL_axi_s_layer103_cpy1_2_V_V
INFO: [VRFC 10-2263] Analyzing SystemVerilog file "/home/YL_HUANG/10_21/clone_stream/myproject_prj/solution1/sim/verilog/AESL_axi_s_layer103_cpy1_3_V_V.v" into library xil_defaultlib
INFO: [VRFC 10-311] analyzing module AESL_axi_s_layer103_cpy1_3_V_V
INFO: [VRFC 10-2263] Analyzing SystemVerilog file "/home/YL_HUANG/10_21/clone_stream/myproject_prj/solution1/sim/verilog/AESL_axi_s_layer103_cpy1_4_V_V.v" into library xil_defaultlib
INFO: [VRFC 10-311] analyzing module AESL_axi_s_layer103_cpy1_4_V_V
INFO: [VRFC 10-2263] Analyzing SystemVerilog file "/home/YL_HUANG/10_21/clone_stream/myproject_prj/solution1/sim/verilog/AESL_axi_s_layer103_cpy1_5_V_V.v" into library xil_defaultlib
INFO: [VRFC 10-311] analyzing module AESL_axi_s_layer103_cpy1_5_V_V
INFO: [VRFC 10-2263] Analyzing SystemVerilog file "/home/YL_HUANG/10_21/clone_stream/myproject_prj/solution1/sim/verilog/AESL_axi_s_layer103_cpy2_0_V_V.v" into library xil_defaultlib
INFO: [VRFC 10-311] analyzing module AESL_axi_s_layer103_cpy2_0_V_V
INFO: [VRFC 10-2263] Analyzing SystemVerilog file "/home/YL_HUANG/10_21/clone_stream/myproject_prj/solution1/sim/verilog/AESL_axi_s_layer103_cpy2_1_V_V.v" into library xil_defaultlib
INFO: [VRFC 10-311] analyzing module AESL_axi_s_layer103_cpy2_1_V_V
INFO: [VRFC 10-2263] Analyzing SystemVerilog file "/home/YL_HUANG/10_21/clone_stream/myproject_prj/solution1/sim/verilog/AESL_axi_s_layer103_cpy2_2_V_V.v" into library xil_defaultlib
INFO: [VRFC 10-311] analyzing module AESL_axi_s_layer103_cpy2_2_V_V
INFO: [VRFC 10-2263] Analyzing SystemVerilog file "/home/YL_HUANG/10_21/clone_stream/myproject_prj/solution1/sim/verilog/AESL_axi_s_layer103_cpy2_3_V_V.v" into library xil_defaultlib
INFO: [VRFC 10-311] analyzing module AESL_axi_s_layer103_cpy2_3_V_V
INFO: [VRFC 10-2263] Analyzing SystemVerilog file "/home/YL_HUANG/10_21/clone_stream/myproject_prj/solution1/sim/verilog/AESL_axi_s_layer103_cpy2_4_V_V.v" into library xil_defaultlib
INFO: [VRFC 10-311] analyzing module AESL_axi_s_layer103_cpy2_4_V_V
INFO: [VRFC 10-2263] Analyzing SystemVerilog file "/home/YL_HUANG/10_21/clone_stream/myproject_prj/solution1/sim/verilog/AESL_axi_s_layer103_cpy2_5_V_V.v" into library xil_defaultlib
INFO: [VRFC 10-311] analyzing module AESL_axi_s_layer103_cpy2_5_V_V
INFO: [VRFC 10-2263] Analyzing SystemVerilog file "/home/YL_HUANG/10_21/clone_stream/myproject_prj/solution1/sim/verilog/clone_stream_switch_ap_fixed_ap_fixed_config103_s.v" into library xil_defaultlib
INFO: [VRFC 10-311] analyzing module clone_stream_switch_ap_fixed_ap_fixed_config103_s
INFO: [VRFC 10-2263] Analyzing SystemVerilog file "/home/YL_HUANG/10_21/clone_stream/myproject_prj/solution1/sim/verilog/myproject.v" into library xil_defaultlib
INFO: [VRFC 10-311] analyzing module myproject
INFO: [VRFC 10-2263] Analyzing SystemVerilog file "/home/YL_HUANG/10_21/clone_stream/myproject_prj/solution1/sim/verilog/regslice_core.v" into library xil_defaultlib
INFO: [VRFC 10-311] analyzing module regslice_both
INFO: [VRFC 10-311] analyzing module regslice_forward
INFO: [VRFC 10-311] analyzing module regslice_reverse
INFO: [VRFC 10-311] analyzing module regslice_both_w1
INFO: [VRFC 10-311] analyzing module regslice_forward_w1
INFO: [VRFC 10-311] analyzing module regslice_reverse_w1
INFO: [VRFC 10-311] analyzing module ibuf
INFO: [VRFC 10-311] analyzing module obuf
Starting static elaboration
Pass Through NonSizing Optimizer
Completed static elaboration
Starting simulation data flow analysis
Completed simulation data flow analysis
Time Resolution for simulation is 1ps
Compiling module xil_defaultlib.ibuf(W=33)
Compiling module xil_defaultlib.obuf(W=33)
Compiling module xil_defaultlib.regslice_both_default
Compiling module xil_defaultlib.clone_stream_switch_ap_fixed_ap_...
Compiling module xil_defaultlib.myproject
Compiling module xil_defaultlib.fifo(DEPTH=57,WIDTH=32)
Compiling module xil_defaultlib.AESL_axi_s_tracks_0_V_V
Compiling module xil_defaultlib.AESL_axi_s_tracks_1_V_V
Compiling module xil_defaultlib.AESL_axi_s_tracks_2_V_V
Compiling module xil_defaultlib.AESL_axi_s_tracks_3_V_V
Compiling module xil_defaultlib.AESL_axi_s_tracks_4_V_V
Compiling module xil_defaultlib.AESL_axi_s_tracks_5_V_V
Compiling module xil_defaultlib.AESL_axi_s_layer103_cpy1_0_V_V
Compiling module xil_defaultlib.AESL_axi_s_layer103_cpy1_1_V_V
Compiling module xil_defaultlib.AESL_axi_s_layer103_cpy1_2_V_V
Compiling module xil_defaultlib.AESL_axi_s_layer103_cpy1_3_V_V
Compiling module xil_defaultlib.AESL_axi_s_layer103_cpy1_4_V_V
Compiling module xil_defaultlib.AESL_axi_s_layer103_cpy1_5_V_V
Compiling module xil_defaultlib.AESL_axi_s_layer103_cpy2_0_V_V
Compiling module xil_defaultlib.AESL_axi_s_layer103_cpy2_1_V_V
Compiling module xil_defaultlib.AESL_axi_s_layer103_cpy2_2_V_V
Compiling module xil_defaultlib.AESL_axi_s_layer103_cpy2_3_V_V
Compiling module xil_defaultlib.AESL_axi_s_layer103_cpy2_4_V_V
Compiling module xil_defaultlib.AESL_axi_s_layer103_cpy2_5_V_V
Compiling module xil_defaultlib.apatb_myproject_top
Compiling module work.glbl
Built simulation snapshot myproject

****** Webtalk v2019.2 (64-bit)
  **** SW Build 2708876 on Wed Nov  6 21:39:14 MST 2019
  **** IP Build 2700528 on Thu Nov  7 00:09:20 MST 2019
    ** Copyright 1986-2019 Xilinx, Inc. All Rights Reserved.

source /home/YL_HUANG/10_21/clone_stream/myproject_prj/solution1/sim/verilog/xsim.dir/myproject/webtalk/xsim_webtalk.tcl -notrace
INFO: [Common 17-186] '/home/YL_HUANG/10_21/clone_stream/myproject_prj/solution1/sim/verilog/xsim.dir/myproject/webtalk/usage_statistics_ext_xsim.xml' has been successfully sent to Xilinx on Sun Oct 16 14:49:36 2022. For additional details about this file, please refer to the WebTalk help file at /opt/Xilinx/Vivado/2019.2/doc/webtalk_introduction.html.
INFO: [Common 17-206] Exiting Webtalk at Sun Oct 16 14:49:36 2022...

****** xsim v2019.2 (64-bit)
  **** SW Build 2708876 on Wed Nov  6 21:39:14 MST 2019
  **** IP Build 2700528 on Thu Nov  7 00:09:20 MST 2019
    ** Copyright 1986-2019 Xilinx, Inc. All Rights Reserved.

source xsim.dir/myproject/xsim_script.tcl
# xsim {myproject} -autoloadwcfg -tclbatch {myproject.tcl}
Vivado Simulator 2019.2
Time resolution is 1 ps
source myproject.tcl
## set designtopgroup [add_wave_group "Design Top Signals"]
## set coutputgroup [add_wave_group "C Outputs" -into $designtopgroup]
## set layer103_cpy2_group [add_wave_group layer103_cpy2(axis) -into $coutputgroup]
## add_wave /apatb_myproject_top/AESL_inst_myproject/layer103_cpy2_5_V_V_TREADY -into $layer103_cpy2_group -color #ffff00 -radix hex
## add_wave /apatb_myproject_top/AESL_inst_myproject/layer103_cpy2_5_V_V_TVALID -into $layer103_cpy2_group -color #ffff00 -radix hex
## add_wave /apatb_myproject_top/AESL_inst_myproject/layer103_cpy2_4_V_V_TREADY -into $layer103_cpy2_group -color #ffff00 -radix hex
## add_wave /apatb_myproject_top/AESL_inst_myproject/layer103_cpy2_4_V_V_TVALID -into $layer103_cpy2_group -color #ffff00 -radix hex
## add_wave /apatb_myproject_top/AESL_inst_myproject/layer103_cpy2_3_V_V_TREADY -into $layer103_cpy2_group -color #ffff00 -radix hex
## add_wave /apatb_myproject_top/AESL_inst_myproject/layer103_cpy2_3_V_V_TVALID -into $layer103_cpy2_group -color #ffff00 -radix hex
## add_wave /apatb_myproject_top/AESL_inst_myproject/layer103_cpy2_2_V_V_TREADY -into $layer103_cpy2_group -color #ffff00 -radix hex
## add_wave /apatb_myproject_top/AESL_inst_myproject/layer103_cpy2_2_V_V_TVALID -into $layer103_cpy2_group -color #ffff00 -radix hex
## add_wave /apatb_myproject_top/AESL_inst_myproject/layer103_cpy2_1_V_V_TREADY -into $layer103_cpy2_group -color #ffff00 -radix hex
## add_wave /apatb_myproject_top/AESL_inst_myproject/layer103_cpy2_1_V_V_TVALID -into $layer103_cpy2_group -color #ffff00 -radix hex
## add_wave /apatb_myproject_top/AESL_inst_myproject/layer103_cpy2_0_V_V_TREADY -into $layer103_cpy2_group -color #ffff00 -radix hex
## add_wave /apatb_myproject_top/AESL_inst_myproject/layer103_cpy2_0_V_V_TVALID -into $layer103_cpy2_group -color #ffff00 -radix hex
## add_wave /apatb_myproject_top/AESL_inst_myproject/layer103_cpy2_5_V_V_TDATA -into $layer103_cpy2_group -radix hex
## add_wave /apatb_myproject_top/AESL_inst_myproject/layer103_cpy2_4_V_V_TDATA -into $layer103_cpy2_group -radix hex
## add_wave /apatb_myproject_top/AESL_inst_myproject/layer103_cpy2_3_V_V_TDATA -into $layer103_cpy2_group -radix hex
## add_wave /apatb_myproject_top/AESL_inst_myproject/layer103_cpy2_2_V_V_TDATA -into $layer103_cpy2_group -radix hex
## add_wave /apatb_myproject_top/AESL_inst_myproject/layer103_cpy2_1_V_V_TDATA -into $layer103_cpy2_group -radix hex
## add_wave /apatb_myproject_top/AESL_inst_myproject/layer103_cpy2_0_V_V_TDATA -into $layer103_cpy2_group -radix hex
## set layer103_cpy1_group [add_wave_group layer103_cpy1(axis) -into $coutputgroup]
## add_wave /apatb_myproject_top/AESL_inst_myproject/layer103_cpy1_5_V_V_TREADY -into $layer103_cpy1_group -color #ffff00 -radix hex
## add_wave /apatb_myproject_top/AESL_inst_myproject/layer103_cpy1_5_V_V_TVALID -into $layer103_cpy1_group -color #ffff00 -radix hex
## add_wave /apatb_myproject_top/AESL_inst_myproject/layer103_cpy1_4_V_V_TREADY -into $layer103_cpy1_group -color #ffff00 -radix hex
## add_wave /apatb_myproject_top/AESL_inst_myproject/layer103_cpy1_4_V_V_TVALID -into $layer103_cpy1_group -color #ffff00 -radix hex
## add_wave /apatb_myproject_top/AESL_inst_myproject/layer103_cpy1_3_V_V_TREADY -into $layer103_cpy1_group -color #ffff00 -radix hex
## add_wave /apatb_myproject_top/AESL_inst_myproject/layer103_cpy1_3_V_V_TVALID -into $layer103_cpy1_group -color #ffff00 -radix hex
## add_wave /apatb_myproject_top/AESL_inst_myproject/layer103_cpy1_2_V_V_TREADY -into $layer103_cpy1_group -color #ffff00 -radix hex
## add_wave /apatb_myproject_top/AESL_inst_myproject/layer103_cpy1_2_V_V_TVALID -into $layer103_cpy1_group -color #ffff00 -radix hex
## add_wave /apatb_myproject_top/AESL_inst_myproject/layer103_cpy1_1_V_V_TREADY -into $layer103_cpy1_group -color #ffff00 -radix hex
## add_wave /apatb_myproject_top/AESL_inst_myproject/layer103_cpy1_1_V_V_TVALID -into $layer103_cpy1_group -color #ffff00 -radix hex
## add_wave /apatb_myproject_top/AESL_inst_myproject/layer103_cpy1_0_V_V_TREADY -into $layer103_cpy1_group -color #ffff00 -radix hex
## add_wave /apatb_myproject_top/AESL_inst_myproject/layer103_cpy1_0_V_V_TVALID -into $layer103_cpy1_group -color #ffff00 -radix hex
## add_wave /apatb_myproject_top/AESL_inst_myproject/layer103_cpy1_5_V_V_TDATA -into $layer103_cpy1_group -radix hex
## add_wave /apatb_myproject_top/AESL_inst_myproject/layer103_cpy1_4_V_V_TDATA -into $layer103_cpy1_group -radix hex
## add_wave /apatb_myproject_top/AESL_inst_myproject/layer103_cpy1_3_V_V_TDATA -into $layer103_cpy1_group -radix hex
## add_wave /apatb_myproject_top/AESL_inst_myproject/layer103_cpy1_2_V_V_TDATA -into $layer103_cpy1_group -radix hex
## add_wave /apatb_myproject_top/AESL_inst_myproject/layer103_cpy1_1_V_V_TDATA -into $layer103_cpy1_group -radix hex
## add_wave /apatb_myproject_top/AESL_inst_myproject/layer103_cpy1_0_V_V_TDATA -into $layer103_cpy1_group -radix hex
## set cinputgroup [add_wave_group "C Inputs" -into $designtopgroup]
## set tracks_group [add_wave_group tracks(axis) -into $cinputgroup]
## add_wave /apatb_myproject_top/AESL_inst_myproject/tracks_5_V_V_TREADY -into $tracks_group -color #ffff00 -radix hex
## add_wave /apatb_myproject_top/AESL_inst_myproject/tracks_5_V_V_TVALID -into $tracks_group -color #ffff00 -radix hex
## add_wave /apatb_myproject_top/AESL_inst_myproject/tracks_4_V_V_TREADY -into $tracks_group -color #ffff00 -radix hex
## add_wave /apatb_myproject_top/AESL_inst_myproject/tracks_4_V_V_TVALID -into $tracks_group -color #ffff00 -radix hex
## add_wave /apatb_myproject_top/AESL_inst_myproject/tracks_3_V_V_TREADY -into $tracks_group -color #ffff00 -radix hex
## add_wave /apatb_myproject_top/AESL_inst_myproject/tracks_3_V_V_TVALID -into $tracks_group -color #ffff00 -radix hex
## add_wave /apatb_myproject_top/AESL_inst_myproject/tracks_2_V_V_TREADY -into $tracks_group -color #ffff00 -radix hex
## add_wave /apatb_myproject_top/AESL_inst_myproject/tracks_2_V_V_TVALID -into $tracks_group -color #ffff00 -radix hex
## add_wave /apatb_myproject_top/AESL_inst_myproject/tracks_1_V_V_TREADY -into $tracks_group -color #ffff00 -radix hex
## add_wave /apatb_myproject_top/AESL_inst_myproject/tracks_1_V_V_TVALID -into $tracks_group -color #ffff00 -radix hex
## add_wave /apatb_myproject_top/AESL_inst_myproject/tracks_0_V_V_TREADY -into $tracks_group -color #ffff00 -radix hex
## add_wave /apatb_myproject_top/AESL_inst_myproject/tracks_0_V_V_TVALID -into $tracks_group -color #ffff00 -radix hex
## add_wave /apatb_myproject_top/AESL_inst_myproject/tracks_5_V_V_TDATA -into $tracks_group -radix hex
## add_wave /apatb_myproject_top/AESL_inst_myproject/tracks_4_V_V_TDATA -into $tracks_group -radix hex
## add_wave /apatb_myproject_top/AESL_inst_myproject/tracks_3_V_V_TDATA -into $tracks_group -radix hex
## add_wave /apatb_myproject_top/AESL_inst_myproject/tracks_2_V_V_TDATA -into $tracks_group -radix hex
## add_wave /apatb_myproject_top/AESL_inst_myproject/tracks_1_V_V_TDATA -into $tracks_group -radix hex
## add_wave /apatb_myproject_top/AESL_inst_myproject/tracks_0_V_V_TDATA -into $tracks_group -radix hex
## set blocksiggroup [add_wave_group "Block-level IO Handshake" -into $designtopgroup]
## add_wave /apatb_myproject_top/AESL_inst_myproject/ap_start -into $blocksiggroup
## add_wave /apatb_myproject_top/AESL_inst_myproject/ap_done -into $blocksiggroup
## add_wave /apatb_myproject_top/AESL_inst_myproject/ap_ready -into $blocksiggroup
## add_wave /apatb_myproject_top/AESL_inst_myproject/ap_idle -into $blocksiggroup
## set resetgroup [add_wave_group "Reset" -into $designtopgroup]
## add_wave /apatb_myproject_top/AESL_inst_myproject/ap_rst_n -into $resetgroup
## set clockgroup [add_wave_group "Clock" -into $designtopgroup]
## add_wave /apatb_myproject_top/AESL_inst_myproject/ap_clk -into $clockgroup
## set testbenchgroup [add_wave_group "Test Bench Signals"]
## set tbinternalsiggroup [add_wave_group "Internal Signals" -into $testbenchgroup]
## set tb_simstatus_group [add_wave_group "Simulation Status" -into $tbinternalsiggroup]
## set tb_portdepth_group [add_wave_group "Port Depth" -into $tbinternalsiggroup]
## add_wave /apatb_myproject_top/AUTOTB_TRANSACTION_NUM -into $tb_simstatus_group -radix hex
## add_wave /apatb_myproject_top/ready_cnt -into $tb_simstatus_group -radix hex
## add_wave /apatb_myproject_top/done_cnt -into $tb_simstatus_group -radix hex
## add_wave /apatb_myproject_top/LENGTH_tracks_0_V_V -into $tb_portdepth_group -radix hex
## add_wave /apatb_myproject_top/LENGTH_tracks_1_V_V -into $tb_portdepth_group -radix hex
## add_wave /apatb_myproject_top/LENGTH_tracks_2_V_V -into $tb_portdepth_group -radix hex
## add_wave /apatb_myproject_top/LENGTH_tracks_3_V_V -into $tb_portdepth_group -radix hex
## add_wave /apatb_myproject_top/LENGTH_tracks_4_V_V -into $tb_portdepth_group -radix hex
## add_wave /apatb_myproject_top/LENGTH_tracks_5_V_V -into $tb_portdepth_group -radix hex
## add_wave /apatb_myproject_top/LENGTH_layer103_cpy1_0_V_V -into $tb_portdepth_group -radix hex
## add_wave /apatb_myproject_top/LENGTH_layer103_cpy1_1_V_V -into $tb_portdepth_group -radix hex
## add_wave /apatb_myproject_top/LENGTH_layer103_cpy1_2_V_V -into $tb_portdepth_group -radix hex
## add_wave /apatb_myproject_top/LENGTH_layer103_cpy1_3_V_V -into $tb_portdepth_group -radix hex
## add_wave /apatb_myproject_top/LENGTH_layer103_cpy1_4_V_V -into $tb_portdepth_group -radix hex
## add_wave /apatb_myproject_top/LENGTH_layer103_cpy1_5_V_V -into $tb_portdepth_group -radix hex
## add_wave /apatb_myproject_top/LENGTH_layer103_cpy2_0_V_V -into $tb_portdepth_group -radix hex
## add_wave /apatb_myproject_top/LENGTH_layer103_cpy2_1_V_V -into $tb_portdepth_group -radix hex
## add_wave /apatb_myproject_top/LENGTH_layer103_cpy2_2_V_V -into $tb_portdepth_group -radix hex
## add_wave /apatb_myproject_top/LENGTH_layer103_cpy2_3_V_V -into $tb_portdepth_group -radix hex
## add_wave /apatb_myproject_top/LENGTH_layer103_cpy2_4_V_V -into $tb_portdepth_group -radix hex
## add_wave /apatb_myproject_top/LENGTH_layer103_cpy2_5_V_V -into $tb_portdepth_group -radix hex
## set tbcoutputgroup [add_wave_group "C Outputs" -into $testbenchgroup]
## set tb_layer103_cpy2_group [add_wave_group layer103_cpy2(axis) -into $tbcoutputgroup]
## add_wave /apatb_myproject_top/layer103_cpy2_5_V_V_TREADY -into $tb_layer103_cpy2_group -color #ffff00 -radix hex
## add_wave /apatb_myproject_top/layer103_cpy2_5_V_V_TVALID -into $tb_layer103_cpy2_group -color #ffff00 -radix hex
## add_wave /apatb_myproject_top/layer103_cpy2_4_V_V_TREADY -into $tb_layer103_cpy2_group -color #ffff00 -radix hex
## add_wave /apatb_myproject_top/layer103_cpy2_4_V_V_TVALID -into $tb_layer103_cpy2_group -color #ffff00 -radix hex
## add_wave /apatb_myproject_top/layer103_cpy2_3_V_V_TREADY -into $tb_layer103_cpy2_group -color #ffff00 -radix hex
## add_wave /apatb_myproject_top/layer103_cpy2_3_V_V_TVALID -into $tb_layer103_cpy2_group -color #ffff00 -radix hex
## add_wave /apatb_myproject_top/layer103_cpy2_2_V_V_TREADY -into $tb_layer103_cpy2_group -color #ffff00 -radix hex
## add_wave /apatb_myproject_top/layer103_cpy2_2_V_V_TVALID -into $tb_layer103_cpy2_group -color #ffff00 -radix hex
## add_wave /apatb_myproject_top/layer103_cpy2_1_V_V_TREADY -into $tb_layer103_cpy2_group -color #ffff00 -radix hex
## add_wave /apatb_myproject_top/layer103_cpy2_1_V_V_TVALID -into $tb_layer103_cpy2_group -color #ffff00 -radix hex
## add_wave /apatb_myproject_top/layer103_cpy2_0_V_V_TREADY -into $tb_layer103_cpy2_group -color #ffff00 -radix hex
## add_wave /apatb_myproject_top/layer103_cpy2_0_V_V_TVALID -into $tb_layer103_cpy2_group -color #ffff00 -radix hex
## add_wave /apatb_myproject_top/layer103_cpy2_5_V_V_TDATA -into $tb_layer103_cpy2_group -radix hex
## add_wave /apatb_myproject_top/layer103_cpy2_4_V_V_TDATA -into $tb_layer103_cpy2_group -radix hex
## add_wave /apatb_myproject_top/layer103_cpy2_3_V_V_TDATA -into $tb_layer103_cpy2_group -radix hex
## add_wave /apatb_myproject_top/layer103_cpy2_2_V_V_TDATA -into $tb_layer103_cpy2_group -radix hex
## add_wave /apatb_myproject_top/layer103_cpy2_1_V_V_TDATA -into $tb_layer103_cpy2_group -radix hex
## add_wave /apatb_myproject_top/layer103_cpy2_0_V_V_TDATA -into $tb_layer103_cpy2_group -radix hex
## set tb_layer103_cpy1_group [add_wave_group layer103_cpy1(axis) -into $tbcoutputgroup]
## add_wave /apatb_myproject_top/layer103_cpy1_5_V_V_TREADY -into $tb_layer103_cpy1_group -color #ffff00 -radix hex
## add_wave /apatb_myproject_top/layer103_cpy1_5_V_V_TVALID -into $tb_layer103_cpy1_group -color #ffff00 -radix hex
## add_wave /apatb_myproject_top/layer103_cpy1_4_V_V_TREADY -into $tb_layer103_cpy1_group -color #ffff00 -radix hex
## add_wave /apatb_myproject_top/layer103_cpy1_4_V_V_TVALID -into $tb_layer103_cpy1_group -color #ffff00 -radix hex
## add_wave /apatb_myproject_top/layer103_cpy1_3_V_V_TREADY -into $tb_layer103_cpy1_group -color #ffff00 -radix hex
## add_wave /apatb_myproject_top/layer103_cpy1_3_V_V_TVALID -into $tb_layer103_cpy1_group -color #ffff00 -radix hex
## add_wave /apatb_myproject_top/layer103_cpy1_2_V_V_TREADY -into $tb_layer103_cpy1_group -color #ffff00 -radix hex
## add_wave /apatb_myproject_top/layer103_cpy1_2_V_V_TVALID -into $tb_layer103_cpy1_group -color #ffff00 -radix hex
## add_wave /apatb_myproject_top/layer103_cpy1_1_V_V_TREADY -into $tb_layer103_cpy1_group -color #ffff00 -radix hex
## add_wave /apatb_myproject_top/layer103_cpy1_1_V_V_TVALID -into $tb_layer103_cpy1_group -color #ffff00 -radix hex
## add_wave /apatb_myproject_top/layer103_cpy1_0_V_V_TREADY -into $tb_layer103_cpy1_group -color #ffff00 -radix hex
## add_wave /apatb_myproject_top/layer103_cpy1_0_V_V_TVALID -into $tb_layer103_cpy1_group -color #ffff00 -radix hex
## add_wave /apatb_myproject_top/layer103_cpy1_5_V_V_TDATA -into $tb_layer103_cpy1_group -radix hex
## add_wave /apatb_myproject_top/layer103_cpy1_4_V_V_TDATA -into $tb_layer103_cpy1_group -radix hex
## add_wave /apatb_myproject_top/layer103_cpy1_3_V_V_TDATA -into $tb_layer103_cpy1_group -radix hex
## add_wave /apatb_myproject_top/layer103_cpy1_2_V_V_TDATA -into $tb_layer103_cpy1_group -radix hex
## add_wave /apatb_myproject_top/layer103_cpy1_1_V_V_TDATA -into $tb_layer103_cpy1_group -radix hex
## add_wave /apatb_myproject_top/layer103_cpy1_0_V_V_TDATA -into $tb_layer103_cpy1_group -radix hex
## set tbcinputgroup [add_wave_group "C Inputs" -into $testbenchgroup]
## set tb_tracks_group [add_wave_group tracks(axis) -into $tbcinputgroup]
## add_wave /apatb_myproject_top/tracks_5_V_V_TREADY -into $tb_tracks_group -color #ffff00 -radix hex
## add_wave /apatb_myproject_top/tracks_5_V_V_TVALID -into $tb_tracks_group -color #ffff00 -radix hex
## add_wave /apatb_myproject_top/tracks_4_V_V_TREADY -into $tb_tracks_group -color #ffff00 -radix hex
## add_wave /apatb_myproject_top/tracks_4_V_V_TVALID -into $tb_tracks_group -color #ffff00 -radix hex
## add_wave /apatb_myproject_top/tracks_3_V_V_TREADY -into $tb_tracks_group -color #ffff00 -radix hex
## add_wave /apatb_myproject_top/tracks_3_V_V_TVALID -into $tb_tracks_group -color #ffff00 -radix hex
## add_wave /apatb_myproject_top/tracks_2_V_V_TREADY -into $tb_tracks_group -color #ffff00 -radix hex
## add_wave /apatb_myproject_top/tracks_2_V_V_TVALID -into $tb_tracks_group -color #ffff00 -radix hex
## add_wave /apatb_myproject_top/tracks_1_V_V_TREADY -into $tb_tracks_group -color #ffff00 -radix hex
## add_wave /apatb_myproject_top/tracks_1_V_V_TVALID -into $tb_tracks_group -color #ffff00 -radix hex
## add_wave /apatb_myproject_top/tracks_0_V_V_TREADY -into $tb_tracks_group -color #ffff00 -radix hex
## add_wave /apatb_myproject_top/tracks_0_V_V_TVALID -into $tb_tracks_group -color #ffff00 -radix hex
## add_wave /apatb_myproject_top/tracks_5_V_V_TDATA -into $tb_tracks_group -radix hex
## add_wave /apatb_myproject_top/tracks_4_V_V_TDATA -into $tb_tracks_group -radix hex
## add_wave /apatb_myproject_top/tracks_3_V_V_TDATA -into $tb_tracks_group -radix hex
## add_wave /apatb_myproject_top/tracks_2_V_V_TDATA -into $tb_tracks_group -radix hex
## add_wave /apatb_myproject_top/tracks_1_V_V_TDATA -into $tb_tracks_group -radix hex
## add_wave /apatb_myproject_top/tracks_0_V_V_TDATA -into $tb_tracks_group -radix hex
## save_wave_config myproject.wcfg
## run all
////////////////////////////////////////////////////////////////////////////////////
// Inter-Transaction Progress: Completed Transaction / Total Transaction
// Intra-Transaction Progress: Measured Latency / Latency Estimation * 100%
//
// RTL Simulation : "Inter-Transaction Progress" ["Intra-Transaction Progress"] @ "Simulation Time"
////////////////////////////////////////////////////////////////////////////////////
// RTL Simulation : 0 / 1 [0.00%] @ "113000"
// RTL Simulation : 1 / 1 [100.00%] @ "423000"
////////////////////////////////////////////////////////////////////////////////////
$finish called at time : 442500 ps : File "/home/YL_HUANG/10_21/clone_stream/myproject_prj/solution1/sim/verilog/myproject.autotb.v" Line 995
## quit
INFO: [Common 17-206] Exiting xsim at Sun Oct 16 14:49:46 2022...
INFO: [COSIM 212-316] Starting C post checking ...
Processing input 0
Predictions
86.7304 
Quantized predictions
copy1
1 1 1 1 1 1 1 1 1 1 1 1 1 1 1 1 1 1 1 1 1 1 1 1 1 1 1 1 1 1 1 1 1 1 1 1 1 1 1 1 1 1 1 1 1 1 1 1 1 1 1 1 1 1 1 1 1 1 1 1 1 1 1 1 1 1 1 1 1 1 1 1 1 1 1 1 1 1 1 1 1 1 1 1 1 1 1 1 1 1 1 1 1 1 1 1 1 1 1 1 1 1 1 1 1 1 1 1 1 1 1 1 1 1 1 1 1 1 1 1 1 1 1 1 1 1 1 1 1 1 1 1 1 1 1 1 1 1 1 1 1 1 1 1 1 1 1 1 1 1 1 1 1 1 1 1 1 1 1 1 1 1 1 1 1 1 1 1 1 1 1 1 1 1 1 1 1 1 1 1 1 1 1 1 1 1 1 1 1 1 1 1 1 1 1 1 1 1 1 1 1 1 1 1 1 1 1 1 1 1 1 1 1 1 1 1 1 1 1 1 1 1 1 1 1 1 1 1 1 1 1 1 1 1 1 1 1 1 1 1 1 1 1 1 1 1 1 1 1 1 1 1 1 1 1 1 1 1 1 1 1 1 1 1 1 1 1 1 1 1 1 1 1 1 1 1 1 1 1 1 1 1 1 1 1 1 1 1 1 1 1 1 1 1 1 1 1 1 1 1 1 1 1 1 1 1 1 1 1 1 1 1 1 1 1 1 1 1 1 1 1 1 1 1 1 1 1 1 1 1 1 1 1 1 1 1 1 1 1 1 1 1 
copy2
1 1 1 1 1 1 1 1 1 1 1 1 1 1 1 1 1 1 1 1 1 1 1 1 1 1 1 1 1 1 1 1 1 1 1 1 1 1 1 1 1 1 1 1 1 1 1 1 1 1 1 1 1 1 1 1 1 1 1 1 1 1 1 1 1 1 1 1 1 1 1 1 1 1 1 1 1 1 1 1 1 1 1 1 1 1 1 1 1 1 1 1 1 1 1 1 1 1 1 1 1 1 1 1 1 1 1 1 1 1 1 1 1 1 1 1 1 1 1 1 1 1 1 1 1 1 1 1 1 1 1 1 1 1 1 1 1 1 1 1 1 1 1 1 1 1 1 1 1 1 1 1 1 1 1 1 1 1 1 1 1 1 1 1 1 1 1 1 1 1 1 1 1 1 1 1 1 1 1 1 1 1 1 1 1 1 1 1 1 1 1 1 1 1 1 1 1 1 1 1 1 1 1 1 1 1 1 1 1 1 1 1 1 1 1 1 1 1 1 1 1 1 1 1 1 1 1 1 1 1 1 1 1 1 1 1 1 1 1 1 1 1 1 1 1 1 1 1 1 1 1 1 1 1 1 1 1 1 1 1 1 1 1 1 1 1 1 1 1 1 1 1 1 1 1 1 1 1 1 1 1 1 1 1 1 1 1 1 1 1 1 1 1 1 1 1 1 1 1 1 1 1 1 1 1 1 1 1 1 1 1 1 1 1 1 1 1 1 1 1 1 1 1 1 1 1 1 1 1 1 1 1 1 1 1 1 1 1 1 1 1 1 
WARNING: Hls::stream 'hls::stream<ap_fixed<32, 16, (ap_q_mode)5, (ap_o_mode)3, 0> >.6' contains leftover data, which may result in RTL simulation hanging.
WARNING: Hls::stream 'hls::stream<ap_fixed<32, 16, (ap_q_mode)5, (ap_o_mode)3, 0> >.5' contains leftover data, which may result in RTL simulation hanging.
WARNING: Hls::stream 'hls::stream<ap_fixed<32, 16, (ap_q_mode)5, (ap_o_mode)3, 0> >.4' contains leftover data, which may result in RTL simulation hanging.
WARNING: Hls::stream 'hls::stream<ap_fixed<32, 16, (ap_q_mode)5, (ap_o_mode)3, 0> >.3' contains leftover data, which may result in RTL simulation hanging.
WARNING: Hls::stream 'hls::stream<ap_fixed<32, 16, (ap_q_mode)5, (ap_o_mode)3, 0> >.2' contains leftover data, which may result in RTL simulation hanging.
INFO: Saved inference results to file: tb_data/rtl_cosim_results.log
INFO:
Report time       : Sun Oct 16 14:49:29 CST 2022.
Solution          : solution1.
Simulation tool   : xsim.

+----------+----------+-----------------------------------------------+-----------------------------------------------+
|          |          |                    Latency                    |                    Interval                   |
+   RTL    +  Status  +-----------------------------------------------+-----------------------------------------------+
|          |          |      min      |      avg      |      max      |      min      |      avg      |      max      |
+----------+----------+-----------------------------------------------+-----------------------------------------------+
|      VHDL|        NA|             NA|             NA|             NA|             NA|             NA|             NA|
|   Verilog|      Pass|             NA|             NA|             NA|             NA|             NA|             NA|
+----------+----------+-----------------------------------------------+-----------------------------------------------+

***** C/RTL SIMULATION COMPLETED IN 0h0m35s *****
***** C/RTL VALIDATION *****
INFO: Test PASSED
***** EXPORT IP *****
INFO: [IMPL 213-8] Exporting RTL as a Vivado IP.

****** Vivado v2019.2 (64-bit)
  **** SW Build 2708876 on Wed Nov  6 21:39:14 MST 2019
  **** IP Build 2700528 on Thu Nov  7 00:09:20 MST 2019
    ** Copyright 1986-2019 Xilinx, Inc. All Rights Reserved.

source run_ippack.tcl -notrace
INFO: [IP_Flow 19-234] Refreshing IP repositories
INFO: [IP_Flow 19-1704] No user IP repositories specified
INFO: [IP_Flow 19-2313] Loaded Vivado IP repository '/opt/Xilinx/Vivado/2019.2/data/ip'.
INFO: [Common 17-206] Exiting Vivado at Sun Oct 16 14:49:59 2022...
***** EXPORT IP COMPLETED IN 0h0m11s *****
INFO: [HLS 200-112] Total elapsed time: 146.23 seconds; peak allocated memory: 181.690 MB.
INFO: [Common 17-206] Exiting vivado_hls at Sun Oct 16 14:49:59 2022...
