

================================================================
== Vivado HLS Report for 'mask_track_switch_ap_fixed_ap_fixed_config5_s'
================================================================
* Date:           Sun Oct 16 21:48:21 2022

* Version:        2019.2 (Build 2704478 on Wed Nov 06 22:10:23 MST 2019)
* Project:        myproject_prj
* Solution:       solution1
* Product family: zynquplus
* Target device:  xczu9eg-ffvb1156-2-e


================================================================
== Performance Estimates
================================================================
+ Timing: 
    * Summary: 
    +--------+---------+----------+------------+
    |  Clock |  Target | Estimated| Uncertainty|
    +--------+---------+----------+------------+
    |ap_clk  | 5.00 ns | 1.464 ns |   0.62 ns  |
    +--------+---------+----------+------------+

+ Latency: 
    * Summary: 
    +---------+---------+----------+----------+-----+-----+---------+
    |  Latency (cycles) |  Latency (absolute) |  Interval | Pipeline|
    |   min   |   max   |    min   |    max   | min | max |   Type  |
    +---------+---------+----------+----------+-----+-----+---------+
    |      345|      345| 1.725 us | 1.725 us |  345|  345|   none  |
    +---------+---------+----------+----------+-----+-----+---------+

    + Detail: 
        * Instance: 
        N/A

        * Loop: 
        +-----------------------+---------+---------+----------+-----------+-----------+------+----------+
        |                       |  Latency (cycles) | Iteration|  Initiation Interval  | Trip |          |
        |       Loop Name       |   min   |   max   |  Latency |  achieved |   target  | Count| Pipelined|
        +-----------------------+---------+---------+----------+-----------+-----------+------+----------+
        |- MaskLoop1_MaskLoop2  |      343|      343|         3|          1|          1|   342|    yes   |
        +-----------------------+---------+---------+----------+-----------+-----------+------+----------+

============================================================
+ Verbose Summary: Synthesis Manager
============================================================
InlineROM: 1
ExposeGlobal: 0
============================================================
+ Verbose Summary: CDFG Model
============================================================
IsTopModel: 0
ResetActiveHigh: 1
IsCombinational: 2
IsDatapathOnly: 0
HasWiredReturn: 1
HasMFsm: 0
HasVarLatency: 1
IsPipeline: 0
IsRtlPipelined: 0
IsInstanceOverlapped: 0
IsDontTouch: 0
HasImplIP: 0
IsGatedGlobalClock: 0

+ Individual pipeline summary: 
  * Pipeline-0: initiation interval (II) = 1, depth = 3


============================================================
+ Verbose Summary: Schedule
============================================================
* Number of FSM states : 5
* Pipeline : 1
  Pipeline-0 : II = 1, D = 3, States = { 2 3 4 }
* Dataflow Pipeline: 0

* FSM state transitions: 
1 --> 2 
2 --> 5 3 
3 --> 4 
4 --> 2 
5 --> 

* FSM state operations: 

State 1 <SV = 0> <Delay = 0.65>
ST_1 : Operation 6 [1/1] (0.00ns)   --->   "call void (...)* @_ssdm_op_SpecInterface(i32* %res_V_V, [5 x i8]* @p_str, i32 1, i32 1, [5 x i8]* @p_str76, i32 0, i32 0, [1 x i8]* @p_str77, [1 x i8]* @p_str77, [1 x i8]* @p_str77, i32 0, i32 0, i32 0, i32 0, [1 x i8]* @p_str77, [1 x i8]* @p_str77)"   --->   Operation 6 'specinterface' <Predicate = true> <Delay = 0.00>
ST_1 : Operation 7 [1/1] (0.00ns)   --->   "call void (...)* @_ssdm_op_SpecInterface(i32* %data_V_V, [5 x i8]* @p_str, i32 1, i32 1, [5 x i8]* @p_str76, i32 0, i32 0, [1 x i8]* @p_str77, [1 x i8]* @p_str77, [1 x i8]* @p_str77, i32 0, i32 0, i32 0, i32 0, [1 x i8]* @p_str77, [1 x i8]* @p_str77)"   --->   Operation 7 'specinterface' <Predicate = true> <Delay = 0.00>
ST_1 : Operation 8 [1/1] (0.65ns)   --->   "br label %1" [firmware/nnet_utils/nnet_deepcalo_stream.h:236->firmware/nnet_utils/nnet_deepcalo_stream.h:287]   --->   Operation 8 'br' <Predicate = true> <Delay = 0.65>

State 2 <SV = 1> <Delay = 1.46>
ST_2 : Operation 9 [1/1] (0.00ns)   --->   "%indvar_flatten = phi i9 [ 0, %0 ], [ %add_ln236, %ifFalse ]" [firmware/nnet_utils/nnet_deepcalo_stream.h:236->firmware/nnet_utils/nnet_deepcalo_stream.h:287]   --->   Operation 9 'phi' 'indvar_flatten' <Predicate = true> <Delay = 0.00>
ST_2 : Operation 10 [1/1] (0.00ns)   --->   "%k_0_i = phi i3 [ 0, %0 ], [ %k, %ifFalse ]"   --->   Operation 10 'phi' 'k_0_i' <Predicate = true> <Delay = 0.00>
ST_2 : Operation 11 [1/1] (0.88ns)   --->   "%icmp_ln236 = icmp eq i9 %indvar_flatten, -170" [firmware/nnet_utils/nnet_deepcalo_stream.h:236->firmware/nnet_utils/nnet_deepcalo_stream.h:287]   --->   Operation 11 'icmp' 'icmp_ln236' <Predicate = true> <Delay = 0.88> <Core = "Cmp">   --->   Core 25 'Cmp' <Latency = 0> <II = 1> <Delay = 0.58> <FuncUnit> <Opcode : 'icmp'> <InPorts = 2> <OutPorts = 1>
ST_2 : Operation 12 [1/1] (0.77ns)   --->   "%add_ln236 = add i9 %indvar_flatten, 1" [firmware/nnet_utils/nnet_deepcalo_stream.h:236->firmware/nnet_utils/nnet_deepcalo_stream.h:287]   --->   Operation 12 'add' 'add_ln236' <Predicate = true> <Delay = 0.77> <Core = "AddSub">   --->   Core 14 'AddSub' <Latency = 0> <II = 1> <Delay = 0.67> <FuncUnit> <Opcode : 'add' 'sub'> <InPorts = 2> <OutPorts = 1>
ST_2 : Operation 13 [1/1] (0.00ns)   --->   "br i1 %icmp_ln236, label %"mask_track_single<ap_fixed<32, 16, 5, 3, 0>, ap_fixed<32, 16, 5, 3, 0>, config5>.exit", label %MaskLoop2" [firmware/nnet_utils/nnet_deepcalo_stream.h:236->firmware/nnet_utils/nnet_deepcalo_stream.h:287]   --->   Operation 13 'br' <Predicate = true> <Delay = 0.00>
ST_2 : Operation 14 [1/1] (0.00ns)   --->   "%tmp_V = call i32 @_ssdm_op_Read.axis.volatile.i32P(i32* %data_V_V)" [firmware/nnet_utils/nnet_deepcalo_stream.h:240->firmware/nnet_utils/nnet_deepcalo_stream.h:287]   --->   Operation 14 'read' 'tmp_V' <Predicate = (!icmp_ln236)> <Delay = 0.00> <Core = "AXI4Stream">   --->   Core 5 'AXI4Stream' <Latency = 0> <II = 1> <Delay = 1.00> <Adapter> <Opcode : >
ST_2 : Operation 15 [1/1] (0.99ns)   --->   "%icmp_ln1498 = icmp eq i32 %tmp_V, 0" [firmware/nnet_utils/nnet_deepcalo_stream.h:241->firmware/nnet_utils/nnet_deepcalo_stream.h:287]   --->   Operation 15 'icmp' 'icmp_ln1498' <Predicate = (!icmp_ln236)> <Delay = 0.99> <Core = "Cmp">   --->   Core 25 'Cmp' <Latency = 0> <II = 1> <Delay = 0.58> <FuncUnit> <Opcode : 'icmp'> <InPorts = 2> <OutPorts = 1>
ST_2 : Operation 16 [1/1] (0.67ns)   --->   "%add_ln238 = add i3 %k_0_i, 1" [firmware/nnet_utils/nnet_deepcalo_stream.h:238->firmware/nnet_utils/nnet_deepcalo_stream.h:287]   --->   Operation 16 'add' 'add_ln238' <Predicate = (!icmp_ln236)> <Delay = 0.67> <Core = "AddSub">   --->   Core 14 'AddSub' <Latency = 0> <II = 1> <Delay = 0.67> <FuncUnit> <Opcode : 'add' 'sub'> <InPorts = 2> <OutPorts = 1>
ST_2 : Operation 17 [1/1] (0.58ns)   --->   "%icmp_ln238 = icmp eq i3 %k_0_i, -2" [firmware/nnet_utils/nnet_deepcalo_stream.h:238->firmware/nnet_utils/nnet_deepcalo_stream.h:287]   --->   Operation 17 'icmp' 'icmp_ln238' <Predicate = (!icmp_ln236)> <Delay = 0.58> <Core = "Cmp">   --->   Core 25 'Cmp' <Latency = 0> <II = 1> <Delay = 0.58> <FuncUnit> <Opcode : 'icmp'> <InPorts = 2> <OutPorts = 1>
ST_2 : Operation 18 [1/1] (0.20ns)   --->   "%k = select i1 %icmp_ln238, i3 1, i3 %add_ln238" [firmware/nnet_utils/nnet_deepcalo_stream.h:238->firmware/nnet_utils/nnet_deepcalo_stream.h:287]   --->   Operation 18 'select' 'k' <Predicate = (!icmp_ln236)> <Delay = 0.20> <Core = "Sel">   --->   Core 26 'Sel' <Latency = 0> <II = 1> <Delay = 0.36> <FuncUnit> <Opcode : 'select'> <InPorts = 3> <OutPorts = 1>
ST_2 : Operation 19 [1/1] (0.58ns)   --->   "%icmp_ln238_1 = icmp eq i3 %k, -2" [firmware/nnet_utils/nnet_deepcalo_stream.h:238->firmware/nnet_utils/nnet_deepcalo_stream.h:287]   --->   Operation 19 'icmp' 'icmp_ln238_1' <Predicate = (!icmp_ln236)> <Delay = 0.58> <Core = "Cmp">   --->   Core 25 'Cmp' <Latency = 0> <II = 1> <Delay = 0.58> <FuncUnit> <Opcode : 'icmp'> <InPorts = 2> <OutPorts = 1>
ST_2 : Operation 20 [1/1] (0.00ns)   --->   "br i1 %icmp_ln238_1, label %ifTrue, label %ifFalse" [firmware/nnet_utils/nnet_deepcalo_stream.h:238->firmware/nnet_utils/nnet_deepcalo_stream.h:287]   --->   Operation 20 'br' <Predicate = (!icmp_ln236)> <Delay = 0.00>

State 3 <SV = 2> <Delay = 0.36>
ST_3 : Operation 21 [1/1] (0.36ns)   --->   "%select_ln241 = select i1 %icmp_ln1498, i32 0, i32 65536" [firmware/nnet_utils/nnet_deepcalo_stream.h:241->firmware/nnet_utils/nnet_deepcalo_stream.h:287]   --->   Operation 21 'select' 'select_ln241' <Predicate = (!icmp_ln236)> <Delay = 0.36> <Core = "Sel">   --->   Core 26 'Sel' <Latency = 0> <II = 1> <Delay = 0.36> <FuncUnit> <Opcode : 'select'> <InPorts = 3> <OutPorts = 1>
ST_3 : Operation 22 [2/2] (0.00ns)   --->   "call void @_ssdm_op_Write.axis.volatile.i32P(i32* %res_V_V, i32 %select_ln241)" [firmware/nnet_utils/nnet_deepcalo_stream.h:247->firmware/nnet_utils/nnet_deepcalo_stream.h:287]   --->   Operation 22 'write' <Predicate = (icmp_ln238_1)> <Delay = 0.00> <Core = "AXI4Stream">   --->   Core 5 'AXI4Stream' <Latency = 0> <II = 1> <Delay = 1.00> <Adapter> <Opcode : >

State 4 <SV = 3> <Delay = 0.00>
ST_4 : Operation 23 [1/1] (0.00ns)   --->   "call void (...)* @_ssdm_op_SpecLoopName([20 x i8]* @MaskLoop1_MaskLoop2_str)"   --->   Operation 23 'specloopname' <Predicate = (!icmp_ln236)> <Delay = 0.00>
ST_4 : Operation 24 [1/1] (0.00ns)   --->   "%empty = call i32 (...)* @_ssdm_op_SpecLoopTripCount(i64 342, i64 342, i64 342)"   --->   Operation 24 'speclooptripcount' 'empty' <Predicate = (!icmp_ln236)> <Delay = 0.00>
ST_4 : Operation 25 [1/1] (0.00ns)   --->   "call void (...)* @_ssdm_op_SpecLoopName([10 x i8]* @p_str79) nounwind" [firmware/nnet_utils/nnet_deepcalo_stream.h:238->firmware/nnet_utils/nnet_deepcalo_stream.h:287]   --->   Operation 25 'specloopname' <Predicate = (!icmp_ln236)> <Delay = 0.00>
ST_4 : Operation 26 [1/1] (0.00ns)   --->   "%tmp_1 = call i32 (...)* @_ssdm_op_SpecRegionBegin([10 x i8]* @p_str79)" [firmware/nnet_utils/nnet_deepcalo_stream.h:238->firmware/nnet_utils/nnet_deepcalo_stream.h:287]   --->   Operation 26 'specregionbegin' 'tmp_1' <Predicate = (!icmp_ln236)> <Delay = 0.00>
ST_4 : Operation 27 [1/1] (0.00ns)   --->   "call void (...)* @_ssdm_op_SpecPipeline(i32 1, i32 1, i32 1, i32 0, [1 x i8]* @p_str77) nounwind" [firmware/nnet_utils/nnet_deepcalo_stream.h:239->firmware/nnet_utils/nnet_deepcalo_stream.h:287]   --->   Operation 27 'specpipeline' <Predicate = (!icmp_ln236)> <Delay = 0.00>
ST_4 : Operation 28 [1/1] (0.00ns)   --->   "%empty_2 = call i32 (...)* @_ssdm_op_SpecRegionEnd([10 x i8]* @p_str79, i32 %tmp_1)" [firmware/nnet_utils/nnet_deepcalo_stream.h:246->firmware/nnet_utils/nnet_deepcalo_stream.h:287]   --->   Operation 28 'specregionend' 'empty_2' <Predicate = (!icmp_ln236)> <Delay = 0.00>
ST_4 : Operation 29 [1/2] (0.00ns)   --->   "call void @_ssdm_op_Write.axis.volatile.i32P(i32* %res_V_V, i32 %select_ln241)" [firmware/nnet_utils/nnet_deepcalo_stream.h:247->firmware/nnet_utils/nnet_deepcalo_stream.h:287]   --->   Operation 29 'write' <Predicate = (icmp_ln238_1)> <Delay = 0.00> <Core = "AXI4Stream">   --->   Core 5 'AXI4Stream' <Latency = 0> <II = 1> <Delay = 1.00> <Adapter> <Opcode : >
ST_4 : Operation 30 [1/1] (0.00ns)   --->   "br label %ifFalse"   --->   Operation 30 'br' <Predicate = (icmp_ln238_1)> <Delay = 0.00>
ST_4 : Operation 31 [1/1] (0.00ns)   --->   "br label %1"   --->   Operation 31 'br' <Predicate = (!icmp_ln236)> <Delay = 0.00>

State 5 <SV = 2> <Delay = 0.00>
ST_5 : Operation 32 [1/1] (0.00ns)   --->   "ret void" [firmware/nnet_utils/nnet_deepcalo_stream.h:291]   --->   Operation 32 'ret' <Predicate = true> <Delay = 0.00>


============================================================
+ Verbose Summary: Binding
============================================================
STG Binding: 
---------------- STG Properties BEGIN ----------------
- Is combinational: 0
- Is one-state seq: 0
- Is datapath-only: 0
- Is pipelined: 0
- Is top level: 0
Port [ Return ] is wired: 1; IO mode=ap_ctrl_hs:ce=0
Port [ data_V_V]:  wired=1; compound=1; hidden=0; nouse=0; global=0; static=0; extern=0; dir=0; type=0; pingpong=0; private_global=0; IO mode=axis:ce=0
Port [ res_V_V]:  wired=1; compound=1; hidden=0; nouse=0; global=0; static=0; extern=0; dir=1; type=0; pingpong=0; private_global=0; IO mode=axis:ce=0
---------------- STG Properties END ------------------

---------------- Datapath Model BEGIN ----------------

<LifeTime>
<method=bitvector/>
specinterface_ln0  (specinterface    ) [ 000000]
specinterface_ln0  (specinterface    ) [ 000000]
br_ln236           (br               ) [ 011110]
indvar_flatten     (phi              ) [ 001000]
k_0_i              (phi              ) [ 001000]
icmp_ln236         (icmp             ) [ 001110]
add_ln236          (add              ) [ 011110]
br_ln236           (br               ) [ 000000]
tmp_V              (read             ) [ 000000]
icmp_ln1498        (icmp             ) [ 001100]
add_ln238          (add              ) [ 000000]
icmp_ln238         (icmp             ) [ 000000]
k                  (select           ) [ 011110]
icmp_ln238_1       (icmp             ) [ 001110]
br_ln238           (br               ) [ 000000]
select_ln241       (select           ) [ 001010]
specloopname_ln0   (specloopname     ) [ 000000]
empty              (speclooptripcount) [ 000000]
specloopname_ln238 (specloopname     ) [ 000000]
tmp_1              (specregionbegin  ) [ 000000]
specpipeline_ln239 (specpipeline     ) [ 000000]
empty_2            (specregionend    ) [ 000000]
write_ln247        (write            ) [ 000000]
br_ln0             (br               ) [ 000000]
br_ln0             (br               ) [ 011110]
ret_ln291          (ret              ) [ 000000]
</LifeTime>

<model>

<comp_list>
<comp id="0" class="1000" name="data_V_V">
<pin_list>
<pin id="1" dir="1" index="0" bw="1" slack="0"/>
</pin_list>
<bind>
<StgValue><ssdm name="data_V_V"/></StgValue>
</bind>
</comp>

<comp id="2" class="1000" name="res_V_V">
<pin_list>
<pin id="3" dir="1" index="0" bw="1" slack="0"/>
</pin_list>
<bind>
<StgValue><ssdm name="res_V_V"/></StgValue>
</bind>
</comp>

<comp id="4" class="1001" name="const_4">
<pin_list>
<pin id="5" dir="1" index="0" bw="1" slack="2147483647"/>
</pin_list>
<bind>
<StgValue><ssdm name="_ssdm_op_SpecInterface"/></StgValue>
</bind>
</comp>

<comp id="6" class="1001" name="const_6">
<pin_list>
<pin id="7" dir="1" index="0" bw="1" slack="2147483647"/>
</pin_list>
<bind>
<StgValue><ssdm name="p_str"/></StgValue>
</bind>
</comp>

<comp id="8" class="1001" name="const_8">
<pin_list>
<pin id="9" dir="1" index="0" bw="1" slack="2147483647"/>
</pin_list>
<bind>
<StgValue><ssdm name=""/></StgValue>
</bind>
</comp>

<comp id="10" class="1001" name="const_10">
<pin_list>
<pin id="11" dir="1" index="0" bw="1" slack="2147483647"/>
</pin_list>
<bind>
<StgValue><ssdm name="p_str76"/></StgValue>
</bind>
</comp>

<comp id="12" class="1001" name="const_12">
<pin_list>
<pin id="13" dir="1" index="0" bw="1" slack="0"/>
</pin_list>
<bind>
<StgValue><ssdm name=""/></StgValue>
</bind>
</comp>

<comp id="14" class="1001" name="const_14">
<pin_list>
<pin id="15" dir="1" index="0" bw="1" slack="2147483647"/>
</pin_list>
<bind>
<StgValue><ssdm name="p_str77"/></StgValue>
</bind>
</comp>

<comp id="16" class="1001" name="const_16">
<pin_list>
<pin id="17" dir="1" index="0" bw="1" slack="1"/>
</pin_list>
<bind>
<StgValue><ssdm name=""/></StgValue>
</bind>
</comp>

<comp id="18" class="1001" name="const_18">
<pin_list>
<pin id="19" dir="1" index="0" bw="1" slack="1"/>
</pin_list>
<bind>
<StgValue><ssdm name=""/></StgValue>
</bind>
</comp>

<comp id="20" class="1001" name="const_20">
<pin_list>
<pin id="21" dir="1" index="0" bw="1" slack="0"/>
</pin_list>
<bind>
<StgValue><ssdm name=""/></StgValue>
</bind>
</comp>

<comp id="22" class="1001" name="const_22">
<pin_list>
<pin id="23" dir="1" index="0" bw="1" slack="0"/>
</pin_list>
<bind>
<StgValue><ssdm name=""/></StgValue>
</bind>
</comp>

<comp id="24" class="1001" name="const_24">
<pin_list>
<pin id="25" dir="1" index="0" bw="1" slack="0"/>
</pin_list>
<bind>
<StgValue><ssdm name="_ssdm_op_Read.axis.volatile.i32P"/></StgValue>
</bind>
</comp>

<comp id="26" class="1001" name="const_26">
<pin_list>
<pin id="27" dir="1" index="0" bw="1" slack="0"/>
</pin_list>
<bind>
<StgValue><ssdm name=""/></StgValue>
</bind>
</comp>

<comp id="28" class="1001" name="const_28">
<pin_list>
<pin id="29" dir="1" index="0" bw="1" slack="0"/>
</pin_list>
<bind>
<StgValue><ssdm name=""/></StgValue>
</bind>
</comp>

<comp id="30" class="1001" name="const_30">
<pin_list>
<pin id="31" dir="1" index="0" bw="1" slack="0"/>
</pin_list>
<bind>
<StgValue><ssdm name=""/></StgValue>
</bind>
</comp>

<comp id="32" class="1001" name="const_32">
<pin_list>
<pin id="33" dir="1" index="0" bw="1" slack="0"/>
</pin_list>
<bind>
<StgValue><ssdm name="_ssdm_op_Write.axis.volatile.i32P"/></StgValue>
</bind>
</comp>

<comp id="34" class="1001" name="const_34">
<pin_list>
<pin id="35" dir="1" index="0" bw="1" slack="2147483647"/>
</pin_list>
<bind>
<StgValue><ssdm name="_ssdm_op_SpecLoopName"/></StgValue>
</bind>
</comp>

<comp id="36" class="1001" name="const_36">
<pin_list>
<pin id="37" dir="1" index="0" bw="1" slack="2147483647"/>
</pin_list>
<bind>
<StgValue><ssdm name="MaskLoop1_MaskLoop2_str"/></StgValue>
</bind>
</comp>

<comp id="38" class="1001" name="const_38">
<pin_list>
<pin id="39" dir="1" index="0" bw="1" slack="2147483647"/>
</pin_list>
<bind>
<StgValue><ssdm name="_ssdm_op_SpecLoopTripCount"/></StgValue>
</bind>
</comp>

<comp id="40" class="1001" name="const_40">
<pin_list>
<pin id="41" dir="1" index="0" bw="1" slack="2147483647"/>
</pin_list>
<bind>
<StgValue><ssdm name=""/></StgValue>
</bind>
</comp>

<comp id="42" class="1001" name="const_42">
<pin_list>
<pin id="43" dir="1" index="0" bw="1" slack="2147483647"/>
</pin_list>
<bind>
<StgValue><ssdm name="p_str79"/></StgValue>
</bind>
</comp>

<comp id="44" class="1001" name="const_44">
<pin_list>
<pin id="45" dir="1" index="0" bw="1" slack="2147483647"/>
</pin_list>
<bind>
<StgValue><ssdm name="_ssdm_op_SpecRegionBegin"/></StgValue>
</bind>
</comp>

<comp id="46" class="1001" name="const_46">
<pin_list>
<pin id="47" dir="1" index="0" bw="1" slack="2147483647"/>
</pin_list>
<bind>
<StgValue><ssdm name="_ssdm_op_SpecPipeline"/></StgValue>
</bind>
</comp>

<comp id="48" class="1001" name="const_48">
<pin_list>
<pin id="49" dir="1" index="0" bw="1" slack="2147483647"/>
</pin_list>
<bind>
<StgValue><ssdm name="_ssdm_op_SpecRegionEnd"/></StgValue>
</bind>
</comp>

<comp id="50" class="1004" name="tmp_V_read_fu_50">
<pin_list>
<pin id="51" dir="0" index="0" bw="32" slack="0"/>
<pin id="52" dir="0" index="1" bw="32" slack="0"/>
<pin id="53" dir="1" index="2" bw="32" slack="0"/>
</pin_list>
<bind>
<opcode="read(1150) " fcode="read"/>
<opset="tmp_V/2 "/>
</bind>
</comp>

<comp id="56" class="1004" name="grp_write_fu_56">
<pin_list>
<pin id="57" dir="0" index="0" bw="0" slack="0"/>
<pin id="58" dir="0" index="1" bw="32" slack="0"/>
<pin id="59" dir="0" index="2" bw="18" slack="0"/>
<pin id="60" dir="1" index="3" bw="0" slack="2147483647"/>
</pin_list>
<bind>
<opcode="write(1151) " fcode="write"/>
<opset="write_ln247/3 "/>
</bind>
</comp>

<comp id="63" class="1005" name="indvar_flatten_reg_63">
<pin_list>
<pin id="64" dir="0" index="0" bw="9" slack="1"/>
<pin id="65" dir="1" index="1" bw="9" slack="1"/>
</pin_list>
<bind>
<opset="indvar_flatten (phireg) "/>
</bind>
</comp>

<comp id="67" class="1004" name="indvar_flatten_phi_fu_67">
<pin_list>
<pin id="68" dir="0" index="0" bw="1" slack="1"/>
<pin id="69" dir="0" index="1" bw="0" slack="2147483647"/>
<pin id="70" dir="0" index="2" bw="9" slack="0"/>
<pin id="71" dir="0" index="3" bw="0" slack="2147483647"/>
<pin id="72" dir="1" index="4" bw="9" slack="0"/>
</pin_list>
<bind>
<opcode="phi(47) " fcode="phi"/>
<opset="indvar_flatten/2 "/>
</bind>
</comp>

<comp id="74" class="1005" name="k_0_i_reg_74">
<pin_list>
<pin id="75" dir="0" index="0" bw="3" slack="1"/>
<pin id="76" dir="1" index="1" bw="3" slack="1"/>
</pin_list>
<bind>
<opset="k_0_i (phireg) "/>
</bind>
</comp>

<comp id="78" class="1004" name="k_0_i_phi_fu_78">
<pin_list>
<pin id="79" dir="0" index="0" bw="1" slack="1"/>
<pin id="80" dir="0" index="1" bw="0" slack="2147483647"/>
<pin id="81" dir="0" index="2" bw="3" slack="0"/>
<pin id="82" dir="0" index="3" bw="0" slack="2147483647"/>
<pin id="83" dir="1" index="4" bw="3" slack="0"/>
</pin_list>
<bind>
<opcode="phi(47) " fcode="phi"/>
<opset="k_0_i/2 "/>
</bind>
</comp>

<comp id="85" class="1004" name="icmp_ln236_fu_85">
<pin_list>
<pin id="86" dir="0" index="0" bw="9" slack="0"/>
<pin id="87" dir="0" index="1" bw="9" slack="0"/>
<pin id="88" dir="1" index="2" bw="1" slack="1"/>
</pin_list>
<bind>
<opcode="icmp(45) " fcode="icmp"/>
<opset="icmp_ln236/2 "/>
</bind>
</comp>

<comp id="91" class="1004" name="add_ln236_fu_91">
<pin_list>
<pin id="92" dir="0" index="0" bw="9" slack="0"/>
<pin id="93" dir="0" index="1" bw="1" slack="0"/>
<pin id="94" dir="1" index="2" bw="9" slack="0"/>
</pin_list>
<bind>
<opcode="add(8) " fcode="add"/>
<opset="add_ln236/2 "/>
</bind>
</comp>

<comp id="97" class="1004" name="icmp_ln1498_fu_97">
<pin_list>
<pin id="98" dir="0" index="0" bw="32" slack="0"/>
<pin id="99" dir="0" index="1" bw="1" slack="0"/>
<pin id="100" dir="1" index="2" bw="1" slack="1"/>
</pin_list>
<bind>
<opcode="icmp(45) " fcode="icmp"/>
<opset="icmp_ln1498/2 "/>
</bind>
</comp>

<comp id="103" class="1004" name="add_ln238_fu_103">
<pin_list>
<pin id="104" dir="0" index="0" bw="3" slack="0"/>
<pin id="105" dir="0" index="1" bw="1" slack="0"/>
<pin id="106" dir="1" index="2" bw="3" slack="0"/>
</pin_list>
<bind>
<opcode="add(8) " fcode="add"/>
<opset="add_ln238/2 "/>
</bind>
</comp>

<comp id="109" class="1004" name="icmp_ln238_fu_109">
<pin_list>
<pin id="110" dir="0" index="0" bw="3" slack="0"/>
<pin id="111" dir="0" index="1" bw="2" slack="0"/>
<pin id="112" dir="1" index="2" bw="1" slack="0"/>
</pin_list>
<bind>
<opcode="icmp(45) " fcode="icmp"/>
<opset="icmp_ln238/2 "/>
</bind>
</comp>

<comp id="115" class="1004" name="k_fu_115">
<pin_list>
<pin id="116" dir="0" index="0" bw="1" slack="0"/>
<pin id="117" dir="0" index="1" bw="1" slack="0"/>
<pin id="118" dir="0" index="2" bw="3" slack="0"/>
<pin id="119" dir="1" index="3" bw="3" slack="0"/>
</pin_list>
<bind>
<opcode="select(49) " fcode="select"/>
<opset="k/2 "/>
</bind>
</comp>

<comp id="123" class="1004" name="icmp_ln238_1_fu_123">
<pin_list>
<pin id="124" dir="0" index="0" bw="3" slack="0"/>
<pin id="125" dir="0" index="1" bw="2" slack="0"/>
<pin id="126" dir="1" index="2" bw="1" slack="1"/>
</pin_list>
<bind>
<opcode="icmp(45) " fcode="icmp"/>
<opset="icmp_ln238_1/2 "/>
</bind>
</comp>

<comp id="129" class="1004" name="select_ln241_fu_129">
<pin_list>
<pin id="130" dir="0" index="0" bw="1" slack="1"/>
<pin id="131" dir="0" index="1" bw="1" slack="0"/>
<pin id="132" dir="0" index="2" bw="18" slack="0"/>
<pin id="133" dir="1" index="3" bw="32" slack="0"/>
</pin_list>
<bind>
<opcode="select(49) " fcode="select"/>
<opset="select_ln241/3 "/>
</bind>
</comp>

<comp id="137" class="1005" name="icmp_ln236_reg_137">
<pin_list>
<pin id="138" dir="0" index="0" bw="1" slack="1"/>
<pin id="139" dir="1" index="1" bw="1" slack="2147483647"/>
</pin_list>
<bind>
<opset="icmp_ln236 "/>
</bind>
</comp>

<comp id="141" class="1005" name="add_ln236_reg_141">
<pin_list>
<pin id="142" dir="0" index="0" bw="9" slack="0"/>
<pin id="143" dir="1" index="1" bw="9" slack="0"/>
</pin_list>
<bind>
<opset="add_ln236 "/>
</bind>
</comp>

<comp id="146" class="1005" name="icmp_ln1498_reg_146">
<pin_list>
<pin id="147" dir="0" index="0" bw="1" slack="1"/>
<pin id="148" dir="1" index="1" bw="1" slack="1"/>
</pin_list>
<bind>
<opset="icmp_ln1498 "/>
</bind>
</comp>

<comp id="151" class="1005" name="k_reg_151">
<pin_list>
<pin id="152" dir="0" index="0" bw="3" slack="0"/>
<pin id="153" dir="1" index="1" bw="3" slack="0"/>
</pin_list>
<bind>
<opset="k "/>
</bind>
</comp>

<comp id="156" class="1005" name="icmp_ln238_1_reg_156">
<pin_list>
<pin id="157" dir="0" index="0" bw="1" slack="1"/>
<pin id="158" dir="1" index="1" bw="1" slack="2147483647"/>
</pin_list>
<bind>
<opset="icmp_ln238_1 "/>
</bind>
</comp>

<comp id="160" class="1005" name="select_ln241_reg_160">
<pin_list>
<pin id="161" dir="0" index="0" bw="32" slack="1"/>
<pin id="162" dir="1" index="1" bw="32" slack="1"/>
</pin_list>
<bind>
<opset="select_ln241 "/>
</bind>
</comp>

</comp_list>

<net_list>
<net id="54"><net_src comp="24" pin="0"/><net_sink comp="50" pin=0"/></net>

<net id="55"><net_src comp="0" pin="0"/><net_sink comp="50" pin=1"/></net>

<net id="61"><net_src comp="32" pin="0"/><net_sink comp="56" pin=0"/></net>

<net id="62"><net_src comp="2" pin="0"/><net_sink comp="56" pin=1"/></net>

<net id="66"><net_src comp="16" pin="0"/><net_sink comp="63" pin=0"/></net>

<net id="73"><net_src comp="63" pin="1"/><net_sink comp="67" pin=0"/></net>

<net id="77"><net_src comp="18" pin="0"/><net_sink comp="74" pin=0"/></net>

<net id="84"><net_src comp="74" pin="1"/><net_sink comp="78" pin=0"/></net>

<net id="89"><net_src comp="67" pin="4"/><net_sink comp="85" pin=0"/></net>

<net id="90"><net_src comp="20" pin="0"/><net_sink comp="85" pin=1"/></net>

<net id="95"><net_src comp="67" pin="4"/><net_sink comp="91" pin=0"/></net>

<net id="96"><net_src comp="22" pin="0"/><net_sink comp="91" pin=1"/></net>

<net id="101"><net_src comp="50" pin="2"/><net_sink comp="97" pin=0"/></net>

<net id="102"><net_src comp="12" pin="0"/><net_sink comp="97" pin=1"/></net>

<net id="107"><net_src comp="78" pin="4"/><net_sink comp="103" pin=0"/></net>

<net id="108"><net_src comp="26" pin="0"/><net_sink comp="103" pin=1"/></net>

<net id="113"><net_src comp="78" pin="4"/><net_sink comp="109" pin=0"/></net>

<net id="114"><net_src comp="28" pin="0"/><net_sink comp="109" pin=1"/></net>

<net id="120"><net_src comp="109" pin="2"/><net_sink comp="115" pin=0"/></net>

<net id="121"><net_src comp="26" pin="0"/><net_sink comp="115" pin=1"/></net>

<net id="122"><net_src comp="103" pin="2"/><net_sink comp="115" pin=2"/></net>

<net id="127"><net_src comp="115" pin="3"/><net_sink comp="123" pin=0"/></net>

<net id="128"><net_src comp="28" pin="0"/><net_sink comp="123" pin=1"/></net>

<net id="134"><net_src comp="12" pin="0"/><net_sink comp="129" pin=1"/></net>

<net id="135"><net_src comp="30" pin="0"/><net_sink comp="129" pin=2"/></net>

<net id="136"><net_src comp="129" pin="3"/><net_sink comp="56" pin=2"/></net>

<net id="140"><net_src comp="85" pin="2"/><net_sink comp="137" pin=0"/></net>

<net id="144"><net_src comp="91" pin="2"/><net_sink comp="141" pin=0"/></net>

<net id="145"><net_src comp="141" pin="1"/><net_sink comp="67" pin=2"/></net>

<net id="149"><net_src comp="97" pin="2"/><net_sink comp="146" pin=0"/></net>

<net id="150"><net_src comp="146" pin="1"/><net_sink comp="129" pin=0"/></net>

<net id="154"><net_src comp="115" pin="3"/><net_sink comp="151" pin=0"/></net>

<net id="155"><net_src comp="151" pin="1"/><net_sink comp="78" pin=2"/></net>

<net id="159"><net_src comp="123" pin="2"/><net_sink comp="156" pin=0"/></net>

<net id="163"><net_src comp="129" pin="3"/><net_sink comp="160" pin=0"/></net>

<net id="164"><net_src comp="160" pin="1"/><net_sink comp="56" pin=2"/></net>

</net_list>

</model> 
---------------- Datapath Model END ------------------

* FSMD analyzer results:
  - Output states:
	Port: res_V_V | {4 }
 - Input state : 
	Port: mask_track_switch<ap_fixed,ap_fixed,config5> : data_V_V | {2 }
  - Chain level:
	State 1
	State 2
		icmp_ln236 : 1
		add_ln236 : 1
		br_ln236 : 2
		add_ln238 : 1
		icmp_ln238 : 1
		k : 2
		icmp_ln238_1 : 3
		br_ln238 : 4
	State 3
		write_ln247 : 1
	State 4
		empty_2 : 1
	State 5


============================================================
+ Verbose Summary: Datapath Resource usage 
============================================================

* Functional unit list:
|----------|---------------------|---------|---------|
| Operation|   Functional Unit   |    FF   |   LUT   |
|----------|---------------------|---------|---------|
|          |   icmp_ln236_fu_85  |    0    |    13   |
|   icmp   |  icmp_ln1498_fu_97  |    0    |    20   |
|          |  icmp_ln238_fu_109  |    0    |    9    |
|          | icmp_ln238_1_fu_123 |    0    |    9    |
|----------|---------------------|---------|---------|
|    add   |   add_ln236_fu_91   |    0    |    16   |
|          |   add_ln238_fu_103  |    0    |    11   |
|----------|---------------------|---------|---------|
|  select  |       k_fu_115      |    0    |    3    |
|          | select_ln241_fu_129 |    0    |    19   |
|----------|---------------------|---------|---------|
|   read   |   tmp_V_read_fu_50  |    0    |    0    |
|----------|---------------------|---------|---------|
|   write  |   grp_write_fu_56   |    0    |    0    |
|----------|---------------------|---------|---------|
|   Total  |                     |    0    |   100   |
|----------|---------------------|---------|---------|

Memories:
N/A

* Register list:
+---------------------+--------+
|                     |   FF   |
+---------------------+--------+
|  add_ln236_reg_141  |    9   |
| icmp_ln1498_reg_146 |    1   |
|  icmp_ln236_reg_137 |    1   |
| icmp_ln238_1_reg_156|    1   |
|indvar_flatten_reg_63|    9   |
|     k_0_i_reg_74    |    3   |
|      k_reg_151      |    3   |
| select_ln241_reg_160|   32   |
+---------------------+--------+
|        Total        |   59   |
+---------------------+--------+

* Multiplexer (MUX) list: 
|-----------------|------|------|------|--------||---------||---------|
|       Comp      |  Pin | Size |  BW  | S x BW ||  Delay  ||   LUT   |
|-----------------|------|------|------|--------||---------||---------|
| grp_write_fu_56 |  p2  |   2  |  18  |   36   ||    9    |
|-----------------|------|------|------|--------||---------||---------|
|      Total      |      |      |      |   36   ||  0.656  ||    9    |
|-----------------|------|------|------|--------||---------||---------|



* Summary:
+-----------+--------+--------+--------+
|           |  Delay |   FF   |   LUT  |
+-----------+--------+--------+--------+
|  Function |    -   |    0   |   100  |
|   Memory  |    -   |    -   |    -   |
|Multiplexer|    0   |    -   |    9   |
|  Register |    -   |   59   |    -   |
+-----------+--------+--------+--------+
|   Total   |    0   |   59   |   109  |
+-----------+--------+--------+--------+
