

================================================================
== Vivado HLS Report for 'myproject'
================================================================
* Date:           Sun Oct 16 21:06:25 2022

* Version:        2019.2 (Build 2704478 on Wed Nov 06 22:10:23 MST 2019)
* Project:        myproject_prj
* Solution:       solution1
* Product family: zynquplus
* Target device:  xczu9eg-ffvb1156-2-e


================================================================
== Performance Estimates
================================================================
+ Timing: 
    * Summary: 
    +--------+---------+----------+------------+
    |  Clock |  Target | Estimated| Uncertainty|
    +--------+---------+----------+------------+
    |ap_clk  | 5.00 ns | 3.420 ns |   0.62 ns  |
    +--------+---------+----------+------------+

+ Latency: 
    * Summary: 
    +---------+---------+----------+----------+-----+-----+----------+
    |  Latency (cycles) |  Latency (absolute) |  Interval | Pipeline |
    |   min   |   max   |    min   |    max   | min | max |   Type   |
    +---------+---------+----------+----------+-----+-----+----------+
    |      684|      684| 3.420 us | 3.420 us |  685|  685| dataflow |
    +---------+---------+----------+----------+-----+-----+----------+

    + Detail: 
        * Instance: 
        N/A

        * Loop: 
        N/A

============================================================
+ Verbose Summary: Synthesis Manager
============================================================
InlineROM: 1
ExposeGlobal: 0
============================================================
+ Verbose Summary: CDFG Model
============================================================
IsTopModel: 1
ResetActiveHigh: 1
IsCombinational: 2
IsDatapathOnly: 0
HasWiredReturn: 1
HasMFsm: 0
HasVarLatency: 1
IsPipeline: 0
IsRtlPipelined: 0
IsInstanceOverlapped: 0
IsDontTouch: 0
HasImplIP: 0
IsGatedGlobalClock: 0


============================================================
+ Verbose Summary: Schedule
============================================================
* Number of FSM states : 4
* Pipeline : 0
* Dataflow Pipeline: 1
  DF-Pipeline-0: Size = 4, States = { 1 2 3 4 }

* FSM state transitions: 
1 --> 2 
2 --> 3 
3 --> 4 
4 --> 

* FSM state operations: 

State 1 <SV = 0> <Delay = 0.00>

State 2 <SV = 1> <Delay = 0.00>
ST_2 : Operation 5 [2/2] (0.00ns)   --->   "call fastcc void @"pointwise_conv_1d_cl_switch<ap_fixed,ap_fixed,config117>"(i32* %tracks_0_V_V, i32* %tracks_1_V_V, i32* %tracks_2_V_V, i32* %tracks_3_V_V, i32* %tracks_4_V_V, i32* %tracks_5_V_V, i32* %layer117_out_0_V_V, i32* %layer117_out_1_V_V, i32* %layer117_out_2_V_V, i32* %layer117_out_3_V_V, i32* %layer117_out_4_V_V, i32* %layer117_out_5_V_V, i32* %layer117_out_6_V_V, i32* %layer117_out_7_V_V, i32* %layer117_out_8_V_V, i32* %layer117_out_9_V_V, i32* %layer117_out_10_V_V, i32* %layer117_out_11_V_V, i32* %layer117_out_12_V_V, i32* %layer117_out_13_V_V, i32* %layer117_out_14_V_V, i32* %layer117_out_15_V_V, i32* %layer117_out_16_V_V, i32* %layer117_out_17_V_V, i32* %layer117_out_18_V_V, i32* %layer117_out_19_V_V, i32* %layer117_out_20_V_V, i32* %layer117_out_21_V_V, i32* %layer117_out_22_V_V, i32* %layer117_out_23_V_V, i32* %layer117_out_24_V_V, i32* %layer117_out_25_V_V, i32* %layer117_out_26_V_V, i32* %layer117_out_27_V_V, i32* %layer117_out_28_V_V, i32* %layer117_out_29_V_V, i32* %layer117_out_30_V_V, i32* %layer117_out_31_V_V, i32* %layer117_out_32_V_V, i32* %layer117_out_33_V_V, i32* %layer117_out_34_V_V, i32* %layer117_out_35_V_V, i32* %layer117_out_36_V_V, i32* %layer117_out_37_V_V, i32* %layer117_out_38_V_V, i32* %layer117_out_39_V_V, i32* %layer117_out_40_V_V, i32* %layer117_out_41_V_V, i32* %layer117_out_42_V_V, i32* %layer117_out_43_V_V, i32* %layer117_out_44_V_V, i32* %layer117_out_45_V_V, i32* %layer117_out_46_V_V, i32* %layer117_out_47_V_V, i32* %layer117_out_48_V_V, i32* %layer117_out_49_V_V, i32* %layer117_out_50_V_V, i32* %layer117_out_51_V_V, i32* %layer117_out_52_V_V, i32* %layer117_out_53_V_V, i32* %layer117_out_54_V_V, i32* %layer117_out_55_V_V, i32* %layer117_out_56_V_V, i32* %layer117_out_57_V_V, i32* %layer117_out_58_V_V, i32* %layer117_out_59_V_V, i32* %layer117_out_60_V_V, i32* %layer117_out_61_V_V, i32* %layer117_out_62_V_V, i32* %layer117_out_63_V_V, i32* %layer117_out_64_V_V, i32* %layer117_out_65_V_V, i32* %layer117_out_66_V_V, i32* %layer117_out_67_V_V, i32* %layer117_out_68_V_V, i32* %layer117_out_69_V_V, i32* %layer117_out_70_V_V, i32* %layer117_out_71_V_V, i32* %layer117_out_72_V_V, i32* %layer117_out_73_V_V, i32* %layer117_out_74_V_V, i32* %layer117_out_75_V_V, i32* %layer117_out_76_V_V, i32* %layer117_out_77_V_V, i32* %layer117_out_78_V_V, i32* %layer117_out_79_V_V, i32* %layer117_out_80_V_V, i32* %layer117_out_81_V_V, i32* %layer117_out_82_V_V, i32* %layer117_out_83_V_V, i32* %layer117_out_84_V_V, i32* %layer117_out_85_V_V, i32* %layer117_out_86_V_V, i32* %layer117_out_87_V_V, i32* %layer117_out_88_V_V, i32* %layer117_out_89_V_V, i32* %layer117_out_90_V_V, i32* %layer117_out_91_V_V, i32* %layer117_out_92_V_V, i32* %layer117_out_93_V_V, i32* %layer117_out_94_V_V, i32* %layer117_out_95_V_V, i32* %layer117_out_96_V_V, i32* %layer117_out_97_V_V, i32* %layer117_out_98_V_V, i32* %layer117_out_99_V_V, i32* %layer117_out_100_V_V, i32* %layer117_out_101_V_V, i32* %layer117_out_102_V_V, i32* %layer117_out_103_V_V, i32* %layer117_out_104_V_V, i32* %layer117_out_105_V_V, i32* %layer117_out_106_V_V, i32* %layer117_out_107_V_V, i32* %layer117_out_108_V_V, i32* %layer117_out_109_V_V, i32* %layer117_out_110_V_V, i32* %layer117_out_111_V_V, i32* %layer117_out_112_V_V, i32* %layer117_out_113_V_V, i32* %layer117_out_114_V_V, i32* %layer117_out_115_V_V, i32* %layer117_out_116_V_V, i32* %layer117_out_117_V_V, i32* %layer117_out_118_V_V, i32* %layer117_out_119_V_V, i32* %layer117_out_120_V_V, i32* %layer117_out_121_V_V, i32* %layer117_out_122_V_V, i32* %layer117_out_123_V_V, i32* %layer117_out_124_V_V, i32* %layer117_out_125_V_V, i32* %layer117_out_126_V_V, i32* %layer117_out_127_V_V)" [firmware/myproject.cpp:119]   --->   Operation 5 'call' <Predicate = true> <Delay = 0.00> <CoreType = "Generic">   --->   Core 0 '' <Latency = 0> <II = 1> <Delay = 1.00> <Generic> <Opcode : >

State 3 <SV = 2> <Delay = 0.00>
ST_3 : Operation 6 [1/2] (0.00ns)   --->   "call fastcc void @"pointwise_conv_1d_cl_switch<ap_fixed,ap_fixed,config117>"(i32* %tracks_0_V_V, i32* %tracks_1_V_V, i32* %tracks_2_V_V, i32* %tracks_3_V_V, i32* %tracks_4_V_V, i32* %tracks_5_V_V, i32* %layer117_out_0_V_V, i32* %layer117_out_1_V_V, i32* %layer117_out_2_V_V, i32* %layer117_out_3_V_V, i32* %layer117_out_4_V_V, i32* %layer117_out_5_V_V, i32* %layer117_out_6_V_V, i32* %layer117_out_7_V_V, i32* %layer117_out_8_V_V, i32* %layer117_out_9_V_V, i32* %layer117_out_10_V_V, i32* %layer117_out_11_V_V, i32* %layer117_out_12_V_V, i32* %layer117_out_13_V_V, i32* %layer117_out_14_V_V, i32* %layer117_out_15_V_V, i32* %layer117_out_16_V_V, i32* %layer117_out_17_V_V, i32* %layer117_out_18_V_V, i32* %layer117_out_19_V_V, i32* %layer117_out_20_V_V, i32* %layer117_out_21_V_V, i32* %layer117_out_22_V_V, i32* %layer117_out_23_V_V, i32* %layer117_out_24_V_V, i32* %layer117_out_25_V_V, i32* %layer117_out_26_V_V, i32* %layer117_out_27_V_V, i32* %layer117_out_28_V_V, i32* %layer117_out_29_V_V, i32* %layer117_out_30_V_V, i32* %layer117_out_31_V_V, i32* %layer117_out_32_V_V, i32* %layer117_out_33_V_V, i32* %layer117_out_34_V_V, i32* %layer117_out_35_V_V, i32* %layer117_out_36_V_V, i32* %layer117_out_37_V_V, i32* %layer117_out_38_V_V, i32* %layer117_out_39_V_V, i32* %layer117_out_40_V_V, i32* %layer117_out_41_V_V, i32* %layer117_out_42_V_V, i32* %layer117_out_43_V_V, i32* %layer117_out_44_V_V, i32* %layer117_out_45_V_V, i32* %layer117_out_46_V_V, i32* %layer117_out_47_V_V, i32* %layer117_out_48_V_V, i32* %layer117_out_49_V_V, i32* %layer117_out_50_V_V, i32* %layer117_out_51_V_V, i32* %layer117_out_52_V_V, i32* %layer117_out_53_V_V, i32* %layer117_out_54_V_V, i32* %layer117_out_55_V_V, i32* %layer117_out_56_V_V, i32* %layer117_out_57_V_V, i32* %layer117_out_58_V_V, i32* %layer117_out_59_V_V, i32* %layer117_out_60_V_V, i32* %layer117_out_61_V_V, i32* %layer117_out_62_V_V, i32* %layer117_out_63_V_V, i32* %layer117_out_64_V_V, i32* %layer117_out_65_V_V, i32* %layer117_out_66_V_V, i32* %layer117_out_67_V_V, i32* %layer117_out_68_V_V, i32* %layer117_out_69_V_V, i32* %layer117_out_70_V_V, i32* %layer117_out_71_V_V, i32* %layer117_out_72_V_V, i32* %layer117_out_73_V_V, i32* %layer117_out_74_V_V, i32* %layer117_out_75_V_V, i32* %layer117_out_76_V_V, i32* %layer117_out_77_V_V, i32* %layer117_out_78_V_V, i32* %layer117_out_79_V_V, i32* %layer117_out_80_V_V, i32* %layer117_out_81_V_V, i32* %layer117_out_82_V_V, i32* %layer117_out_83_V_V, i32* %layer117_out_84_V_V, i32* %layer117_out_85_V_V, i32* %layer117_out_86_V_V, i32* %layer117_out_87_V_V, i32* %layer117_out_88_V_V, i32* %layer117_out_89_V_V, i32* %layer117_out_90_V_V, i32* %layer117_out_91_V_V, i32* %layer117_out_92_V_V, i32* %layer117_out_93_V_V, i32* %layer117_out_94_V_V, i32* %layer117_out_95_V_V, i32* %layer117_out_96_V_V, i32* %layer117_out_97_V_V, i32* %layer117_out_98_V_V, i32* %layer117_out_99_V_V, i32* %layer117_out_100_V_V, i32* %layer117_out_101_V_V, i32* %layer117_out_102_V_V, i32* %layer117_out_103_V_V, i32* %layer117_out_104_V_V, i32* %layer117_out_105_V_V, i32* %layer117_out_106_V_V, i32* %layer117_out_107_V_V, i32* %layer117_out_108_V_V, i32* %layer117_out_109_V_V, i32* %layer117_out_110_V_V, i32* %layer117_out_111_V_V, i32* %layer117_out_112_V_V, i32* %layer117_out_113_V_V, i32* %layer117_out_114_V_V, i32* %layer117_out_115_V_V, i32* %layer117_out_116_V_V, i32* %layer117_out_117_V_V, i32* %layer117_out_118_V_V, i32* %layer117_out_119_V_V, i32* %layer117_out_120_V_V, i32* %layer117_out_121_V_V, i32* %layer117_out_122_V_V, i32* %layer117_out_123_V_V, i32* %layer117_out_124_V_V, i32* %layer117_out_125_V_V, i32* %layer117_out_126_V_V, i32* %layer117_out_127_V_V)" [firmware/myproject.cpp:119]   --->   Operation 6 'call' <Predicate = true> <Delay = 0.00> <CoreType = "Generic">   --->   Core 0 '' <Latency = 0> <II = 1> <Delay = 1.00> <Generic> <Opcode : >

State 4 <SV = 3> <Delay = 0.00>
ST_4 : Operation 7 [1/1] (0.00ns)   --->   "call void (...)* @_ssdm_op_SpecDataflowPipeline(i32 -1, i32 0, [1 x i8]* @p_str77) nounwind" [firmware/myproject.cpp:31]   --->   Operation 7 'specdataflowpipeline' <Predicate = true> <Delay = 0.00>
ST_4 : Operation 8 [1/1] (0.00ns)   --->   "call void (...)* @_ssdm_op_SpecBitsMap(i32* %layer117_out_127_V_V), !map !97"   --->   Operation 8 'specbitsmap' <Predicate = true> <Delay = 0.00>
ST_4 : Operation 9 [1/1] (0.00ns)   --->   "call void (...)* @_ssdm_op_SpecBitsMap(i32* %layer117_out_126_V_V), !map !103"   --->   Operation 9 'specbitsmap' <Predicate = true> <Delay = 0.00>
ST_4 : Operation 10 [1/1] (0.00ns)   --->   "call void (...)* @_ssdm_op_SpecBitsMap(i32* %layer117_out_125_V_V), !map !109"   --->   Operation 10 'specbitsmap' <Predicate = true> <Delay = 0.00>
ST_4 : Operation 11 [1/1] (0.00ns)   --->   "call void (...)* @_ssdm_op_SpecBitsMap(i32* %layer117_out_124_V_V), !map !115"   --->   Operation 11 'specbitsmap' <Predicate = true> <Delay = 0.00>
ST_4 : Operation 12 [1/1] (0.00ns)   --->   "call void (...)* @_ssdm_op_SpecBitsMap(i32* %layer117_out_123_V_V), !map !121"   --->   Operation 12 'specbitsmap' <Predicate = true> <Delay = 0.00>
ST_4 : Operation 13 [1/1] (0.00ns)   --->   "call void (...)* @_ssdm_op_SpecBitsMap(i32* %layer117_out_122_V_V), !map !127"   --->   Operation 13 'specbitsmap' <Predicate = true> <Delay = 0.00>
ST_4 : Operation 14 [1/1] (0.00ns)   --->   "call void (...)* @_ssdm_op_SpecBitsMap(i32* %layer117_out_121_V_V), !map !133"   --->   Operation 14 'specbitsmap' <Predicate = true> <Delay = 0.00>
ST_4 : Operation 15 [1/1] (0.00ns)   --->   "call void (...)* @_ssdm_op_SpecBitsMap(i32* %layer117_out_120_V_V), !map !139"   --->   Operation 15 'specbitsmap' <Predicate = true> <Delay = 0.00>
ST_4 : Operation 16 [1/1] (0.00ns)   --->   "call void (...)* @_ssdm_op_SpecBitsMap(i32* %layer117_out_119_V_V), !map !145"   --->   Operation 16 'specbitsmap' <Predicate = true> <Delay = 0.00>
ST_4 : Operation 17 [1/1] (0.00ns)   --->   "call void (...)* @_ssdm_op_SpecBitsMap(i32* %layer117_out_118_V_V), !map !151"   --->   Operation 17 'specbitsmap' <Predicate = true> <Delay = 0.00>
ST_4 : Operation 18 [1/1] (0.00ns)   --->   "call void (...)* @_ssdm_op_SpecBitsMap(i32* %layer117_out_117_V_V), !map !157"   --->   Operation 18 'specbitsmap' <Predicate = true> <Delay = 0.00>
ST_4 : Operation 19 [1/1] (0.00ns)   --->   "call void (...)* @_ssdm_op_SpecBitsMap(i32* %layer117_out_116_V_V), !map !163"   --->   Operation 19 'specbitsmap' <Predicate = true> <Delay = 0.00>
ST_4 : Operation 20 [1/1] (0.00ns)   --->   "call void (...)* @_ssdm_op_SpecBitsMap(i32* %layer117_out_115_V_V), !map !169"   --->   Operation 20 'specbitsmap' <Predicate = true> <Delay = 0.00>
ST_4 : Operation 21 [1/1] (0.00ns)   --->   "call void (...)* @_ssdm_op_SpecBitsMap(i32* %layer117_out_114_V_V), !map !175"   --->   Operation 21 'specbitsmap' <Predicate = true> <Delay = 0.00>
ST_4 : Operation 22 [1/1] (0.00ns)   --->   "call void (...)* @_ssdm_op_SpecBitsMap(i32* %layer117_out_113_V_V), !map !181"   --->   Operation 22 'specbitsmap' <Predicate = true> <Delay = 0.00>
ST_4 : Operation 23 [1/1] (0.00ns)   --->   "call void (...)* @_ssdm_op_SpecBitsMap(i32* %layer117_out_112_V_V), !map !187"   --->   Operation 23 'specbitsmap' <Predicate = true> <Delay = 0.00>
ST_4 : Operation 24 [1/1] (0.00ns)   --->   "call void (...)* @_ssdm_op_SpecBitsMap(i32* %layer117_out_111_V_V), !map !193"   --->   Operation 24 'specbitsmap' <Predicate = true> <Delay = 0.00>
ST_4 : Operation 25 [1/1] (0.00ns)   --->   "call void (...)* @_ssdm_op_SpecBitsMap(i32* %layer117_out_110_V_V), !map !199"   --->   Operation 25 'specbitsmap' <Predicate = true> <Delay = 0.00>
ST_4 : Operation 26 [1/1] (0.00ns)   --->   "call void (...)* @_ssdm_op_SpecBitsMap(i32* %layer117_out_109_V_V), !map !205"   --->   Operation 26 'specbitsmap' <Predicate = true> <Delay = 0.00>
ST_4 : Operation 27 [1/1] (0.00ns)   --->   "call void (...)* @_ssdm_op_SpecBitsMap(i32* %layer117_out_108_V_V), !map !211"   --->   Operation 27 'specbitsmap' <Predicate = true> <Delay = 0.00>
ST_4 : Operation 28 [1/1] (0.00ns)   --->   "call void (...)* @_ssdm_op_SpecBitsMap(i32* %layer117_out_107_V_V), !map !217"   --->   Operation 28 'specbitsmap' <Predicate = true> <Delay = 0.00>
ST_4 : Operation 29 [1/1] (0.00ns)   --->   "call void (...)* @_ssdm_op_SpecBitsMap(i32* %layer117_out_106_V_V), !map !223"   --->   Operation 29 'specbitsmap' <Predicate = true> <Delay = 0.00>
ST_4 : Operation 30 [1/1] (0.00ns)   --->   "call void (...)* @_ssdm_op_SpecBitsMap(i32* %layer117_out_105_V_V), !map !229"   --->   Operation 30 'specbitsmap' <Predicate = true> <Delay = 0.00>
ST_4 : Operation 31 [1/1] (0.00ns)   --->   "call void (...)* @_ssdm_op_SpecBitsMap(i32* %layer117_out_104_V_V), !map !235"   --->   Operation 31 'specbitsmap' <Predicate = true> <Delay = 0.00>
ST_4 : Operation 32 [1/1] (0.00ns)   --->   "call void (...)* @_ssdm_op_SpecBitsMap(i32* %layer117_out_103_V_V), !map !241"   --->   Operation 32 'specbitsmap' <Predicate = true> <Delay = 0.00>
ST_4 : Operation 33 [1/1] (0.00ns)   --->   "call void (...)* @_ssdm_op_SpecBitsMap(i32* %layer117_out_102_V_V), !map !247"   --->   Operation 33 'specbitsmap' <Predicate = true> <Delay = 0.00>
ST_4 : Operation 34 [1/1] (0.00ns)   --->   "call void (...)* @_ssdm_op_SpecBitsMap(i32* %layer117_out_101_V_V), !map !253"   --->   Operation 34 'specbitsmap' <Predicate = true> <Delay = 0.00>
ST_4 : Operation 35 [1/1] (0.00ns)   --->   "call void (...)* @_ssdm_op_SpecBitsMap(i32* %layer117_out_100_V_V), !map !259"   --->   Operation 35 'specbitsmap' <Predicate = true> <Delay = 0.00>
ST_4 : Operation 36 [1/1] (0.00ns)   --->   "call void (...)* @_ssdm_op_SpecBitsMap(i32* %layer117_out_99_V_V), !map !265"   --->   Operation 36 'specbitsmap' <Predicate = true> <Delay = 0.00>
ST_4 : Operation 37 [1/1] (0.00ns)   --->   "call void (...)* @_ssdm_op_SpecBitsMap(i32* %layer117_out_98_V_V), !map !271"   --->   Operation 37 'specbitsmap' <Predicate = true> <Delay = 0.00>
ST_4 : Operation 38 [1/1] (0.00ns)   --->   "call void (...)* @_ssdm_op_SpecBitsMap(i32* %layer117_out_97_V_V), !map !277"   --->   Operation 38 'specbitsmap' <Predicate = true> <Delay = 0.00>
ST_4 : Operation 39 [1/1] (0.00ns)   --->   "call void (...)* @_ssdm_op_SpecBitsMap(i32* %layer117_out_96_V_V), !map !283"   --->   Operation 39 'specbitsmap' <Predicate = true> <Delay = 0.00>
ST_4 : Operation 40 [1/1] (0.00ns)   --->   "call void (...)* @_ssdm_op_SpecBitsMap(i32* %layer117_out_95_V_V), !map !289"   --->   Operation 40 'specbitsmap' <Predicate = true> <Delay = 0.00>
ST_4 : Operation 41 [1/1] (0.00ns)   --->   "call void (...)* @_ssdm_op_SpecBitsMap(i32* %layer117_out_94_V_V), !map !295"   --->   Operation 41 'specbitsmap' <Predicate = true> <Delay = 0.00>
ST_4 : Operation 42 [1/1] (0.00ns)   --->   "call void (...)* @_ssdm_op_SpecBitsMap(i32* %layer117_out_93_V_V), !map !301"   --->   Operation 42 'specbitsmap' <Predicate = true> <Delay = 0.00>
ST_4 : Operation 43 [1/1] (0.00ns)   --->   "call void (...)* @_ssdm_op_SpecBitsMap(i32* %layer117_out_92_V_V), !map !307"   --->   Operation 43 'specbitsmap' <Predicate = true> <Delay = 0.00>
ST_4 : Operation 44 [1/1] (0.00ns)   --->   "call void (...)* @_ssdm_op_SpecBitsMap(i32* %layer117_out_91_V_V), !map !313"   --->   Operation 44 'specbitsmap' <Predicate = true> <Delay = 0.00>
ST_4 : Operation 45 [1/1] (0.00ns)   --->   "call void (...)* @_ssdm_op_SpecBitsMap(i32* %layer117_out_90_V_V), !map !319"   --->   Operation 45 'specbitsmap' <Predicate = true> <Delay = 0.00>
ST_4 : Operation 46 [1/1] (0.00ns)   --->   "call void (...)* @_ssdm_op_SpecBitsMap(i32* %layer117_out_89_V_V), !map !325"   --->   Operation 46 'specbitsmap' <Predicate = true> <Delay = 0.00>
ST_4 : Operation 47 [1/1] (0.00ns)   --->   "call void (...)* @_ssdm_op_SpecBitsMap(i32* %layer117_out_88_V_V), !map !331"   --->   Operation 47 'specbitsmap' <Predicate = true> <Delay = 0.00>
ST_4 : Operation 48 [1/1] (0.00ns)   --->   "call void (...)* @_ssdm_op_SpecBitsMap(i32* %layer117_out_87_V_V), !map !337"   --->   Operation 48 'specbitsmap' <Predicate = true> <Delay = 0.00>
ST_4 : Operation 49 [1/1] (0.00ns)   --->   "call void (...)* @_ssdm_op_SpecBitsMap(i32* %layer117_out_86_V_V), !map !343"   --->   Operation 49 'specbitsmap' <Predicate = true> <Delay = 0.00>
ST_4 : Operation 50 [1/1] (0.00ns)   --->   "call void (...)* @_ssdm_op_SpecBitsMap(i32* %layer117_out_85_V_V), !map !349"   --->   Operation 50 'specbitsmap' <Predicate = true> <Delay = 0.00>
ST_4 : Operation 51 [1/1] (0.00ns)   --->   "call void (...)* @_ssdm_op_SpecBitsMap(i32* %layer117_out_84_V_V), !map !355"   --->   Operation 51 'specbitsmap' <Predicate = true> <Delay = 0.00>
ST_4 : Operation 52 [1/1] (0.00ns)   --->   "call void (...)* @_ssdm_op_SpecBitsMap(i32* %layer117_out_83_V_V), !map !361"   --->   Operation 52 'specbitsmap' <Predicate = true> <Delay = 0.00>
ST_4 : Operation 53 [1/1] (0.00ns)   --->   "call void (...)* @_ssdm_op_SpecBitsMap(i32* %layer117_out_82_V_V), !map !367"   --->   Operation 53 'specbitsmap' <Predicate = true> <Delay = 0.00>
ST_4 : Operation 54 [1/1] (0.00ns)   --->   "call void (...)* @_ssdm_op_SpecBitsMap(i32* %layer117_out_81_V_V), !map !373"   --->   Operation 54 'specbitsmap' <Predicate = true> <Delay = 0.00>
ST_4 : Operation 55 [1/1] (0.00ns)   --->   "call void (...)* @_ssdm_op_SpecBitsMap(i32* %layer117_out_80_V_V), !map !379"   --->   Operation 55 'specbitsmap' <Predicate = true> <Delay = 0.00>
ST_4 : Operation 56 [1/1] (0.00ns)   --->   "call void (...)* @_ssdm_op_SpecBitsMap(i32* %layer117_out_79_V_V), !map !385"   --->   Operation 56 'specbitsmap' <Predicate = true> <Delay = 0.00>
ST_4 : Operation 57 [1/1] (0.00ns)   --->   "call void (...)* @_ssdm_op_SpecBitsMap(i32* %layer117_out_78_V_V), !map !391"   --->   Operation 57 'specbitsmap' <Predicate = true> <Delay = 0.00>
ST_4 : Operation 58 [1/1] (0.00ns)   --->   "call void (...)* @_ssdm_op_SpecBitsMap(i32* %layer117_out_77_V_V), !map !397"   --->   Operation 58 'specbitsmap' <Predicate = true> <Delay = 0.00>
ST_4 : Operation 59 [1/1] (0.00ns)   --->   "call void (...)* @_ssdm_op_SpecBitsMap(i32* %layer117_out_76_V_V), !map !403"   --->   Operation 59 'specbitsmap' <Predicate = true> <Delay = 0.00>
ST_4 : Operation 60 [1/1] (0.00ns)   --->   "call void (...)* @_ssdm_op_SpecBitsMap(i32* %layer117_out_75_V_V), !map !409"   --->   Operation 60 'specbitsmap' <Predicate = true> <Delay = 0.00>
ST_4 : Operation 61 [1/1] (0.00ns)   --->   "call void (...)* @_ssdm_op_SpecBitsMap(i32* %layer117_out_74_V_V), !map !415"   --->   Operation 61 'specbitsmap' <Predicate = true> <Delay = 0.00>
ST_4 : Operation 62 [1/1] (0.00ns)   --->   "call void (...)* @_ssdm_op_SpecBitsMap(i32* %layer117_out_73_V_V), !map !421"   --->   Operation 62 'specbitsmap' <Predicate = true> <Delay = 0.00>
ST_4 : Operation 63 [1/1] (0.00ns)   --->   "call void (...)* @_ssdm_op_SpecBitsMap(i32* %layer117_out_72_V_V), !map !427"   --->   Operation 63 'specbitsmap' <Predicate = true> <Delay = 0.00>
ST_4 : Operation 64 [1/1] (0.00ns)   --->   "call void (...)* @_ssdm_op_SpecBitsMap(i32* %layer117_out_71_V_V), !map !433"   --->   Operation 64 'specbitsmap' <Predicate = true> <Delay = 0.00>
ST_4 : Operation 65 [1/1] (0.00ns)   --->   "call void (...)* @_ssdm_op_SpecBitsMap(i32* %layer117_out_70_V_V), !map !439"   --->   Operation 65 'specbitsmap' <Predicate = true> <Delay = 0.00>
ST_4 : Operation 66 [1/1] (0.00ns)   --->   "call void (...)* @_ssdm_op_SpecBitsMap(i32* %layer117_out_69_V_V), !map !445"   --->   Operation 66 'specbitsmap' <Predicate = true> <Delay = 0.00>
ST_4 : Operation 67 [1/1] (0.00ns)   --->   "call void (...)* @_ssdm_op_SpecBitsMap(i32* %layer117_out_68_V_V), !map !451"   --->   Operation 67 'specbitsmap' <Predicate = true> <Delay = 0.00>
ST_4 : Operation 68 [1/1] (0.00ns)   --->   "call void (...)* @_ssdm_op_SpecBitsMap(i32* %layer117_out_67_V_V), !map !457"   --->   Operation 68 'specbitsmap' <Predicate = true> <Delay = 0.00>
ST_4 : Operation 69 [1/1] (0.00ns)   --->   "call void (...)* @_ssdm_op_SpecBitsMap(i32* %layer117_out_66_V_V), !map !463"   --->   Operation 69 'specbitsmap' <Predicate = true> <Delay = 0.00>
ST_4 : Operation 70 [1/1] (0.00ns)   --->   "call void (...)* @_ssdm_op_SpecBitsMap(i32* %layer117_out_65_V_V), !map !469"   --->   Operation 70 'specbitsmap' <Predicate = true> <Delay = 0.00>
ST_4 : Operation 71 [1/1] (0.00ns)   --->   "call void (...)* @_ssdm_op_SpecBitsMap(i32* %layer117_out_64_V_V), !map !475"   --->   Operation 71 'specbitsmap' <Predicate = true> <Delay = 0.00>
ST_4 : Operation 72 [1/1] (0.00ns)   --->   "call void (...)* @_ssdm_op_SpecBitsMap(i32* %layer117_out_63_V_V), !map !481"   --->   Operation 72 'specbitsmap' <Predicate = true> <Delay = 0.00>
ST_4 : Operation 73 [1/1] (0.00ns)   --->   "call void (...)* @_ssdm_op_SpecBitsMap(i32* %layer117_out_62_V_V), !map !487"   --->   Operation 73 'specbitsmap' <Predicate = true> <Delay = 0.00>
ST_4 : Operation 74 [1/1] (0.00ns)   --->   "call void (...)* @_ssdm_op_SpecBitsMap(i32* %layer117_out_61_V_V), !map !493"   --->   Operation 74 'specbitsmap' <Predicate = true> <Delay = 0.00>
ST_4 : Operation 75 [1/1] (0.00ns)   --->   "call void (...)* @_ssdm_op_SpecBitsMap(i32* %layer117_out_60_V_V), !map !499"   --->   Operation 75 'specbitsmap' <Predicate = true> <Delay = 0.00>
ST_4 : Operation 76 [1/1] (0.00ns)   --->   "call void (...)* @_ssdm_op_SpecBitsMap(i32* %layer117_out_59_V_V), !map !505"   --->   Operation 76 'specbitsmap' <Predicate = true> <Delay = 0.00>
ST_4 : Operation 77 [1/1] (0.00ns)   --->   "call void (...)* @_ssdm_op_SpecBitsMap(i32* %layer117_out_58_V_V), !map !511"   --->   Operation 77 'specbitsmap' <Predicate = true> <Delay = 0.00>
ST_4 : Operation 78 [1/1] (0.00ns)   --->   "call void (...)* @_ssdm_op_SpecBitsMap(i32* %layer117_out_57_V_V), !map !517"   --->   Operation 78 'specbitsmap' <Predicate = true> <Delay = 0.00>
ST_4 : Operation 79 [1/1] (0.00ns)   --->   "call void (...)* @_ssdm_op_SpecBitsMap(i32* %layer117_out_56_V_V), !map !523"   --->   Operation 79 'specbitsmap' <Predicate = true> <Delay = 0.00>
ST_4 : Operation 80 [1/1] (0.00ns)   --->   "call void (...)* @_ssdm_op_SpecBitsMap(i32* %layer117_out_55_V_V), !map !529"   --->   Operation 80 'specbitsmap' <Predicate = true> <Delay = 0.00>
ST_4 : Operation 81 [1/1] (0.00ns)   --->   "call void (...)* @_ssdm_op_SpecBitsMap(i32* %layer117_out_54_V_V), !map !535"   --->   Operation 81 'specbitsmap' <Predicate = true> <Delay = 0.00>
ST_4 : Operation 82 [1/1] (0.00ns)   --->   "call void (...)* @_ssdm_op_SpecBitsMap(i32* %layer117_out_53_V_V), !map !541"   --->   Operation 82 'specbitsmap' <Predicate = true> <Delay = 0.00>
ST_4 : Operation 83 [1/1] (0.00ns)   --->   "call void (...)* @_ssdm_op_SpecBitsMap(i32* %layer117_out_52_V_V), !map !547"   --->   Operation 83 'specbitsmap' <Predicate = true> <Delay = 0.00>
ST_4 : Operation 84 [1/1] (0.00ns)   --->   "call void (...)* @_ssdm_op_SpecBitsMap(i32* %layer117_out_51_V_V), !map !553"   --->   Operation 84 'specbitsmap' <Predicate = true> <Delay = 0.00>
ST_4 : Operation 85 [1/1] (0.00ns)   --->   "call void (...)* @_ssdm_op_SpecBitsMap(i32* %layer117_out_50_V_V), !map !559"   --->   Operation 85 'specbitsmap' <Predicate = true> <Delay = 0.00>
ST_4 : Operation 86 [1/1] (0.00ns)   --->   "call void (...)* @_ssdm_op_SpecBitsMap(i32* %layer117_out_49_V_V), !map !565"   --->   Operation 86 'specbitsmap' <Predicate = true> <Delay = 0.00>
ST_4 : Operation 87 [1/1] (0.00ns)   --->   "call void (...)* @_ssdm_op_SpecBitsMap(i32* %layer117_out_48_V_V), !map !571"   --->   Operation 87 'specbitsmap' <Predicate = true> <Delay = 0.00>
ST_4 : Operation 88 [1/1] (0.00ns)   --->   "call void (...)* @_ssdm_op_SpecBitsMap(i32* %layer117_out_47_V_V), !map !577"   --->   Operation 88 'specbitsmap' <Predicate = true> <Delay = 0.00>
ST_4 : Operation 89 [1/1] (0.00ns)   --->   "call void (...)* @_ssdm_op_SpecBitsMap(i32* %layer117_out_46_V_V), !map !583"   --->   Operation 89 'specbitsmap' <Predicate = true> <Delay = 0.00>
ST_4 : Operation 90 [1/1] (0.00ns)   --->   "call void (...)* @_ssdm_op_SpecBitsMap(i32* %layer117_out_45_V_V), !map !589"   --->   Operation 90 'specbitsmap' <Predicate = true> <Delay = 0.00>
ST_4 : Operation 91 [1/1] (0.00ns)   --->   "call void (...)* @_ssdm_op_SpecBitsMap(i32* %layer117_out_44_V_V), !map !595"   --->   Operation 91 'specbitsmap' <Predicate = true> <Delay = 0.00>
ST_4 : Operation 92 [1/1] (0.00ns)   --->   "call void (...)* @_ssdm_op_SpecBitsMap(i32* %layer117_out_43_V_V), !map !601"   --->   Operation 92 'specbitsmap' <Predicate = true> <Delay = 0.00>
ST_4 : Operation 93 [1/1] (0.00ns)   --->   "call void (...)* @_ssdm_op_SpecBitsMap(i32* %layer117_out_42_V_V), !map !607"   --->   Operation 93 'specbitsmap' <Predicate = true> <Delay = 0.00>
ST_4 : Operation 94 [1/1] (0.00ns)   --->   "call void (...)* @_ssdm_op_SpecBitsMap(i32* %layer117_out_41_V_V), !map !613"   --->   Operation 94 'specbitsmap' <Predicate = true> <Delay = 0.00>
ST_4 : Operation 95 [1/1] (0.00ns)   --->   "call void (...)* @_ssdm_op_SpecBitsMap(i32* %layer117_out_40_V_V), !map !619"   --->   Operation 95 'specbitsmap' <Predicate = true> <Delay = 0.00>
ST_4 : Operation 96 [1/1] (0.00ns)   --->   "call void (...)* @_ssdm_op_SpecBitsMap(i32* %layer117_out_39_V_V), !map !625"   --->   Operation 96 'specbitsmap' <Predicate = true> <Delay = 0.00>
ST_4 : Operation 97 [1/1] (0.00ns)   --->   "call void (...)* @_ssdm_op_SpecBitsMap(i32* %layer117_out_38_V_V), !map !631"   --->   Operation 97 'specbitsmap' <Predicate = true> <Delay = 0.00>
ST_4 : Operation 98 [1/1] (0.00ns)   --->   "call void (...)* @_ssdm_op_SpecBitsMap(i32* %layer117_out_37_V_V), !map !637"   --->   Operation 98 'specbitsmap' <Predicate = true> <Delay = 0.00>
ST_4 : Operation 99 [1/1] (0.00ns)   --->   "call void (...)* @_ssdm_op_SpecBitsMap(i32* %layer117_out_36_V_V), !map !643"   --->   Operation 99 'specbitsmap' <Predicate = true> <Delay = 0.00>
ST_4 : Operation 100 [1/1] (0.00ns)   --->   "call void (...)* @_ssdm_op_SpecBitsMap(i32* %layer117_out_35_V_V), !map !649"   --->   Operation 100 'specbitsmap' <Predicate = true> <Delay = 0.00>
ST_4 : Operation 101 [1/1] (0.00ns)   --->   "call void (...)* @_ssdm_op_SpecBitsMap(i32* %layer117_out_34_V_V), !map !655"   --->   Operation 101 'specbitsmap' <Predicate = true> <Delay = 0.00>
ST_4 : Operation 102 [1/1] (0.00ns)   --->   "call void (...)* @_ssdm_op_SpecBitsMap(i32* %layer117_out_33_V_V), !map !661"   --->   Operation 102 'specbitsmap' <Predicate = true> <Delay = 0.00>
ST_4 : Operation 103 [1/1] (0.00ns)   --->   "call void (...)* @_ssdm_op_SpecBitsMap(i32* %layer117_out_32_V_V), !map !667"   --->   Operation 103 'specbitsmap' <Predicate = true> <Delay = 0.00>
ST_4 : Operation 104 [1/1] (0.00ns)   --->   "call void (...)* @_ssdm_op_SpecBitsMap(i32* %layer117_out_31_V_V), !map !673"   --->   Operation 104 'specbitsmap' <Predicate = true> <Delay = 0.00>
ST_4 : Operation 105 [1/1] (0.00ns)   --->   "call void (...)* @_ssdm_op_SpecBitsMap(i32* %layer117_out_30_V_V), !map !679"   --->   Operation 105 'specbitsmap' <Predicate = true> <Delay = 0.00>
ST_4 : Operation 106 [1/1] (0.00ns)   --->   "call void (...)* @_ssdm_op_SpecBitsMap(i32* %layer117_out_29_V_V), !map !685"   --->   Operation 106 'specbitsmap' <Predicate = true> <Delay = 0.00>
ST_4 : Operation 107 [1/1] (0.00ns)   --->   "call void (...)* @_ssdm_op_SpecBitsMap(i32* %layer117_out_28_V_V), !map !691"   --->   Operation 107 'specbitsmap' <Predicate = true> <Delay = 0.00>
ST_4 : Operation 108 [1/1] (0.00ns)   --->   "call void (...)* @_ssdm_op_SpecBitsMap(i32* %layer117_out_27_V_V), !map !697"   --->   Operation 108 'specbitsmap' <Predicate = true> <Delay = 0.00>
ST_4 : Operation 109 [1/1] (0.00ns)   --->   "call void (...)* @_ssdm_op_SpecBitsMap(i32* %layer117_out_26_V_V), !map !703"   --->   Operation 109 'specbitsmap' <Predicate = true> <Delay = 0.00>
ST_4 : Operation 110 [1/1] (0.00ns)   --->   "call void (...)* @_ssdm_op_SpecBitsMap(i32* %layer117_out_25_V_V), !map !709"   --->   Operation 110 'specbitsmap' <Predicate = true> <Delay = 0.00>
ST_4 : Operation 111 [1/1] (0.00ns)   --->   "call void (...)* @_ssdm_op_SpecBitsMap(i32* %layer117_out_24_V_V), !map !715"   --->   Operation 111 'specbitsmap' <Predicate = true> <Delay = 0.00>
ST_4 : Operation 112 [1/1] (0.00ns)   --->   "call void (...)* @_ssdm_op_SpecBitsMap(i32* %layer117_out_23_V_V), !map !721"   --->   Operation 112 'specbitsmap' <Predicate = true> <Delay = 0.00>
ST_4 : Operation 113 [1/1] (0.00ns)   --->   "call void (...)* @_ssdm_op_SpecBitsMap(i32* %layer117_out_22_V_V), !map !727"   --->   Operation 113 'specbitsmap' <Predicate = true> <Delay = 0.00>
ST_4 : Operation 114 [1/1] (0.00ns)   --->   "call void (...)* @_ssdm_op_SpecBitsMap(i32* %layer117_out_21_V_V), !map !733"   --->   Operation 114 'specbitsmap' <Predicate = true> <Delay = 0.00>
ST_4 : Operation 115 [1/1] (0.00ns)   --->   "call void (...)* @_ssdm_op_SpecBitsMap(i32* %layer117_out_20_V_V), !map !739"   --->   Operation 115 'specbitsmap' <Predicate = true> <Delay = 0.00>
ST_4 : Operation 116 [1/1] (0.00ns)   --->   "call void (...)* @_ssdm_op_SpecBitsMap(i32* %layer117_out_19_V_V), !map !745"   --->   Operation 116 'specbitsmap' <Predicate = true> <Delay = 0.00>
ST_4 : Operation 117 [1/1] (0.00ns)   --->   "call void (...)* @_ssdm_op_SpecBitsMap(i32* %layer117_out_18_V_V), !map !751"   --->   Operation 117 'specbitsmap' <Predicate = true> <Delay = 0.00>
ST_4 : Operation 118 [1/1] (0.00ns)   --->   "call void (...)* @_ssdm_op_SpecBitsMap(i32* %layer117_out_17_V_V), !map !757"   --->   Operation 118 'specbitsmap' <Predicate = true> <Delay = 0.00>
ST_4 : Operation 119 [1/1] (0.00ns)   --->   "call void (...)* @_ssdm_op_SpecBitsMap(i32* %layer117_out_16_V_V), !map !763"   --->   Operation 119 'specbitsmap' <Predicate = true> <Delay = 0.00>
ST_4 : Operation 120 [1/1] (0.00ns)   --->   "call void (...)* @_ssdm_op_SpecBitsMap(i32* %layer117_out_15_V_V), !map !769"   --->   Operation 120 'specbitsmap' <Predicate = true> <Delay = 0.00>
ST_4 : Operation 121 [1/1] (0.00ns)   --->   "call void (...)* @_ssdm_op_SpecBitsMap(i32* %layer117_out_14_V_V), !map !775"   --->   Operation 121 'specbitsmap' <Predicate = true> <Delay = 0.00>
ST_4 : Operation 122 [1/1] (0.00ns)   --->   "call void (...)* @_ssdm_op_SpecBitsMap(i32* %layer117_out_13_V_V), !map !781"   --->   Operation 122 'specbitsmap' <Predicate = true> <Delay = 0.00>
ST_4 : Operation 123 [1/1] (0.00ns)   --->   "call void (...)* @_ssdm_op_SpecBitsMap(i32* %layer117_out_12_V_V), !map !787"   --->   Operation 123 'specbitsmap' <Predicate = true> <Delay = 0.00>
ST_4 : Operation 124 [1/1] (0.00ns)   --->   "call void (...)* @_ssdm_op_SpecBitsMap(i32* %layer117_out_11_V_V), !map !793"   --->   Operation 124 'specbitsmap' <Predicate = true> <Delay = 0.00>
ST_4 : Operation 125 [1/1] (0.00ns)   --->   "call void (...)* @_ssdm_op_SpecBitsMap(i32* %layer117_out_10_V_V), !map !799"   --->   Operation 125 'specbitsmap' <Predicate = true> <Delay = 0.00>
ST_4 : Operation 126 [1/1] (0.00ns)   --->   "call void (...)* @_ssdm_op_SpecBitsMap(i32* %layer117_out_9_V_V), !map !805"   --->   Operation 126 'specbitsmap' <Predicate = true> <Delay = 0.00>
ST_4 : Operation 127 [1/1] (0.00ns)   --->   "call void (...)* @_ssdm_op_SpecBitsMap(i32* %layer117_out_8_V_V), !map !811"   --->   Operation 127 'specbitsmap' <Predicate = true> <Delay = 0.00>
ST_4 : Operation 128 [1/1] (0.00ns)   --->   "call void (...)* @_ssdm_op_SpecBitsMap(i32* %layer117_out_7_V_V), !map !817"   --->   Operation 128 'specbitsmap' <Predicate = true> <Delay = 0.00>
ST_4 : Operation 129 [1/1] (0.00ns)   --->   "call void (...)* @_ssdm_op_SpecBitsMap(i32* %layer117_out_6_V_V), !map !823"   --->   Operation 129 'specbitsmap' <Predicate = true> <Delay = 0.00>
ST_4 : Operation 130 [1/1] (0.00ns)   --->   "call void (...)* @_ssdm_op_SpecBitsMap(i32* %layer117_out_5_V_V), !map !829"   --->   Operation 130 'specbitsmap' <Predicate = true> <Delay = 0.00>
ST_4 : Operation 131 [1/1] (0.00ns)   --->   "call void (...)* @_ssdm_op_SpecBitsMap(i32* %layer117_out_4_V_V), !map !835"   --->   Operation 131 'specbitsmap' <Predicate = true> <Delay = 0.00>
ST_4 : Operation 132 [1/1] (0.00ns)   --->   "call void (...)* @_ssdm_op_SpecBitsMap(i32* %layer117_out_3_V_V), !map !841"   --->   Operation 132 'specbitsmap' <Predicate = true> <Delay = 0.00>
ST_4 : Operation 133 [1/1] (0.00ns)   --->   "call void (...)* @_ssdm_op_SpecBitsMap(i32* %layer117_out_2_V_V), !map !847"   --->   Operation 133 'specbitsmap' <Predicate = true> <Delay = 0.00>
ST_4 : Operation 134 [1/1] (0.00ns)   --->   "call void (...)* @_ssdm_op_SpecBitsMap(i32* %layer117_out_1_V_V), !map !853"   --->   Operation 134 'specbitsmap' <Predicate = true> <Delay = 0.00>
ST_4 : Operation 135 [1/1] (0.00ns)   --->   "call void (...)* @_ssdm_op_SpecBitsMap(i32* %layer117_out_0_V_V), !map !859"   --->   Operation 135 'specbitsmap' <Predicate = true> <Delay = 0.00>
ST_4 : Operation 136 [1/1] (0.00ns)   --->   "call void (...)* @_ssdm_op_SpecBitsMap(i32* %tracks_5_V_V), !map !865"   --->   Operation 136 'specbitsmap' <Predicate = true> <Delay = 0.00>
ST_4 : Operation 137 [1/1] (0.00ns)   --->   "call void (...)* @_ssdm_op_SpecBitsMap(i32* %tracks_4_V_V), !map !869"   --->   Operation 137 'specbitsmap' <Predicate = true> <Delay = 0.00>
ST_4 : Operation 138 [1/1] (0.00ns)   --->   "call void (...)* @_ssdm_op_SpecBitsMap(i32* %tracks_3_V_V), !map !873"   --->   Operation 138 'specbitsmap' <Predicate = true> <Delay = 0.00>
ST_4 : Operation 139 [1/1] (0.00ns)   --->   "call void (...)* @_ssdm_op_SpecBitsMap(i32* %tracks_2_V_V), !map !877"   --->   Operation 139 'specbitsmap' <Predicate = true> <Delay = 0.00>
ST_4 : Operation 140 [1/1] (0.00ns)   --->   "call void (...)* @_ssdm_op_SpecBitsMap(i32* %tracks_1_V_V), !map !881"   --->   Operation 140 'specbitsmap' <Predicate = true> <Delay = 0.00>
ST_4 : Operation 141 [1/1] (0.00ns)   --->   "call void (...)* @_ssdm_op_SpecBitsMap(i32* %tracks_0_V_V), !map !885"   --->   Operation 141 'specbitsmap' <Predicate = true> <Delay = 0.00>
ST_4 : Operation 142 [1/1] (0.00ns)   --->   "call void (...)* @_ssdm_op_SpecTopModule([10 x i8]* @myproject_str) nounwind"   --->   Operation 142 'spectopmodule' <Predicate = true> <Delay = 0.00>
ST_4 : Operation 143 [1/1] (0.00ns)   --->   "call void (...)* @_ssdm_op_SpecInterface(i32* %tracks_0_V_V, [5 x i8]* @p_str, i32 1, i32 1, [5 x i8]* @p_str76, i32 0, i32 0, [1 x i8]* @p_str77, [1 x i8]* @p_str77, [1 x i8]* @p_str77, i32 0, i32 0, i32 0, i32 0, [1 x i8]* @p_str77, [1 x i8]* @p_str77)"   --->   Operation 143 'specinterface' <Predicate = true> <Delay = 0.00>
ST_4 : Operation 144 [1/1] (0.00ns)   --->   "call void (...)* @_ssdm_op_SpecInterface(i32* %tracks_1_V_V, [5 x i8]* @p_str, i32 1, i32 1, [5 x i8]* @p_str76, i32 0, i32 0, [1 x i8]* @p_str77, [1 x i8]* @p_str77, [1 x i8]* @p_str77, i32 0, i32 0, i32 0, i32 0, [1 x i8]* @p_str77, [1 x i8]* @p_str77)"   --->   Operation 144 'specinterface' <Predicate = true> <Delay = 0.00>
ST_4 : Operation 145 [1/1] (0.00ns)   --->   "call void (...)* @_ssdm_op_SpecInterface(i32* %tracks_2_V_V, [5 x i8]* @p_str, i32 1, i32 1, [5 x i8]* @p_str76, i32 0, i32 0, [1 x i8]* @p_str77, [1 x i8]* @p_str77, [1 x i8]* @p_str77, i32 0, i32 0, i32 0, i32 0, [1 x i8]* @p_str77, [1 x i8]* @p_str77)"   --->   Operation 145 'specinterface' <Predicate = true> <Delay = 0.00>
ST_4 : Operation 146 [1/1] (0.00ns)   --->   "call void (...)* @_ssdm_op_SpecInterface(i32* %tracks_3_V_V, [5 x i8]* @p_str, i32 1, i32 1, [5 x i8]* @p_str76, i32 0, i32 0, [1 x i8]* @p_str77, [1 x i8]* @p_str77, [1 x i8]* @p_str77, i32 0, i32 0, i32 0, i32 0, [1 x i8]* @p_str77, [1 x i8]* @p_str77)"   --->   Operation 146 'specinterface' <Predicate = true> <Delay = 0.00>
ST_4 : Operation 147 [1/1] (0.00ns)   --->   "call void (...)* @_ssdm_op_SpecInterface(i32* %tracks_4_V_V, [5 x i8]* @p_str, i32 1, i32 1, [5 x i8]* @p_str76, i32 0, i32 0, [1 x i8]* @p_str77, [1 x i8]* @p_str77, [1 x i8]* @p_str77, i32 0, i32 0, i32 0, i32 0, [1 x i8]* @p_str77, [1 x i8]* @p_str77)"   --->   Operation 147 'specinterface' <Predicate = true> <Delay = 0.00>
ST_4 : Operation 148 [1/1] (0.00ns)   --->   "call void (...)* @_ssdm_op_SpecInterface(i32* %tracks_5_V_V, [5 x i8]* @p_str, i32 1, i32 1, [5 x i8]* @p_str76, i32 0, i32 0, [1 x i8]* @p_str77, [1 x i8]* @p_str77, [1 x i8]* @p_str77, i32 0, i32 0, i32 0, i32 0, [1 x i8]* @p_str77, [1 x i8]* @p_str77)"   --->   Operation 148 'specinterface' <Predicate = true> <Delay = 0.00>
ST_4 : Operation 149 [1/1] (0.00ns)   --->   "call void (...)* @_ssdm_op_SpecInterface(i32* %layer117_out_0_V_V, [5 x i8]* @p_str, i32 1, i32 1, [5 x i8]* @p_str76, i32 0, i32 0, [1 x i8]* @p_str77, [1 x i8]* @p_str77, [1 x i8]* @p_str77, i32 0, i32 0, i32 0, i32 0, [1 x i8]* @p_str77, [1 x i8]* @p_str77)"   --->   Operation 149 'specinterface' <Predicate = true> <Delay = 0.00>
ST_4 : Operation 150 [1/1] (0.00ns)   --->   "call void (...)* @_ssdm_op_SpecInterface(i32* %layer117_out_1_V_V, [5 x i8]* @p_str, i32 1, i32 1, [5 x i8]* @p_str76, i32 0, i32 0, [1 x i8]* @p_str77, [1 x i8]* @p_str77, [1 x i8]* @p_str77, i32 0, i32 0, i32 0, i32 0, [1 x i8]* @p_str77, [1 x i8]* @p_str77)"   --->   Operation 150 'specinterface' <Predicate = true> <Delay = 0.00>
ST_4 : Operation 151 [1/1] (0.00ns)   --->   "call void (...)* @_ssdm_op_SpecInterface(i32* %layer117_out_2_V_V, [5 x i8]* @p_str, i32 1, i32 1, [5 x i8]* @p_str76, i32 0, i32 0, [1 x i8]* @p_str77, [1 x i8]* @p_str77, [1 x i8]* @p_str77, i32 0, i32 0, i32 0, i32 0, [1 x i8]* @p_str77, [1 x i8]* @p_str77)"   --->   Operation 151 'specinterface' <Predicate = true> <Delay = 0.00>
ST_4 : Operation 152 [1/1] (0.00ns)   --->   "call void (...)* @_ssdm_op_SpecInterface(i32* %layer117_out_3_V_V, [5 x i8]* @p_str, i32 1, i32 1, [5 x i8]* @p_str76, i32 0, i32 0, [1 x i8]* @p_str77, [1 x i8]* @p_str77, [1 x i8]* @p_str77, i32 0, i32 0, i32 0, i32 0, [1 x i8]* @p_str77, [1 x i8]* @p_str77)"   --->   Operation 152 'specinterface' <Predicate = true> <Delay = 0.00>
ST_4 : Operation 153 [1/1] (0.00ns)   --->   "call void (...)* @_ssdm_op_SpecInterface(i32* %layer117_out_4_V_V, [5 x i8]* @p_str, i32 1, i32 1, [5 x i8]* @p_str76, i32 0, i32 0, [1 x i8]* @p_str77, [1 x i8]* @p_str77, [1 x i8]* @p_str77, i32 0, i32 0, i32 0, i32 0, [1 x i8]* @p_str77, [1 x i8]* @p_str77)"   --->   Operation 153 'specinterface' <Predicate = true> <Delay = 0.00>
ST_4 : Operation 154 [1/1] (0.00ns)   --->   "call void (...)* @_ssdm_op_SpecInterface(i32* %layer117_out_5_V_V, [5 x i8]* @p_str, i32 1, i32 1, [5 x i8]* @p_str76, i32 0, i32 0, [1 x i8]* @p_str77, [1 x i8]* @p_str77, [1 x i8]* @p_str77, i32 0, i32 0, i32 0, i32 0, [1 x i8]* @p_str77, [1 x i8]* @p_str77)"   --->   Operation 154 'specinterface' <Predicate = true> <Delay = 0.00>
ST_4 : Operation 155 [1/1] (0.00ns)   --->   "call void (...)* @_ssdm_op_SpecInterface(i32* %layer117_out_6_V_V, [5 x i8]* @p_str, i32 1, i32 1, [5 x i8]* @p_str76, i32 0, i32 0, [1 x i8]* @p_str77, [1 x i8]* @p_str77, [1 x i8]* @p_str77, i32 0, i32 0, i32 0, i32 0, [1 x i8]* @p_str77, [1 x i8]* @p_str77)"   --->   Operation 155 'specinterface' <Predicate = true> <Delay = 0.00>
ST_4 : Operation 156 [1/1] (0.00ns)   --->   "call void (...)* @_ssdm_op_SpecInterface(i32* %layer117_out_7_V_V, [5 x i8]* @p_str, i32 1, i32 1, [5 x i8]* @p_str76, i32 0, i32 0, [1 x i8]* @p_str77, [1 x i8]* @p_str77, [1 x i8]* @p_str77, i32 0, i32 0, i32 0, i32 0, [1 x i8]* @p_str77, [1 x i8]* @p_str77)"   --->   Operation 156 'specinterface' <Predicate = true> <Delay = 0.00>
ST_4 : Operation 157 [1/1] (0.00ns)   --->   "call void (...)* @_ssdm_op_SpecInterface(i32* %layer117_out_8_V_V, [5 x i8]* @p_str, i32 1, i32 1, [5 x i8]* @p_str76, i32 0, i32 0, [1 x i8]* @p_str77, [1 x i8]* @p_str77, [1 x i8]* @p_str77, i32 0, i32 0, i32 0, i32 0, [1 x i8]* @p_str77, [1 x i8]* @p_str77)"   --->   Operation 157 'specinterface' <Predicate = true> <Delay = 0.00>
ST_4 : Operation 158 [1/1] (0.00ns)   --->   "call void (...)* @_ssdm_op_SpecInterface(i32* %layer117_out_9_V_V, [5 x i8]* @p_str, i32 1, i32 1, [5 x i8]* @p_str76, i32 0, i32 0, [1 x i8]* @p_str77, [1 x i8]* @p_str77, [1 x i8]* @p_str77, i32 0, i32 0, i32 0, i32 0, [1 x i8]* @p_str77, [1 x i8]* @p_str77)"   --->   Operation 158 'specinterface' <Predicate = true> <Delay = 0.00>
ST_4 : Operation 159 [1/1] (0.00ns)   --->   "call void (...)* @_ssdm_op_SpecInterface(i32* %layer117_out_10_V_V, [5 x i8]* @p_str, i32 1, i32 1, [5 x i8]* @p_str76, i32 0, i32 0, [1 x i8]* @p_str77, [1 x i8]* @p_str77, [1 x i8]* @p_str77, i32 0, i32 0, i32 0, i32 0, [1 x i8]* @p_str77, [1 x i8]* @p_str77)"   --->   Operation 159 'specinterface' <Predicate = true> <Delay = 0.00>
ST_4 : Operation 160 [1/1] (0.00ns)   --->   "call void (...)* @_ssdm_op_SpecInterface(i32* %layer117_out_11_V_V, [5 x i8]* @p_str, i32 1, i32 1, [5 x i8]* @p_str76, i32 0, i32 0, [1 x i8]* @p_str77, [1 x i8]* @p_str77, [1 x i8]* @p_str77, i32 0, i32 0, i32 0, i32 0, [1 x i8]* @p_str77, [1 x i8]* @p_str77)"   --->   Operation 160 'specinterface' <Predicate = true> <Delay = 0.00>
ST_4 : Operation 161 [1/1] (0.00ns)   --->   "call void (...)* @_ssdm_op_SpecInterface(i32* %layer117_out_12_V_V, [5 x i8]* @p_str, i32 1, i32 1, [5 x i8]* @p_str76, i32 0, i32 0, [1 x i8]* @p_str77, [1 x i8]* @p_str77, [1 x i8]* @p_str77, i32 0, i32 0, i32 0, i32 0, [1 x i8]* @p_str77, [1 x i8]* @p_str77)"   --->   Operation 161 'specinterface' <Predicate = true> <Delay = 0.00>
ST_4 : Operation 162 [1/1] (0.00ns)   --->   "call void (...)* @_ssdm_op_SpecInterface(i32* %layer117_out_13_V_V, [5 x i8]* @p_str, i32 1, i32 1, [5 x i8]* @p_str76, i32 0, i32 0, [1 x i8]* @p_str77, [1 x i8]* @p_str77, [1 x i8]* @p_str77, i32 0, i32 0, i32 0, i32 0, [1 x i8]* @p_str77, [1 x i8]* @p_str77)"   --->   Operation 162 'specinterface' <Predicate = true> <Delay = 0.00>
ST_4 : Operation 163 [1/1] (0.00ns)   --->   "call void (...)* @_ssdm_op_SpecInterface(i32* %layer117_out_14_V_V, [5 x i8]* @p_str, i32 1, i32 1, [5 x i8]* @p_str76, i32 0, i32 0, [1 x i8]* @p_str77, [1 x i8]* @p_str77, [1 x i8]* @p_str77, i32 0, i32 0, i32 0, i32 0, [1 x i8]* @p_str77, [1 x i8]* @p_str77)"   --->   Operation 163 'specinterface' <Predicate = true> <Delay = 0.00>
ST_4 : Operation 164 [1/1] (0.00ns)   --->   "call void (...)* @_ssdm_op_SpecInterface(i32* %layer117_out_15_V_V, [5 x i8]* @p_str, i32 1, i32 1, [5 x i8]* @p_str76, i32 0, i32 0, [1 x i8]* @p_str77, [1 x i8]* @p_str77, [1 x i8]* @p_str77, i32 0, i32 0, i32 0, i32 0, [1 x i8]* @p_str77, [1 x i8]* @p_str77)"   --->   Operation 164 'specinterface' <Predicate = true> <Delay = 0.00>
ST_4 : Operation 165 [1/1] (0.00ns)   --->   "call void (...)* @_ssdm_op_SpecInterface(i32* %layer117_out_16_V_V, [5 x i8]* @p_str, i32 1, i32 1, [5 x i8]* @p_str76, i32 0, i32 0, [1 x i8]* @p_str77, [1 x i8]* @p_str77, [1 x i8]* @p_str77, i32 0, i32 0, i32 0, i32 0, [1 x i8]* @p_str77, [1 x i8]* @p_str77)"   --->   Operation 165 'specinterface' <Predicate = true> <Delay = 0.00>
ST_4 : Operation 166 [1/1] (0.00ns)   --->   "call void (...)* @_ssdm_op_SpecInterface(i32* %layer117_out_17_V_V, [5 x i8]* @p_str, i32 1, i32 1, [5 x i8]* @p_str76, i32 0, i32 0, [1 x i8]* @p_str77, [1 x i8]* @p_str77, [1 x i8]* @p_str77, i32 0, i32 0, i32 0, i32 0, [1 x i8]* @p_str77, [1 x i8]* @p_str77)"   --->   Operation 166 'specinterface' <Predicate = true> <Delay = 0.00>
ST_4 : Operation 167 [1/1] (0.00ns)   --->   "call void (...)* @_ssdm_op_SpecInterface(i32* %layer117_out_18_V_V, [5 x i8]* @p_str, i32 1, i32 1, [5 x i8]* @p_str76, i32 0, i32 0, [1 x i8]* @p_str77, [1 x i8]* @p_str77, [1 x i8]* @p_str77, i32 0, i32 0, i32 0, i32 0, [1 x i8]* @p_str77, [1 x i8]* @p_str77)"   --->   Operation 167 'specinterface' <Predicate = true> <Delay = 0.00>
ST_4 : Operation 168 [1/1] (0.00ns)   --->   "call void (...)* @_ssdm_op_SpecInterface(i32* %layer117_out_19_V_V, [5 x i8]* @p_str, i32 1, i32 1, [5 x i8]* @p_str76, i32 0, i32 0, [1 x i8]* @p_str77, [1 x i8]* @p_str77, [1 x i8]* @p_str77, i32 0, i32 0, i32 0, i32 0, [1 x i8]* @p_str77, [1 x i8]* @p_str77)"   --->   Operation 168 'specinterface' <Predicate = true> <Delay = 0.00>
ST_4 : Operation 169 [1/1] (0.00ns)   --->   "call void (...)* @_ssdm_op_SpecInterface(i32* %layer117_out_20_V_V, [5 x i8]* @p_str, i32 1, i32 1, [5 x i8]* @p_str76, i32 0, i32 0, [1 x i8]* @p_str77, [1 x i8]* @p_str77, [1 x i8]* @p_str77, i32 0, i32 0, i32 0, i32 0, [1 x i8]* @p_str77, [1 x i8]* @p_str77)"   --->   Operation 169 'specinterface' <Predicate = true> <Delay = 0.00>
ST_4 : Operation 170 [1/1] (0.00ns)   --->   "call void (...)* @_ssdm_op_SpecInterface(i32* %layer117_out_21_V_V, [5 x i8]* @p_str, i32 1, i32 1, [5 x i8]* @p_str76, i32 0, i32 0, [1 x i8]* @p_str77, [1 x i8]* @p_str77, [1 x i8]* @p_str77, i32 0, i32 0, i32 0, i32 0, [1 x i8]* @p_str77, [1 x i8]* @p_str77)"   --->   Operation 170 'specinterface' <Predicate = true> <Delay = 0.00>
ST_4 : Operation 171 [1/1] (0.00ns)   --->   "call void (...)* @_ssdm_op_SpecInterface(i32* %layer117_out_22_V_V, [5 x i8]* @p_str, i32 1, i32 1, [5 x i8]* @p_str76, i32 0, i32 0, [1 x i8]* @p_str77, [1 x i8]* @p_str77, [1 x i8]* @p_str77, i32 0, i32 0, i32 0, i32 0, [1 x i8]* @p_str77, [1 x i8]* @p_str77)"   --->   Operation 171 'specinterface' <Predicate = true> <Delay = 0.00>
ST_4 : Operation 172 [1/1] (0.00ns)   --->   "call void (...)* @_ssdm_op_SpecInterface(i32* %layer117_out_23_V_V, [5 x i8]* @p_str, i32 1, i32 1, [5 x i8]* @p_str76, i32 0, i32 0, [1 x i8]* @p_str77, [1 x i8]* @p_str77, [1 x i8]* @p_str77, i32 0, i32 0, i32 0, i32 0, [1 x i8]* @p_str77, [1 x i8]* @p_str77)"   --->   Operation 172 'specinterface' <Predicate = true> <Delay = 0.00>
ST_4 : Operation 173 [1/1] (0.00ns)   --->   "call void (...)* @_ssdm_op_SpecInterface(i32* %layer117_out_24_V_V, [5 x i8]* @p_str, i32 1, i32 1, [5 x i8]* @p_str76, i32 0, i32 0, [1 x i8]* @p_str77, [1 x i8]* @p_str77, [1 x i8]* @p_str77, i32 0, i32 0, i32 0, i32 0, [1 x i8]* @p_str77, [1 x i8]* @p_str77)"   --->   Operation 173 'specinterface' <Predicate = true> <Delay = 0.00>
ST_4 : Operation 174 [1/1] (0.00ns)   --->   "call void (...)* @_ssdm_op_SpecInterface(i32* %layer117_out_25_V_V, [5 x i8]* @p_str, i32 1, i32 1, [5 x i8]* @p_str76, i32 0, i32 0, [1 x i8]* @p_str77, [1 x i8]* @p_str77, [1 x i8]* @p_str77, i32 0, i32 0, i32 0, i32 0, [1 x i8]* @p_str77, [1 x i8]* @p_str77)"   --->   Operation 174 'specinterface' <Predicate = true> <Delay = 0.00>
ST_4 : Operation 175 [1/1] (0.00ns)   --->   "call void (...)* @_ssdm_op_SpecInterface(i32* %layer117_out_26_V_V, [5 x i8]* @p_str, i32 1, i32 1, [5 x i8]* @p_str76, i32 0, i32 0, [1 x i8]* @p_str77, [1 x i8]* @p_str77, [1 x i8]* @p_str77, i32 0, i32 0, i32 0, i32 0, [1 x i8]* @p_str77, [1 x i8]* @p_str77)"   --->   Operation 175 'specinterface' <Predicate = true> <Delay = 0.00>
ST_4 : Operation 176 [1/1] (0.00ns)   --->   "call void (...)* @_ssdm_op_SpecInterface(i32* %layer117_out_27_V_V, [5 x i8]* @p_str, i32 1, i32 1, [5 x i8]* @p_str76, i32 0, i32 0, [1 x i8]* @p_str77, [1 x i8]* @p_str77, [1 x i8]* @p_str77, i32 0, i32 0, i32 0, i32 0, [1 x i8]* @p_str77, [1 x i8]* @p_str77)"   --->   Operation 176 'specinterface' <Predicate = true> <Delay = 0.00>
ST_4 : Operation 177 [1/1] (0.00ns)   --->   "call void (...)* @_ssdm_op_SpecInterface(i32* %layer117_out_28_V_V, [5 x i8]* @p_str, i32 1, i32 1, [5 x i8]* @p_str76, i32 0, i32 0, [1 x i8]* @p_str77, [1 x i8]* @p_str77, [1 x i8]* @p_str77, i32 0, i32 0, i32 0, i32 0, [1 x i8]* @p_str77, [1 x i8]* @p_str77)"   --->   Operation 177 'specinterface' <Predicate = true> <Delay = 0.00>
ST_4 : Operation 178 [1/1] (0.00ns)   --->   "call void (...)* @_ssdm_op_SpecInterface(i32* %layer117_out_29_V_V, [5 x i8]* @p_str, i32 1, i32 1, [5 x i8]* @p_str76, i32 0, i32 0, [1 x i8]* @p_str77, [1 x i8]* @p_str77, [1 x i8]* @p_str77, i32 0, i32 0, i32 0, i32 0, [1 x i8]* @p_str77, [1 x i8]* @p_str77)"   --->   Operation 178 'specinterface' <Predicate = true> <Delay = 0.00>
ST_4 : Operation 179 [1/1] (0.00ns)   --->   "call void (...)* @_ssdm_op_SpecInterface(i32* %layer117_out_30_V_V, [5 x i8]* @p_str, i32 1, i32 1, [5 x i8]* @p_str76, i32 0, i32 0, [1 x i8]* @p_str77, [1 x i8]* @p_str77, [1 x i8]* @p_str77, i32 0, i32 0, i32 0, i32 0, [1 x i8]* @p_str77, [1 x i8]* @p_str77)"   --->   Operation 179 'specinterface' <Predicate = true> <Delay = 0.00>
ST_4 : Operation 180 [1/1] (0.00ns)   --->   "call void (...)* @_ssdm_op_SpecInterface(i32* %layer117_out_31_V_V, [5 x i8]* @p_str, i32 1, i32 1, [5 x i8]* @p_str76, i32 0, i32 0, [1 x i8]* @p_str77, [1 x i8]* @p_str77, [1 x i8]* @p_str77, i32 0, i32 0, i32 0, i32 0, [1 x i8]* @p_str77, [1 x i8]* @p_str77)"   --->   Operation 180 'specinterface' <Predicate = true> <Delay = 0.00>
ST_4 : Operation 181 [1/1] (0.00ns)   --->   "call void (...)* @_ssdm_op_SpecInterface(i32* %layer117_out_32_V_V, [5 x i8]* @p_str, i32 1, i32 1, [5 x i8]* @p_str76, i32 0, i32 0, [1 x i8]* @p_str77, [1 x i8]* @p_str77, [1 x i8]* @p_str77, i32 0, i32 0, i32 0, i32 0, [1 x i8]* @p_str77, [1 x i8]* @p_str77)"   --->   Operation 181 'specinterface' <Predicate = true> <Delay = 0.00>
ST_4 : Operation 182 [1/1] (0.00ns)   --->   "call void (...)* @_ssdm_op_SpecInterface(i32* %layer117_out_33_V_V, [5 x i8]* @p_str, i32 1, i32 1, [5 x i8]* @p_str76, i32 0, i32 0, [1 x i8]* @p_str77, [1 x i8]* @p_str77, [1 x i8]* @p_str77, i32 0, i32 0, i32 0, i32 0, [1 x i8]* @p_str77, [1 x i8]* @p_str77)"   --->   Operation 182 'specinterface' <Predicate = true> <Delay = 0.00>
ST_4 : Operation 183 [1/1] (0.00ns)   --->   "call void (...)* @_ssdm_op_SpecInterface(i32* %layer117_out_34_V_V, [5 x i8]* @p_str, i32 1, i32 1, [5 x i8]* @p_str76, i32 0, i32 0, [1 x i8]* @p_str77, [1 x i8]* @p_str77, [1 x i8]* @p_str77, i32 0, i32 0, i32 0, i32 0, [1 x i8]* @p_str77, [1 x i8]* @p_str77)"   --->   Operation 183 'specinterface' <Predicate = true> <Delay = 0.00>
ST_4 : Operation 184 [1/1] (0.00ns)   --->   "call void (...)* @_ssdm_op_SpecInterface(i32* %layer117_out_35_V_V, [5 x i8]* @p_str, i32 1, i32 1, [5 x i8]* @p_str76, i32 0, i32 0, [1 x i8]* @p_str77, [1 x i8]* @p_str77, [1 x i8]* @p_str77, i32 0, i32 0, i32 0, i32 0, [1 x i8]* @p_str77, [1 x i8]* @p_str77)"   --->   Operation 184 'specinterface' <Predicate = true> <Delay = 0.00>
ST_4 : Operation 185 [1/1] (0.00ns)   --->   "call void (...)* @_ssdm_op_SpecInterface(i32* %layer117_out_36_V_V, [5 x i8]* @p_str, i32 1, i32 1, [5 x i8]* @p_str76, i32 0, i32 0, [1 x i8]* @p_str77, [1 x i8]* @p_str77, [1 x i8]* @p_str77, i32 0, i32 0, i32 0, i32 0, [1 x i8]* @p_str77, [1 x i8]* @p_str77)"   --->   Operation 185 'specinterface' <Predicate = true> <Delay = 0.00>
ST_4 : Operation 186 [1/1] (0.00ns)   --->   "call void (...)* @_ssdm_op_SpecInterface(i32* %layer117_out_37_V_V, [5 x i8]* @p_str, i32 1, i32 1, [5 x i8]* @p_str76, i32 0, i32 0, [1 x i8]* @p_str77, [1 x i8]* @p_str77, [1 x i8]* @p_str77, i32 0, i32 0, i32 0, i32 0, [1 x i8]* @p_str77, [1 x i8]* @p_str77)"   --->   Operation 186 'specinterface' <Predicate = true> <Delay = 0.00>
ST_4 : Operation 187 [1/1] (0.00ns)   --->   "call void (...)* @_ssdm_op_SpecInterface(i32* %layer117_out_38_V_V, [5 x i8]* @p_str, i32 1, i32 1, [5 x i8]* @p_str76, i32 0, i32 0, [1 x i8]* @p_str77, [1 x i8]* @p_str77, [1 x i8]* @p_str77, i32 0, i32 0, i32 0, i32 0, [1 x i8]* @p_str77, [1 x i8]* @p_str77)"   --->   Operation 187 'specinterface' <Predicate = true> <Delay = 0.00>
ST_4 : Operation 188 [1/1] (0.00ns)   --->   "call void (...)* @_ssdm_op_SpecInterface(i32* %layer117_out_39_V_V, [5 x i8]* @p_str, i32 1, i32 1, [5 x i8]* @p_str76, i32 0, i32 0, [1 x i8]* @p_str77, [1 x i8]* @p_str77, [1 x i8]* @p_str77, i32 0, i32 0, i32 0, i32 0, [1 x i8]* @p_str77, [1 x i8]* @p_str77)"   --->   Operation 188 'specinterface' <Predicate = true> <Delay = 0.00>
ST_4 : Operation 189 [1/1] (0.00ns)   --->   "call void (...)* @_ssdm_op_SpecInterface(i32* %layer117_out_40_V_V, [5 x i8]* @p_str, i32 1, i32 1, [5 x i8]* @p_str76, i32 0, i32 0, [1 x i8]* @p_str77, [1 x i8]* @p_str77, [1 x i8]* @p_str77, i32 0, i32 0, i32 0, i32 0, [1 x i8]* @p_str77, [1 x i8]* @p_str77)"   --->   Operation 189 'specinterface' <Predicate = true> <Delay = 0.00>
ST_4 : Operation 190 [1/1] (0.00ns)   --->   "call void (...)* @_ssdm_op_SpecInterface(i32* %layer117_out_41_V_V, [5 x i8]* @p_str, i32 1, i32 1, [5 x i8]* @p_str76, i32 0, i32 0, [1 x i8]* @p_str77, [1 x i8]* @p_str77, [1 x i8]* @p_str77, i32 0, i32 0, i32 0, i32 0, [1 x i8]* @p_str77, [1 x i8]* @p_str77)"   --->   Operation 190 'specinterface' <Predicate = true> <Delay = 0.00>
ST_4 : Operation 191 [1/1] (0.00ns)   --->   "call void (...)* @_ssdm_op_SpecInterface(i32* %layer117_out_42_V_V, [5 x i8]* @p_str, i32 1, i32 1, [5 x i8]* @p_str76, i32 0, i32 0, [1 x i8]* @p_str77, [1 x i8]* @p_str77, [1 x i8]* @p_str77, i32 0, i32 0, i32 0, i32 0, [1 x i8]* @p_str77, [1 x i8]* @p_str77)"   --->   Operation 191 'specinterface' <Predicate = true> <Delay = 0.00>
ST_4 : Operation 192 [1/1] (0.00ns)   --->   "call void (...)* @_ssdm_op_SpecInterface(i32* %layer117_out_43_V_V, [5 x i8]* @p_str, i32 1, i32 1, [5 x i8]* @p_str76, i32 0, i32 0, [1 x i8]* @p_str77, [1 x i8]* @p_str77, [1 x i8]* @p_str77, i32 0, i32 0, i32 0, i32 0, [1 x i8]* @p_str77, [1 x i8]* @p_str77)"   --->   Operation 192 'specinterface' <Predicate = true> <Delay = 0.00>
ST_4 : Operation 193 [1/1] (0.00ns)   --->   "call void (...)* @_ssdm_op_SpecInterface(i32* %layer117_out_44_V_V, [5 x i8]* @p_str, i32 1, i32 1, [5 x i8]* @p_str76, i32 0, i32 0, [1 x i8]* @p_str77, [1 x i8]* @p_str77, [1 x i8]* @p_str77, i32 0, i32 0, i32 0, i32 0, [1 x i8]* @p_str77, [1 x i8]* @p_str77)"   --->   Operation 193 'specinterface' <Predicate = true> <Delay = 0.00>
ST_4 : Operation 194 [1/1] (0.00ns)   --->   "call void (...)* @_ssdm_op_SpecInterface(i32* %layer117_out_45_V_V, [5 x i8]* @p_str, i32 1, i32 1, [5 x i8]* @p_str76, i32 0, i32 0, [1 x i8]* @p_str77, [1 x i8]* @p_str77, [1 x i8]* @p_str77, i32 0, i32 0, i32 0, i32 0, [1 x i8]* @p_str77, [1 x i8]* @p_str77)"   --->   Operation 194 'specinterface' <Predicate = true> <Delay = 0.00>
ST_4 : Operation 195 [1/1] (0.00ns)   --->   "call void (...)* @_ssdm_op_SpecInterface(i32* %layer117_out_46_V_V, [5 x i8]* @p_str, i32 1, i32 1, [5 x i8]* @p_str76, i32 0, i32 0, [1 x i8]* @p_str77, [1 x i8]* @p_str77, [1 x i8]* @p_str77, i32 0, i32 0, i32 0, i32 0, [1 x i8]* @p_str77, [1 x i8]* @p_str77)"   --->   Operation 195 'specinterface' <Predicate = true> <Delay = 0.00>
ST_4 : Operation 196 [1/1] (0.00ns)   --->   "call void (...)* @_ssdm_op_SpecInterface(i32* %layer117_out_47_V_V, [5 x i8]* @p_str, i32 1, i32 1, [5 x i8]* @p_str76, i32 0, i32 0, [1 x i8]* @p_str77, [1 x i8]* @p_str77, [1 x i8]* @p_str77, i32 0, i32 0, i32 0, i32 0, [1 x i8]* @p_str77, [1 x i8]* @p_str77)"   --->   Operation 196 'specinterface' <Predicate = true> <Delay = 0.00>
ST_4 : Operation 197 [1/1] (0.00ns)   --->   "call void (...)* @_ssdm_op_SpecInterface(i32* %layer117_out_48_V_V, [5 x i8]* @p_str, i32 1, i32 1, [5 x i8]* @p_str76, i32 0, i32 0, [1 x i8]* @p_str77, [1 x i8]* @p_str77, [1 x i8]* @p_str77, i32 0, i32 0, i32 0, i32 0, [1 x i8]* @p_str77, [1 x i8]* @p_str77)"   --->   Operation 197 'specinterface' <Predicate = true> <Delay = 0.00>
ST_4 : Operation 198 [1/1] (0.00ns)   --->   "call void (...)* @_ssdm_op_SpecInterface(i32* %layer117_out_49_V_V, [5 x i8]* @p_str, i32 1, i32 1, [5 x i8]* @p_str76, i32 0, i32 0, [1 x i8]* @p_str77, [1 x i8]* @p_str77, [1 x i8]* @p_str77, i32 0, i32 0, i32 0, i32 0, [1 x i8]* @p_str77, [1 x i8]* @p_str77)"   --->   Operation 198 'specinterface' <Predicate = true> <Delay = 0.00>
ST_4 : Operation 199 [1/1] (0.00ns)   --->   "call void (...)* @_ssdm_op_SpecInterface(i32* %layer117_out_50_V_V, [5 x i8]* @p_str, i32 1, i32 1, [5 x i8]* @p_str76, i32 0, i32 0, [1 x i8]* @p_str77, [1 x i8]* @p_str77, [1 x i8]* @p_str77, i32 0, i32 0, i32 0, i32 0, [1 x i8]* @p_str77, [1 x i8]* @p_str77)"   --->   Operation 199 'specinterface' <Predicate = true> <Delay = 0.00>
ST_4 : Operation 200 [1/1] (0.00ns)   --->   "call void (...)* @_ssdm_op_SpecInterface(i32* %layer117_out_51_V_V, [5 x i8]* @p_str, i32 1, i32 1, [5 x i8]* @p_str76, i32 0, i32 0, [1 x i8]* @p_str77, [1 x i8]* @p_str77, [1 x i8]* @p_str77, i32 0, i32 0, i32 0, i32 0, [1 x i8]* @p_str77, [1 x i8]* @p_str77)"   --->   Operation 200 'specinterface' <Predicate = true> <Delay = 0.00>
ST_4 : Operation 201 [1/1] (0.00ns)   --->   "call void (...)* @_ssdm_op_SpecInterface(i32* %layer117_out_52_V_V, [5 x i8]* @p_str, i32 1, i32 1, [5 x i8]* @p_str76, i32 0, i32 0, [1 x i8]* @p_str77, [1 x i8]* @p_str77, [1 x i8]* @p_str77, i32 0, i32 0, i32 0, i32 0, [1 x i8]* @p_str77, [1 x i8]* @p_str77)"   --->   Operation 201 'specinterface' <Predicate = true> <Delay = 0.00>
ST_4 : Operation 202 [1/1] (0.00ns)   --->   "call void (...)* @_ssdm_op_SpecInterface(i32* %layer117_out_53_V_V, [5 x i8]* @p_str, i32 1, i32 1, [5 x i8]* @p_str76, i32 0, i32 0, [1 x i8]* @p_str77, [1 x i8]* @p_str77, [1 x i8]* @p_str77, i32 0, i32 0, i32 0, i32 0, [1 x i8]* @p_str77, [1 x i8]* @p_str77)"   --->   Operation 202 'specinterface' <Predicate = true> <Delay = 0.00>
ST_4 : Operation 203 [1/1] (0.00ns)   --->   "call void (...)* @_ssdm_op_SpecInterface(i32* %layer117_out_54_V_V, [5 x i8]* @p_str, i32 1, i32 1, [5 x i8]* @p_str76, i32 0, i32 0, [1 x i8]* @p_str77, [1 x i8]* @p_str77, [1 x i8]* @p_str77, i32 0, i32 0, i32 0, i32 0, [1 x i8]* @p_str77, [1 x i8]* @p_str77)"   --->   Operation 203 'specinterface' <Predicate = true> <Delay = 0.00>
ST_4 : Operation 204 [1/1] (0.00ns)   --->   "call void (...)* @_ssdm_op_SpecInterface(i32* %layer117_out_55_V_V, [5 x i8]* @p_str, i32 1, i32 1, [5 x i8]* @p_str76, i32 0, i32 0, [1 x i8]* @p_str77, [1 x i8]* @p_str77, [1 x i8]* @p_str77, i32 0, i32 0, i32 0, i32 0, [1 x i8]* @p_str77, [1 x i8]* @p_str77)"   --->   Operation 204 'specinterface' <Predicate = true> <Delay = 0.00>
ST_4 : Operation 205 [1/1] (0.00ns)   --->   "call void (...)* @_ssdm_op_SpecInterface(i32* %layer117_out_56_V_V, [5 x i8]* @p_str, i32 1, i32 1, [5 x i8]* @p_str76, i32 0, i32 0, [1 x i8]* @p_str77, [1 x i8]* @p_str77, [1 x i8]* @p_str77, i32 0, i32 0, i32 0, i32 0, [1 x i8]* @p_str77, [1 x i8]* @p_str77)"   --->   Operation 205 'specinterface' <Predicate = true> <Delay = 0.00>
ST_4 : Operation 206 [1/1] (0.00ns)   --->   "call void (...)* @_ssdm_op_SpecInterface(i32* %layer117_out_57_V_V, [5 x i8]* @p_str, i32 1, i32 1, [5 x i8]* @p_str76, i32 0, i32 0, [1 x i8]* @p_str77, [1 x i8]* @p_str77, [1 x i8]* @p_str77, i32 0, i32 0, i32 0, i32 0, [1 x i8]* @p_str77, [1 x i8]* @p_str77)"   --->   Operation 206 'specinterface' <Predicate = true> <Delay = 0.00>
ST_4 : Operation 207 [1/1] (0.00ns)   --->   "call void (...)* @_ssdm_op_SpecInterface(i32* %layer117_out_58_V_V, [5 x i8]* @p_str, i32 1, i32 1, [5 x i8]* @p_str76, i32 0, i32 0, [1 x i8]* @p_str77, [1 x i8]* @p_str77, [1 x i8]* @p_str77, i32 0, i32 0, i32 0, i32 0, [1 x i8]* @p_str77, [1 x i8]* @p_str77)"   --->   Operation 207 'specinterface' <Predicate = true> <Delay = 0.00>
ST_4 : Operation 208 [1/1] (0.00ns)   --->   "call void (...)* @_ssdm_op_SpecInterface(i32* %layer117_out_59_V_V, [5 x i8]* @p_str, i32 1, i32 1, [5 x i8]* @p_str76, i32 0, i32 0, [1 x i8]* @p_str77, [1 x i8]* @p_str77, [1 x i8]* @p_str77, i32 0, i32 0, i32 0, i32 0, [1 x i8]* @p_str77, [1 x i8]* @p_str77)"   --->   Operation 208 'specinterface' <Predicate = true> <Delay = 0.00>
ST_4 : Operation 209 [1/1] (0.00ns)   --->   "call void (...)* @_ssdm_op_SpecInterface(i32* %layer117_out_60_V_V, [5 x i8]* @p_str, i32 1, i32 1, [5 x i8]* @p_str76, i32 0, i32 0, [1 x i8]* @p_str77, [1 x i8]* @p_str77, [1 x i8]* @p_str77, i32 0, i32 0, i32 0, i32 0, [1 x i8]* @p_str77, [1 x i8]* @p_str77)"   --->   Operation 209 'specinterface' <Predicate = true> <Delay = 0.00>
ST_4 : Operation 210 [1/1] (0.00ns)   --->   "call void (...)* @_ssdm_op_SpecInterface(i32* %layer117_out_61_V_V, [5 x i8]* @p_str, i32 1, i32 1, [5 x i8]* @p_str76, i32 0, i32 0, [1 x i8]* @p_str77, [1 x i8]* @p_str77, [1 x i8]* @p_str77, i32 0, i32 0, i32 0, i32 0, [1 x i8]* @p_str77, [1 x i8]* @p_str77)"   --->   Operation 210 'specinterface' <Predicate = true> <Delay = 0.00>
ST_4 : Operation 211 [1/1] (0.00ns)   --->   "call void (...)* @_ssdm_op_SpecInterface(i32* %layer117_out_62_V_V, [5 x i8]* @p_str, i32 1, i32 1, [5 x i8]* @p_str76, i32 0, i32 0, [1 x i8]* @p_str77, [1 x i8]* @p_str77, [1 x i8]* @p_str77, i32 0, i32 0, i32 0, i32 0, [1 x i8]* @p_str77, [1 x i8]* @p_str77)"   --->   Operation 211 'specinterface' <Predicate = true> <Delay = 0.00>
ST_4 : Operation 212 [1/1] (0.00ns)   --->   "call void (...)* @_ssdm_op_SpecInterface(i32* %layer117_out_63_V_V, [5 x i8]* @p_str, i32 1, i32 1, [5 x i8]* @p_str76, i32 0, i32 0, [1 x i8]* @p_str77, [1 x i8]* @p_str77, [1 x i8]* @p_str77, i32 0, i32 0, i32 0, i32 0, [1 x i8]* @p_str77, [1 x i8]* @p_str77)"   --->   Operation 212 'specinterface' <Predicate = true> <Delay = 0.00>
ST_4 : Operation 213 [1/1] (0.00ns)   --->   "call void (...)* @_ssdm_op_SpecInterface(i32* %layer117_out_64_V_V, [5 x i8]* @p_str, i32 1, i32 1, [5 x i8]* @p_str76, i32 0, i32 0, [1 x i8]* @p_str77, [1 x i8]* @p_str77, [1 x i8]* @p_str77, i32 0, i32 0, i32 0, i32 0, [1 x i8]* @p_str77, [1 x i8]* @p_str77)"   --->   Operation 213 'specinterface' <Predicate = true> <Delay = 0.00>
ST_4 : Operation 214 [1/1] (0.00ns)   --->   "call void (...)* @_ssdm_op_SpecInterface(i32* %layer117_out_65_V_V, [5 x i8]* @p_str, i32 1, i32 1, [5 x i8]* @p_str76, i32 0, i32 0, [1 x i8]* @p_str77, [1 x i8]* @p_str77, [1 x i8]* @p_str77, i32 0, i32 0, i32 0, i32 0, [1 x i8]* @p_str77, [1 x i8]* @p_str77)"   --->   Operation 214 'specinterface' <Predicate = true> <Delay = 0.00>
ST_4 : Operation 215 [1/1] (0.00ns)   --->   "call void (...)* @_ssdm_op_SpecInterface(i32* %layer117_out_66_V_V, [5 x i8]* @p_str, i32 1, i32 1, [5 x i8]* @p_str76, i32 0, i32 0, [1 x i8]* @p_str77, [1 x i8]* @p_str77, [1 x i8]* @p_str77, i32 0, i32 0, i32 0, i32 0, [1 x i8]* @p_str77, [1 x i8]* @p_str77)"   --->   Operation 215 'specinterface' <Predicate = true> <Delay = 0.00>
ST_4 : Operation 216 [1/1] (0.00ns)   --->   "call void (...)* @_ssdm_op_SpecInterface(i32* %layer117_out_67_V_V, [5 x i8]* @p_str, i32 1, i32 1, [5 x i8]* @p_str76, i32 0, i32 0, [1 x i8]* @p_str77, [1 x i8]* @p_str77, [1 x i8]* @p_str77, i32 0, i32 0, i32 0, i32 0, [1 x i8]* @p_str77, [1 x i8]* @p_str77)"   --->   Operation 216 'specinterface' <Predicate = true> <Delay = 0.00>
ST_4 : Operation 217 [1/1] (0.00ns)   --->   "call void (...)* @_ssdm_op_SpecInterface(i32* %layer117_out_68_V_V, [5 x i8]* @p_str, i32 1, i32 1, [5 x i8]* @p_str76, i32 0, i32 0, [1 x i8]* @p_str77, [1 x i8]* @p_str77, [1 x i8]* @p_str77, i32 0, i32 0, i32 0, i32 0, [1 x i8]* @p_str77, [1 x i8]* @p_str77)"   --->   Operation 217 'specinterface' <Predicate = true> <Delay = 0.00>
ST_4 : Operation 218 [1/1] (0.00ns)   --->   "call void (...)* @_ssdm_op_SpecInterface(i32* %layer117_out_69_V_V, [5 x i8]* @p_str, i32 1, i32 1, [5 x i8]* @p_str76, i32 0, i32 0, [1 x i8]* @p_str77, [1 x i8]* @p_str77, [1 x i8]* @p_str77, i32 0, i32 0, i32 0, i32 0, [1 x i8]* @p_str77, [1 x i8]* @p_str77)"   --->   Operation 218 'specinterface' <Predicate = true> <Delay = 0.00>
ST_4 : Operation 219 [1/1] (0.00ns)   --->   "call void (...)* @_ssdm_op_SpecInterface(i32* %layer117_out_70_V_V, [5 x i8]* @p_str, i32 1, i32 1, [5 x i8]* @p_str76, i32 0, i32 0, [1 x i8]* @p_str77, [1 x i8]* @p_str77, [1 x i8]* @p_str77, i32 0, i32 0, i32 0, i32 0, [1 x i8]* @p_str77, [1 x i8]* @p_str77)"   --->   Operation 219 'specinterface' <Predicate = true> <Delay = 0.00>
ST_4 : Operation 220 [1/1] (0.00ns)   --->   "call void (...)* @_ssdm_op_SpecInterface(i32* %layer117_out_71_V_V, [5 x i8]* @p_str, i32 1, i32 1, [5 x i8]* @p_str76, i32 0, i32 0, [1 x i8]* @p_str77, [1 x i8]* @p_str77, [1 x i8]* @p_str77, i32 0, i32 0, i32 0, i32 0, [1 x i8]* @p_str77, [1 x i8]* @p_str77)"   --->   Operation 220 'specinterface' <Predicate = true> <Delay = 0.00>
ST_4 : Operation 221 [1/1] (0.00ns)   --->   "call void (...)* @_ssdm_op_SpecInterface(i32* %layer117_out_72_V_V, [5 x i8]* @p_str, i32 1, i32 1, [5 x i8]* @p_str76, i32 0, i32 0, [1 x i8]* @p_str77, [1 x i8]* @p_str77, [1 x i8]* @p_str77, i32 0, i32 0, i32 0, i32 0, [1 x i8]* @p_str77, [1 x i8]* @p_str77)"   --->   Operation 221 'specinterface' <Predicate = true> <Delay = 0.00>
ST_4 : Operation 222 [1/1] (0.00ns)   --->   "call void (...)* @_ssdm_op_SpecInterface(i32* %layer117_out_73_V_V, [5 x i8]* @p_str, i32 1, i32 1, [5 x i8]* @p_str76, i32 0, i32 0, [1 x i8]* @p_str77, [1 x i8]* @p_str77, [1 x i8]* @p_str77, i32 0, i32 0, i32 0, i32 0, [1 x i8]* @p_str77, [1 x i8]* @p_str77)"   --->   Operation 222 'specinterface' <Predicate = true> <Delay = 0.00>
ST_4 : Operation 223 [1/1] (0.00ns)   --->   "call void (...)* @_ssdm_op_SpecInterface(i32* %layer117_out_74_V_V, [5 x i8]* @p_str, i32 1, i32 1, [5 x i8]* @p_str76, i32 0, i32 0, [1 x i8]* @p_str77, [1 x i8]* @p_str77, [1 x i8]* @p_str77, i32 0, i32 0, i32 0, i32 0, [1 x i8]* @p_str77, [1 x i8]* @p_str77)"   --->   Operation 223 'specinterface' <Predicate = true> <Delay = 0.00>
ST_4 : Operation 224 [1/1] (0.00ns)   --->   "call void (...)* @_ssdm_op_SpecInterface(i32* %layer117_out_75_V_V, [5 x i8]* @p_str, i32 1, i32 1, [5 x i8]* @p_str76, i32 0, i32 0, [1 x i8]* @p_str77, [1 x i8]* @p_str77, [1 x i8]* @p_str77, i32 0, i32 0, i32 0, i32 0, [1 x i8]* @p_str77, [1 x i8]* @p_str77)"   --->   Operation 224 'specinterface' <Predicate = true> <Delay = 0.00>
ST_4 : Operation 225 [1/1] (0.00ns)   --->   "call void (...)* @_ssdm_op_SpecInterface(i32* %layer117_out_76_V_V, [5 x i8]* @p_str, i32 1, i32 1, [5 x i8]* @p_str76, i32 0, i32 0, [1 x i8]* @p_str77, [1 x i8]* @p_str77, [1 x i8]* @p_str77, i32 0, i32 0, i32 0, i32 0, [1 x i8]* @p_str77, [1 x i8]* @p_str77)"   --->   Operation 225 'specinterface' <Predicate = true> <Delay = 0.00>
ST_4 : Operation 226 [1/1] (0.00ns)   --->   "call void (...)* @_ssdm_op_SpecInterface(i32* %layer117_out_77_V_V, [5 x i8]* @p_str, i32 1, i32 1, [5 x i8]* @p_str76, i32 0, i32 0, [1 x i8]* @p_str77, [1 x i8]* @p_str77, [1 x i8]* @p_str77, i32 0, i32 0, i32 0, i32 0, [1 x i8]* @p_str77, [1 x i8]* @p_str77)"   --->   Operation 226 'specinterface' <Predicate = true> <Delay = 0.00>
ST_4 : Operation 227 [1/1] (0.00ns)   --->   "call void (...)* @_ssdm_op_SpecInterface(i32* %layer117_out_78_V_V, [5 x i8]* @p_str, i32 1, i32 1, [5 x i8]* @p_str76, i32 0, i32 0, [1 x i8]* @p_str77, [1 x i8]* @p_str77, [1 x i8]* @p_str77, i32 0, i32 0, i32 0, i32 0, [1 x i8]* @p_str77, [1 x i8]* @p_str77)"   --->   Operation 227 'specinterface' <Predicate = true> <Delay = 0.00>
ST_4 : Operation 228 [1/1] (0.00ns)   --->   "call void (...)* @_ssdm_op_SpecInterface(i32* %layer117_out_79_V_V, [5 x i8]* @p_str, i32 1, i32 1, [5 x i8]* @p_str76, i32 0, i32 0, [1 x i8]* @p_str77, [1 x i8]* @p_str77, [1 x i8]* @p_str77, i32 0, i32 0, i32 0, i32 0, [1 x i8]* @p_str77, [1 x i8]* @p_str77)"   --->   Operation 228 'specinterface' <Predicate = true> <Delay = 0.00>
ST_4 : Operation 229 [1/1] (0.00ns)   --->   "call void (...)* @_ssdm_op_SpecInterface(i32* %layer117_out_80_V_V, [5 x i8]* @p_str, i32 1, i32 1, [5 x i8]* @p_str76, i32 0, i32 0, [1 x i8]* @p_str77, [1 x i8]* @p_str77, [1 x i8]* @p_str77, i32 0, i32 0, i32 0, i32 0, [1 x i8]* @p_str77, [1 x i8]* @p_str77)"   --->   Operation 229 'specinterface' <Predicate = true> <Delay = 0.00>
ST_4 : Operation 230 [1/1] (0.00ns)   --->   "call void (...)* @_ssdm_op_SpecInterface(i32* %layer117_out_81_V_V, [5 x i8]* @p_str, i32 1, i32 1, [5 x i8]* @p_str76, i32 0, i32 0, [1 x i8]* @p_str77, [1 x i8]* @p_str77, [1 x i8]* @p_str77, i32 0, i32 0, i32 0, i32 0, [1 x i8]* @p_str77, [1 x i8]* @p_str77)"   --->   Operation 230 'specinterface' <Predicate = true> <Delay = 0.00>
ST_4 : Operation 231 [1/1] (0.00ns)   --->   "call void (...)* @_ssdm_op_SpecInterface(i32* %layer117_out_82_V_V, [5 x i8]* @p_str, i32 1, i32 1, [5 x i8]* @p_str76, i32 0, i32 0, [1 x i8]* @p_str77, [1 x i8]* @p_str77, [1 x i8]* @p_str77, i32 0, i32 0, i32 0, i32 0, [1 x i8]* @p_str77, [1 x i8]* @p_str77)"   --->   Operation 231 'specinterface' <Predicate = true> <Delay = 0.00>
ST_4 : Operation 232 [1/1] (0.00ns)   --->   "call void (...)* @_ssdm_op_SpecInterface(i32* %layer117_out_83_V_V, [5 x i8]* @p_str, i32 1, i32 1, [5 x i8]* @p_str76, i32 0, i32 0, [1 x i8]* @p_str77, [1 x i8]* @p_str77, [1 x i8]* @p_str77, i32 0, i32 0, i32 0, i32 0, [1 x i8]* @p_str77, [1 x i8]* @p_str77)"   --->   Operation 232 'specinterface' <Predicate = true> <Delay = 0.00>
ST_4 : Operation 233 [1/1] (0.00ns)   --->   "call void (...)* @_ssdm_op_SpecInterface(i32* %layer117_out_84_V_V, [5 x i8]* @p_str, i32 1, i32 1, [5 x i8]* @p_str76, i32 0, i32 0, [1 x i8]* @p_str77, [1 x i8]* @p_str77, [1 x i8]* @p_str77, i32 0, i32 0, i32 0, i32 0, [1 x i8]* @p_str77, [1 x i8]* @p_str77)"   --->   Operation 233 'specinterface' <Predicate = true> <Delay = 0.00>
ST_4 : Operation 234 [1/1] (0.00ns)   --->   "call void (...)* @_ssdm_op_SpecInterface(i32* %layer117_out_85_V_V, [5 x i8]* @p_str, i32 1, i32 1, [5 x i8]* @p_str76, i32 0, i32 0, [1 x i8]* @p_str77, [1 x i8]* @p_str77, [1 x i8]* @p_str77, i32 0, i32 0, i32 0, i32 0, [1 x i8]* @p_str77, [1 x i8]* @p_str77)"   --->   Operation 234 'specinterface' <Predicate = true> <Delay = 0.00>
ST_4 : Operation 235 [1/1] (0.00ns)   --->   "call void (...)* @_ssdm_op_SpecInterface(i32* %layer117_out_86_V_V, [5 x i8]* @p_str, i32 1, i32 1, [5 x i8]* @p_str76, i32 0, i32 0, [1 x i8]* @p_str77, [1 x i8]* @p_str77, [1 x i8]* @p_str77, i32 0, i32 0, i32 0, i32 0, [1 x i8]* @p_str77, [1 x i8]* @p_str77)"   --->   Operation 235 'specinterface' <Predicate = true> <Delay = 0.00>
ST_4 : Operation 236 [1/1] (0.00ns)   --->   "call void (...)* @_ssdm_op_SpecInterface(i32* %layer117_out_87_V_V, [5 x i8]* @p_str, i32 1, i32 1, [5 x i8]* @p_str76, i32 0, i32 0, [1 x i8]* @p_str77, [1 x i8]* @p_str77, [1 x i8]* @p_str77, i32 0, i32 0, i32 0, i32 0, [1 x i8]* @p_str77, [1 x i8]* @p_str77)"   --->   Operation 236 'specinterface' <Predicate = true> <Delay = 0.00>
ST_4 : Operation 237 [1/1] (0.00ns)   --->   "call void (...)* @_ssdm_op_SpecInterface(i32* %layer117_out_88_V_V, [5 x i8]* @p_str, i32 1, i32 1, [5 x i8]* @p_str76, i32 0, i32 0, [1 x i8]* @p_str77, [1 x i8]* @p_str77, [1 x i8]* @p_str77, i32 0, i32 0, i32 0, i32 0, [1 x i8]* @p_str77, [1 x i8]* @p_str77)"   --->   Operation 237 'specinterface' <Predicate = true> <Delay = 0.00>
ST_4 : Operation 238 [1/1] (0.00ns)   --->   "call void (...)* @_ssdm_op_SpecInterface(i32* %layer117_out_89_V_V, [5 x i8]* @p_str, i32 1, i32 1, [5 x i8]* @p_str76, i32 0, i32 0, [1 x i8]* @p_str77, [1 x i8]* @p_str77, [1 x i8]* @p_str77, i32 0, i32 0, i32 0, i32 0, [1 x i8]* @p_str77, [1 x i8]* @p_str77)"   --->   Operation 238 'specinterface' <Predicate = true> <Delay = 0.00>
ST_4 : Operation 239 [1/1] (0.00ns)   --->   "call void (...)* @_ssdm_op_SpecInterface(i32* %layer117_out_90_V_V, [5 x i8]* @p_str, i32 1, i32 1, [5 x i8]* @p_str76, i32 0, i32 0, [1 x i8]* @p_str77, [1 x i8]* @p_str77, [1 x i8]* @p_str77, i32 0, i32 0, i32 0, i32 0, [1 x i8]* @p_str77, [1 x i8]* @p_str77)"   --->   Operation 239 'specinterface' <Predicate = true> <Delay = 0.00>
ST_4 : Operation 240 [1/1] (0.00ns)   --->   "call void (...)* @_ssdm_op_SpecInterface(i32* %layer117_out_91_V_V, [5 x i8]* @p_str, i32 1, i32 1, [5 x i8]* @p_str76, i32 0, i32 0, [1 x i8]* @p_str77, [1 x i8]* @p_str77, [1 x i8]* @p_str77, i32 0, i32 0, i32 0, i32 0, [1 x i8]* @p_str77, [1 x i8]* @p_str77)"   --->   Operation 240 'specinterface' <Predicate = true> <Delay = 0.00>
ST_4 : Operation 241 [1/1] (0.00ns)   --->   "call void (...)* @_ssdm_op_SpecInterface(i32* %layer117_out_92_V_V, [5 x i8]* @p_str, i32 1, i32 1, [5 x i8]* @p_str76, i32 0, i32 0, [1 x i8]* @p_str77, [1 x i8]* @p_str77, [1 x i8]* @p_str77, i32 0, i32 0, i32 0, i32 0, [1 x i8]* @p_str77, [1 x i8]* @p_str77)"   --->   Operation 241 'specinterface' <Predicate = true> <Delay = 0.00>
ST_4 : Operation 242 [1/1] (0.00ns)   --->   "call void (...)* @_ssdm_op_SpecInterface(i32* %layer117_out_93_V_V, [5 x i8]* @p_str, i32 1, i32 1, [5 x i8]* @p_str76, i32 0, i32 0, [1 x i8]* @p_str77, [1 x i8]* @p_str77, [1 x i8]* @p_str77, i32 0, i32 0, i32 0, i32 0, [1 x i8]* @p_str77, [1 x i8]* @p_str77)"   --->   Operation 242 'specinterface' <Predicate = true> <Delay = 0.00>
ST_4 : Operation 243 [1/1] (0.00ns)   --->   "call void (...)* @_ssdm_op_SpecInterface(i32* %layer117_out_94_V_V, [5 x i8]* @p_str, i32 1, i32 1, [5 x i8]* @p_str76, i32 0, i32 0, [1 x i8]* @p_str77, [1 x i8]* @p_str77, [1 x i8]* @p_str77, i32 0, i32 0, i32 0, i32 0, [1 x i8]* @p_str77, [1 x i8]* @p_str77)"   --->   Operation 243 'specinterface' <Predicate = true> <Delay = 0.00>
ST_4 : Operation 244 [1/1] (0.00ns)   --->   "call void (...)* @_ssdm_op_SpecInterface(i32* %layer117_out_95_V_V, [5 x i8]* @p_str, i32 1, i32 1, [5 x i8]* @p_str76, i32 0, i32 0, [1 x i8]* @p_str77, [1 x i8]* @p_str77, [1 x i8]* @p_str77, i32 0, i32 0, i32 0, i32 0, [1 x i8]* @p_str77, [1 x i8]* @p_str77)"   --->   Operation 244 'specinterface' <Predicate = true> <Delay = 0.00>
ST_4 : Operation 245 [1/1] (0.00ns)   --->   "call void (...)* @_ssdm_op_SpecInterface(i32* %layer117_out_96_V_V, [5 x i8]* @p_str, i32 1, i32 1, [5 x i8]* @p_str76, i32 0, i32 0, [1 x i8]* @p_str77, [1 x i8]* @p_str77, [1 x i8]* @p_str77, i32 0, i32 0, i32 0, i32 0, [1 x i8]* @p_str77, [1 x i8]* @p_str77)"   --->   Operation 245 'specinterface' <Predicate = true> <Delay = 0.00>
ST_4 : Operation 246 [1/1] (0.00ns)   --->   "call void (...)* @_ssdm_op_SpecInterface(i32* %layer117_out_97_V_V, [5 x i8]* @p_str, i32 1, i32 1, [5 x i8]* @p_str76, i32 0, i32 0, [1 x i8]* @p_str77, [1 x i8]* @p_str77, [1 x i8]* @p_str77, i32 0, i32 0, i32 0, i32 0, [1 x i8]* @p_str77, [1 x i8]* @p_str77)"   --->   Operation 246 'specinterface' <Predicate = true> <Delay = 0.00>
ST_4 : Operation 247 [1/1] (0.00ns)   --->   "call void (...)* @_ssdm_op_SpecInterface(i32* %layer117_out_98_V_V, [5 x i8]* @p_str, i32 1, i32 1, [5 x i8]* @p_str76, i32 0, i32 0, [1 x i8]* @p_str77, [1 x i8]* @p_str77, [1 x i8]* @p_str77, i32 0, i32 0, i32 0, i32 0, [1 x i8]* @p_str77, [1 x i8]* @p_str77)"   --->   Operation 247 'specinterface' <Predicate = true> <Delay = 0.00>
ST_4 : Operation 248 [1/1] (0.00ns)   --->   "call void (...)* @_ssdm_op_SpecInterface(i32* %layer117_out_99_V_V, [5 x i8]* @p_str, i32 1, i32 1, [5 x i8]* @p_str76, i32 0, i32 0, [1 x i8]* @p_str77, [1 x i8]* @p_str77, [1 x i8]* @p_str77, i32 0, i32 0, i32 0, i32 0, [1 x i8]* @p_str77, [1 x i8]* @p_str77)"   --->   Operation 248 'specinterface' <Predicate = true> <Delay = 0.00>
ST_4 : Operation 249 [1/1] (0.00ns)   --->   "call void (...)* @_ssdm_op_SpecInterface(i32* %layer117_out_100_V_V, [5 x i8]* @p_str, i32 1, i32 1, [5 x i8]* @p_str76, i32 0, i32 0, [1 x i8]* @p_str77, [1 x i8]* @p_str77, [1 x i8]* @p_str77, i32 0, i32 0, i32 0, i32 0, [1 x i8]* @p_str77, [1 x i8]* @p_str77)"   --->   Operation 249 'specinterface' <Predicate = true> <Delay = 0.00>
ST_4 : Operation 250 [1/1] (0.00ns)   --->   "call void (...)* @_ssdm_op_SpecInterface(i32* %layer117_out_101_V_V, [5 x i8]* @p_str, i32 1, i32 1, [5 x i8]* @p_str76, i32 0, i32 0, [1 x i8]* @p_str77, [1 x i8]* @p_str77, [1 x i8]* @p_str77, i32 0, i32 0, i32 0, i32 0, [1 x i8]* @p_str77, [1 x i8]* @p_str77)"   --->   Operation 250 'specinterface' <Predicate = true> <Delay = 0.00>
ST_4 : Operation 251 [1/1] (0.00ns)   --->   "call void (...)* @_ssdm_op_SpecInterface(i32* %layer117_out_102_V_V, [5 x i8]* @p_str, i32 1, i32 1, [5 x i8]* @p_str76, i32 0, i32 0, [1 x i8]* @p_str77, [1 x i8]* @p_str77, [1 x i8]* @p_str77, i32 0, i32 0, i32 0, i32 0, [1 x i8]* @p_str77, [1 x i8]* @p_str77)"   --->   Operation 251 'specinterface' <Predicate = true> <Delay = 0.00>
ST_4 : Operation 252 [1/1] (0.00ns)   --->   "call void (...)* @_ssdm_op_SpecInterface(i32* %layer117_out_103_V_V, [5 x i8]* @p_str, i32 1, i32 1, [5 x i8]* @p_str76, i32 0, i32 0, [1 x i8]* @p_str77, [1 x i8]* @p_str77, [1 x i8]* @p_str77, i32 0, i32 0, i32 0, i32 0, [1 x i8]* @p_str77, [1 x i8]* @p_str77)"   --->   Operation 252 'specinterface' <Predicate = true> <Delay = 0.00>
ST_4 : Operation 253 [1/1] (0.00ns)   --->   "call void (...)* @_ssdm_op_SpecInterface(i32* %layer117_out_104_V_V, [5 x i8]* @p_str, i32 1, i32 1, [5 x i8]* @p_str76, i32 0, i32 0, [1 x i8]* @p_str77, [1 x i8]* @p_str77, [1 x i8]* @p_str77, i32 0, i32 0, i32 0, i32 0, [1 x i8]* @p_str77, [1 x i8]* @p_str77)"   --->   Operation 253 'specinterface' <Predicate = true> <Delay = 0.00>
ST_4 : Operation 254 [1/1] (0.00ns)   --->   "call void (...)* @_ssdm_op_SpecInterface(i32* %layer117_out_105_V_V, [5 x i8]* @p_str, i32 1, i32 1, [5 x i8]* @p_str76, i32 0, i32 0, [1 x i8]* @p_str77, [1 x i8]* @p_str77, [1 x i8]* @p_str77, i32 0, i32 0, i32 0, i32 0, [1 x i8]* @p_str77, [1 x i8]* @p_str77)"   --->   Operation 254 'specinterface' <Predicate = true> <Delay = 0.00>
ST_4 : Operation 255 [1/1] (0.00ns)   --->   "call void (...)* @_ssdm_op_SpecInterface(i32* %layer117_out_106_V_V, [5 x i8]* @p_str, i32 1, i32 1, [5 x i8]* @p_str76, i32 0, i32 0, [1 x i8]* @p_str77, [1 x i8]* @p_str77, [1 x i8]* @p_str77, i32 0, i32 0, i32 0, i32 0, [1 x i8]* @p_str77, [1 x i8]* @p_str77)"   --->   Operation 255 'specinterface' <Predicate = true> <Delay = 0.00>
ST_4 : Operation 256 [1/1] (0.00ns)   --->   "call void (...)* @_ssdm_op_SpecInterface(i32* %layer117_out_107_V_V, [5 x i8]* @p_str, i32 1, i32 1, [5 x i8]* @p_str76, i32 0, i32 0, [1 x i8]* @p_str77, [1 x i8]* @p_str77, [1 x i8]* @p_str77, i32 0, i32 0, i32 0, i32 0, [1 x i8]* @p_str77, [1 x i8]* @p_str77)"   --->   Operation 256 'specinterface' <Predicate = true> <Delay = 0.00>
ST_4 : Operation 257 [1/1] (0.00ns)   --->   "call void (...)* @_ssdm_op_SpecInterface(i32* %layer117_out_108_V_V, [5 x i8]* @p_str, i32 1, i32 1, [5 x i8]* @p_str76, i32 0, i32 0, [1 x i8]* @p_str77, [1 x i8]* @p_str77, [1 x i8]* @p_str77, i32 0, i32 0, i32 0, i32 0, [1 x i8]* @p_str77, [1 x i8]* @p_str77)"   --->   Operation 257 'specinterface' <Predicate = true> <Delay = 0.00>
ST_4 : Operation 258 [1/1] (0.00ns)   --->   "call void (...)* @_ssdm_op_SpecInterface(i32* %layer117_out_109_V_V, [5 x i8]* @p_str, i32 1, i32 1, [5 x i8]* @p_str76, i32 0, i32 0, [1 x i8]* @p_str77, [1 x i8]* @p_str77, [1 x i8]* @p_str77, i32 0, i32 0, i32 0, i32 0, [1 x i8]* @p_str77, [1 x i8]* @p_str77)"   --->   Operation 258 'specinterface' <Predicate = true> <Delay = 0.00>
ST_4 : Operation 259 [1/1] (0.00ns)   --->   "call void (...)* @_ssdm_op_SpecInterface(i32* %layer117_out_110_V_V, [5 x i8]* @p_str, i32 1, i32 1, [5 x i8]* @p_str76, i32 0, i32 0, [1 x i8]* @p_str77, [1 x i8]* @p_str77, [1 x i8]* @p_str77, i32 0, i32 0, i32 0, i32 0, [1 x i8]* @p_str77, [1 x i8]* @p_str77)"   --->   Operation 259 'specinterface' <Predicate = true> <Delay = 0.00>
ST_4 : Operation 260 [1/1] (0.00ns)   --->   "call void (...)* @_ssdm_op_SpecInterface(i32* %layer117_out_111_V_V, [5 x i8]* @p_str, i32 1, i32 1, [5 x i8]* @p_str76, i32 0, i32 0, [1 x i8]* @p_str77, [1 x i8]* @p_str77, [1 x i8]* @p_str77, i32 0, i32 0, i32 0, i32 0, [1 x i8]* @p_str77, [1 x i8]* @p_str77)"   --->   Operation 260 'specinterface' <Predicate = true> <Delay = 0.00>
ST_4 : Operation 261 [1/1] (0.00ns)   --->   "call void (...)* @_ssdm_op_SpecInterface(i32* %layer117_out_112_V_V, [5 x i8]* @p_str, i32 1, i32 1, [5 x i8]* @p_str76, i32 0, i32 0, [1 x i8]* @p_str77, [1 x i8]* @p_str77, [1 x i8]* @p_str77, i32 0, i32 0, i32 0, i32 0, [1 x i8]* @p_str77, [1 x i8]* @p_str77)"   --->   Operation 261 'specinterface' <Predicate = true> <Delay = 0.00>
ST_4 : Operation 262 [1/1] (0.00ns)   --->   "call void (...)* @_ssdm_op_SpecInterface(i32* %layer117_out_113_V_V, [5 x i8]* @p_str, i32 1, i32 1, [5 x i8]* @p_str76, i32 0, i32 0, [1 x i8]* @p_str77, [1 x i8]* @p_str77, [1 x i8]* @p_str77, i32 0, i32 0, i32 0, i32 0, [1 x i8]* @p_str77, [1 x i8]* @p_str77)"   --->   Operation 262 'specinterface' <Predicate = true> <Delay = 0.00>
ST_4 : Operation 263 [1/1] (0.00ns)   --->   "call void (...)* @_ssdm_op_SpecInterface(i32* %layer117_out_114_V_V, [5 x i8]* @p_str, i32 1, i32 1, [5 x i8]* @p_str76, i32 0, i32 0, [1 x i8]* @p_str77, [1 x i8]* @p_str77, [1 x i8]* @p_str77, i32 0, i32 0, i32 0, i32 0, [1 x i8]* @p_str77, [1 x i8]* @p_str77)"   --->   Operation 263 'specinterface' <Predicate = true> <Delay = 0.00>
ST_4 : Operation 264 [1/1] (0.00ns)   --->   "call void (...)* @_ssdm_op_SpecInterface(i32* %layer117_out_115_V_V, [5 x i8]* @p_str, i32 1, i32 1, [5 x i8]* @p_str76, i32 0, i32 0, [1 x i8]* @p_str77, [1 x i8]* @p_str77, [1 x i8]* @p_str77, i32 0, i32 0, i32 0, i32 0, [1 x i8]* @p_str77, [1 x i8]* @p_str77)"   --->   Operation 264 'specinterface' <Predicate = true> <Delay = 0.00>
ST_4 : Operation 265 [1/1] (0.00ns)   --->   "call void (...)* @_ssdm_op_SpecInterface(i32* %layer117_out_116_V_V, [5 x i8]* @p_str, i32 1, i32 1, [5 x i8]* @p_str76, i32 0, i32 0, [1 x i8]* @p_str77, [1 x i8]* @p_str77, [1 x i8]* @p_str77, i32 0, i32 0, i32 0, i32 0, [1 x i8]* @p_str77, [1 x i8]* @p_str77)"   --->   Operation 265 'specinterface' <Predicate = true> <Delay = 0.00>
ST_4 : Operation 266 [1/1] (0.00ns)   --->   "call void (...)* @_ssdm_op_SpecInterface(i32* %layer117_out_117_V_V, [5 x i8]* @p_str, i32 1, i32 1, [5 x i8]* @p_str76, i32 0, i32 0, [1 x i8]* @p_str77, [1 x i8]* @p_str77, [1 x i8]* @p_str77, i32 0, i32 0, i32 0, i32 0, [1 x i8]* @p_str77, [1 x i8]* @p_str77)"   --->   Operation 266 'specinterface' <Predicate = true> <Delay = 0.00>
ST_4 : Operation 267 [1/1] (0.00ns)   --->   "call void (...)* @_ssdm_op_SpecInterface(i32* %layer117_out_118_V_V, [5 x i8]* @p_str, i32 1, i32 1, [5 x i8]* @p_str76, i32 0, i32 0, [1 x i8]* @p_str77, [1 x i8]* @p_str77, [1 x i8]* @p_str77, i32 0, i32 0, i32 0, i32 0, [1 x i8]* @p_str77, [1 x i8]* @p_str77)"   --->   Operation 267 'specinterface' <Predicate = true> <Delay = 0.00>
ST_4 : Operation 268 [1/1] (0.00ns)   --->   "call void (...)* @_ssdm_op_SpecInterface(i32* %layer117_out_119_V_V, [5 x i8]* @p_str, i32 1, i32 1, [5 x i8]* @p_str76, i32 0, i32 0, [1 x i8]* @p_str77, [1 x i8]* @p_str77, [1 x i8]* @p_str77, i32 0, i32 0, i32 0, i32 0, [1 x i8]* @p_str77, [1 x i8]* @p_str77)"   --->   Operation 268 'specinterface' <Predicate = true> <Delay = 0.00>
ST_4 : Operation 269 [1/1] (0.00ns)   --->   "call void (...)* @_ssdm_op_SpecInterface(i32* %layer117_out_120_V_V, [5 x i8]* @p_str, i32 1, i32 1, [5 x i8]* @p_str76, i32 0, i32 0, [1 x i8]* @p_str77, [1 x i8]* @p_str77, [1 x i8]* @p_str77, i32 0, i32 0, i32 0, i32 0, [1 x i8]* @p_str77, [1 x i8]* @p_str77)"   --->   Operation 269 'specinterface' <Predicate = true> <Delay = 0.00>
ST_4 : Operation 270 [1/1] (0.00ns)   --->   "call void (...)* @_ssdm_op_SpecInterface(i32* %layer117_out_121_V_V, [5 x i8]* @p_str, i32 1, i32 1, [5 x i8]* @p_str76, i32 0, i32 0, [1 x i8]* @p_str77, [1 x i8]* @p_str77, [1 x i8]* @p_str77, i32 0, i32 0, i32 0, i32 0, [1 x i8]* @p_str77, [1 x i8]* @p_str77)"   --->   Operation 270 'specinterface' <Predicate = true> <Delay = 0.00>
ST_4 : Operation 271 [1/1] (0.00ns)   --->   "call void (...)* @_ssdm_op_SpecInterface(i32* %layer117_out_122_V_V, [5 x i8]* @p_str, i32 1, i32 1, [5 x i8]* @p_str76, i32 0, i32 0, [1 x i8]* @p_str77, [1 x i8]* @p_str77, [1 x i8]* @p_str77, i32 0, i32 0, i32 0, i32 0, [1 x i8]* @p_str77, [1 x i8]* @p_str77)"   --->   Operation 271 'specinterface' <Predicate = true> <Delay = 0.00>
ST_4 : Operation 272 [1/1] (0.00ns)   --->   "call void (...)* @_ssdm_op_SpecInterface(i32* %layer117_out_123_V_V, [5 x i8]* @p_str, i32 1, i32 1, [5 x i8]* @p_str76, i32 0, i32 0, [1 x i8]* @p_str77, [1 x i8]* @p_str77, [1 x i8]* @p_str77, i32 0, i32 0, i32 0, i32 0, [1 x i8]* @p_str77, [1 x i8]* @p_str77)"   --->   Operation 272 'specinterface' <Predicate = true> <Delay = 0.00>
ST_4 : Operation 273 [1/1] (0.00ns)   --->   "call void (...)* @_ssdm_op_SpecInterface(i32* %layer117_out_124_V_V, [5 x i8]* @p_str, i32 1, i32 1, [5 x i8]* @p_str76, i32 0, i32 0, [1 x i8]* @p_str77, [1 x i8]* @p_str77, [1 x i8]* @p_str77, i32 0, i32 0, i32 0, i32 0, [1 x i8]* @p_str77, [1 x i8]* @p_str77)"   --->   Operation 273 'specinterface' <Predicate = true> <Delay = 0.00>
ST_4 : Operation 274 [1/1] (0.00ns)   --->   "call void (...)* @_ssdm_op_SpecInterface(i32* %layer117_out_125_V_V, [5 x i8]* @p_str, i32 1, i32 1, [5 x i8]* @p_str76, i32 0, i32 0, [1 x i8]* @p_str77, [1 x i8]* @p_str77, [1 x i8]* @p_str77, i32 0, i32 0, i32 0, i32 0, [1 x i8]* @p_str77, [1 x i8]* @p_str77)"   --->   Operation 274 'specinterface' <Predicate = true> <Delay = 0.00>
ST_4 : Operation 275 [1/1] (0.00ns)   --->   "call void (...)* @_ssdm_op_SpecInterface(i32* %layer117_out_126_V_V, [5 x i8]* @p_str, i32 1, i32 1, [5 x i8]* @p_str76, i32 0, i32 0, [1 x i8]* @p_str77, [1 x i8]* @p_str77, [1 x i8]* @p_str77, i32 0, i32 0, i32 0, i32 0, [1 x i8]* @p_str77, [1 x i8]* @p_str77)"   --->   Operation 275 'specinterface' <Predicate = true> <Delay = 0.00>
ST_4 : Operation 276 [1/1] (0.00ns)   --->   "call void (...)* @_ssdm_op_SpecInterface(i32* %layer117_out_127_V_V, [5 x i8]* @p_str, i32 1, i32 1, [5 x i8]* @p_str76, i32 0, i32 0, [1 x i8]* @p_str77, [1 x i8]* @p_str77, [1 x i8]* @p_str77, i32 0, i32 0, i32 0, i32 0, [1 x i8]* @p_str77, [1 x i8]* @p_str77)"   --->   Operation 276 'specinterface' <Predicate = true> <Delay = 0.00>
ST_4 : Operation 277 [1/1] (0.00ns)   --->   "ret void" [firmware/myproject.cpp:121]   --->   Operation 277 'ret' <Predicate = true> <Delay = 0.00>


============================================================
+ Verbose Summary: Timing violations
============================================================
Target clock period: 5ns, clock uncertainty: 0.625ns.

 <State 1>: 0ns
The critical path consists of the following:

 <State 2>: 0ns
The critical path consists of the following:

 <State 3>: 0ns
The critical path consists of the following:

 <State 4>: 0ns
The critical path consists of the following:


============================================================
+ Verbose Summary: Binding
============================================================
N/A
* FSMD analyzer results:
  - Output states:
 - Input state : 
  - Chain level:
	State 1
	State 2
	State 3
	State 4


============================================================
+ Verbose Summary: Datapath Resource usage 
============================================================
N/A
