

================================================================
== Vivado HLS Report for 'myproject'
================================================================
* Date:           Sat Dec 24 02:50:25 2022

* Version:        2019.2 (Build 2704478 on Wed Nov 06 22:10:23 MST 2019)
* Project:        myproject_prj
* Solution:       solution1
* Product family: virtexuplus
* Target device:  xcu50-fsvh2104-2L-e


================================================================
== Performance Estimates
================================================================
+ Timing: 
    * Summary: 
    +--------+---------+----------+------------+
    |  Clock |  Target | Estimated| Uncertainty|
    +--------+---------+----------+------------+
    |ap_clk  | 5.00 ns | 3.865 ns |   0.62 ns  |
    +--------+---------+----------+------------+

+ Latency: 
    * Summary: 
    +---------+---------+-----------+-----------+------+------+----------+
    |  Latency (cycles) |   Latency (absolute)  |   Interval  | Pipeline |
    |   min   |   max   |    min    |    max    |  min |  max |   Type   |
    +---------+---------+-----------+-----------+------+------+----------+
    |     3117|     3117| 15.585 us | 15.585 us |  3118|  3118| dataflow |
    +---------+---------+-----------+-----------+------+------+----------+

    + Detail: 
        * Instance: 
        +-------------------------------------------------------------+---------------------------------------------------+---------+---------+-----------+-----------+------+------+---------+
        |                                                             |                                                   |  Latency (cycles) |   Latency (absolute)  |   Interval  | Pipeline|
        |                           Instance                          |                       Module                      |   min   |   max   |    min    |    max    |  min |  max |   Type  |
        +-------------------------------------------------------------+---------------------------------------------------+---------+---------+-----------+-----------+------+------+---------+
        |grp_film_switch_ap_fixed_ap_fixed_ap_fixed_config42_s_fu_90  |film_switch_ap_fixed_ap_fixed_ap_fixed_config42_s  |     3117|     3117| 15.585 us | 15.585 us |  3117|  3117|   none  |
        +-------------------------------------------------------------+---------------------------------------------------+---------+---------+-----------+-----------+------+------+---------+

        * Loop: 
        N/A

============================================================
+ Verbose Summary: Synthesis Manager
============================================================
InlineROM: 1
ExposeGlobal: 0
============================================================
+ Verbose Summary: CDFG Model
============================================================
IsTopModel: 1
ResetActiveHigh: 1
IsCombinational: 2
IsDatapathOnly: 0
HasWiredReturn: 1
HasMFsm: 0
HasVarLatency: 1
IsPipeline: 0
IsRtlPipelined: 0
IsInstanceOverlapped: 0
IsDontTouch: 0
HasImplIP: 0
IsGatedGlobalClock: 0


============================================================
+ Verbose Summary: Schedule
============================================================
* Number of FSM states : 4
* Pipeline : 0
* Dataflow Pipeline: 1
  DF-Pipeline-0: Size = 4, States = { 1 2 3 4 }

* FSM state transitions: 
1 --> 2 
2 --> 3 
3 --> 4 
4 --> 

* FSM state operations: 

State 1 <SV = 0> <Delay = 0.00>

State 2 <SV = 1> <Delay = 0.00>
ST_2 : Operation 5 [2/2] (0.00ns)   --->   "call fastcc void @"film_switch<ap_fixed,ap_fixed,ap_fixed,config42>"(i32* %em_barrel_0_V_V, i32* %em_barrel_1_V_V, i32* %em_barrel_2_V_V, i32* %em_barrel_3_V_V, i32* %em_barrel_4_V_V, i32* %em_barrel_5_V_V, i32* %em_barrel_6_V_V, i32* %em_barrel_7_V_V, i32* %em_barrel_8_V_V, i32* %em_barrel_9_V_V, i32* %em_barrel_10_V_V, i32* %em_barrel_11_V_V, i32* %em_barrel_12_V_V, i32* %em_barrel_13_V_V, i32* %em_barrel_14_V_V, i32* %em_barrel_15_V_V, i32* %scalars_0_V_V, i32* %layer102_out_0_V_V, i32* %layer102_out_1_V_V, i32* %layer102_out_2_V_V, i32* %layer102_out_3_V_V, i32* %layer102_out_4_V_V, i32* %layer102_out_5_V_V, i32* %layer102_out_6_V_V, i32* %layer102_out_7_V_V, i32* %layer102_out_8_V_V, i32* %layer102_out_9_V_V, i32* %layer102_out_10_V_V, i32* %layer102_out_11_V_V, i32* %layer102_out_12_V_V, i32* %layer102_out_13_V_V, i32* %layer102_out_14_V_V, i32* %layer102_out_15_V_V)" [firmware/myproject.cpp:119]   --->   Operation 5 'call' <Predicate = true> <Delay = 0.00> <CoreType = "Generic">   --->   Core 0 '' <Latency = 0> <II = 1> <Delay = 1.00> <Generic> <Opcode : >

State 3 <SV = 2> <Delay = 0.00>
ST_3 : Operation 6 [1/2] (0.00ns)   --->   "call fastcc void @"film_switch<ap_fixed,ap_fixed,ap_fixed,config42>"(i32* %em_barrel_0_V_V, i32* %em_barrel_1_V_V, i32* %em_barrel_2_V_V, i32* %em_barrel_3_V_V, i32* %em_barrel_4_V_V, i32* %em_barrel_5_V_V, i32* %em_barrel_6_V_V, i32* %em_barrel_7_V_V, i32* %em_barrel_8_V_V, i32* %em_barrel_9_V_V, i32* %em_barrel_10_V_V, i32* %em_barrel_11_V_V, i32* %em_barrel_12_V_V, i32* %em_barrel_13_V_V, i32* %em_barrel_14_V_V, i32* %em_barrel_15_V_V, i32* %scalars_0_V_V, i32* %layer102_out_0_V_V, i32* %layer102_out_1_V_V, i32* %layer102_out_2_V_V, i32* %layer102_out_3_V_V, i32* %layer102_out_4_V_V, i32* %layer102_out_5_V_V, i32* %layer102_out_6_V_V, i32* %layer102_out_7_V_V, i32* %layer102_out_8_V_V, i32* %layer102_out_9_V_V, i32* %layer102_out_10_V_V, i32* %layer102_out_11_V_V, i32* %layer102_out_12_V_V, i32* %layer102_out_13_V_V, i32* %layer102_out_14_V_V, i32* %layer102_out_15_V_V)" [firmware/myproject.cpp:119]   --->   Operation 6 'call' <Predicate = true> <Delay = 0.00> <CoreType = "Generic">   --->   Core 0 '' <Latency = 0> <II = 1> <Delay = 1.00> <Generic> <Opcode : >

State 4 <SV = 3> <Delay = 0.00>
ST_4 : Operation 7 [1/1] (0.00ns)   --->   "call void (...)* @_ssdm_op_SpecDataflowPipeline(i32 -1, i32 0, [1 x i8]* @p_str77) nounwind" [firmware/myproject.cpp:31]   --->   Operation 7 'specdataflowpipeline' <Predicate = true> <Delay = 0.00>
ST_4 : Operation 8 [1/1] (0.00ns)   --->   "call void (...)* @_ssdm_op_SpecBitsMap(i32* %layer102_out_15_V_V), !map !502"   --->   Operation 8 'specbitsmap' <Predicate = true> <Delay = 0.00>
ST_4 : Operation 9 [1/1] (0.00ns)   --->   "call void (...)* @_ssdm_op_SpecBitsMap(i32* %layer102_out_14_V_V), !map !508"   --->   Operation 9 'specbitsmap' <Predicate = true> <Delay = 0.00>
ST_4 : Operation 10 [1/1] (0.00ns)   --->   "call void (...)* @_ssdm_op_SpecBitsMap(i32* %layer102_out_13_V_V), !map !514"   --->   Operation 10 'specbitsmap' <Predicate = true> <Delay = 0.00>
ST_4 : Operation 11 [1/1] (0.00ns)   --->   "call void (...)* @_ssdm_op_SpecBitsMap(i32* %layer102_out_12_V_V), !map !520"   --->   Operation 11 'specbitsmap' <Predicate = true> <Delay = 0.00>
ST_4 : Operation 12 [1/1] (0.00ns)   --->   "call void (...)* @_ssdm_op_SpecBitsMap(i32* %layer102_out_11_V_V), !map !526"   --->   Operation 12 'specbitsmap' <Predicate = true> <Delay = 0.00>
ST_4 : Operation 13 [1/1] (0.00ns)   --->   "call void (...)* @_ssdm_op_SpecBitsMap(i32* %layer102_out_10_V_V), !map !532"   --->   Operation 13 'specbitsmap' <Predicate = true> <Delay = 0.00>
ST_4 : Operation 14 [1/1] (0.00ns)   --->   "call void (...)* @_ssdm_op_SpecBitsMap(i32* %layer102_out_9_V_V), !map !538"   --->   Operation 14 'specbitsmap' <Predicate = true> <Delay = 0.00>
ST_4 : Operation 15 [1/1] (0.00ns)   --->   "call void (...)* @_ssdm_op_SpecBitsMap(i32* %layer102_out_8_V_V), !map !544"   --->   Operation 15 'specbitsmap' <Predicate = true> <Delay = 0.00>
ST_4 : Operation 16 [1/1] (0.00ns)   --->   "call void (...)* @_ssdm_op_SpecBitsMap(i32* %layer102_out_7_V_V), !map !550"   --->   Operation 16 'specbitsmap' <Predicate = true> <Delay = 0.00>
ST_4 : Operation 17 [1/1] (0.00ns)   --->   "call void (...)* @_ssdm_op_SpecBitsMap(i32* %layer102_out_6_V_V), !map !556"   --->   Operation 17 'specbitsmap' <Predicate = true> <Delay = 0.00>
ST_4 : Operation 18 [1/1] (0.00ns)   --->   "call void (...)* @_ssdm_op_SpecBitsMap(i32* %layer102_out_5_V_V), !map !562"   --->   Operation 18 'specbitsmap' <Predicate = true> <Delay = 0.00>
ST_4 : Operation 19 [1/1] (0.00ns)   --->   "call void (...)* @_ssdm_op_SpecBitsMap(i32* %layer102_out_4_V_V), !map !568"   --->   Operation 19 'specbitsmap' <Predicate = true> <Delay = 0.00>
ST_4 : Operation 20 [1/1] (0.00ns)   --->   "call void (...)* @_ssdm_op_SpecBitsMap(i32* %layer102_out_3_V_V), !map !574"   --->   Operation 20 'specbitsmap' <Predicate = true> <Delay = 0.00>
ST_4 : Operation 21 [1/1] (0.00ns)   --->   "call void (...)* @_ssdm_op_SpecBitsMap(i32* %layer102_out_2_V_V), !map !580"   --->   Operation 21 'specbitsmap' <Predicate = true> <Delay = 0.00>
ST_4 : Operation 22 [1/1] (0.00ns)   --->   "call void (...)* @_ssdm_op_SpecBitsMap(i32* %layer102_out_1_V_V), !map !586"   --->   Operation 22 'specbitsmap' <Predicate = true> <Delay = 0.00>
ST_4 : Operation 23 [1/1] (0.00ns)   --->   "call void (...)* @_ssdm_op_SpecBitsMap(i32* %layer102_out_0_V_V), !map !592"   --->   Operation 23 'specbitsmap' <Predicate = true> <Delay = 0.00>
ST_4 : Operation 24 [1/1] (0.00ns)   --->   "call void (...)* @_ssdm_op_SpecBitsMap(i32* %scalars_0_V_V), !map !598"   --->   Operation 24 'specbitsmap' <Predicate = true> <Delay = 0.00>
ST_4 : Operation 25 [1/1] (0.00ns)   --->   "call void (...)* @_ssdm_op_SpecBitsMap(i32* %em_barrel_15_V_V), !map !602"   --->   Operation 25 'specbitsmap' <Predicate = true> <Delay = 0.00>
ST_4 : Operation 26 [1/1] (0.00ns)   --->   "call void (...)* @_ssdm_op_SpecBitsMap(i32* %em_barrel_14_V_V), !map !606"   --->   Operation 26 'specbitsmap' <Predicate = true> <Delay = 0.00>
ST_4 : Operation 27 [1/1] (0.00ns)   --->   "call void (...)* @_ssdm_op_SpecBitsMap(i32* %em_barrel_13_V_V), !map !610"   --->   Operation 27 'specbitsmap' <Predicate = true> <Delay = 0.00>
ST_4 : Operation 28 [1/1] (0.00ns)   --->   "call void (...)* @_ssdm_op_SpecBitsMap(i32* %em_barrel_12_V_V), !map !614"   --->   Operation 28 'specbitsmap' <Predicate = true> <Delay = 0.00>
ST_4 : Operation 29 [1/1] (0.00ns)   --->   "call void (...)* @_ssdm_op_SpecBitsMap(i32* %em_barrel_11_V_V), !map !618"   --->   Operation 29 'specbitsmap' <Predicate = true> <Delay = 0.00>
ST_4 : Operation 30 [1/1] (0.00ns)   --->   "call void (...)* @_ssdm_op_SpecBitsMap(i32* %em_barrel_10_V_V), !map !622"   --->   Operation 30 'specbitsmap' <Predicate = true> <Delay = 0.00>
ST_4 : Operation 31 [1/1] (0.00ns)   --->   "call void (...)* @_ssdm_op_SpecBitsMap(i32* %em_barrel_9_V_V), !map !626"   --->   Operation 31 'specbitsmap' <Predicate = true> <Delay = 0.00>
ST_4 : Operation 32 [1/1] (0.00ns)   --->   "call void (...)* @_ssdm_op_SpecBitsMap(i32* %em_barrel_8_V_V), !map !630"   --->   Operation 32 'specbitsmap' <Predicate = true> <Delay = 0.00>
ST_4 : Operation 33 [1/1] (0.00ns)   --->   "call void (...)* @_ssdm_op_SpecBitsMap(i32* %em_barrel_7_V_V), !map !634"   --->   Operation 33 'specbitsmap' <Predicate = true> <Delay = 0.00>
ST_4 : Operation 34 [1/1] (0.00ns)   --->   "call void (...)* @_ssdm_op_SpecBitsMap(i32* %em_barrel_6_V_V), !map !638"   --->   Operation 34 'specbitsmap' <Predicate = true> <Delay = 0.00>
ST_4 : Operation 35 [1/1] (0.00ns)   --->   "call void (...)* @_ssdm_op_SpecBitsMap(i32* %em_barrel_5_V_V), !map !642"   --->   Operation 35 'specbitsmap' <Predicate = true> <Delay = 0.00>
ST_4 : Operation 36 [1/1] (0.00ns)   --->   "call void (...)* @_ssdm_op_SpecBitsMap(i32* %em_barrel_4_V_V), !map !646"   --->   Operation 36 'specbitsmap' <Predicate = true> <Delay = 0.00>
ST_4 : Operation 37 [1/1] (0.00ns)   --->   "call void (...)* @_ssdm_op_SpecBitsMap(i32* %em_barrel_3_V_V), !map !650"   --->   Operation 37 'specbitsmap' <Predicate = true> <Delay = 0.00>
ST_4 : Operation 38 [1/1] (0.00ns)   --->   "call void (...)* @_ssdm_op_SpecBitsMap(i32* %em_barrel_2_V_V), !map !654"   --->   Operation 38 'specbitsmap' <Predicate = true> <Delay = 0.00>
ST_4 : Operation 39 [1/1] (0.00ns)   --->   "call void (...)* @_ssdm_op_SpecBitsMap(i32* %em_barrel_1_V_V), !map !658"   --->   Operation 39 'specbitsmap' <Predicate = true> <Delay = 0.00>
ST_4 : Operation 40 [1/1] (0.00ns)   --->   "call void (...)* @_ssdm_op_SpecBitsMap(i32* %em_barrel_0_V_V), !map !662"   --->   Operation 40 'specbitsmap' <Predicate = true> <Delay = 0.00>
ST_4 : Operation 41 [1/1] (0.00ns)   --->   "call void (...)* @_ssdm_op_SpecTopModule([10 x i8]* @myproject_str) nounwind"   --->   Operation 41 'spectopmodule' <Predicate = true> <Delay = 0.00>
ST_4 : Operation 42 [1/1] (0.00ns)   --->   "call void (...)* @_ssdm_op_SpecInterface(i32* %em_barrel_0_V_V, [5 x i8]* @p_str, i32 1, i32 1, [5 x i8]* @p_str76, i32 0, i32 0, [1 x i8]* @p_str77, [1 x i8]* @p_str77, [1 x i8]* @p_str77, i32 0, i32 0, i32 0, i32 0, [1 x i8]* @p_str77, [1 x i8]* @p_str77)"   --->   Operation 42 'specinterface' <Predicate = true> <Delay = 0.00>
ST_4 : Operation 43 [1/1] (0.00ns)   --->   "call void (...)* @_ssdm_op_SpecInterface(i32* %em_barrel_1_V_V, [5 x i8]* @p_str, i32 1, i32 1, [5 x i8]* @p_str76, i32 0, i32 0, [1 x i8]* @p_str77, [1 x i8]* @p_str77, [1 x i8]* @p_str77, i32 0, i32 0, i32 0, i32 0, [1 x i8]* @p_str77, [1 x i8]* @p_str77)"   --->   Operation 43 'specinterface' <Predicate = true> <Delay = 0.00>
ST_4 : Operation 44 [1/1] (0.00ns)   --->   "call void (...)* @_ssdm_op_SpecInterface(i32* %em_barrel_2_V_V, [5 x i8]* @p_str, i32 1, i32 1, [5 x i8]* @p_str76, i32 0, i32 0, [1 x i8]* @p_str77, [1 x i8]* @p_str77, [1 x i8]* @p_str77, i32 0, i32 0, i32 0, i32 0, [1 x i8]* @p_str77, [1 x i8]* @p_str77)"   --->   Operation 44 'specinterface' <Predicate = true> <Delay = 0.00>
ST_4 : Operation 45 [1/1] (0.00ns)   --->   "call void (...)* @_ssdm_op_SpecInterface(i32* %em_barrel_3_V_V, [5 x i8]* @p_str, i32 1, i32 1, [5 x i8]* @p_str76, i32 0, i32 0, [1 x i8]* @p_str77, [1 x i8]* @p_str77, [1 x i8]* @p_str77, i32 0, i32 0, i32 0, i32 0, [1 x i8]* @p_str77, [1 x i8]* @p_str77)"   --->   Operation 45 'specinterface' <Predicate = true> <Delay = 0.00>
ST_4 : Operation 46 [1/1] (0.00ns)   --->   "call void (...)* @_ssdm_op_SpecInterface(i32* %em_barrel_4_V_V, [5 x i8]* @p_str, i32 1, i32 1, [5 x i8]* @p_str76, i32 0, i32 0, [1 x i8]* @p_str77, [1 x i8]* @p_str77, [1 x i8]* @p_str77, i32 0, i32 0, i32 0, i32 0, [1 x i8]* @p_str77, [1 x i8]* @p_str77)"   --->   Operation 46 'specinterface' <Predicate = true> <Delay = 0.00>
ST_4 : Operation 47 [1/1] (0.00ns)   --->   "call void (...)* @_ssdm_op_SpecInterface(i32* %em_barrel_5_V_V, [5 x i8]* @p_str, i32 1, i32 1, [5 x i8]* @p_str76, i32 0, i32 0, [1 x i8]* @p_str77, [1 x i8]* @p_str77, [1 x i8]* @p_str77, i32 0, i32 0, i32 0, i32 0, [1 x i8]* @p_str77, [1 x i8]* @p_str77)"   --->   Operation 47 'specinterface' <Predicate = true> <Delay = 0.00>
ST_4 : Operation 48 [1/1] (0.00ns)   --->   "call void (...)* @_ssdm_op_SpecInterface(i32* %em_barrel_6_V_V, [5 x i8]* @p_str, i32 1, i32 1, [5 x i8]* @p_str76, i32 0, i32 0, [1 x i8]* @p_str77, [1 x i8]* @p_str77, [1 x i8]* @p_str77, i32 0, i32 0, i32 0, i32 0, [1 x i8]* @p_str77, [1 x i8]* @p_str77)"   --->   Operation 48 'specinterface' <Predicate = true> <Delay = 0.00>
ST_4 : Operation 49 [1/1] (0.00ns)   --->   "call void (...)* @_ssdm_op_SpecInterface(i32* %em_barrel_7_V_V, [5 x i8]* @p_str, i32 1, i32 1, [5 x i8]* @p_str76, i32 0, i32 0, [1 x i8]* @p_str77, [1 x i8]* @p_str77, [1 x i8]* @p_str77, i32 0, i32 0, i32 0, i32 0, [1 x i8]* @p_str77, [1 x i8]* @p_str77)"   --->   Operation 49 'specinterface' <Predicate = true> <Delay = 0.00>
ST_4 : Operation 50 [1/1] (0.00ns)   --->   "call void (...)* @_ssdm_op_SpecInterface(i32* %em_barrel_8_V_V, [5 x i8]* @p_str, i32 1, i32 1, [5 x i8]* @p_str76, i32 0, i32 0, [1 x i8]* @p_str77, [1 x i8]* @p_str77, [1 x i8]* @p_str77, i32 0, i32 0, i32 0, i32 0, [1 x i8]* @p_str77, [1 x i8]* @p_str77)"   --->   Operation 50 'specinterface' <Predicate = true> <Delay = 0.00>
ST_4 : Operation 51 [1/1] (0.00ns)   --->   "call void (...)* @_ssdm_op_SpecInterface(i32* %em_barrel_9_V_V, [5 x i8]* @p_str, i32 1, i32 1, [5 x i8]* @p_str76, i32 0, i32 0, [1 x i8]* @p_str77, [1 x i8]* @p_str77, [1 x i8]* @p_str77, i32 0, i32 0, i32 0, i32 0, [1 x i8]* @p_str77, [1 x i8]* @p_str77)"   --->   Operation 51 'specinterface' <Predicate = true> <Delay = 0.00>
ST_4 : Operation 52 [1/1] (0.00ns)   --->   "call void (...)* @_ssdm_op_SpecInterface(i32* %em_barrel_10_V_V, [5 x i8]* @p_str, i32 1, i32 1, [5 x i8]* @p_str76, i32 0, i32 0, [1 x i8]* @p_str77, [1 x i8]* @p_str77, [1 x i8]* @p_str77, i32 0, i32 0, i32 0, i32 0, [1 x i8]* @p_str77, [1 x i8]* @p_str77)"   --->   Operation 52 'specinterface' <Predicate = true> <Delay = 0.00>
ST_4 : Operation 53 [1/1] (0.00ns)   --->   "call void (...)* @_ssdm_op_SpecInterface(i32* %em_barrel_11_V_V, [5 x i8]* @p_str, i32 1, i32 1, [5 x i8]* @p_str76, i32 0, i32 0, [1 x i8]* @p_str77, [1 x i8]* @p_str77, [1 x i8]* @p_str77, i32 0, i32 0, i32 0, i32 0, [1 x i8]* @p_str77, [1 x i8]* @p_str77)"   --->   Operation 53 'specinterface' <Predicate = true> <Delay = 0.00>
ST_4 : Operation 54 [1/1] (0.00ns)   --->   "call void (...)* @_ssdm_op_SpecInterface(i32* %em_barrel_12_V_V, [5 x i8]* @p_str, i32 1, i32 1, [5 x i8]* @p_str76, i32 0, i32 0, [1 x i8]* @p_str77, [1 x i8]* @p_str77, [1 x i8]* @p_str77, i32 0, i32 0, i32 0, i32 0, [1 x i8]* @p_str77, [1 x i8]* @p_str77)"   --->   Operation 54 'specinterface' <Predicate = true> <Delay = 0.00>
ST_4 : Operation 55 [1/1] (0.00ns)   --->   "call void (...)* @_ssdm_op_SpecInterface(i32* %em_barrel_13_V_V, [5 x i8]* @p_str, i32 1, i32 1, [5 x i8]* @p_str76, i32 0, i32 0, [1 x i8]* @p_str77, [1 x i8]* @p_str77, [1 x i8]* @p_str77, i32 0, i32 0, i32 0, i32 0, [1 x i8]* @p_str77, [1 x i8]* @p_str77)"   --->   Operation 55 'specinterface' <Predicate = true> <Delay = 0.00>
ST_4 : Operation 56 [1/1] (0.00ns)   --->   "call void (...)* @_ssdm_op_SpecInterface(i32* %em_barrel_14_V_V, [5 x i8]* @p_str, i32 1, i32 1, [5 x i8]* @p_str76, i32 0, i32 0, [1 x i8]* @p_str77, [1 x i8]* @p_str77, [1 x i8]* @p_str77, i32 0, i32 0, i32 0, i32 0, [1 x i8]* @p_str77, [1 x i8]* @p_str77)"   --->   Operation 56 'specinterface' <Predicate = true> <Delay = 0.00>
ST_4 : Operation 57 [1/1] (0.00ns)   --->   "call void (...)* @_ssdm_op_SpecInterface(i32* %em_barrel_15_V_V, [5 x i8]* @p_str, i32 1, i32 1, [5 x i8]* @p_str76, i32 0, i32 0, [1 x i8]* @p_str77, [1 x i8]* @p_str77, [1 x i8]* @p_str77, i32 0, i32 0, i32 0, i32 0, [1 x i8]* @p_str77, [1 x i8]* @p_str77)"   --->   Operation 57 'specinterface' <Predicate = true> <Delay = 0.00>
ST_4 : Operation 58 [1/1] (0.00ns)   --->   "call void (...)* @_ssdm_op_SpecInterface(i32* %scalars_0_V_V, [5 x i8]* @p_str, i32 1, i32 1, [5 x i8]* @p_str76, i32 0, i32 0, [1 x i8]* @p_str77, [1 x i8]* @p_str77, [1 x i8]* @p_str77, i32 0, i32 0, i32 0, i32 0, [1 x i8]* @p_str77, [1 x i8]* @p_str77)"   --->   Operation 58 'specinterface' <Predicate = true> <Delay = 0.00>
ST_4 : Operation 59 [1/1] (0.00ns)   --->   "call void (...)* @_ssdm_op_SpecInterface(i32* %layer102_out_0_V_V, [5 x i8]* @p_str, i32 1, i32 1, [5 x i8]* @p_str76, i32 0, i32 0, [1 x i8]* @p_str77, [1 x i8]* @p_str77, [1 x i8]* @p_str77, i32 0, i32 0, i32 0, i32 0, [1 x i8]* @p_str77, [1 x i8]* @p_str77)"   --->   Operation 59 'specinterface' <Predicate = true> <Delay = 0.00>
ST_4 : Operation 60 [1/1] (0.00ns)   --->   "call void (...)* @_ssdm_op_SpecInterface(i32* %layer102_out_1_V_V, [5 x i8]* @p_str, i32 1, i32 1, [5 x i8]* @p_str76, i32 0, i32 0, [1 x i8]* @p_str77, [1 x i8]* @p_str77, [1 x i8]* @p_str77, i32 0, i32 0, i32 0, i32 0, [1 x i8]* @p_str77, [1 x i8]* @p_str77)"   --->   Operation 60 'specinterface' <Predicate = true> <Delay = 0.00>
ST_4 : Operation 61 [1/1] (0.00ns)   --->   "call void (...)* @_ssdm_op_SpecInterface(i32* %layer102_out_2_V_V, [5 x i8]* @p_str, i32 1, i32 1, [5 x i8]* @p_str76, i32 0, i32 0, [1 x i8]* @p_str77, [1 x i8]* @p_str77, [1 x i8]* @p_str77, i32 0, i32 0, i32 0, i32 0, [1 x i8]* @p_str77, [1 x i8]* @p_str77)"   --->   Operation 61 'specinterface' <Predicate = true> <Delay = 0.00>
ST_4 : Operation 62 [1/1] (0.00ns)   --->   "call void (...)* @_ssdm_op_SpecInterface(i32* %layer102_out_3_V_V, [5 x i8]* @p_str, i32 1, i32 1, [5 x i8]* @p_str76, i32 0, i32 0, [1 x i8]* @p_str77, [1 x i8]* @p_str77, [1 x i8]* @p_str77, i32 0, i32 0, i32 0, i32 0, [1 x i8]* @p_str77, [1 x i8]* @p_str77)"   --->   Operation 62 'specinterface' <Predicate = true> <Delay = 0.00>
ST_4 : Operation 63 [1/1] (0.00ns)   --->   "call void (...)* @_ssdm_op_SpecInterface(i32* %layer102_out_4_V_V, [5 x i8]* @p_str, i32 1, i32 1, [5 x i8]* @p_str76, i32 0, i32 0, [1 x i8]* @p_str77, [1 x i8]* @p_str77, [1 x i8]* @p_str77, i32 0, i32 0, i32 0, i32 0, [1 x i8]* @p_str77, [1 x i8]* @p_str77)"   --->   Operation 63 'specinterface' <Predicate = true> <Delay = 0.00>
ST_4 : Operation 64 [1/1] (0.00ns)   --->   "call void (...)* @_ssdm_op_SpecInterface(i32* %layer102_out_5_V_V, [5 x i8]* @p_str, i32 1, i32 1, [5 x i8]* @p_str76, i32 0, i32 0, [1 x i8]* @p_str77, [1 x i8]* @p_str77, [1 x i8]* @p_str77, i32 0, i32 0, i32 0, i32 0, [1 x i8]* @p_str77, [1 x i8]* @p_str77)"   --->   Operation 64 'specinterface' <Predicate = true> <Delay = 0.00>
ST_4 : Operation 65 [1/1] (0.00ns)   --->   "call void (...)* @_ssdm_op_SpecInterface(i32* %layer102_out_6_V_V, [5 x i8]* @p_str, i32 1, i32 1, [5 x i8]* @p_str76, i32 0, i32 0, [1 x i8]* @p_str77, [1 x i8]* @p_str77, [1 x i8]* @p_str77, i32 0, i32 0, i32 0, i32 0, [1 x i8]* @p_str77, [1 x i8]* @p_str77)"   --->   Operation 65 'specinterface' <Predicate = true> <Delay = 0.00>
ST_4 : Operation 66 [1/1] (0.00ns)   --->   "call void (...)* @_ssdm_op_SpecInterface(i32* %layer102_out_7_V_V, [5 x i8]* @p_str, i32 1, i32 1, [5 x i8]* @p_str76, i32 0, i32 0, [1 x i8]* @p_str77, [1 x i8]* @p_str77, [1 x i8]* @p_str77, i32 0, i32 0, i32 0, i32 0, [1 x i8]* @p_str77, [1 x i8]* @p_str77)"   --->   Operation 66 'specinterface' <Predicate = true> <Delay = 0.00>
ST_4 : Operation 67 [1/1] (0.00ns)   --->   "call void (...)* @_ssdm_op_SpecInterface(i32* %layer102_out_8_V_V, [5 x i8]* @p_str, i32 1, i32 1, [5 x i8]* @p_str76, i32 0, i32 0, [1 x i8]* @p_str77, [1 x i8]* @p_str77, [1 x i8]* @p_str77, i32 0, i32 0, i32 0, i32 0, [1 x i8]* @p_str77, [1 x i8]* @p_str77)"   --->   Operation 67 'specinterface' <Predicate = true> <Delay = 0.00>
ST_4 : Operation 68 [1/1] (0.00ns)   --->   "call void (...)* @_ssdm_op_SpecInterface(i32* %layer102_out_9_V_V, [5 x i8]* @p_str, i32 1, i32 1, [5 x i8]* @p_str76, i32 0, i32 0, [1 x i8]* @p_str77, [1 x i8]* @p_str77, [1 x i8]* @p_str77, i32 0, i32 0, i32 0, i32 0, [1 x i8]* @p_str77, [1 x i8]* @p_str77)"   --->   Operation 68 'specinterface' <Predicate = true> <Delay = 0.00>
ST_4 : Operation 69 [1/1] (0.00ns)   --->   "call void (...)* @_ssdm_op_SpecInterface(i32* %layer102_out_10_V_V, [5 x i8]* @p_str, i32 1, i32 1, [5 x i8]* @p_str76, i32 0, i32 0, [1 x i8]* @p_str77, [1 x i8]* @p_str77, [1 x i8]* @p_str77, i32 0, i32 0, i32 0, i32 0, [1 x i8]* @p_str77, [1 x i8]* @p_str77)"   --->   Operation 69 'specinterface' <Predicate = true> <Delay = 0.00>
ST_4 : Operation 70 [1/1] (0.00ns)   --->   "call void (...)* @_ssdm_op_SpecInterface(i32* %layer102_out_11_V_V, [5 x i8]* @p_str, i32 1, i32 1, [5 x i8]* @p_str76, i32 0, i32 0, [1 x i8]* @p_str77, [1 x i8]* @p_str77, [1 x i8]* @p_str77, i32 0, i32 0, i32 0, i32 0, [1 x i8]* @p_str77, [1 x i8]* @p_str77)"   --->   Operation 70 'specinterface' <Predicate = true> <Delay = 0.00>
ST_4 : Operation 71 [1/1] (0.00ns)   --->   "call void (...)* @_ssdm_op_SpecInterface(i32* %layer102_out_12_V_V, [5 x i8]* @p_str, i32 1, i32 1, [5 x i8]* @p_str76, i32 0, i32 0, [1 x i8]* @p_str77, [1 x i8]* @p_str77, [1 x i8]* @p_str77, i32 0, i32 0, i32 0, i32 0, [1 x i8]* @p_str77, [1 x i8]* @p_str77)"   --->   Operation 71 'specinterface' <Predicate = true> <Delay = 0.00>
ST_4 : Operation 72 [1/1] (0.00ns)   --->   "call void (...)* @_ssdm_op_SpecInterface(i32* %layer102_out_13_V_V, [5 x i8]* @p_str, i32 1, i32 1, [5 x i8]* @p_str76, i32 0, i32 0, [1 x i8]* @p_str77, [1 x i8]* @p_str77, [1 x i8]* @p_str77, i32 0, i32 0, i32 0, i32 0, [1 x i8]* @p_str77, [1 x i8]* @p_str77)"   --->   Operation 72 'specinterface' <Predicate = true> <Delay = 0.00>
ST_4 : Operation 73 [1/1] (0.00ns)   --->   "call void (...)* @_ssdm_op_SpecInterface(i32* %layer102_out_14_V_V, [5 x i8]* @p_str, i32 1, i32 1, [5 x i8]* @p_str76, i32 0, i32 0, [1 x i8]* @p_str77, [1 x i8]* @p_str77, [1 x i8]* @p_str77, i32 0, i32 0, i32 0, i32 0, [1 x i8]* @p_str77, [1 x i8]* @p_str77)"   --->   Operation 73 'specinterface' <Predicate = true> <Delay = 0.00>
ST_4 : Operation 74 [1/1] (0.00ns)   --->   "call void (...)* @_ssdm_op_SpecInterface(i32* %layer102_out_15_V_V, [5 x i8]* @p_str, i32 1, i32 1, [5 x i8]* @p_str76, i32 0, i32 0, [1 x i8]* @p_str77, [1 x i8]* @p_str77, [1 x i8]* @p_str77, i32 0, i32 0, i32 0, i32 0, [1 x i8]* @p_str77, [1 x i8]* @p_str77)"   --->   Operation 74 'specinterface' <Predicate = true> <Delay = 0.00>
ST_4 : Operation 75 [1/1] (0.00ns)   --->   "ret void" [firmware/myproject.cpp:120]   --->   Operation 75 'ret' <Predicate = true> <Delay = 0.00>


============================================================
+ Verbose Summary: Binding
============================================================
STG Binding: 
---------------- STG Properties BEGIN ----------------
- Is combinational: 0
- Is one-state seq: 0
- Is datapath-only: 0
- Is pipelined: 0
- Is top level: 1
Port [ Return ] is wired: 1; IO mode=ap_ctrl_hs:ce=0
Port [ em_barrel_0_V_V]:  wired=1; compound=1; hidden=0; nouse=0; global=0; static=0; extern=0; dir=0; type=0; pingpong=0; private_global=0; IO mode=axis:ce=0
Port [ em_barrel_1_V_V]:  wired=1; compound=1; hidden=0; nouse=0; global=0; static=0; extern=0; dir=0; type=0; pingpong=0; private_global=0; IO mode=axis:ce=0
Port [ em_barrel_2_V_V]:  wired=1; compound=1; hidden=0; nouse=0; global=0; static=0; extern=0; dir=0; type=0; pingpong=0; private_global=0; IO mode=axis:ce=0
Port [ em_barrel_3_V_V]:  wired=1; compound=1; hidden=0; nouse=0; global=0; static=0; extern=0; dir=0; type=0; pingpong=0; private_global=0; IO mode=axis:ce=0
Port [ em_barrel_4_V_V]:  wired=1; compound=1; hidden=0; nouse=0; global=0; static=0; extern=0; dir=0; type=0; pingpong=0; private_global=0; IO mode=axis:ce=0
Port [ em_barrel_5_V_V]:  wired=1; compound=1; hidden=0; nouse=0; global=0; static=0; extern=0; dir=0; type=0; pingpong=0; private_global=0; IO mode=axis:ce=0
Port [ em_barrel_6_V_V]:  wired=1; compound=1; hidden=0; nouse=0; global=0; static=0; extern=0; dir=0; type=0; pingpong=0; private_global=0; IO mode=axis:ce=0
Port [ em_barrel_7_V_V]:  wired=1; compound=1; hidden=0; nouse=0; global=0; static=0; extern=0; dir=0; type=0; pingpong=0; private_global=0; IO mode=axis:ce=0
Port [ em_barrel_8_V_V]:  wired=1; compound=1; hidden=0; nouse=0; global=0; static=0; extern=0; dir=0; type=0; pingpong=0; private_global=0; IO mode=axis:ce=0
Port [ em_barrel_9_V_V]:  wired=1; compound=1; hidden=0; nouse=0; global=0; static=0; extern=0; dir=0; type=0; pingpong=0; private_global=0; IO mode=axis:ce=0
Port [ em_barrel_10_V_V]:  wired=1; compound=1; hidden=0; nouse=0; global=0; static=0; extern=0; dir=0; type=0; pingpong=0; private_global=0; IO mode=axis:ce=0
Port [ em_barrel_11_V_V]:  wired=1; compound=1; hidden=0; nouse=0; global=0; static=0; extern=0; dir=0; type=0; pingpong=0; private_global=0; IO mode=axis:ce=0
Port [ em_barrel_12_V_V]:  wired=1; compound=1; hidden=0; nouse=0; global=0; static=0; extern=0; dir=0; type=0; pingpong=0; private_global=0; IO mode=axis:ce=0
Port [ em_barrel_13_V_V]:  wired=1; compound=1; hidden=0; nouse=0; global=0; static=0; extern=0; dir=0; type=0; pingpong=0; private_global=0; IO mode=axis:ce=0
Port [ em_barrel_14_V_V]:  wired=1; compound=1; hidden=0; nouse=0; global=0; static=0; extern=0; dir=0; type=0; pingpong=0; private_global=0; IO mode=axis:ce=0
Port [ em_barrel_15_V_V]:  wired=1; compound=1; hidden=0; nouse=0; global=0; static=0; extern=0; dir=0; type=0; pingpong=0; private_global=0; IO mode=axis:ce=0
Port [ scalars_0_V_V]:  wired=1; compound=1; hidden=0; nouse=0; global=0; static=0; extern=0; dir=0; type=0; pingpong=0; private_global=0; IO mode=axis:ce=0
Port [ layer102_out_0_V_V]:  wired=1; compound=1; hidden=0; nouse=0; global=0; static=0; extern=0; dir=1; type=0; pingpong=0; private_global=0; IO mode=axis:ce=0
Port [ layer102_out_1_V_V]:  wired=1; compound=1; hidden=0; nouse=0; global=0; static=0; extern=0; dir=1; type=0; pingpong=0; private_global=0; IO mode=axis:ce=0
Port [ layer102_out_2_V_V]:  wired=1; compound=1; hidden=0; nouse=0; global=0; static=0; extern=0; dir=1; type=0; pingpong=0; private_global=0; IO mode=axis:ce=0
Port [ layer102_out_3_V_V]:  wired=1; compound=1; hidden=0; nouse=0; global=0; static=0; extern=0; dir=1; type=0; pingpong=0; private_global=0; IO mode=axis:ce=0
Port [ layer102_out_4_V_V]:  wired=1; compound=1; hidden=0; nouse=0; global=0; static=0; extern=0; dir=1; type=0; pingpong=0; private_global=0; IO mode=axis:ce=0
Port [ layer102_out_5_V_V]:  wired=1; compound=1; hidden=0; nouse=0; global=0; static=0; extern=0; dir=1; type=0; pingpong=0; private_global=0; IO mode=axis:ce=0
Port [ layer102_out_6_V_V]:  wired=1; compound=1; hidden=0; nouse=0; global=0; static=0; extern=0; dir=1; type=0; pingpong=0; private_global=0; IO mode=axis:ce=0
Port [ layer102_out_7_V_V]:  wired=1; compound=1; hidden=0; nouse=0; global=0; static=0; extern=0; dir=1; type=0; pingpong=0; private_global=0; IO mode=axis:ce=0
Port [ layer102_out_8_V_V]:  wired=1; compound=1; hidden=0; nouse=0; global=0; static=0; extern=0; dir=1; type=0; pingpong=0; private_global=0; IO mode=axis:ce=0
Port [ layer102_out_9_V_V]:  wired=1; compound=1; hidden=0; nouse=0; global=0; static=0; extern=0; dir=1; type=0; pingpong=0; private_global=0; IO mode=axis:ce=0
Port [ layer102_out_10_V_V]:  wired=1; compound=1; hidden=0; nouse=0; global=0; static=0; extern=0; dir=1; type=0; pingpong=0; private_global=0; IO mode=axis:ce=0
Port [ layer102_out_11_V_V]:  wired=1; compound=1; hidden=0; nouse=0; global=0; static=0; extern=0; dir=1; type=0; pingpong=0; private_global=0; IO mode=axis:ce=0
Port [ layer102_out_12_V_V]:  wired=1; compound=1; hidden=0; nouse=0; global=0; static=0; extern=0; dir=1; type=0; pingpong=0; private_global=0; IO mode=axis:ce=0
Port [ layer102_out_13_V_V]:  wired=1; compound=1; hidden=0; nouse=0; global=0; static=0; extern=0; dir=1; type=0; pingpong=0; private_global=0; IO mode=axis:ce=0
Port [ layer102_out_14_V_V]:  wired=1; compound=1; hidden=0; nouse=0; global=0; static=0; extern=0; dir=1; type=0; pingpong=0; private_global=0; IO mode=axis:ce=0
Port [ layer102_out_15_V_V]:  wired=1; compound=1; hidden=0; nouse=0; global=0; static=0; extern=0; dir=1; type=0; pingpong=0; private_global=0; IO mode=axis:ce=0
---------------- STG Properties END ------------------

---------------- Datapath Model BEGIN ----------------

<LifeTime>
<method=bitvector/>
call_ln119                (call                ) [ 00000]
specdataflowpipeline_ln31 (specdataflowpipeline) [ 00000]
specbitsmap_ln0           (specbitsmap         ) [ 00000]
specbitsmap_ln0           (specbitsmap         ) [ 00000]
specbitsmap_ln0           (specbitsmap         ) [ 00000]
specbitsmap_ln0           (specbitsmap         ) [ 00000]
specbitsmap_ln0           (specbitsmap         ) [ 00000]
specbitsmap_ln0           (specbitsmap         ) [ 00000]
specbitsmap_ln0           (specbitsmap         ) [ 00000]
specbitsmap_ln0           (specbitsmap         ) [ 00000]
specbitsmap_ln0           (specbitsmap         ) [ 00000]
specbitsmap_ln0           (specbitsmap         ) [ 00000]
specbitsmap_ln0           (specbitsmap         ) [ 00000]
specbitsmap_ln0           (specbitsmap         ) [ 00000]
specbitsmap_ln0           (specbitsmap         ) [ 00000]
specbitsmap_ln0           (specbitsmap         ) [ 00000]
specbitsmap_ln0           (specbitsmap         ) [ 00000]
specbitsmap_ln0           (specbitsmap         ) [ 00000]
specbitsmap_ln0           (specbitsmap         ) [ 00000]
specbitsmap_ln0           (specbitsmap         ) [ 00000]
specbitsmap_ln0           (specbitsmap         ) [ 00000]
specbitsmap_ln0           (specbitsmap         ) [ 00000]
specbitsmap_ln0           (specbitsmap         ) [ 00000]
specbitsmap_ln0           (specbitsmap         ) [ 00000]
specbitsmap_ln0           (specbitsmap         ) [ 00000]
specbitsmap_ln0           (specbitsmap         ) [ 00000]
specbitsmap_ln0           (specbitsmap         ) [ 00000]
specbitsmap_ln0           (specbitsmap         ) [ 00000]
specbitsmap_ln0           (specbitsmap         ) [ 00000]
specbitsmap_ln0           (specbitsmap         ) [ 00000]
specbitsmap_ln0           (specbitsmap         ) [ 00000]
specbitsmap_ln0           (specbitsmap         ) [ 00000]
specbitsmap_ln0           (specbitsmap         ) [ 00000]
specbitsmap_ln0           (specbitsmap         ) [ 00000]
specbitsmap_ln0           (specbitsmap         ) [ 00000]
spectopmodule_ln0         (spectopmodule       ) [ 00000]
specinterface_ln0         (specinterface       ) [ 00000]
specinterface_ln0         (specinterface       ) [ 00000]
specinterface_ln0         (specinterface       ) [ 00000]
specinterface_ln0         (specinterface       ) [ 00000]
specinterface_ln0         (specinterface       ) [ 00000]
specinterface_ln0         (specinterface       ) [ 00000]
specinterface_ln0         (specinterface       ) [ 00000]
specinterface_ln0         (specinterface       ) [ 00000]
specinterface_ln0         (specinterface       ) [ 00000]
specinterface_ln0         (specinterface       ) [ 00000]
specinterface_ln0         (specinterface       ) [ 00000]
specinterface_ln0         (specinterface       ) [ 00000]
specinterface_ln0         (specinterface       ) [ 00000]
specinterface_ln0         (specinterface       ) [ 00000]
specinterface_ln0         (specinterface       ) [ 00000]
specinterface_ln0         (specinterface       ) [ 00000]
specinterface_ln0         (specinterface       ) [ 00000]
specinterface_ln0         (specinterface       ) [ 00000]
specinterface_ln0         (specinterface       ) [ 00000]
specinterface_ln0         (specinterface       ) [ 00000]
specinterface_ln0         (specinterface       ) [ 00000]
specinterface_ln0         (specinterface       ) [ 00000]
specinterface_ln0         (specinterface       ) [ 00000]
specinterface_ln0         (specinterface       ) [ 00000]
specinterface_ln0         (specinterface       ) [ 00000]
specinterface_ln0         (specinterface       ) [ 00000]
specinterface_ln0         (specinterface       ) [ 00000]
specinterface_ln0         (specinterface       ) [ 00000]
specinterface_ln0         (specinterface       ) [ 00000]
specinterface_ln0         (specinterface       ) [ 00000]
specinterface_ln0         (specinterface       ) [ 00000]
specinterface_ln0         (specinterface       ) [ 00000]
specinterface_ln0         (specinterface       ) [ 00000]
ret_ln120                 (ret                 ) [ 00000]
</LifeTime>

<model>

<comp_list>
<comp id="0" class="1000" name="em_barrel_0_V_V">
<pin_list>
<pin id="1" dir="1" index="0" bw="1" slack="0"/>
</pin_list>
<bind>
<StgValue><ssdm name="em_barrel_0_V_V"/></StgValue>
</bind>
</comp>

<comp id="2" class="1000" name="em_barrel_1_V_V">
<pin_list>
<pin id="3" dir="1" index="0" bw="1" slack="0"/>
</pin_list>
<bind>
<StgValue><ssdm name="em_barrel_1_V_V"/></StgValue>
</bind>
</comp>

<comp id="4" class="1000" name="em_barrel_2_V_V">
<pin_list>
<pin id="5" dir="1" index="0" bw="1" slack="0"/>
</pin_list>
<bind>
<StgValue><ssdm name="em_barrel_2_V_V"/></StgValue>
</bind>
</comp>

<comp id="6" class="1000" name="em_barrel_3_V_V">
<pin_list>
<pin id="7" dir="1" index="0" bw="1" slack="0"/>
</pin_list>
<bind>
<StgValue><ssdm name="em_barrel_3_V_V"/></StgValue>
</bind>
</comp>

<comp id="8" class="1000" name="em_barrel_4_V_V">
<pin_list>
<pin id="9" dir="1" index="0" bw="1" slack="0"/>
</pin_list>
<bind>
<StgValue><ssdm name="em_barrel_4_V_V"/></StgValue>
</bind>
</comp>

<comp id="10" class="1000" name="em_barrel_5_V_V">
<pin_list>
<pin id="11" dir="1" index="0" bw="1" slack="0"/>
</pin_list>
<bind>
<StgValue><ssdm name="em_barrel_5_V_V"/></StgValue>
</bind>
</comp>

<comp id="12" class="1000" name="em_barrel_6_V_V">
<pin_list>
<pin id="13" dir="1" index="0" bw="1" slack="0"/>
</pin_list>
<bind>
<StgValue><ssdm name="em_barrel_6_V_V"/></StgValue>
</bind>
</comp>

<comp id="14" class="1000" name="em_barrel_7_V_V">
<pin_list>
<pin id="15" dir="1" index="0" bw="1" slack="0"/>
</pin_list>
<bind>
<StgValue><ssdm name="em_barrel_7_V_V"/></StgValue>
</bind>
</comp>

<comp id="16" class="1000" name="em_barrel_8_V_V">
<pin_list>
<pin id="17" dir="1" index="0" bw="1" slack="0"/>
</pin_list>
<bind>
<StgValue><ssdm name="em_barrel_8_V_V"/></StgValue>
</bind>
</comp>

<comp id="18" class="1000" name="em_barrel_9_V_V">
<pin_list>
<pin id="19" dir="1" index="0" bw="1" slack="0"/>
</pin_list>
<bind>
<StgValue><ssdm name="em_barrel_9_V_V"/></StgValue>
</bind>
</comp>

<comp id="20" class="1000" name="em_barrel_10_V_V">
<pin_list>
<pin id="21" dir="1" index="0" bw="1" slack="0"/>
</pin_list>
<bind>
<StgValue><ssdm name="em_barrel_10_V_V"/></StgValue>
</bind>
</comp>

<comp id="22" class="1000" name="em_barrel_11_V_V">
<pin_list>
<pin id="23" dir="1" index="0" bw="1" slack="0"/>
</pin_list>
<bind>
<StgValue><ssdm name="em_barrel_11_V_V"/></StgValue>
</bind>
</comp>

<comp id="24" class="1000" name="em_barrel_12_V_V">
<pin_list>
<pin id="25" dir="1" index="0" bw="1" slack="0"/>
</pin_list>
<bind>
<StgValue><ssdm name="em_barrel_12_V_V"/></StgValue>
</bind>
</comp>

<comp id="26" class="1000" name="em_barrel_13_V_V">
<pin_list>
<pin id="27" dir="1" index="0" bw="1" slack="0"/>
</pin_list>
<bind>
<StgValue><ssdm name="em_barrel_13_V_V"/></StgValue>
</bind>
</comp>

<comp id="28" class="1000" name="em_barrel_14_V_V">
<pin_list>
<pin id="29" dir="1" index="0" bw="1" slack="0"/>
</pin_list>
<bind>
<StgValue><ssdm name="em_barrel_14_V_V"/></StgValue>
</bind>
</comp>

<comp id="30" class="1000" name="em_barrel_15_V_V">
<pin_list>
<pin id="31" dir="1" index="0" bw="1" slack="0"/>
</pin_list>
<bind>
<StgValue><ssdm name="em_barrel_15_V_V"/></StgValue>
</bind>
</comp>

<comp id="32" class="1000" name="scalars_0_V_V">
<pin_list>
<pin id="33" dir="1" index="0" bw="1" slack="0"/>
</pin_list>
<bind>
<StgValue><ssdm name="scalars_0_V_V"/></StgValue>
</bind>
</comp>

<comp id="34" class="1000" name="layer102_out_0_V_V">
<pin_list>
<pin id="35" dir="1" index="0" bw="1" slack="0"/>
</pin_list>
<bind>
<StgValue><ssdm name="layer102_out_0_V_V"/></StgValue>
</bind>
</comp>

<comp id="36" class="1000" name="layer102_out_1_V_V">
<pin_list>
<pin id="37" dir="1" index="0" bw="1" slack="0"/>
</pin_list>
<bind>
<StgValue><ssdm name="layer102_out_1_V_V"/></StgValue>
</bind>
</comp>

<comp id="38" class="1000" name="layer102_out_2_V_V">
<pin_list>
<pin id="39" dir="1" index="0" bw="1" slack="0"/>
</pin_list>
<bind>
<StgValue><ssdm name="layer102_out_2_V_V"/></StgValue>
</bind>
</comp>

<comp id="40" class="1000" name="layer102_out_3_V_V">
<pin_list>
<pin id="41" dir="1" index="0" bw="1" slack="0"/>
</pin_list>
<bind>
<StgValue><ssdm name="layer102_out_3_V_V"/></StgValue>
</bind>
</comp>

<comp id="42" class="1000" name="layer102_out_4_V_V">
<pin_list>
<pin id="43" dir="1" index="0" bw="1" slack="0"/>
</pin_list>
<bind>
<StgValue><ssdm name="layer102_out_4_V_V"/></StgValue>
</bind>
</comp>

<comp id="44" class="1000" name="layer102_out_5_V_V">
<pin_list>
<pin id="45" dir="1" index="0" bw="1" slack="0"/>
</pin_list>
<bind>
<StgValue><ssdm name="layer102_out_5_V_V"/></StgValue>
</bind>
</comp>

<comp id="46" class="1000" name="layer102_out_6_V_V">
<pin_list>
<pin id="47" dir="1" index="0" bw="1" slack="0"/>
</pin_list>
<bind>
<StgValue><ssdm name="layer102_out_6_V_V"/></StgValue>
</bind>
</comp>

<comp id="48" class="1000" name="layer102_out_7_V_V">
<pin_list>
<pin id="49" dir="1" index="0" bw="1" slack="0"/>
</pin_list>
<bind>
<StgValue><ssdm name="layer102_out_7_V_V"/></StgValue>
</bind>
</comp>

<comp id="50" class="1000" name="layer102_out_8_V_V">
<pin_list>
<pin id="51" dir="1" index="0" bw="1" slack="0"/>
</pin_list>
<bind>
<StgValue><ssdm name="layer102_out_8_V_V"/></StgValue>
</bind>
</comp>

<comp id="52" class="1000" name="layer102_out_9_V_V">
<pin_list>
<pin id="53" dir="1" index="0" bw="1" slack="0"/>
</pin_list>
<bind>
<StgValue><ssdm name="layer102_out_9_V_V"/></StgValue>
</bind>
</comp>

<comp id="54" class="1000" name="layer102_out_10_V_V">
<pin_list>
<pin id="55" dir="1" index="0" bw="1" slack="0"/>
</pin_list>
<bind>
<StgValue><ssdm name="layer102_out_10_V_V"/></StgValue>
</bind>
</comp>

<comp id="56" class="1000" name="layer102_out_11_V_V">
<pin_list>
<pin id="57" dir="1" index="0" bw="1" slack="0"/>
</pin_list>
<bind>
<StgValue><ssdm name="layer102_out_11_V_V"/></StgValue>
</bind>
</comp>

<comp id="58" class="1000" name="layer102_out_12_V_V">
<pin_list>
<pin id="59" dir="1" index="0" bw="1" slack="0"/>
</pin_list>
<bind>
<StgValue><ssdm name="layer102_out_12_V_V"/></StgValue>
</bind>
</comp>

<comp id="60" class="1000" name="layer102_out_13_V_V">
<pin_list>
<pin id="61" dir="1" index="0" bw="1" slack="0"/>
</pin_list>
<bind>
<StgValue><ssdm name="layer102_out_13_V_V"/></StgValue>
</bind>
</comp>

<comp id="62" class="1000" name="layer102_out_14_V_V">
<pin_list>
<pin id="63" dir="1" index="0" bw="1" slack="0"/>
</pin_list>
<bind>
<StgValue><ssdm name="layer102_out_14_V_V"/></StgValue>
</bind>
</comp>

<comp id="64" class="1000" name="layer102_out_15_V_V">
<pin_list>
<pin id="65" dir="1" index="0" bw="1" slack="0"/>
</pin_list>
<bind>
<StgValue><ssdm name="layer102_out_15_V_V"/></StgValue>
</bind>
</comp>

<comp id="66" class="1001" name="const_66">
<pin_list>
<pin id="67" dir="1" index="0" bw="1" slack="0"/>
</pin_list>
<bind>
<StgValue><ssdm name="film_switch<ap_fixed,ap_fixed,ap_fixed,config42>"/></StgValue>
</bind>
</comp>

<comp id="68" class="1001" name="const_68">
<pin_list>
<pin id="69" dir="1" index="0" bw="1" slack="2147483647"/>
</pin_list>
<bind>
<StgValue><ssdm name="_ssdm_op_SpecDataflowPipeline"/></StgValue>
</bind>
</comp>

<comp id="70" class="1001" name="const_70">
<pin_list>
<pin id="71" dir="1" index="0" bw="1" slack="2147483647"/>
</pin_list>
<bind>
<StgValue><ssdm name=""/></StgValue>
</bind>
</comp>

<comp id="72" class="1001" name="const_72">
<pin_list>
<pin id="73" dir="1" index="0" bw="1" slack="2147483647"/>
</pin_list>
<bind>
<StgValue><ssdm name=""/></StgValue>
</bind>
</comp>

<comp id="74" class="1001" name="const_74">
<pin_list>
<pin id="75" dir="1" index="0" bw="1" slack="2147483647"/>
</pin_list>
<bind>
<StgValue><ssdm name="p_str77"/></StgValue>
</bind>
</comp>

<comp id="76" class="1001" name="const_76">
<pin_list>
<pin id="77" dir="1" index="0" bw="1" slack="2147483647"/>
</pin_list>
<bind>
<StgValue><ssdm name="_ssdm_op_SpecBitsMap"/></StgValue>
</bind>
</comp>

<comp id="78" class="1001" name="const_78">
<pin_list>
<pin id="79" dir="1" index="0" bw="1" slack="2147483647"/>
</pin_list>
<bind>
<StgValue><ssdm name="_ssdm_op_SpecTopModule"/></StgValue>
</bind>
</comp>

<comp id="80" class="1001" name="const_80">
<pin_list>
<pin id="81" dir="1" index="0" bw="1" slack="2147483647"/>
</pin_list>
<bind>
<StgValue><ssdm name="myproject_str"/></StgValue>
</bind>
</comp>

<comp id="82" class="1001" name="const_82">
<pin_list>
<pin id="83" dir="1" index="0" bw="1" slack="2147483647"/>
</pin_list>
<bind>
<StgValue><ssdm name="_ssdm_op_SpecInterface"/></StgValue>
</bind>
</comp>

<comp id="84" class="1001" name="const_84">
<pin_list>
<pin id="85" dir="1" index="0" bw="1" slack="2147483647"/>
</pin_list>
<bind>
<StgValue><ssdm name="p_str"/></StgValue>
</bind>
</comp>

<comp id="86" class="1001" name="const_86">
<pin_list>
<pin id="87" dir="1" index="0" bw="1" slack="2147483647"/>
</pin_list>
<bind>
<StgValue><ssdm name=""/></StgValue>
</bind>
</comp>

<comp id="88" class="1001" name="const_88">
<pin_list>
<pin id="89" dir="1" index="0" bw="1" slack="2147483647"/>
</pin_list>
<bind>
<StgValue><ssdm name="p_str76"/></StgValue>
</bind>
</comp>

<comp id="90" class="1004" name="grp_film_switch_ap_fixed_ap_fixed_ap_fixed_config42_s_fu_90">
<pin_list>
<pin id="91" dir="0" index="0" bw="0" slack="0"/>
<pin id="92" dir="0" index="1" bw="32" slack="0"/>
<pin id="93" dir="0" index="2" bw="32" slack="0"/>
<pin id="94" dir="0" index="3" bw="32" slack="0"/>
<pin id="95" dir="0" index="4" bw="32" slack="0"/>
<pin id="96" dir="0" index="5" bw="32" slack="0"/>
<pin id="97" dir="0" index="6" bw="32" slack="0"/>
<pin id="98" dir="0" index="7" bw="32" slack="0"/>
<pin id="99" dir="0" index="8" bw="32" slack="0"/>
<pin id="100" dir="0" index="9" bw="32" slack="0"/>
<pin id="101" dir="0" index="10" bw="32" slack="0"/>
<pin id="102" dir="0" index="11" bw="32" slack="0"/>
<pin id="103" dir="0" index="12" bw="32" slack="0"/>
<pin id="104" dir="0" index="13" bw="32" slack="0"/>
<pin id="105" dir="0" index="14" bw="32" slack="0"/>
<pin id="106" dir="0" index="15" bw="32" slack="0"/>
<pin id="107" dir="0" index="16" bw="32" slack="0"/>
<pin id="108" dir="0" index="17" bw="32" slack="0"/>
<pin id="109" dir="0" index="18" bw="32" slack="0"/>
<pin id="110" dir="0" index="19" bw="32" slack="0"/>
<pin id="111" dir="0" index="20" bw="32" slack="0"/>
<pin id="112" dir="0" index="21" bw="32" slack="0"/>
<pin id="113" dir="0" index="22" bw="32" slack="0"/>
<pin id="114" dir="0" index="23" bw="32" slack="0"/>
<pin id="115" dir="0" index="24" bw="32" slack="0"/>
<pin id="116" dir="0" index="25" bw="32" slack="0"/>
<pin id="117" dir="0" index="26" bw="32" slack="0"/>
<pin id="118" dir="0" index="27" bw="32" slack="0"/>
<pin id="119" dir="0" index="28" bw="32" slack="0"/>
<pin id="120" dir="0" index="29" bw="32" slack="0"/>
<pin id="121" dir="0" index="30" bw="32" slack="0"/>
<pin id="122" dir="0" index="31" bw="32" slack="0"/>
<pin id="123" dir="0" index="32" bw="32" slack="0"/>
<pin id="124" dir="0" index="33" bw="32" slack="0"/>
<pin id="125" dir="1" index="34" bw="0" slack="2147483647"/>
</pin_list>
<bind>
<opcode="call(48) " fcode="call"/>
<opset="call_ln119/2 "/>
</bind>
</comp>

</comp_list>

<net_list>
<net id="126"><net_src comp="66" pin="0"/><net_sink comp="90" pin=0"/></net>

<net id="127"><net_src comp="0" pin="0"/><net_sink comp="90" pin=1"/></net>

<net id="128"><net_src comp="2" pin="0"/><net_sink comp="90" pin=2"/></net>

<net id="129"><net_src comp="4" pin="0"/><net_sink comp="90" pin=3"/></net>

<net id="130"><net_src comp="6" pin="0"/><net_sink comp="90" pin=4"/></net>

<net id="131"><net_src comp="8" pin="0"/><net_sink comp="90" pin=5"/></net>

<net id="132"><net_src comp="10" pin="0"/><net_sink comp="90" pin=6"/></net>

<net id="133"><net_src comp="12" pin="0"/><net_sink comp="90" pin=7"/></net>

<net id="134"><net_src comp="14" pin="0"/><net_sink comp="90" pin=8"/></net>

<net id="135"><net_src comp="16" pin="0"/><net_sink comp="90" pin=9"/></net>

<net id="136"><net_src comp="18" pin="0"/><net_sink comp="90" pin=10"/></net>

<net id="137"><net_src comp="20" pin="0"/><net_sink comp="90" pin=11"/></net>

<net id="138"><net_src comp="22" pin="0"/><net_sink comp="90" pin=12"/></net>

<net id="139"><net_src comp="24" pin="0"/><net_sink comp="90" pin=13"/></net>

<net id="140"><net_src comp="26" pin="0"/><net_sink comp="90" pin=14"/></net>

<net id="141"><net_src comp="28" pin="0"/><net_sink comp="90" pin=15"/></net>

<net id="142"><net_src comp="30" pin="0"/><net_sink comp="90" pin=16"/></net>

<net id="143"><net_src comp="32" pin="0"/><net_sink comp="90" pin=17"/></net>

<net id="144"><net_src comp="34" pin="0"/><net_sink comp="90" pin=18"/></net>

<net id="145"><net_src comp="36" pin="0"/><net_sink comp="90" pin=19"/></net>

<net id="146"><net_src comp="38" pin="0"/><net_sink comp="90" pin=20"/></net>

<net id="147"><net_src comp="40" pin="0"/><net_sink comp="90" pin=21"/></net>

<net id="148"><net_src comp="42" pin="0"/><net_sink comp="90" pin=22"/></net>

<net id="149"><net_src comp="44" pin="0"/><net_sink comp="90" pin=23"/></net>

<net id="150"><net_src comp="46" pin="0"/><net_sink comp="90" pin=24"/></net>

<net id="151"><net_src comp="48" pin="0"/><net_sink comp="90" pin=25"/></net>

<net id="152"><net_src comp="50" pin="0"/><net_sink comp="90" pin=26"/></net>

<net id="153"><net_src comp="52" pin="0"/><net_sink comp="90" pin=27"/></net>

<net id="154"><net_src comp="54" pin="0"/><net_sink comp="90" pin=28"/></net>

<net id="155"><net_src comp="56" pin="0"/><net_sink comp="90" pin=29"/></net>

<net id="156"><net_src comp="58" pin="0"/><net_sink comp="90" pin=30"/></net>

<net id="157"><net_src comp="60" pin="0"/><net_sink comp="90" pin=31"/></net>

<net id="158"><net_src comp="62" pin="0"/><net_sink comp="90" pin=32"/></net>

<net id="159"><net_src comp="64" pin="0"/><net_sink comp="90" pin=33"/></net>

</net_list>

</model> 
---------------- Datapath Model END ------------------

* FSMD analyzer results:
  - Output states:
	Port: layer102_out_0_V_V | {2 3 }
	Port: layer102_out_1_V_V | {2 3 }
	Port: layer102_out_2_V_V | {2 3 }
	Port: layer102_out_3_V_V | {2 3 }
	Port: layer102_out_4_V_V | {2 3 }
	Port: layer102_out_5_V_V | {2 3 }
	Port: layer102_out_6_V_V | {2 3 }
	Port: layer102_out_7_V_V | {2 3 }
	Port: layer102_out_8_V_V | {2 3 }
	Port: layer102_out_9_V_V | {2 3 }
	Port: layer102_out_10_V_V | {2 3 }
	Port: layer102_out_11_V_V | {2 3 }
	Port: layer102_out_12_V_V | {2 3 }
	Port: layer102_out_13_V_V | {2 3 }
	Port: layer102_out_14_V_V | {2 3 }
	Port: layer102_out_15_V_V | {2 3 }
 - Input state : 
	Port: myproject : em_barrel_0_V_V | {2 3 }
	Port: myproject : em_barrel_1_V_V | {2 3 }
	Port: myproject : em_barrel_2_V_V | {2 3 }
	Port: myproject : em_barrel_3_V_V | {2 3 }
	Port: myproject : em_barrel_4_V_V | {2 3 }
	Port: myproject : em_barrel_5_V_V | {2 3 }
	Port: myproject : em_barrel_6_V_V | {2 3 }
	Port: myproject : em_barrel_7_V_V | {2 3 }
	Port: myproject : em_barrel_8_V_V | {2 3 }
	Port: myproject : em_barrel_9_V_V | {2 3 }
	Port: myproject : em_barrel_10_V_V | {2 3 }
	Port: myproject : em_barrel_11_V_V | {2 3 }
	Port: myproject : em_barrel_12_V_V | {2 3 }
	Port: myproject : em_barrel_13_V_V | {2 3 }
	Port: myproject : em_barrel_14_V_V | {2 3 }
	Port: myproject : em_barrel_15_V_V | {2 3 }
	Port: myproject : scalars_0_V_V | {2 3 }
  - Chain level:
	State 1
	State 2
	State 3
	State 4


============================================================
+ Verbose Summary: Datapath Resource usage 
============================================================

* Functional unit list:
|----------|-------------------------------------------------------------|---------|---------|---------|
| Operation|                       Functional Unit                       |  DSP48E |    FF   |   LUT   |
|----------|-------------------------------------------------------------|---------|---------|---------|
|   call   | grp_film_switch_ap_fixed_ap_fixed_ap_fixed_config42_s_fu_90 |    64   |   3109  |   1658  |
|----------|-------------------------------------------------------------|---------|---------|---------|
|   Total  |                                                             |    64   |   3109  |   1658  |
|----------|-------------------------------------------------------------|---------|---------|---------|

Memories:
N/A

* Register list:
N/A

* Multiplexer (MUX) list: 
|--------|------|------|------|--------|
|  Comp  |  Pin | Size |  BW  | S x BW |
|--------|------|------|------|--------|
|  Total |      |      |      |    0   |
|--------|------|------|------|--------|



* Summary:
+-----------+--------+--------+--------+
|           | DSP48E |   FF   |   LUT  |
+-----------+--------+--------+--------+
|  Function |   64   |  3109  |  1658  |
|   Memory  |    -   |    -   |    -   |
|Multiplexer|    -   |    -   |    -   |
|  Register |    -   |    -   |    -   |
+-----------+--------+--------+--------+
|   Total   |   64   |  3109  |  1658  |
+-----------+--------+--------+--------+
