

================================================================
== Vivado HLS Report for 'myproject'
================================================================
* Date:           Sun Oct 16 21:48:21 2022

* Version:        2019.2 (Build 2704478 on Wed Nov 06 22:10:23 MST 2019)
* Project:        myproject_prj
* Solution:       solution1
* Product family: zynquplus
* Target device:  xczu9eg-ffvb1156-2-e


================================================================
== Performance Estimates
================================================================
+ Timing: 
    * Summary: 
    +--------+---------+----------+------------+
    |  Clock |  Target | Estimated| Uncertainty|
    +--------+---------+----------+------------+
    |ap_clk  | 5.00 ns | 1.464 ns |   0.62 ns  |
    +--------+---------+----------+------------+

+ Latency: 
    * Summary: 
    +---------+---------+----------+----------+-----+-----+----------+
    |  Latency (cycles) |  Latency (absolute) |  Interval | Pipeline |
    |   min   |   max   |    min   |    max   | min | max |   Type   |
    +---------+---------+----------+----------+-----+-----+----------+
    |      345|      345| 1.725 us | 1.725 us |  346|  346| dataflow |
    +---------+---------+----------+----------+-----+-----+----------+

    + Detail: 
        * Instance: 
        +------------------------------------------------+-----------------------------------------------+---------+---------+----------+----------+-----+-----+---------+
        |                                                |                                               |  Latency (cycles) |  Latency (absolute) |  Interval | Pipeline|
        |                    Instance                    |                     Module                    |   min   |   max   |    min   |    max   | min | max |   Type  |
        +------------------------------------------------+-----------------------------------------------+---------+---------+----------+----------+-----+-----+---------+
        |mask_track_switch_ap_fixed_ap_fixed_config5_U0  |mask_track_switch_ap_fixed_ap_fixed_config5_s  |      345|      345| 1.725 us | 1.725 us |  345|  345|   none  |
        +------------------------------------------------+-----------------------------------------------+---------+---------+----------+----------+-----+-----+---------+

        * Loop: 
        N/A



================================================================
== Utilization Estimates
================================================================
* Summary: 
+-----------------+---------+-------+--------+--------+-----+
|       Name      | BRAM_18K| DSP48E|   FF   |   LUT  | URAM|
+-----------------+---------+-------+--------+--------+-----+
|DSP              |        -|      -|       -|       -|    -|
|Expression       |        -|      -|       -|       -|    -|
|FIFO             |        -|      -|       -|       -|    -|
|Instance         |        -|      -|      26|     209|    -|
|Memory           |        -|      -|       -|       -|    -|
|Multiplexer      |        -|      -|       -|       -|    -|
|Register         |        -|      -|       -|       -|    -|
+-----------------+---------+-------+--------+--------+-----+
|Total            |        0|      0|      26|     209|    0|
+-----------------+---------+-------+--------+--------+-----+
|Available        |     1824|   2520|  548160|  274080|    0|
+-----------------+---------+-------+--------+--------+-----+
|Utilization (%)  |        0|      0|   ~0   |   ~0   |    0|
+-----------------+---------+-------+--------+--------+-----+

+ Detail: 
    * Instance: 
    +------------------------------------------------+-----------------------------------------------+---------+-------+----+-----+-----+
    |                    Instance                    |                     Module                    | BRAM_18K| DSP48E| FF | LUT | URAM|
    +------------------------------------------------+-----------------------------------------------+---------+-------+----+-----+-----+
    |mask_track_switch_ap_fixed_ap_fixed_config5_U0  |mask_track_switch_ap_fixed_ap_fixed_config5_s  |        0|      0|  26|  209|    0|
    +------------------------------------------------+-----------------------------------------------+---------+-------+----+-----+-----+
    |Total                                           |                                               |        0|      0|  26|  209|    0|
    +------------------------------------------------+-----------------------------------------------+---------+-------+----+-----+-----+

    * DSP48E: 
    N/A

    * Memory: 
    N/A

    * FIFO: 
    N/A

    * Expression: 
    N/A

    * Multiplexer: 
    N/A

    * Register: 
    N/A



================================================================
== Interface
================================================================
* Summary: 
+---------------------------+-----+-----+------------+--------------------+--------------+
|         RTL Ports         | Dir | Bits|  Protocol  |    Source Object   |    C Type    |
+---------------------------+-----+-----+------------+--------------------+--------------+
|tracks_0_V_V_TDATA         |  in |   32|    axis    |    tracks_0_V_V    |    pointer   |
|tracks_0_V_V_TVALID        |  in |    1|    axis    |    tracks_0_V_V    |    pointer   |
|tracks_0_V_V_TREADY        | out |    1|    axis    |    tracks_0_V_V    |    pointer   |
|layer102_out_0_V_V_TDATA   | out |   32|    axis    | layer102_out_0_V_V |    pointer   |
|layer102_out_0_V_V_TVALID  | out |    1|    axis    | layer102_out_0_V_V |    pointer   |
|layer102_out_0_V_V_TREADY  |  in |    1|    axis    | layer102_out_0_V_V |    pointer   |
|ap_clk                     |  in |    1| ap_ctrl_hs |      myproject     | return value |
|ap_rst_n                   |  in |    1| ap_ctrl_hs |      myproject     | return value |
|ap_start                   |  in |    1| ap_ctrl_hs |      myproject     | return value |
|ap_done                    | out |    1| ap_ctrl_hs |      myproject     | return value |
|ap_ready                   | out |    1| ap_ctrl_hs |      myproject     | return value |
|ap_idle                    | out |    1| ap_ctrl_hs |      myproject     | return value |
+---------------------------+-----+-----+------------+--------------------+--------------+

============================================================
+ Verbose Summary: Synthesis Manager
============================================================
InlineROM: 1
ExposeGlobal: 0
============================================================
+ Verbose Summary: CDFG Model
============================================================
IsTopModel: 1
ResetActiveHigh: 1
IsCombinational: 2
IsDatapathOnly: 2
HasWiredReturn: 1
HasMFsm: 0
HasVarLatency: 1
IsPipeline: 0
IsRtlPipelined: 0
IsInstanceOverlapped: 0
IsDontTouch: 0
HasImplIP: 0
IsGatedGlobalClock: 0


============================================================
+ Verbose Summary: Schedule
============================================================
* Number of FSM states : 4
* Pipeline : 0
* Dataflow Pipeline: 1
  DF-Pipeline-0: Size = 4, States = { 1 2 3 4 }

* FSM state transitions: 
1 --> 2 
2 --> 3 
3 --> 4 
4 --> 

* FSM state operations: 

State 1 <SV = 0> <Delay = 0.00>

State 2 <SV = 1> <Delay = 0.00>
ST_2 : Operation 5 [2/2] (0.00ns)   --->   "call fastcc void @"mask_track_switch<ap_fixed,ap_fixed,config5>"(i32* %tracks_0_V_V, i32* %layer102_out_0_V_V)" [firmware/myproject.cpp:118]   --->   Operation 5 'call' <Predicate = true> <Delay = 0.00> <CoreType = "Generic">   --->   Core 0 '' <Latency = 0> <II = 1> <Delay = 1.00> <Generic> <Opcode : >

State 3 <SV = 2> <Delay = 0.00>
ST_3 : Operation 6 [1/2] (0.00ns)   --->   "call fastcc void @"mask_track_switch<ap_fixed,ap_fixed,config5>"(i32* %tracks_0_V_V, i32* %layer102_out_0_V_V)" [firmware/myproject.cpp:118]   --->   Operation 6 'call' <Predicate = true> <Delay = 0.00> <CoreType = "Generic">   --->   Core 0 '' <Latency = 0> <II = 1> <Delay = 1.00> <Generic> <Opcode : >

State 4 <SV = 3> <Delay = 0.00>
ST_4 : Operation 7 [1/1] (0.00ns)   --->   "call void (...)* @_ssdm_op_SpecDataflowPipeline(i32 -1, i32 0, [1 x i8]* @p_str77) nounwind" [firmware/myproject.cpp:31]   --->   Operation 7 'specdataflowpipeline' <Predicate = true> <Delay = 0.00>
ST_4 : Operation 8 [1/1] (0.00ns)   --->   "call void (...)* @_ssdm_op_SpecBitsMap(i32* %layer102_out_0_V_V), !map !491"   --->   Operation 8 'specbitsmap' <Predicate = true> <Delay = 0.00>
ST_4 : Operation 9 [1/1] (0.00ns)   --->   "call void (...)* @_ssdm_op_SpecBitsMap(i32* %tracks_0_V_V), !map !497"   --->   Operation 9 'specbitsmap' <Predicate = true> <Delay = 0.00>
ST_4 : Operation 10 [1/1] (0.00ns)   --->   "call void (...)* @_ssdm_op_SpecTopModule([10 x i8]* @myproject_str) nounwind"   --->   Operation 10 'spectopmodule' <Predicate = true> <Delay = 0.00>
ST_4 : Operation 11 [1/1] (0.00ns)   --->   "call void (...)* @_ssdm_op_SpecInterface(i32* %tracks_0_V_V, [5 x i8]* @p_str, i32 1, i32 1, [5 x i8]* @p_str76, i32 0, i32 0, [1 x i8]* @p_str77, [1 x i8]* @p_str77, [1 x i8]* @p_str77, i32 0, i32 0, i32 0, i32 0, [1 x i8]* @p_str77, [1 x i8]* @p_str77)"   --->   Operation 11 'specinterface' <Predicate = true> <Delay = 0.00>
ST_4 : Operation 12 [1/1] (0.00ns)   --->   "call void (...)* @_ssdm_op_SpecInterface(i32* %layer102_out_0_V_V, [5 x i8]* @p_str, i32 1, i32 1, [5 x i8]* @p_str76, i32 0, i32 0, [1 x i8]* @p_str77, [1 x i8]* @p_str77, [1 x i8]* @p_str77, i32 0, i32 0, i32 0, i32 0, [1 x i8]* @p_str77, [1 x i8]* @p_str77)"   --->   Operation 12 'specinterface' <Predicate = true> <Delay = 0.00>
ST_4 : Operation 13 [1/1] (0.00ns)   --->   "ret void" [firmware/myproject.cpp:120]   --->   Operation 13 'ret' <Predicate = true> <Delay = 0.00>


============================================================
+ Verbose Summary: Binding
============================================================
STG Binding: 
---------------- STG Properties BEGIN ----------------
- Is combinational: 0
- Is one-state seq: 0
- Is datapath-only: 0
- Is pipelined: 0
- Is top level: 1
Port [ Return ] is wired: 1; IO mode=ap_ctrl_hs:ce=0
Port [ tracks_0_V_V]:  wired=1; compound=1; hidden=0; nouse=0; global=0; static=0; extern=0; dir=0; type=0; pingpong=0; private_global=0; IO mode=axis:ce=0
Port [ layer102_out_0_V_V]:  wired=1; compound=1; hidden=0; nouse=0; global=0; static=0; extern=0; dir=1; type=0; pingpong=0; private_global=0; IO mode=axis:ce=0
---------------- STG Properties END ------------------

---------------- Datapath Model BEGIN ----------------

<LifeTime>
<method=bitvector/>
call_ln118                (call                ) [ 00000]
specdataflowpipeline_ln31 (specdataflowpipeline) [ 00000]
specbitsmap_ln0           (specbitsmap         ) [ 00000]
specbitsmap_ln0           (specbitsmap         ) [ 00000]
spectopmodule_ln0         (spectopmodule       ) [ 00000]
specinterface_ln0         (specinterface       ) [ 00000]
specinterface_ln0         (specinterface       ) [ 00000]
ret_ln120                 (ret                 ) [ 00000]
</LifeTime>

<model>

<comp_list>
<comp id="0" class="1000" name="tracks_0_V_V">
<pin_list>
<pin id="1" dir="1" index="0" bw="1" slack="0"/>
</pin_list>
<bind>
<StgValue><ssdm name="tracks_0_V_V"/></StgValue>
</bind>
</comp>

<comp id="2" class="1000" name="layer102_out_0_V_V">
<pin_list>
<pin id="3" dir="1" index="0" bw="1" slack="0"/>
</pin_list>
<bind>
<StgValue><ssdm name="layer102_out_0_V_V"/></StgValue>
</bind>
</comp>

<comp id="4" class="1001" name="const_4">
<pin_list>
<pin id="5" dir="1" index="0" bw="1" slack="0"/>
</pin_list>
<bind>
<StgValue><ssdm name="mask_track_switch<ap_fixed,ap_fixed,config5>"/></StgValue>
</bind>
</comp>

<comp id="6" class="1001" name="const_6">
<pin_list>
<pin id="7" dir="1" index="0" bw="1" slack="2147483647"/>
</pin_list>
<bind>
<StgValue><ssdm name="_ssdm_op_SpecDataflowPipeline"/></StgValue>
</bind>
</comp>

<comp id="8" class="1001" name="const_8">
<pin_list>
<pin id="9" dir="1" index="0" bw="1" slack="2147483647"/>
</pin_list>
<bind>
<StgValue><ssdm name=""/></StgValue>
</bind>
</comp>

<comp id="10" class="1001" name="const_10">
<pin_list>
<pin id="11" dir="1" index="0" bw="1" slack="2147483647"/>
</pin_list>
<bind>
<StgValue><ssdm name=""/></StgValue>
</bind>
</comp>

<comp id="12" class="1001" name="const_12">
<pin_list>
<pin id="13" dir="1" index="0" bw="1" slack="2147483647"/>
</pin_list>
<bind>
<StgValue><ssdm name="p_str77"/></StgValue>
</bind>
</comp>

<comp id="14" class="1001" name="const_14">
<pin_list>
<pin id="15" dir="1" index="0" bw="1" slack="2147483647"/>
</pin_list>
<bind>
<StgValue><ssdm name="_ssdm_op_SpecBitsMap"/></StgValue>
</bind>
</comp>

<comp id="16" class="1001" name="const_16">
<pin_list>
<pin id="17" dir="1" index="0" bw="1" slack="2147483647"/>
</pin_list>
<bind>
<StgValue><ssdm name="_ssdm_op_SpecTopModule"/></StgValue>
</bind>
</comp>

<comp id="18" class="1001" name="const_18">
<pin_list>
<pin id="19" dir="1" index="0" bw="1" slack="2147483647"/>
</pin_list>
<bind>
<StgValue><ssdm name="myproject_str"/></StgValue>
</bind>
</comp>

<comp id="20" class="1001" name="const_20">
<pin_list>
<pin id="21" dir="1" index="0" bw="1" slack="2147483647"/>
</pin_list>
<bind>
<StgValue><ssdm name="_ssdm_op_SpecInterface"/></StgValue>
</bind>
</comp>

<comp id="22" class="1001" name="const_22">
<pin_list>
<pin id="23" dir="1" index="0" bw="1" slack="2147483647"/>
</pin_list>
<bind>
<StgValue><ssdm name="p_str"/></StgValue>
</bind>
</comp>

<comp id="24" class="1001" name="const_24">
<pin_list>
<pin id="25" dir="1" index="0" bw="1" slack="2147483647"/>
</pin_list>
<bind>
<StgValue><ssdm name=""/></StgValue>
</bind>
</comp>

<comp id="26" class="1001" name="const_26">
<pin_list>
<pin id="27" dir="1" index="0" bw="1" slack="2147483647"/>
</pin_list>
<bind>
<StgValue><ssdm name="p_str76"/></StgValue>
</bind>
</comp>

<comp id="28" class="1004" name="grp_mask_track_switch_ap_fixed_ap_fixed_config5_s_fu_28">
<pin_list>
<pin id="29" dir="0" index="0" bw="0" slack="0"/>
<pin id="30" dir="0" index="1" bw="32" slack="0"/>
<pin id="31" dir="0" index="2" bw="32" slack="0"/>
<pin id="32" dir="1" index="3" bw="0" slack="2147483647"/>
</pin_list>
<bind>
<opcode="call(48) " fcode="call"/>
<opset="call_ln118/2 "/>
</bind>
</comp>

</comp_list>

<net_list>
<net id="33"><net_src comp="4" pin="0"/><net_sink comp="28" pin=0"/></net>

<net id="34"><net_src comp="0" pin="0"/><net_sink comp="28" pin=1"/></net>

<net id="35"><net_src comp="2" pin="0"/><net_sink comp="28" pin=2"/></net>

</net_list>

</model> 
---------------- Datapath Model END ------------------

* FSMD analyzer results:
  - Output states:
	Port: layer102_out_0_V_V | {2 3 }
 - Input state : 
	Port: myproject : tracks_0_V_V | {2 3 }
  - Chain level:
	State 1
	State 2
	State 3
	State 4


============================================================
+ Verbose Summary: Datapath Resource usage 
============================================================

* Functional unit list:
|----------|---------------------------------------------------------|---------|---------|---------|
| Operation|                     Functional Unit                     |  Delay  |    FF   |   LUT   |
|----------|---------------------------------------------------------|---------|---------|---------|
|   call   | grp_mask_track_switch_ap_fixed_ap_fixed_config5_s_fu_28 |  0.656  |    59   |   122   |
|----------|---------------------------------------------------------|---------|---------|---------|
|   Total  |                                                         |  0.656  |    59   |   122   |
|----------|---------------------------------------------------------|---------|---------|---------|

Memories:
N/A

* Register list:
N/A

* Multiplexer (MUX) list: 
|--------|------|------|------|--------|
|  Comp  |  Pin | Size |  BW  | S x BW |
|--------|------|------|------|--------|
|  Total |      |      |      |    0   |
|--------|------|------|------|--------|



* Summary:
+-----------+--------+--------+--------+
|           |  Delay |   FF   |   LUT  |
+-----------+--------+--------+--------+
|  Function |    0   |   59   |   122  |
|   Memory  |    -   |    -   |    -   |
|Multiplexer|    -   |    -   |    -   |
|  Register |    -   |    -   |    -   |
+-----------+--------+--------+--------+
|   Total   |    0   |   59   |   122  |
+-----------+--------+--------+--------+
