INFO: [XSIM 43-3496] Using init file passed via -initfile option "/opt/Xilinx/Vivado/2019.2/data/xsim/ip/xsim_ip.ini".
Vivado Simulator 2019.2
Copyright 1986-1999, 2001-2019 Xilinx, Inc. All Rights Reserved.
Running: /opt/Xilinx/Vivado/2019.2/bin/unwrapped/lnx64.o/xelab xil_defaultlib.apatb_myproject_top glbl -prj myproject.prj -L smartconnect_v1_0 -L axi_protocol_checker_v1_1_12 -L axi_protocol_checker_v1_1_13 -L axis_protocol_checker_v1_1_11 -L axis_protocol_checker_v1_1_12 -L xil_defaultlib -L unisims_ver -L xpm --initfile /opt/Xilinx/Vivado/2019.2/data/xsim/ip/xsim_ip.ini --lib ieee_proposed=./ieee_proposed -s myproject -debug wave 
Multi-threading is on. Using 14 slave threads.
INFO: [VRFC 10-2263] Analyzing SystemVerilog file "/home/YL_HUANG/10_21/full_model_layer/sum1d/myproject_prj/solution1/sim/verilog/glbl.v" into library work
INFO: [VRFC 10-311] analyzing module glbl
INFO: [VRFC 10-2263] Analyzing SystemVerilog file "/home/YL_HUANG/10_21/full_model_layer/sum1d/myproject_prj/solution1/sim/verilog/myproject.autotb.v" into library xil_defaultlib
INFO: [VRFC 10-311] analyzing module apatb_myproject_top
INFO: [VRFC 10-2263] Analyzing SystemVerilog file "/home/YL_HUANG/10_21/full_model_layer/sum1d/myproject_prj/solution1/sim/verilog/AESL_fifo.v" into library xil_defaultlib
INFO: [VRFC 10-311] analyzing module fifo
INFO: [VRFC 10-2263] Analyzing SystemVerilog file "/home/YL_HUANG/10_21/full_model_layer/sum1d/myproject_prj/solution1/sim/verilog/AESL_axi_s_tracks_0_V_V.v" into library xil_defaultlib
INFO: [VRFC 10-311] analyzing module AESL_axi_s_tracks_0_V_V
INFO: [VRFC 10-2263] Analyzing SystemVerilog file "/home/YL_HUANG/10_21/full_model_layer/sum1d/myproject_prj/solution1/sim/verilog/AESL_axi_s_tracks_1_V_V.v" into library xil_defaultlib
INFO: [VRFC 10-311] analyzing module AESL_axi_s_tracks_1_V_V
INFO: [VRFC 10-2263] Analyzing SystemVerilog file "/home/YL_HUANG/10_21/full_model_layer/sum1d/myproject_prj/solution1/sim/verilog/AESL_axi_s_tracks_2_V_V.v" into library xil_defaultlib
INFO: [VRFC 10-311] analyzing module AESL_axi_s_tracks_2_V_V
INFO: [VRFC 10-2263] Analyzing SystemVerilog file "/home/YL_HUANG/10_21/full_model_layer/sum1d/myproject_prj/solution1/sim/verilog/AESL_axi_s_tracks_3_V_V.v" into library xil_defaultlib
INFO: [VRFC 10-311] analyzing module AESL_axi_s_tracks_3_V_V
INFO: [VRFC 10-2263] Analyzing SystemVerilog file "/home/YL_HUANG/10_21/full_model_layer/sum1d/myproject_prj/solution1/sim/verilog/AESL_axi_s_tracks_4_V_V.v" into library xil_defaultlib
INFO: [VRFC 10-311] analyzing module AESL_axi_s_tracks_4_V_V
INFO: [VRFC 10-2263] Analyzing SystemVerilog file "/home/YL_HUANG/10_21/full_model_layer/sum1d/myproject_prj/solution1/sim/verilog/AESL_axi_s_tracks_5_V_V.v" into library xil_defaultlib
INFO: [VRFC 10-311] analyzing module AESL_axi_s_tracks_5_V_V
INFO: [VRFC 10-2263] Analyzing SystemVerilog file "/home/YL_HUANG/10_21/full_model_layer/sum1d/myproject_prj/solution1/sim/verilog/AESL_axi_s_tracks_6_V_V.v" into library xil_defaultlib
INFO: [VRFC 10-311] analyzing module AESL_axi_s_tracks_6_V_V
INFO: [VRFC 10-2263] Analyzing SystemVerilog file "/home/YL_HUANG/10_21/full_model_layer/sum1d/myproject_prj/solution1/sim/verilog/AESL_axi_s_tracks_7_V_V.v" into library xil_defaultlib
INFO: [VRFC 10-311] analyzing module AESL_axi_s_tracks_7_V_V
INFO: [VRFC 10-2263] Analyzing SystemVerilog file "/home/YL_HUANG/10_21/full_model_layer/sum1d/myproject_prj/solution1/sim/verilog/AESL_axi_s_tracks_8_V_V.v" into library xil_defaultlib
INFO: [VRFC 10-311] analyzing module AESL_axi_s_tracks_8_V_V
INFO: [VRFC 10-2263] Analyzing SystemVerilog file "/home/YL_HUANG/10_21/full_model_layer/sum1d/myproject_prj/solution1/sim/verilog/AESL_axi_s_tracks_9_V_V.v" into library xil_defaultlib
INFO: [VRFC 10-311] analyzing module AESL_axi_s_tracks_9_V_V
INFO: [VRFC 10-2263] Analyzing SystemVerilog file "/home/YL_HUANG/10_21/full_model_layer/sum1d/myproject_prj/solution1/sim/verilog/AESL_axi_s_tracks_10_V_V.v" into library xil_defaultlib
INFO: [VRFC 10-311] analyzing module AESL_axi_s_tracks_10_V_V
INFO: [VRFC 10-2263] Analyzing SystemVerilog file "/home/YL_HUANG/10_21/full_model_layer/sum1d/myproject_prj/solution1/sim/verilog/AESL_axi_s_tracks_11_V_V.v" into library xil_defaultlib
INFO: [VRFC 10-311] analyzing module AESL_axi_s_tracks_11_V_V
INFO: [VRFC 10-2263] Analyzing SystemVerilog file "/home/YL_HUANG/10_21/full_model_layer/sum1d/myproject_prj/solution1/sim/verilog/AESL_axi_s_tracks_12_V_V.v" into library xil_defaultlib
INFO: [VRFC 10-311] analyzing module AESL_axi_s_tracks_12_V_V
INFO: [VRFC 10-2263] Analyzing SystemVerilog file "/home/YL_HUANG/10_21/full_model_layer/sum1d/myproject_prj/solution1/sim/verilog/AESL_axi_s_tracks_13_V_V.v" into library xil_defaultlib
INFO: [VRFC 10-311] analyzing module AESL_axi_s_tracks_13_V_V
INFO: [VRFC 10-2263] Analyzing SystemVerilog file "/home/YL_HUANG/10_21/full_model_layer/sum1d/myproject_prj/solution1/sim/verilog/AESL_axi_s_tracks_14_V_V.v" into library xil_defaultlib
INFO: [VRFC 10-311] analyzing module AESL_axi_s_tracks_14_V_V
INFO: [VRFC 10-2263] Analyzing SystemVerilog file "/home/YL_HUANG/10_21/full_model_layer/sum1d/myproject_prj/solution1/sim/verilog/AESL_axi_s_tracks_15_V_V.v" into library xil_defaultlib
INFO: [VRFC 10-311] analyzing module AESL_axi_s_tracks_15_V_V
INFO: [VRFC 10-2263] Analyzing SystemVerilog file "/home/YL_HUANG/10_21/full_model_layer/sum1d/myproject_prj/solution1/sim/verilog/AESL_axi_s_tracks_16_V_V.v" into library xil_defaultlib
INFO: [VRFC 10-311] analyzing module AESL_axi_s_tracks_16_V_V
INFO: [VRFC 10-2263] Analyzing SystemVerilog file "/home/YL_HUANG/10_21/full_model_layer/sum1d/myproject_prj/solution1/sim/verilog/AESL_axi_s_tracks_17_V_V.v" into library xil_defaultlib
INFO: [VRFC 10-311] analyzing module AESL_axi_s_tracks_17_V_V
INFO: [VRFC 10-2263] Analyzing SystemVerilog file "/home/YL_HUANG/10_21/full_model_layer/sum1d/myproject_prj/solution1/sim/verilog/AESL_axi_s_tracks_18_V_V.v" into library xil_defaultlib
INFO: [VRFC 10-311] analyzing module AESL_axi_s_tracks_18_V_V
INFO: [VRFC 10-2263] Analyzing SystemVerilog file "/home/YL_HUANG/10_21/full_model_layer/sum1d/myproject_prj/solution1/sim/verilog/AESL_axi_s_tracks_19_V_V.v" into library xil_defaultlib
INFO: [VRFC 10-311] analyzing module AESL_axi_s_tracks_19_V_V
INFO: [VRFC 10-2263] Analyzing SystemVerilog file "/home/YL_HUANG/10_21/full_model_layer/sum1d/myproject_prj/solution1/sim/verilog/AESL_axi_s_tracks_20_V_V.v" into library xil_defaultlib
INFO: [VRFC 10-311] analyzing module AESL_axi_s_tracks_20_V_V
INFO: [VRFC 10-2263] Analyzing SystemVerilog file "/home/YL_HUANG/10_21/full_model_layer/sum1d/myproject_prj/solution1/sim/verilog/AESL_axi_s_tracks_21_V_V.v" into library xil_defaultlib
INFO: [VRFC 10-311] analyzing module AESL_axi_s_tracks_21_V_V
INFO: [VRFC 10-2263] Analyzing SystemVerilog file "/home/YL_HUANG/10_21/full_model_layer/sum1d/myproject_prj/solution1/sim/verilog/AESL_axi_s_tracks_22_V_V.v" into library xil_defaultlib
INFO: [VRFC 10-311] analyzing module AESL_axi_s_tracks_22_V_V
INFO: [VRFC 10-2263] Analyzing SystemVerilog file "/home/YL_HUANG/10_21/full_model_layer/sum1d/myproject_prj/solution1/sim/verilog/AESL_axi_s_tracks_23_V_V.v" into library xil_defaultlib
INFO: [VRFC 10-311] analyzing module AESL_axi_s_tracks_23_V_V
INFO: [VRFC 10-2263] Analyzing SystemVerilog file "/home/YL_HUANG/10_21/full_model_layer/sum1d/myproject_prj/solution1/sim/verilog/AESL_axi_s_tracks_24_V_V.v" into library xil_defaultlib
INFO: [VRFC 10-311] analyzing module AESL_axi_s_tracks_24_V_V
INFO: [VRFC 10-2263] Analyzing SystemVerilog file "/home/YL_HUANG/10_21/full_model_layer/sum1d/myproject_prj/solution1/sim/verilog/AESL_axi_s_tracks_25_V_V.v" into library xil_defaultlib
INFO: [VRFC 10-311] analyzing module AESL_axi_s_tracks_25_V_V
INFO: [VRFC 10-2263] Analyzing SystemVerilog file "/home/YL_HUANG/10_21/full_model_layer/sum1d/myproject_prj/solution1/sim/verilog/AESL_axi_s_tracks_26_V_V.v" into library xil_defaultlib
INFO: [VRFC 10-311] analyzing module AESL_axi_s_tracks_26_V_V
INFO: [VRFC 10-2263] Analyzing SystemVerilog file "/home/YL_HUANG/10_21/full_model_layer/sum1d/myproject_prj/solution1/sim/verilog/AESL_axi_s_tracks_27_V_V.v" into library xil_defaultlib
INFO: [VRFC 10-311] analyzing module AESL_axi_s_tracks_27_V_V
INFO: [VRFC 10-2263] Analyzing SystemVerilog file "/home/YL_HUANG/10_21/full_model_layer/sum1d/myproject_prj/solution1/sim/verilog/AESL_axi_s_tracks_28_V_V.v" into library xil_defaultlib
INFO: [VRFC 10-311] analyzing module AESL_axi_s_tracks_28_V_V
INFO: [VRFC 10-2263] Analyzing SystemVerilog file "/home/YL_HUANG/10_21/full_model_layer/sum1d/myproject_prj/solution1/sim/verilog/AESL_axi_s_tracks_29_V_V.v" into library xil_defaultlib
INFO: [VRFC 10-311] analyzing module AESL_axi_s_tracks_29_V_V
INFO: [VRFC 10-2263] Analyzing SystemVerilog file "/home/YL_HUANG/10_21/full_model_layer/sum1d/myproject_prj/solution1/sim/verilog/AESL_axi_s_tracks_30_V_V.v" into library xil_defaultlib
INFO: [VRFC 10-311] analyzing module AESL_axi_s_tracks_30_V_V
INFO: [VRFC 10-2263] Analyzing SystemVerilog file "/home/YL_HUANG/10_21/full_model_layer/sum1d/myproject_prj/solution1/sim/verilog/AESL_axi_s_tracks_31_V_V.v" into library xil_defaultlib
INFO: [VRFC 10-311] analyzing module AESL_axi_s_tracks_31_V_V
INFO: [VRFC 10-2263] Analyzing SystemVerilog file "/home/YL_HUANG/10_21/full_model_layer/sum1d/myproject_prj/solution1/sim/verilog/AESL_axi_s_tracks_32_V_V.v" into library xil_defaultlib
INFO: [VRFC 10-311] analyzing module AESL_axi_s_tracks_32_V_V
INFO: [VRFC 10-2263] Analyzing SystemVerilog file "/home/YL_HUANG/10_21/full_model_layer/sum1d/myproject_prj/solution1/sim/verilog/AESL_axi_s_tracks_33_V_V.v" into library xil_defaultlib
INFO: [VRFC 10-311] analyzing module AESL_axi_s_tracks_33_V_V
INFO: [VRFC 10-2263] Analyzing SystemVerilog file "/home/YL_HUANG/10_21/full_model_layer/sum1d/myproject_prj/solution1/sim/verilog/AESL_axi_s_tracks_34_V_V.v" into library xil_defaultlib
INFO: [VRFC 10-311] analyzing module AESL_axi_s_tracks_34_V_V
INFO: [VRFC 10-2263] Analyzing SystemVerilog file "/home/YL_HUANG/10_21/full_model_layer/sum1d/myproject_prj/solution1/sim/verilog/AESL_axi_s_tracks_35_V_V.v" into library xil_defaultlib
INFO: [VRFC 10-311] analyzing module AESL_axi_s_tracks_35_V_V
INFO: [VRFC 10-2263] Analyzing SystemVerilog file "/home/YL_HUANG/10_21/full_model_layer/sum1d/myproject_prj/solution1/sim/verilog/AESL_axi_s_tracks_36_V_V.v" into library xil_defaultlib
INFO: [VRFC 10-311] analyzing module AESL_axi_s_tracks_36_V_V
INFO: [VRFC 10-2263] Analyzing SystemVerilog file "/home/YL_HUANG/10_21/full_model_layer/sum1d/myproject_prj/solution1/sim/verilog/AESL_axi_s_tracks_37_V_V.v" into library xil_defaultlib
INFO: [VRFC 10-311] analyzing module AESL_axi_s_tracks_37_V_V
INFO: [VRFC 10-2263] Analyzing SystemVerilog file "/home/YL_HUANG/10_21/full_model_layer/sum1d/myproject_prj/solution1/sim/verilog/AESL_axi_s_tracks_38_V_V.v" into library xil_defaultlib
INFO: [VRFC 10-311] analyzing module AESL_axi_s_tracks_38_V_V
INFO: [VRFC 10-2263] Analyzing SystemVerilog file "/home/YL_HUANG/10_21/full_model_layer/sum1d/myproject_prj/solution1/sim/verilog/AESL_axi_s_tracks_39_V_V.v" into library xil_defaultlib
INFO: [VRFC 10-311] analyzing module AESL_axi_s_tracks_39_V_V
INFO: [VRFC 10-2263] Analyzing SystemVerilog file "/home/YL_HUANG/10_21/full_model_layer/sum1d/myproject_prj/solution1/sim/verilog/AESL_axi_s_tracks_40_V_V.v" into library xil_defaultlib
INFO: [VRFC 10-311] analyzing module AESL_axi_s_tracks_40_V_V
INFO: [VRFC 10-2263] Analyzing SystemVerilog file "/home/YL_HUANG/10_21/full_model_layer/sum1d/myproject_prj/solution1/sim/verilog/AESL_axi_s_tracks_41_V_V.v" into library xil_defaultlib
INFO: [VRFC 10-311] analyzing module AESL_axi_s_tracks_41_V_V
INFO: [VRFC 10-2263] Analyzing SystemVerilog file "/home/YL_HUANG/10_21/full_model_layer/sum1d/myproject_prj/solution1/sim/verilog/AESL_axi_s_tracks_42_V_V.v" into library xil_defaultlib
INFO: [VRFC 10-311] analyzing module AESL_axi_s_tracks_42_V_V
INFO: [VRFC 10-2263] Analyzing SystemVerilog file "/home/YL_HUANG/10_21/full_model_layer/sum1d/myproject_prj/solution1/sim/verilog/AESL_axi_s_tracks_43_V_V.v" into library xil_defaultlib
INFO: [VRFC 10-311] analyzing module AESL_axi_s_tracks_43_V_V
INFO: [VRFC 10-2263] Analyzing SystemVerilog file "/home/YL_HUANG/10_21/full_model_layer/sum1d/myproject_prj/solution1/sim/verilog/AESL_axi_s_tracks_44_V_V.v" into library xil_defaultlib
INFO: [VRFC 10-311] analyzing module AESL_axi_s_tracks_44_V_V
INFO: [VRFC 10-2263] Analyzing SystemVerilog file "/home/YL_HUANG/10_21/full_model_layer/sum1d/myproject_prj/solution1/sim/verilog/AESL_axi_s_tracks_45_V_V.v" into library xil_defaultlib
INFO: [VRFC 10-311] analyzing module AESL_axi_s_tracks_45_V_V
INFO: [VRFC 10-2263] Analyzing SystemVerilog file "/home/YL_HUANG/10_21/full_model_layer/sum1d/myproject_prj/solution1/sim/verilog/AESL_axi_s_tracks_46_V_V.v" into library xil_defaultlib
INFO: [VRFC 10-311] analyzing module AESL_axi_s_tracks_46_V_V
INFO: [VRFC 10-2263] Analyzing SystemVerilog file "/home/YL_HUANG/10_21/full_model_layer/sum1d/myproject_prj/solution1/sim/verilog/AESL_axi_s_tracks_47_V_V.v" into library xil_defaultlib
INFO: [VRFC 10-311] analyzing module AESL_axi_s_tracks_47_V_V
INFO: [VRFC 10-2263] Analyzing SystemVerilog file "/home/YL_HUANG/10_21/full_model_layer/sum1d/myproject_prj/solution1/sim/verilog/AESL_axi_s_tracks_48_V_V.v" into library xil_defaultlib
INFO: [VRFC 10-311] analyzing module AESL_axi_s_tracks_48_V_V
INFO: [VRFC 10-2263] Analyzing SystemVerilog file "/home/YL_HUANG/10_21/full_model_layer/sum1d/myproject_prj/solution1/sim/verilog/AESL_axi_s_tracks_49_V_V.v" into library xil_defaultlib
INFO: [VRFC 10-311] analyzing module AESL_axi_s_tracks_49_V_V
INFO: [VRFC 10-2263] Analyzing SystemVerilog file "/home/YL_HUANG/10_21/full_model_layer/sum1d/myproject_prj/solution1/sim/verilog/AESL_axi_s_tracks_50_V_V.v" into library xil_defaultlib
INFO: [VRFC 10-311] analyzing module AESL_axi_s_tracks_50_V_V
INFO: [VRFC 10-2263] Analyzing SystemVerilog file "/home/YL_HUANG/10_21/full_model_layer/sum1d/myproject_prj/solution1/sim/verilog/AESL_axi_s_tracks_51_V_V.v" into library xil_defaultlib
INFO: [VRFC 10-311] analyzing module AESL_axi_s_tracks_51_V_V
INFO: [VRFC 10-2263] Analyzing SystemVerilog file "/home/YL_HUANG/10_21/full_model_layer/sum1d/myproject_prj/solution1/sim/verilog/AESL_axi_s_tracks_52_V_V.v" into library xil_defaultlib
INFO: [VRFC 10-311] analyzing module AESL_axi_s_tracks_52_V_V
INFO: [VRFC 10-2263] Analyzing SystemVerilog file "/home/YL_HUANG/10_21/full_model_layer/sum1d/myproject_prj/solution1/sim/verilog/AESL_axi_s_tracks_53_V_V.v" into library xil_defaultlib
INFO: [VRFC 10-311] analyzing module AESL_axi_s_tracks_53_V_V
INFO: [VRFC 10-2263] Analyzing SystemVerilog file "/home/YL_HUANG/10_21/full_model_layer/sum1d/myproject_prj/solution1/sim/verilog/AESL_axi_s_tracks_54_V_V.v" into library xil_defaultlib
INFO: [VRFC 10-311] analyzing module AESL_axi_s_tracks_54_V_V
INFO: [VRFC 10-2263] Analyzing SystemVerilog file "/home/YL_HUANG/10_21/full_model_layer/sum1d/myproject_prj/solution1/sim/verilog/AESL_axi_s_tracks_55_V_V.v" into library xil_defaultlib
INFO: [VRFC 10-311] analyzing module AESL_axi_s_tracks_55_V_V
INFO: [VRFC 10-2263] Analyzing SystemVerilog file "/home/YL_HUANG/10_21/full_model_layer/sum1d/myproject_prj/solution1/sim/verilog/AESL_axi_s_tracks_56_V_V.v" into library xil_defaultlib
INFO: [VRFC 10-311] analyzing module AESL_axi_s_tracks_56_V_V
INFO: [VRFC 10-2263] Analyzing SystemVerilog file "/home/YL_HUANG/10_21/full_model_layer/sum1d/myproject_prj/solution1/sim/verilog/AESL_axi_s_tracks_57_V_V.v" into library xil_defaultlib
INFO: [VRFC 10-311] analyzing module AESL_axi_s_tracks_57_V_V
INFO: [VRFC 10-2263] Analyzing SystemVerilog file "/home/YL_HUANG/10_21/full_model_layer/sum1d/myproject_prj/solution1/sim/verilog/AESL_axi_s_tracks_58_V_V.v" into library xil_defaultlib
INFO: [VRFC 10-311] analyzing module AESL_axi_s_tracks_58_V_V
INFO: [VRFC 10-2263] Analyzing SystemVerilog file "/home/YL_HUANG/10_21/full_model_layer/sum1d/myproject_prj/solution1/sim/verilog/AESL_axi_s_tracks_59_V_V.v" into library xil_defaultlib
INFO: [VRFC 10-311] analyzing module AESL_axi_s_tracks_59_V_V
INFO: [VRFC 10-2263] Analyzing SystemVerilog file "/home/YL_HUANG/10_21/full_model_layer/sum1d/myproject_prj/solution1/sim/verilog/AESL_axi_s_tracks_60_V_V.v" into library xil_defaultlib
INFO: [VRFC 10-311] analyzing module AESL_axi_s_tracks_60_V_V
INFO: [VRFC 10-2263] Analyzing SystemVerilog file "/home/YL_HUANG/10_21/full_model_layer/sum1d/myproject_prj/solution1/sim/verilog/AESL_axi_s_tracks_61_V_V.v" into library xil_defaultlib
INFO: [VRFC 10-311] analyzing module AESL_axi_s_tracks_61_V_V
INFO: [VRFC 10-2263] Analyzing SystemVerilog file "/home/YL_HUANG/10_21/full_model_layer/sum1d/myproject_prj/solution1/sim/verilog/AESL_axi_s_tracks_62_V_V.v" into library xil_defaultlib
INFO: [VRFC 10-311] analyzing module AESL_axi_s_tracks_62_V_V
INFO: [VRFC 10-2263] Analyzing SystemVerilog file "/home/YL_HUANG/10_21/full_model_layer/sum1d/myproject_prj/solution1/sim/verilog/AESL_axi_s_tracks_63_V_V.v" into library xil_defaultlib
INFO: [VRFC 10-311] analyzing module AESL_axi_s_tracks_63_V_V
INFO: [VRFC 10-2263] Analyzing SystemVerilog file "/home/YL_HUANG/10_21/full_model_layer/sum1d/myproject_prj/solution1/sim/verilog/AESL_axi_s_tracks_64_V_V.v" into library xil_defaultlib
INFO: [VRFC 10-311] analyzing module AESL_axi_s_tracks_64_V_V
INFO: [VRFC 10-2263] Analyzing SystemVerilog file "/home/YL_HUANG/10_21/full_model_layer/sum1d/myproject_prj/solution1/sim/verilog/AESL_axi_s_tracks_65_V_V.v" into library xil_defaultlib
INFO: [VRFC 10-311] analyzing module AESL_axi_s_tracks_65_V_V
INFO: [VRFC 10-2263] Analyzing SystemVerilog file "/home/YL_HUANG/10_21/full_model_layer/sum1d/myproject_prj/solution1/sim/verilog/AESL_axi_s_tracks_66_V_V.v" into library xil_defaultlib
INFO: [VRFC 10-311] analyzing module AESL_axi_s_tracks_66_V_V
INFO: [VRFC 10-2263] Analyzing SystemVerilog file "/home/YL_HUANG/10_21/full_model_layer/sum1d/myproject_prj/solution1/sim/verilog/AESL_axi_s_tracks_67_V_V.v" into library xil_defaultlib
INFO: [VRFC 10-311] analyzing module AESL_axi_s_tracks_67_V_V
INFO: [VRFC 10-2263] Analyzing SystemVerilog file "/home/YL_HUANG/10_21/full_model_layer/sum1d/myproject_prj/solution1/sim/verilog/AESL_axi_s_tracks_68_V_V.v" into library xil_defaultlib
INFO: [VRFC 10-311] analyzing module AESL_axi_s_tracks_68_V_V
INFO: [VRFC 10-2263] Analyzing SystemVerilog file "/home/YL_HUANG/10_21/full_model_layer/sum1d/myproject_prj/solution1/sim/verilog/AESL_axi_s_tracks_69_V_V.v" into library xil_defaultlib
INFO: [VRFC 10-311] analyzing module AESL_axi_s_tracks_69_V_V
INFO: [VRFC 10-2263] Analyzing SystemVerilog file "/home/YL_HUANG/10_21/full_model_layer/sum1d/myproject_prj/solution1/sim/verilog/AESL_axi_s_tracks_70_V_V.v" into library xil_defaultlib
INFO: [VRFC 10-311] analyzing module AESL_axi_s_tracks_70_V_V
INFO: [VRFC 10-2263] Analyzing SystemVerilog file "/home/YL_HUANG/10_21/full_model_layer/sum1d/myproject_prj/solution1/sim/verilog/AESL_axi_s_tracks_71_V_V.v" into library xil_defaultlib
INFO: [VRFC 10-311] analyzing module AESL_axi_s_tracks_71_V_V
INFO: [VRFC 10-2263] Analyzing SystemVerilog file "/home/YL_HUANG/10_21/full_model_layer/sum1d/myproject_prj/solution1/sim/verilog/AESL_axi_s_tracks_72_V_V.v" into library xil_defaultlib
INFO: [VRFC 10-311] analyzing module AESL_axi_s_tracks_72_V_V
INFO: [VRFC 10-2263] Analyzing SystemVerilog file "/home/YL_HUANG/10_21/full_model_layer/sum1d/myproject_prj/solution1/sim/verilog/AESL_axi_s_tracks_73_V_V.v" into library xil_defaultlib
INFO: [VRFC 10-311] analyzing module AESL_axi_s_tracks_73_V_V
INFO: [VRFC 10-2263] Analyzing SystemVerilog file "/home/YL_HUANG/10_21/full_model_layer/sum1d/myproject_prj/solution1/sim/verilog/AESL_axi_s_tracks_74_V_V.v" into library xil_defaultlib
INFO: [VRFC 10-311] analyzing module AESL_axi_s_tracks_74_V_V
INFO: [VRFC 10-2263] Analyzing SystemVerilog file "/home/YL_HUANG/10_21/full_model_layer/sum1d/myproject_prj/solution1/sim/verilog/AESL_axi_s_tracks_75_V_V.v" into library xil_defaultlib
INFO: [VRFC 10-311] analyzing module AESL_axi_s_tracks_75_V_V
INFO: [VRFC 10-2263] Analyzing SystemVerilog file "/home/YL_HUANG/10_21/full_model_layer/sum1d/myproject_prj/solution1/sim/verilog/AESL_axi_s_tracks_76_V_V.v" into library xil_defaultlib
INFO: [VRFC 10-311] analyzing module AESL_axi_s_tracks_76_V_V
INFO: [VRFC 10-2263] Analyzing SystemVerilog file "/home/YL_HUANG/10_21/full_model_layer/sum1d/myproject_prj/solution1/sim/verilog/AESL_axi_s_tracks_77_V_V.v" into library xil_defaultlib
INFO: [VRFC 10-311] analyzing module AESL_axi_s_tracks_77_V_V
INFO: [VRFC 10-2263] Analyzing SystemVerilog file "/home/YL_HUANG/10_21/full_model_layer/sum1d/myproject_prj/solution1/sim/verilog/AESL_axi_s_tracks_78_V_V.v" into library xil_defaultlib
INFO: [VRFC 10-311] analyzing module AESL_axi_s_tracks_78_V_V
INFO: [VRFC 10-2263] Analyzing SystemVerilog file "/home/YL_HUANG/10_21/full_model_layer/sum1d/myproject_prj/solution1/sim/verilog/AESL_axi_s_tracks_79_V_V.v" into library xil_defaultlib
INFO: [VRFC 10-311] analyzing module AESL_axi_s_tracks_79_V_V
INFO: [VRFC 10-2263] Analyzing SystemVerilog file "/home/YL_HUANG/10_21/full_model_layer/sum1d/myproject_prj/solution1/sim/verilog/AESL_axi_s_tracks_80_V_V.v" into library xil_defaultlib
INFO: [VRFC 10-311] analyzing module AESL_axi_s_tracks_80_V_V
INFO: [VRFC 10-2263] Analyzing SystemVerilog file "/home/YL_HUANG/10_21/full_model_layer/sum1d/myproject_prj/solution1/sim/verilog/AESL_axi_s_tracks_81_V_V.v" into library xil_defaultlib
INFO: [VRFC 10-311] analyzing module AESL_axi_s_tracks_81_V_V
INFO: [VRFC 10-2263] Analyzing SystemVerilog file "/home/YL_HUANG/10_21/full_model_layer/sum1d/myproject_prj/solution1/sim/verilog/AESL_axi_s_tracks_82_V_V.v" into library xil_defaultlib
INFO: [VRFC 10-311] analyzing module AESL_axi_s_tracks_82_V_V
INFO: [VRFC 10-2263] Analyzing SystemVerilog file "/home/YL_HUANG/10_21/full_model_layer/sum1d/myproject_prj/solution1/sim/verilog/AESL_axi_s_tracks_83_V_V.v" into library xil_defaultlib
INFO: [VRFC 10-311] analyzing module AESL_axi_s_tracks_83_V_V
INFO: [VRFC 10-2263] Analyzing SystemVerilog file "/home/YL_HUANG/10_21/full_model_layer/sum1d/myproject_prj/solution1/sim/verilog/AESL_axi_s_tracks_84_V_V.v" into library xil_defaultlib
INFO: [VRFC 10-311] analyzing module AESL_axi_s_tracks_84_V_V
INFO: [VRFC 10-2263] Analyzing SystemVerilog file "/home/YL_HUANG/10_21/full_model_layer/sum1d/myproject_prj/solution1/sim/verilog/AESL_axi_s_tracks_85_V_V.v" into library xil_defaultlib
INFO: [VRFC 10-311] analyzing module AESL_axi_s_tracks_85_V_V
INFO: [VRFC 10-2263] Analyzing SystemVerilog file "/home/YL_HUANG/10_21/full_model_layer/sum1d/myproject_prj/solution1/sim/verilog/AESL_axi_s_tracks_86_V_V.v" into library xil_defaultlib
INFO: [VRFC 10-311] analyzing module AESL_axi_s_tracks_86_V_V
INFO: [VRFC 10-2263] Analyzing SystemVerilog file "/home/YL_HUANG/10_21/full_model_layer/sum1d/myproject_prj/solution1/sim/verilog/AESL_axi_s_tracks_87_V_V.v" into library xil_defaultlib
INFO: [VRFC 10-311] analyzing module AESL_axi_s_tracks_87_V_V
INFO: [VRFC 10-2263] Analyzing SystemVerilog file "/home/YL_HUANG/10_21/full_model_layer/sum1d/myproject_prj/solution1/sim/verilog/AESL_axi_s_tracks_88_V_V.v" into library xil_defaultlib
INFO: [VRFC 10-311] analyzing module AESL_axi_s_tracks_88_V_V
INFO: [VRFC 10-2263] Analyzing SystemVerilog file "/home/YL_HUANG/10_21/full_model_layer/sum1d/myproject_prj/solution1/sim/verilog/AESL_axi_s_tracks_89_V_V.v" into library xil_defaultlib
INFO: [VRFC 10-311] analyzing module AESL_axi_s_tracks_89_V_V
INFO: [VRFC 10-2263] Analyzing SystemVerilog file "/home/YL_HUANG/10_21/full_model_layer/sum1d/myproject_prj/solution1/sim/verilog/AESL_axi_s_tracks_90_V_V.v" into library xil_defaultlib
INFO: [VRFC 10-311] analyzing module AESL_axi_s_tracks_90_V_V
INFO: [VRFC 10-2263] Analyzing SystemVerilog file "/home/YL_HUANG/10_21/full_model_layer/sum1d/myproject_prj/solution1/sim/verilog/AESL_axi_s_tracks_91_V_V.v" into library xil_defaultlib
INFO: [VRFC 10-311] analyzing module AESL_axi_s_tracks_91_V_V
INFO: [VRFC 10-2263] Analyzing SystemVerilog file "/home/YL_HUANG/10_21/full_model_layer/sum1d/myproject_prj/solution1/sim/verilog/AESL_axi_s_tracks_92_V_V.v" into library xil_defaultlib
INFO: [VRFC 10-311] analyzing module AESL_axi_s_tracks_92_V_V
INFO: [VRFC 10-2263] Analyzing SystemVerilog file "/home/YL_HUANG/10_21/full_model_layer/sum1d/myproject_prj/solution1/sim/verilog/AESL_axi_s_tracks_93_V_V.v" into library xil_defaultlib
INFO: [VRFC 10-311] analyzing module AESL_axi_s_tracks_93_V_V
INFO: [VRFC 10-2263] Analyzing SystemVerilog file "/home/YL_HUANG/10_21/full_model_layer/sum1d/myproject_prj/solution1/sim/verilog/AESL_axi_s_tracks_94_V_V.v" into library xil_defaultlib
INFO: [VRFC 10-311] analyzing module AESL_axi_s_tracks_94_V_V
INFO: [VRFC 10-2263] Analyzing SystemVerilog file "/home/YL_HUANG/10_21/full_model_layer/sum1d/myproject_prj/solution1/sim/verilog/AESL_axi_s_tracks_95_V_V.v" into library xil_defaultlib
INFO: [VRFC 10-311] analyzing module AESL_axi_s_tracks_95_V_V
INFO: [VRFC 10-2263] Analyzing SystemVerilog file "/home/YL_HUANG/10_21/full_model_layer/sum1d/myproject_prj/solution1/sim/verilog/myproject.v" into library xil_defaultlib
INFO: [VRFC 10-311] analyzing module myproject
INFO: [VRFC 10-2263] Analyzing SystemVerilog file "/home/YL_HUANG/10_21/full_model_layer/sum1d/myproject_prj/solution1/sim/verilog/AESL_axi_s_tracks_96_V_V.v" into library xil_defaultlib
INFO: [VRFC 10-311] analyzing module AESL_axi_s_tracks_96_V_V
INFO: [VRFC 10-2263] Analyzing SystemVerilog file "/home/YL_HUANG/10_21/full_model_layer/sum1d/myproject_prj/solution1/sim/verilog/AESL_axi_s_tracks_97_V_V.v" into library xil_defaultlib
INFO: [VRFC 10-311] analyzing module AESL_axi_s_tracks_97_V_V
INFO: [VRFC 10-2263] Analyzing SystemVerilog file "/home/YL_HUANG/10_21/full_model_layer/sum1d/myproject_prj/solution1/sim/verilog/AESL_axi_s_tracks_98_V_V.v" into library xil_defaultlib
INFO: [VRFC 10-311] analyzing module AESL_axi_s_tracks_98_V_V
INFO: [VRFC 10-2263] Analyzing SystemVerilog file "/home/YL_HUANG/10_21/full_model_layer/sum1d/myproject_prj/solution1/sim/verilog/AESL_axi_s_tracks_99_V_V.v" into library xil_defaultlib
INFO: [VRFC 10-311] analyzing module AESL_axi_s_tracks_99_V_V
INFO: [VRFC 10-2263] Analyzing SystemVerilog file "/home/YL_HUANG/10_21/full_model_layer/sum1d/myproject_prj/solution1/sim/verilog/AESL_axi_s_tracks_100_V_V.v" into library xil_defaultlib
INFO: [VRFC 10-311] analyzing module AESL_axi_s_tracks_100_V_V
INFO: [VRFC 10-2263] Analyzing SystemVerilog file "/home/YL_HUANG/10_21/full_model_layer/sum1d/myproject_prj/solution1/sim/verilog/AESL_axi_s_tracks_101_V_V.v" into library xil_defaultlib
INFO: [VRFC 10-311] analyzing module AESL_axi_s_tracks_101_V_V
INFO: [VRFC 10-2263] Analyzing SystemVerilog file "/home/YL_HUANG/10_21/full_model_layer/sum1d/myproject_prj/solution1/sim/verilog/AESL_axi_s_tracks_102_V_V.v" into library xil_defaultlib
INFO: [VRFC 10-311] analyzing module AESL_axi_s_tracks_102_V_V
INFO: [VRFC 10-2263] Analyzing SystemVerilog file "/home/YL_HUANG/10_21/full_model_layer/sum1d/myproject_prj/solution1/sim/verilog/AESL_axi_s_tracks_103_V_V.v" into library xil_defaultlib
INFO: [VRFC 10-311] analyzing module AESL_axi_s_tracks_103_V_V
INFO: [VRFC 10-2263] Analyzing SystemVerilog file "/home/YL_HUANG/10_21/full_model_layer/sum1d/myproject_prj/solution1/sim/verilog/AESL_axi_s_tracks_104_V_V.v" into library xil_defaultlib
INFO: [VRFC 10-311] analyzing module AESL_axi_s_tracks_104_V_V
INFO: [VRFC 10-2263] Analyzing SystemVerilog file "/home/YL_HUANG/10_21/full_model_layer/sum1d/myproject_prj/solution1/sim/verilog/AESL_axi_s_tracks_105_V_V.v" into library xil_defaultlib
INFO: [VRFC 10-311] analyzing module AESL_axi_s_tracks_105_V_V
INFO: [VRFC 10-2263] Analyzing SystemVerilog file "/home/YL_HUANG/10_21/full_model_layer/sum1d/myproject_prj/solution1/sim/verilog/AESL_axi_s_tracks_106_V_V.v" into library xil_defaultlib
INFO: [VRFC 10-311] analyzing module AESL_axi_s_tracks_106_V_V
INFO: [VRFC 10-2263] Analyzing SystemVerilog file "/home/YL_HUANG/10_21/full_model_layer/sum1d/myproject_prj/solution1/sim/verilog/AESL_axi_s_tracks_107_V_V.v" into library xil_defaultlib
INFO: [VRFC 10-311] analyzing module AESL_axi_s_tracks_107_V_V
INFO: [VRFC 10-2263] Analyzing SystemVerilog file "/home/YL_HUANG/10_21/full_model_layer/sum1d/myproject_prj/solution1/sim/verilog/AESL_axi_s_tracks_108_V_V.v" into library xil_defaultlib
INFO: [VRFC 10-311] analyzing module AESL_axi_s_tracks_108_V_V
INFO: [VRFC 10-2263] Analyzing SystemVerilog file "/home/YL_HUANG/10_21/full_model_layer/sum1d/myproject_prj/solution1/sim/verilog/AESL_axi_s_tracks_109_V_V.v" into library xil_defaultlib
INFO: [VRFC 10-311] analyzing module AESL_axi_s_tracks_109_V_V
INFO: [VRFC 10-2263] Analyzing SystemVerilog file "/home/YL_HUANG/10_21/full_model_layer/sum1d/myproject_prj/solution1/sim/verilog/AESL_axi_s_tracks_110_V_V.v" into library xil_defaultlib
INFO: [VRFC 10-311] analyzing module AESL_axi_s_tracks_110_V_V
INFO: [VRFC 10-2263] Analyzing SystemVerilog file "/home/YL_HUANG/10_21/full_model_layer/sum1d/myproject_prj/solution1/sim/verilog/AESL_axi_s_tracks_111_V_V.v" into library xil_defaultlib
INFO: [VRFC 10-311] analyzing module AESL_axi_s_tracks_111_V_V
INFO: [VRFC 10-2263] Analyzing SystemVerilog file "/home/YL_HUANG/10_21/full_model_layer/sum1d/myproject_prj/solution1/sim/verilog/AESL_axi_s_tracks_112_V_V.v" into library xil_defaultlib
INFO: [VRFC 10-311] analyzing module AESL_axi_s_tracks_112_V_V
INFO: [VRFC 10-2263] Analyzing SystemVerilog file "/home/YL_HUANG/10_21/full_model_layer/sum1d/myproject_prj/solution1/sim/verilog/AESL_axi_s_tracks_113_V_V.v" into library xil_defaultlib
INFO: [VRFC 10-311] analyzing module AESL_axi_s_tracks_113_V_V
INFO: [VRFC 10-2263] Analyzing SystemVerilog file "/home/YL_HUANG/10_21/full_model_layer/sum1d/myproject_prj/solution1/sim/verilog/AESL_axi_s_tracks_114_V_V.v" into library xil_defaultlib
INFO: [VRFC 10-311] analyzing module AESL_axi_s_tracks_114_V_V
INFO: [VRFC 10-2263] Analyzing SystemVerilog file "/home/YL_HUANG/10_21/full_model_layer/sum1d/myproject_prj/solution1/sim/verilog/AESL_axi_s_tracks_115_V_V.v" into library xil_defaultlib
INFO: [VRFC 10-311] analyzing module AESL_axi_s_tracks_115_V_V
INFO: [VRFC 10-2263] Analyzing SystemVerilog file "/home/YL_HUANG/10_21/full_model_layer/sum1d/myproject_prj/solution1/sim/verilog/AESL_axi_s_tracks_116_V_V.v" into library xil_defaultlib
INFO: [VRFC 10-311] analyzing module AESL_axi_s_tracks_116_V_V
INFO: [VRFC 10-2263] Analyzing SystemVerilog file "/home/YL_HUANG/10_21/full_model_layer/sum1d/myproject_prj/solution1/sim/verilog/AESL_axi_s_tracks_117_V_V.v" into library xil_defaultlib
INFO: [VRFC 10-311] analyzing module AESL_axi_s_tracks_117_V_V
INFO: [VRFC 10-2263] Analyzing SystemVerilog file "/home/YL_HUANG/10_21/full_model_layer/sum1d/myproject_prj/solution1/sim/verilog/AESL_axi_s_tracks_118_V_V.v" into library xil_defaultlib
INFO: [VRFC 10-311] analyzing module AESL_axi_s_tracks_118_V_V
INFO: [VRFC 10-2263] Analyzing SystemVerilog file "/home/YL_HUANG/10_21/full_model_layer/sum1d/myproject_prj/solution1/sim/verilog/AESL_axi_s_tracks_119_V_V.v" into library xil_defaultlib
INFO: [VRFC 10-311] analyzing module AESL_axi_s_tracks_119_V_V
INFO: [VRFC 10-2263] Analyzing SystemVerilog file "/home/YL_HUANG/10_21/full_model_layer/sum1d/myproject_prj/solution1/sim/verilog/AESL_axi_s_tracks_120_V_V.v" into library xil_defaultlib
INFO: [VRFC 10-311] analyzing module AESL_axi_s_tracks_120_V_V
INFO: [VRFC 10-2263] Analyzing SystemVerilog file "/home/YL_HUANG/10_21/full_model_layer/sum1d/myproject_prj/solution1/sim/verilog/AESL_axi_s_tracks_121_V_V.v" into library xil_defaultlib
INFO: [VRFC 10-311] analyzing module AESL_axi_s_tracks_121_V_V
INFO: [VRFC 10-2263] Analyzing SystemVerilog file "/home/YL_HUANG/10_21/full_model_layer/sum1d/myproject_prj/solution1/sim/verilog/AESL_axi_s_tracks_122_V_V.v" into library xil_defaultlib
INFO: [VRFC 10-311] analyzing module AESL_axi_s_tracks_122_V_V
INFO: [VRFC 10-2263] Analyzing SystemVerilog file "/home/YL_HUANG/10_21/full_model_layer/sum1d/myproject_prj/solution1/sim/verilog/AESL_axi_s_tracks_123_V_V.v" into library xil_defaultlib
INFO: [VRFC 10-311] analyzing module AESL_axi_s_tracks_123_V_V
INFO: [VRFC 10-2263] Analyzing SystemVerilog file "/home/YL_HUANG/10_21/full_model_layer/sum1d/myproject_prj/solution1/sim/verilog/AESL_axi_s_tracks_124_V_V.v" into library xil_defaultlib
INFO: [VRFC 10-311] analyzing module AESL_axi_s_tracks_124_V_V
INFO: [VRFC 10-2263] Analyzing SystemVerilog file "/home/YL_HUANG/10_21/full_model_layer/sum1d/myproject_prj/solution1/sim/verilog/AESL_axi_s_tracks_125_V_V.v" into library xil_defaultlib
INFO: [VRFC 10-311] analyzing module AESL_axi_s_tracks_125_V_V
INFO: [VRFC 10-2263] Analyzing SystemVerilog file "/home/YL_HUANG/10_21/full_model_layer/sum1d/myproject_prj/solution1/sim/verilog/AESL_axi_s_tracks_126_V_V.v" into library xil_defaultlib
INFO: [VRFC 10-311] analyzing module AESL_axi_s_tracks_126_V_V
INFO: [VRFC 10-2263] Analyzing SystemVerilog file "/home/YL_HUANG/10_21/full_model_layer/sum1d/myproject_prj/solution1/sim/verilog/AESL_axi_s_tracks_127_V_V.v" into library xil_defaultlib
INFO: [VRFC 10-311] analyzing module AESL_axi_s_tracks_127_V_V
INFO: [VRFC 10-2263] Analyzing SystemVerilog file "/home/YL_HUANG/10_21/full_model_layer/sum1d/myproject_prj/solution1/sim/verilog/AESL_axi_s_layer12_out_0_V_V.v" into library xil_defaultlib
INFO: [VRFC 10-311] analyzing module AESL_axi_s_layer12_out_0_V_V
INFO: [VRFC 10-2263] Analyzing SystemVerilog file "/home/YL_HUANG/10_21/full_model_layer/sum1d/myproject_prj/solution1/sim/verilog/sum1d_switch_ap_fixed_ap_fixed_32_16_5_3_0_config12_s.v" into library xil_defaultlib
INFO: [VRFC 10-311] analyzing module sum1d_switch_ap_fixed_ap_fixed_32_16_5_3_0_config12_s
INFO: [VRFC 10-2263] Analyzing SystemVerilog file "/home/YL_HUANG/10_21/full_model_layer/sum1d/myproject_prj/solution1/sim/verilog/regslice_core.v" into library xil_defaultlib
INFO: [VRFC 10-311] analyzing module regslice_both
INFO: [VRFC 10-311] analyzing module regslice_forward
INFO: [VRFC 10-311] analyzing module regslice_reverse
INFO: [VRFC 10-311] analyzing module regslice_both_w1
INFO: [VRFC 10-311] analyzing module regslice_forward_w1
INFO: [VRFC 10-311] analyzing module regslice_reverse_w1
INFO: [VRFC 10-311] analyzing module ibuf
INFO: [VRFC 10-311] analyzing module obuf
Starting static elaboration
Pass Through NonSizing Optimizer
Completed static elaboration
Starting simulation data flow analysis
Completed simulation data flow analysis
Time Resolution for simulation is 1ps
Compiling module xil_defaultlib.ibuf(W=33)
Compiling module xil_defaultlib.obuf(W=33)
Compiling module xil_defaultlib.regslice_both_default
Compiling module xil_defaultlib.sum1d_switch_ap_fixed_ap_fixed_3...
Compiling module xil_defaultlib.myproject
Compiling module xil_defaultlib.fifo(DEPTH=57,WIDTH=32)
Compiling module xil_defaultlib.AESL_axi_s_tracks_0_V_V
Compiling module xil_defaultlib.AESL_axi_s_tracks_1_V_V
Compiling module xil_defaultlib.AESL_axi_s_tracks_2_V_V
Compiling module xil_defaultlib.AESL_axi_s_tracks_3_V_V
Compiling module xil_defaultlib.AESL_axi_s_tracks_4_V_V
Compiling module xil_defaultlib.AESL_axi_s_tracks_5_V_V
Compiling module xil_defaultlib.AESL_axi_s_tracks_6_V_V
Compiling module xil_defaultlib.AESL_axi_s_tracks_7_V_V
Compiling module xil_defaultlib.AESL_axi_s_tracks_8_V_V
Compiling module xil_defaultlib.AESL_axi_s_tracks_9_V_V
Compiling module xil_defaultlib.AESL_axi_s_tracks_10_V_V
Compiling module xil_defaultlib.AESL_axi_s_tracks_11_V_V
Compiling module xil_defaultlib.AESL_axi_s_tracks_12_V_V
Compiling module xil_defaultlib.AESL_axi_s_tracks_13_V_V
Compiling module xil_defaultlib.AESL_axi_s_tracks_14_V_V
Compiling module xil_defaultlib.AESL_axi_s_tracks_15_V_V
Compiling module xil_defaultlib.AESL_axi_s_tracks_16_V_V
Compiling module xil_defaultlib.AESL_axi_s_tracks_17_V_V
Compiling module xil_defaultlib.AESL_axi_s_tracks_18_V_V
Compiling module xil_defaultlib.AESL_axi_s_tracks_19_V_V
Compiling module xil_defaultlib.AESL_axi_s_tracks_20_V_V
Compiling module xil_defaultlib.AESL_axi_s_tracks_21_V_V
Compiling module xil_defaultlib.AESL_axi_s_tracks_22_V_V
Compiling module xil_defaultlib.AESL_axi_s_tracks_23_V_V
Compiling module xil_defaultlib.AESL_axi_s_tracks_24_V_V
Compiling module xil_defaultlib.AESL_axi_s_tracks_25_V_V
Compiling module xil_defaultlib.AESL_axi_s_tracks_26_V_V
Compiling module xil_defaultlib.AESL_axi_s_tracks_27_V_V
Compiling module xil_defaultlib.AESL_axi_s_tracks_28_V_V
Compiling module xil_defaultlib.AESL_axi_s_tracks_29_V_V
Compiling module xil_defaultlib.AESL_axi_s_tracks_30_V_V
Compiling module xil_defaultlib.AESL_axi_s_tracks_31_V_V
Compiling module xil_defaultlib.AESL_axi_s_tracks_32_V_V
Compiling module xil_defaultlib.AESL_axi_s_tracks_33_V_V
Compiling module xil_defaultlib.AESL_axi_s_tracks_34_V_V
Compiling module xil_defaultlib.AESL_axi_s_tracks_35_V_V
Compiling module xil_defaultlib.AESL_axi_s_tracks_36_V_V
Compiling module xil_defaultlib.AESL_axi_s_tracks_37_V_V
Compiling module xil_defaultlib.AESL_axi_s_tracks_38_V_V
Compiling module xil_defaultlib.AESL_axi_s_tracks_39_V_V
Compiling module xil_defaultlib.AESL_axi_s_tracks_40_V_V
Compiling module xil_defaultlib.AESL_axi_s_tracks_41_V_V
Compiling module xil_defaultlib.AESL_axi_s_tracks_42_V_V
Compiling module xil_defaultlib.AESL_axi_s_tracks_43_V_V
Compiling module xil_defaultlib.AESL_axi_s_tracks_44_V_V
Compiling module xil_defaultlib.AESL_axi_s_tracks_45_V_V
Compiling module xil_defaultlib.AESL_axi_s_tracks_46_V_V
Compiling module xil_defaultlib.AESL_axi_s_tracks_47_V_V
Compiling module xil_defaultlib.AESL_axi_s_tracks_48_V_V
Compiling module xil_defaultlib.AESL_axi_s_tracks_49_V_V
Compiling module xil_defaultlib.AESL_axi_s_tracks_50_V_V
Compiling module xil_defaultlib.AESL_axi_s_tracks_51_V_V
Compiling module xil_defaultlib.AESL_axi_s_tracks_52_V_V
Compiling module xil_defaultlib.AESL_axi_s_tracks_53_V_V
Compiling module xil_defaultlib.AESL_axi_s_tracks_54_V_V
Compiling module xil_defaultlib.AESL_axi_s_tracks_55_V_V
Compiling module xil_defaultlib.AESL_axi_s_tracks_56_V_V
Compiling module xil_defaultlib.AESL_axi_s_tracks_57_V_V
Compiling module xil_defaultlib.AESL_axi_s_tracks_58_V_V
Compiling module xil_defaultlib.AESL_axi_s_tracks_59_V_V
Compiling module xil_defaultlib.AESL_axi_s_tracks_60_V_V
Compiling module xil_defaultlib.AESL_axi_s_tracks_61_V_V
Compiling module xil_defaultlib.AESL_axi_s_tracks_62_V_V
Compiling module xil_defaultlib.AESL_axi_s_tracks_63_V_V
Compiling module xil_defaultlib.AESL_axi_s_tracks_64_V_V
Compiling module xil_defaultlib.AESL_axi_s_tracks_65_V_V
Compiling module xil_defaultlib.AESL_axi_s_tracks_66_V_V
Compiling module xil_defaultlib.AESL_axi_s_tracks_67_V_V
Compiling module xil_defaultlib.AESL_axi_s_tracks_68_V_V
Compiling module xil_defaultlib.AESL_axi_s_tracks_69_V_V
Compiling module xil_defaultlib.AESL_axi_s_tracks_70_V_V
Compiling module xil_defaultlib.AESL_axi_s_tracks_71_V_V
Compiling module xil_defaultlib.AESL_axi_s_tracks_72_V_V
Compiling module xil_defaultlib.AESL_axi_s_tracks_73_V_V
Compiling module xil_defaultlib.AESL_axi_s_tracks_74_V_V
Compiling module xil_defaultlib.AESL_axi_s_tracks_75_V_V
Compiling module xil_defaultlib.AESL_axi_s_tracks_76_V_V
Compiling module xil_defaultlib.AESL_axi_s_tracks_77_V_V
Compiling module xil_defaultlib.AESL_axi_s_tracks_78_V_V
Compiling module xil_defaultlib.AESL_axi_s_tracks_79_V_V
Compiling module xil_defaultlib.AESL_axi_s_tracks_80_V_V
Compiling module xil_defaultlib.AESL_axi_s_tracks_81_V_V
Compiling module xil_defaultlib.AESL_axi_s_tracks_82_V_V
Compiling module xil_defaultlib.AESL_axi_s_tracks_83_V_V
Compiling module xil_defaultlib.AESL_axi_s_tracks_84_V_V
Compiling module xil_defaultlib.AESL_axi_s_tracks_85_V_V
Compiling module xil_defaultlib.AESL_axi_s_tracks_86_V_V
Compiling module xil_defaultlib.AESL_axi_s_tracks_87_V_V
Compiling module xil_defaultlib.AESL_axi_s_tracks_88_V_V
Compiling module xil_defaultlib.AESL_axi_s_tracks_89_V_V
Compiling module xil_defaultlib.AESL_axi_s_tracks_90_V_V
Compiling module xil_defaultlib.AESL_axi_s_tracks_91_V_V
Compiling module xil_defaultlib.AESL_axi_s_tracks_92_V_V
Compiling module xil_defaultlib.AESL_axi_s_tracks_93_V_V
Compiling module xil_defaultlib.AESL_axi_s_tracks_94_V_V
Compiling module xil_defaultlib.AESL_axi_s_tracks_95_V_V
Compiling module xil_defaultlib.AESL_axi_s_tracks_96_V_V
Compiling module xil_defaultlib.AESL_axi_s_tracks_97_V_V
Compiling module xil_defaultlib.AESL_axi_s_tracks_98_V_V
Compiling module xil_defaultlib.AESL_axi_s_tracks_99_V_V
Compiling module xil_defaultlib.AESL_axi_s_tracks_100_V_V
Compiling module xil_defaultlib.AESL_axi_s_tracks_101_V_V
Compiling module xil_defaultlib.AESL_axi_s_tracks_102_V_V
Compiling module xil_defaultlib.AESL_axi_s_tracks_103_V_V
Compiling module xil_defaultlib.AESL_axi_s_tracks_104_V_V
Compiling module xil_defaultlib.AESL_axi_s_tracks_105_V_V
Compiling module xil_defaultlib.AESL_axi_s_tracks_106_V_V
Compiling module xil_defaultlib.AESL_axi_s_tracks_107_V_V
Compiling module xil_defaultlib.AESL_axi_s_tracks_108_V_V
Compiling module xil_defaultlib.AESL_axi_s_tracks_109_V_V
Compiling module xil_defaultlib.AESL_axi_s_tracks_110_V_V
Compiling module xil_defaultlib.AESL_axi_s_tracks_111_V_V
Compiling module xil_defaultlib.AESL_axi_s_tracks_112_V_V
Compiling module xil_defaultlib.AESL_axi_s_tracks_113_V_V
Compiling module xil_defaultlib.AESL_axi_s_tracks_114_V_V
Compiling module xil_defaultlib.AESL_axi_s_tracks_115_V_V
Compiling module xil_defaultlib.AESL_axi_s_tracks_116_V_V
Compiling module xil_defaultlib.AESL_axi_s_tracks_117_V_V
Compiling module xil_defaultlib.AESL_axi_s_tracks_118_V_V
Compiling module xil_defaultlib.AESL_axi_s_tracks_119_V_V
Compiling module xil_defaultlib.AESL_axi_s_tracks_120_V_V
Compiling module xil_defaultlib.AESL_axi_s_tracks_121_V_V
Compiling module xil_defaultlib.AESL_axi_s_tracks_122_V_V
Compiling module xil_defaultlib.AESL_axi_s_tracks_123_V_V
Compiling module xil_defaultlib.AESL_axi_s_tracks_124_V_V
Compiling module xil_defaultlib.AESL_axi_s_tracks_125_V_V
Compiling module xil_defaultlib.AESL_axi_s_tracks_126_V_V
Compiling module xil_defaultlib.AESL_axi_s_tracks_127_V_V
Compiling module xil_defaultlib.fifo(DEPTH=128,WIDTH=32)
Compiling module xil_defaultlib.AESL_axi_s_layer12_out_0_V_V
Compiling module xil_defaultlib.apatb_myproject_top
Compiling module work.glbl
Built simulation snapshot myproject
