#-----------------------------------------------------------
# xsim v2019.2 (64-bit)
# SW Build 2708876 on Wed Nov  6 21:39:14 MST 2019
# IP Build 2700528 on Thu Nov  7 00:09:20 MST 2019
# Start of session at: Fri Oct 21 13:41:51 2022
# Process ID: 20087
# Current directory: /home/YL_HUANG/10_21/full_model_layer/film/myproject_prj/solution1/sim/verilog
# Command line: xsim -mode tcl -source {xsim.dir/myproject/xsim_script.tcl}
# Log file: /home/YL_HUANG/10_21/full_model_layer/film/myproject_prj/solution1/sim/verilog/xsim.log
# Journal file: /home/YL_HUANG/10_21/full_model_layer/film/myproject_prj/solution1/sim/verilog/xsim.jou
#-----------------------------------------------------------
source xsim.dir/myproject/xsim_script.tcl
# xsim {myproject} -autoloadwcfg -tclbatch {myproject.tcl}
Vivado Simulator 2019.2
Time resolution is 1 ps
source myproject.tcl
## set designtopgroup [add_wave_group "Design Top Signals"]
## set coutputgroup [add_wave_group "C Outputs" -into $designtopgroup]
## set layer102_out_group [add_wave_group layer102_out(axis) -into $coutputgroup]
## add_wave /apatb_myproject_top/AESL_inst_myproject/layer102_out_15_V_V_TREADY -into $layer102_out_group -color #ffff00 -radix hex
## add_wave /apatb_myproject_top/AESL_inst_myproject/layer102_out_15_V_V_TVALID -into $layer102_out_group -color #ffff00 -radix hex
## add_wave /apatb_myproject_top/AESL_inst_myproject/layer102_out_14_V_V_TREADY -into $layer102_out_group -color #ffff00 -radix hex
## add_wave /apatb_myproject_top/AESL_inst_myproject/layer102_out_14_V_V_TVALID -into $layer102_out_group -color #ffff00 -radix hex
## add_wave /apatb_myproject_top/AESL_inst_myproject/layer102_out_13_V_V_TREADY -into $layer102_out_group -color #ffff00 -radix hex
## add_wave /apatb_myproject_top/AESL_inst_myproject/layer102_out_13_V_V_TVALID -into $layer102_out_group -color #ffff00 -radix hex
## add_wave /apatb_myproject_top/AESL_inst_myproject/layer102_out_12_V_V_TREADY -into $layer102_out_group -color #ffff00 -radix hex
## add_wave /apatb_myproject_top/AESL_inst_myproject/layer102_out_12_V_V_TVALID -into $layer102_out_group -color #ffff00 -radix hex
## add_wave /apatb_myproject_top/AESL_inst_myproject/layer102_out_11_V_V_TREADY -into $layer102_out_group -color #ffff00 -radix hex
## add_wave /apatb_myproject_top/AESL_inst_myproject/layer102_out_11_V_V_TVALID -into $layer102_out_group -color #ffff00 -radix hex
## add_wave /apatb_myproject_top/AESL_inst_myproject/layer102_out_10_V_V_TREADY -into $layer102_out_group -color #ffff00 -radix hex
## add_wave /apatb_myproject_top/AESL_inst_myproject/layer102_out_10_V_V_TVALID -into $layer102_out_group -color #ffff00 -radix hex
## add_wave /apatb_myproject_top/AESL_inst_myproject/layer102_out_9_V_V_TREADY -into $layer102_out_group -color #ffff00 -radix hex
## add_wave /apatb_myproject_top/AESL_inst_myproject/layer102_out_9_V_V_TVALID -into $layer102_out_group -color #ffff00 -radix hex
## add_wave /apatb_myproject_top/AESL_inst_myproject/layer102_out_8_V_V_TREADY -into $layer102_out_group -color #ffff00 -radix hex
## add_wave /apatb_myproject_top/AESL_inst_myproject/layer102_out_8_V_V_TVALID -into $layer102_out_group -color #ffff00 -radix hex
## add_wave /apatb_myproject_top/AESL_inst_myproject/layer102_out_7_V_V_TREADY -into $layer102_out_group -color #ffff00 -radix hex
## add_wave /apatb_myproject_top/AESL_inst_myproject/layer102_out_7_V_V_TVALID -into $layer102_out_group -color #ffff00 -radix hex
## add_wave /apatb_myproject_top/AESL_inst_myproject/layer102_out_6_V_V_TREADY -into $layer102_out_group -color #ffff00 -radix hex
## add_wave /apatb_myproject_top/AESL_inst_myproject/layer102_out_6_V_V_TVALID -into $layer102_out_group -color #ffff00 -radix hex
## add_wave /apatb_myproject_top/AESL_inst_myproject/layer102_out_5_V_V_TREADY -into $layer102_out_group -color #ffff00 -radix hex
## add_wave /apatb_myproject_top/AESL_inst_myproject/layer102_out_5_V_V_TVALID -into $layer102_out_group -color #ffff00 -radix hex
## add_wave /apatb_myproject_top/AESL_inst_myproject/layer102_out_4_V_V_TREADY -into $layer102_out_group -color #ffff00 -radix hex
## add_wave /apatb_myproject_top/AESL_inst_myproject/layer102_out_4_V_V_TVALID -into $layer102_out_group -color #ffff00 -radix hex
## add_wave /apatb_myproject_top/AESL_inst_myproject/layer102_out_3_V_V_TREADY -into $layer102_out_group -color #ffff00 -radix hex
## add_wave /apatb_myproject_top/AESL_inst_myproject/layer102_out_3_V_V_TVALID -into $layer102_out_group -color #ffff00 -radix hex
## add_wave /apatb_myproject_top/AESL_inst_myproject/layer102_out_2_V_V_TREADY -into $layer102_out_group -color #ffff00 -radix hex
## add_wave /apatb_myproject_top/AESL_inst_myproject/layer102_out_2_V_V_TVALID -into $layer102_out_group -color #ffff00 -radix hex
## add_wave /apatb_myproject_top/AESL_inst_myproject/layer102_out_1_V_V_TREADY -into $layer102_out_group -color #ffff00 -radix hex
## add_wave /apatb_myproject_top/AESL_inst_myproject/layer102_out_1_V_V_TVALID -into $layer102_out_group -color #ffff00 -radix hex
## add_wave /apatb_myproject_top/AESL_inst_myproject/layer102_out_0_V_V_TREADY -into $layer102_out_group -color #ffff00 -radix hex
## add_wave /apatb_myproject_top/AESL_inst_myproject/layer102_out_0_V_V_TVALID -into $layer102_out_group -color #ffff00 -radix hex
## add_wave /apatb_myproject_top/AESL_inst_myproject/layer102_out_15_V_V_TDATA -into $layer102_out_group -radix hex
## add_wave /apatb_myproject_top/AESL_inst_myproject/layer102_out_14_V_V_TDATA -into $layer102_out_group -radix hex
## add_wave /apatb_myproject_top/AESL_inst_myproject/layer102_out_13_V_V_TDATA -into $layer102_out_group -radix hex
## add_wave /apatb_myproject_top/AESL_inst_myproject/layer102_out_12_V_V_TDATA -into $layer102_out_group -radix hex
## add_wave /apatb_myproject_top/AESL_inst_myproject/layer102_out_11_V_V_TDATA -into $layer102_out_group -radix hex
## add_wave /apatb_myproject_top/AESL_inst_myproject/layer102_out_10_V_V_TDATA -into $layer102_out_group -radix hex
## add_wave /apatb_myproject_top/AESL_inst_myproject/layer102_out_9_V_V_TDATA -into $layer102_out_group -radix hex
## add_wave /apatb_myproject_top/AESL_inst_myproject/layer102_out_8_V_V_TDATA -into $layer102_out_group -radix hex
## add_wave /apatb_myproject_top/AESL_inst_myproject/layer102_out_7_V_V_TDATA -into $layer102_out_group -radix hex
## add_wave /apatb_myproject_top/AESL_inst_myproject/layer102_out_6_V_V_TDATA -into $layer102_out_group -radix hex
## add_wave /apatb_myproject_top/AESL_inst_myproject/layer102_out_5_V_V_TDATA -into $layer102_out_group -radix hex
## add_wave /apatb_myproject_top/AESL_inst_myproject/layer102_out_4_V_V_TDATA -into $layer102_out_group -radix hex
## add_wave /apatb_myproject_top/AESL_inst_myproject/layer102_out_3_V_V_TDATA -into $layer102_out_group -radix hex
## add_wave /apatb_myproject_top/AESL_inst_myproject/layer102_out_2_V_V_TDATA -into $layer102_out_group -radix hex
## add_wave /apatb_myproject_top/AESL_inst_myproject/layer102_out_1_V_V_TDATA -into $layer102_out_group -radix hex
## add_wave /apatb_myproject_top/AESL_inst_myproject/layer102_out_0_V_V_TDATA -into $layer102_out_group -radix hex
## set cinputgroup [add_wave_group "C Inputs" -into $designtopgroup]
## set scalars_group [add_wave_group scalars(axis) -into $cinputgroup]
## add_wave /apatb_myproject_top/AESL_inst_myproject/scalars_0_V_V_TREADY -into $scalars_group -color #ffff00 -radix hex
## add_wave /apatb_myproject_top/AESL_inst_myproject/scalars_0_V_V_TVALID -into $scalars_group -color #ffff00 -radix hex
## add_wave /apatb_myproject_top/AESL_inst_myproject/scalars_0_V_V_TDATA -into $scalars_group -radix hex
## set em_barrel_group [add_wave_group em_barrel(axis) -into $cinputgroup]
## add_wave /apatb_myproject_top/AESL_inst_myproject/em_barrel_15_V_V_TREADY -into $em_barrel_group -color #ffff00 -radix hex
## add_wave /apatb_myproject_top/AESL_inst_myproject/em_barrel_15_V_V_TVALID -into $em_barrel_group -color #ffff00 -radix hex
## add_wave /apatb_myproject_top/AESL_inst_myproject/em_barrel_14_V_V_TREADY -into $em_barrel_group -color #ffff00 -radix hex
## add_wave /apatb_myproject_top/AESL_inst_myproject/em_barrel_14_V_V_TVALID -into $em_barrel_group -color #ffff00 -radix hex
## add_wave /apatb_myproject_top/AESL_inst_myproject/em_barrel_13_V_V_TREADY -into $em_barrel_group -color #ffff00 -radix hex
## add_wave /apatb_myproject_top/AESL_inst_myproject/em_barrel_13_V_V_TVALID -into $em_barrel_group -color #ffff00 -radix hex
## add_wave /apatb_myproject_top/AESL_inst_myproject/em_barrel_12_V_V_TREADY -into $em_barrel_group -color #ffff00 -radix hex
## add_wave /apatb_myproject_top/AESL_inst_myproject/em_barrel_12_V_V_TVALID -into $em_barrel_group -color #ffff00 -radix hex
## add_wave /apatb_myproject_top/AESL_inst_myproject/em_barrel_11_V_V_TREADY -into $em_barrel_group -color #ffff00 -radix hex
## add_wave /apatb_myproject_top/AESL_inst_myproject/em_barrel_11_V_V_TVALID -into $em_barrel_group -color #ffff00 -radix hex
## add_wave /apatb_myproject_top/AESL_inst_myproject/em_barrel_10_V_V_TREADY -into $em_barrel_group -color #ffff00 -radix hex
## add_wave /apatb_myproject_top/AESL_inst_myproject/em_barrel_10_V_V_TVALID -into $em_barrel_group -color #ffff00 -radix hex
## add_wave /apatb_myproject_top/AESL_inst_myproject/em_barrel_9_V_V_TREADY -into $em_barrel_group -color #ffff00 -radix hex
## add_wave /apatb_myproject_top/AESL_inst_myproject/em_barrel_9_V_V_TVALID -into $em_barrel_group -color #ffff00 -radix hex
## add_wave /apatb_myproject_top/AESL_inst_myproject/em_barrel_8_V_V_TREADY -into $em_barrel_group -color #ffff00 -radix hex
## add_wave /apatb_myproject_top/AESL_inst_myproject/em_barrel_8_V_V_TVALID -into $em_barrel_group -color #ffff00 -radix hex
## add_wave /apatb_myproject_top/AESL_inst_myproject/em_barrel_7_V_V_TREADY -into $em_barrel_group -color #ffff00 -radix hex
## add_wave /apatb_myproject_top/AESL_inst_myproject/em_barrel_7_V_V_TVALID -into $em_barrel_group -color #ffff00 -radix hex
## add_wave /apatb_myproject_top/AESL_inst_myproject/em_barrel_6_V_V_TREADY -into $em_barrel_group -color #ffff00 -radix hex
## add_wave /apatb_myproject_top/AESL_inst_myproject/em_barrel_6_V_V_TVALID -into $em_barrel_group -color #ffff00 -radix hex
## add_wave /apatb_myproject_top/AESL_inst_myproject/em_barrel_5_V_V_TREADY -into $em_barrel_group -color #ffff00 -radix hex
## add_wave /apatb_myproject_top/AESL_inst_myproject/em_barrel_5_V_V_TVALID -into $em_barrel_group -color #ffff00 -radix hex
## add_wave /apatb_myproject_top/AESL_inst_myproject/em_barrel_4_V_V_TREADY -into $em_barrel_group -color #ffff00 -radix hex
## add_wave /apatb_myproject_top/AESL_inst_myproject/em_barrel_4_V_V_TVALID -into $em_barrel_group -color #ffff00 -radix hex
## add_wave /apatb_myproject_top/AESL_inst_myproject/em_barrel_3_V_V_TREADY -into $em_barrel_group -color #ffff00 -radix hex
## add_wave /apatb_myproject_top/AESL_inst_myproject/em_barrel_3_V_V_TVALID -into $em_barrel_group -color #ffff00 -radix hex
## add_wave /apatb_myproject_top/AESL_inst_myproject/em_barrel_2_V_V_TREADY -into $em_barrel_group -color #ffff00 -radix hex
## add_wave /apatb_myproject_top/AESL_inst_myproject/em_barrel_2_V_V_TVALID -into $em_barrel_group -color #ffff00 -radix hex
## add_wave /apatb_myproject_top/AESL_inst_myproject/em_barrel_1_V_V_TREADY -into $em_barrel_group -color #ffff00 -radix hex
## add_wave /apatb_myproject_top/AESL_inst_myproject/em_barrel_1_V_V_TVALID -into $em_barrel_group -color #ffff00 -radix hex
## add_wave /apatb_myproject_top/AESL_inst_myproject/em_barrel_0_V_V_TREADY -into $em_barrel_group -color #ffff00 -radix hex
## add_wave /apatb_myproject_top/AESL_inst_myproject/em_barrel_0_V_V_TVALID -into $em_barrel_group -color #ffff00 -radix hex
## add_wave /apatb_myproject_top/AESL_inst_myproject/em_barrel_15_V_V_TDATA -into $em_barrel_group -radix hex
## add_wave /apatb_myproject_top/AESL_inst_myproject/em_barrel_14_V_V_TDATA -into $em_barrel_group -radix hex
## add_wave /apatb_myproject_top/AESL_inst_myproject/em_barrel_13_V_V_TDATA -into $em_barrel_group -radix hex
## add_wave /apatb_myproject_top/AESL_inst_myproject/em_barrel_12_V_V_TDATA -into $em_barrel_group -radix hex
## add_wave /apatb_myproject_top/AESL_inst_myproject/em_barrel_11_V_V_TDATA -into $em_barrel_group -radix hex
## add_wave /apatb_myproject_top/AESL_inst_myproject/em_barrel_10_V_V_TDATA -into $em_barrel_group -radix hex
## add_wave /apatb_myproject_top/AESL_inst_myproject/em_barrel_9_V_V_TDATA -into $em_barrel_group -radix hex
## add_wave /apatb_myproject_top/AESL_inst_myproject/em_barrel_8_V_V_TDATA -into $em_barrel_group -radix hex
## add_wave /apatb_myproject_top/AESL_inst_myproject/em_barrel_7_V_V_TDATA -into $em_barrel_group -radix hex
## add_wave /apatb_myproject_top/AESL_inst_myproject/em_barrel_6_V_V_TDATA -into $em_barrel_group -radix hex
## add_wave /apatb_myproject_top/AESL_inst_myproject/em_barrel_5_V_V_TDATA -into $em_barrel_group -radix hex
## add_wave /apatb_myproject_top/AESL_inst_myproject/em_barrel_4_V_V_TDATA -into $em_barrel_group -radix hex
## add_wave /apatb_myproject_top/AESL_inst_myproject/em_barrel_3_V_V_TDATA -into $em_barrel_group -radix hex
## add_wave /apatb_myproject_top/AESL_inst_myproject/em_barrel_2_V_V_TDATA -into $em_barrel_group -radix hex
## add_wave /apatb_myproject_top/AESL_inst_myproject/em_barrel_1_V_V_TDATA -into $em_barrel_group -radix hex
## add_wave /apatb_myproject_top/AESL_inst_myproject/em_barrel_0_V_V_TDATA -into $em_barrel_group -radix hex
## set blocksiggroup [add_wave_group "Block-level IO Handshake" -into $designtopgroup]
## add_wave /apatb_myproject_top/AESL_inst_myproject/ap_start -into $blocksiggroup
## add_wave /apatb_myproject_top/AESL_inst_myproject/ap_done -into $blocksiggroup
## add_wave /apatb_myproject_top/AESL_inst_myproject/ap_ready -into $blocksiggroup
## add_wave /apatb_myproject_top/AESL_inst_myproject/ap_idle -into $blocksiggroup
## set resetgroup [add_wave_group "Reset" -into $designtopgroup]
## add_wave /apatb_myproject_top/AESL_inst_myproject/ap_rst_n -into $resetgroup
## set clockgroup [add_wave_group "Clock" -into $designtopgroup]
## add_wave /apatb_myproject_top/AESL_inst_myproject/ap_clk -into $clockgroup
## set testbenchgroup [add_wave_group "Test Bench Signals"]
## set tbinternalsiggroup [add_wave_group "Internal Signals" -into $testbenchgroup]
## set tb_simstatus_group [add_wave_group "Simulation Status" -into $tbinternalsiggroup]
## set tb_portdepth_group [add_wave_group "Port Depth" -into $tbinternalsiggroup]
## add_wave /apatb_myproject_top/AUTOTB_TRANSACTION_NUM -into $tb_simstatus_group -radix hex
## add_wave /apatb_myproject_top/ready_cnt -into $tb_simstatus_group -radix hex
## add_wave /apatb_myproject_top/done_cnt -into $tb_simstatus_group -radix hex
## add_wave /apatb_myproject_top/LENGTH_em_barrel_0_V_V -into $tb_portdepth_group -radix hex
## add_wave /apatb_myproject_top/LENGTH_em_barrel_1_V_V -into $tb_portdepth_group -radix hex
## add_wave /apatb_myproject_top/LENGTH_em_barrel_2_V_V -into $tb_portdepth_group -radix hex
## add_wave /apatb_myproject_top/LENGTH_em_barrel_3_V_V -into $tb_portdepth_group -radix hex
## add_wave /apatb_myproject_top/LENGTH_em_barrel_4_V_V -into $tb_portdepth_group -radix hex
## add_wave /apatb_myproject_top/LENGTH_em_barrel_5_V_V -into $tb_portdepth_group -radix hex
## add_wave /apatb_myproject_top/LENGTH_em_barrel_6_V_V -into $tb_portdepth_group -radix hex
## add_wave /apatb_myproject_top/LENGTH_em_barrel_7_V_V -into $tb_portdepth_group -radix hex
## add_wave /apatb_myproject_top/LENGTH_em_barrel_8_V_V -into $tb_portdepth_group -radix hex
## add_wave /apatb_myproject_top/LENGTH_em_barrel_9_V_V -into $tb_portdepth_group -radix hex
## add_wave /apatb_myproject_top/LENGTH_em_barrel_10_V_V -into $tb_portdepth_group -radix hex
## add_wave /apatb_myproject_top/LENGTH_em_barrel_11_V_V -into $tb_portdepth_group -radix hex
## add_wave /apatb_myproject_top/LENGTH_em_barrel_12_V_V -into $tb_portdepth_group -radix hex
## add_wave /apatb_myproject_top/LENGTH_em_barrel_13_V_V -into $tb_portdepth_group -radix hex
## add_wave /apatb_myproject_top/LENGTH_em_barrel_14_V_V -into $tb_portdepth_group -radix hex
## add_wave /apatb_myproject_top/LENGTH_em_barrel_15_V_V -into $tb_portdepth_group -radix hex
## add_wave /apatb_myproject_top/LENGTH_scalars_0_V_V -into $tb_portdepth_group -radix hex
## add_wave /apatb_myproject_top/LENGTH_layer102_out_0_V_V -into $tb_portdepth_group -radix hex
## add_wave /apatb_myproject_top/LENGTH_layer102_out_1_V_V -into $tb_portdepth_group -radix hex
## add_wave /apatb_myproject_top/LENGTH_layer102_out_2_V_V -into $tb_portdepth_group -radix hex
## add_wave /apatb_myproject_top/LENGTH_layer102_out_3_V_V -into $tb_portdepth_group -radix hex
## add_wave /apatb_myproject_top/LENGTH_layer102_out_4_V_V -into $tb_portdepth_group -radix hex
## add_wave /apatb_myproject_top/LENGTH_layer102_out_5_V_V -into $tb_portdepth_group -radix hex
## add_wave /apatb_myproject_top/LENGTH_layer102_out_6_V_V -into $tb_portdepth_group -radix hex
## add_wave /apatb_myproject_top/LENGTH_layer102_out_7_V_V -into $tb_portdepth_group -radix hex
## add_wave /apatb_myproject_top/LENGTH_layer102_out_8_V_V -into $tb_portdepth_group -radix hex
## add_wave /apatb_myproject_top/LENGTH_layer102_out_9_V_V -into $tb_portdepth_group -radix hex
## add_wave /apatb_myproject_top/LENGTH_layer102_out_10_V_V -into $tb_portdepth_group -radix hex
## add_wave /apatb_myproject_top/LENGTH_layer102_out_11_V_V -into $tb_portdepth_group -radix hex
## add_wave /apatb_myproject_top/LENGTH_layer102_out_12_V_V -into $tb_portdepth_group -radix hex
## add_wave /apatb_myproject_top/LENGTH_layer102_out_13_V_V -into $tb_portdepth_group -radix hex
## add_wave /apatb_myproject_top/LENGTH_layer102_out_14_V_V -into $tb_portdepth_group -radix hex
## add_wave /apatb_myproject_top/LENGTH_layer102_out_15_V_V -into $tb_portdepth_group -radix hex
## set tbcoutputgroup [add_wave_group "C Outputs" -into $testbenchgroup]
## set tb_layer102_out_group [add_wave_group layer102_out(axis) -into $tbcoutputgroup]
## add_wave /apatb_myproject_top/layer102_out_15_V_V_TREADY -into $tb_layer102_out_group -color #ffff00 -radix hex
## add_wave /apatb_myproject_top/layer102_out_15_V_V_TVALID -into $tb_layer102_out_group -color #ffff00 -radix hex
## add_wave /apatb_myproject_top/layer102_out_14_V_V_TREADY -into $tb_layer102_out_group -color #ffff00 -radix hex
## add_wave /apatb_myproject_top/layer102_out_14_V_V_TVALID -into $tb_layer102_out_group -color #ffff00 -radix hex
## add_wave /apatb_myproject_top/layer102_out_13_V_V_TREADY -into $tb_layer102_out_group -color #ffff00 -radix hex
## add_wave /apatb_myproject_top/layer102_out_13_V_V_TVALID -into $tb_layer102_out_group -color #ffff00 -radix hex
## add_wave /apatb_myproject_top/layer102_out_12_V_V_TREADY -into $tb_layer102_out_group -color #ffff00 -radix hex
## add_wave /apatb_myproject_top/layer102_out_12_V_V_TVALID -into $tb_layer102_out_group -color #ffff00 -radix hex
## add_wave /apatb_myproject_top/layer102_out_11_V_V_TREADY -into $tb_layer102_out_group -color #ffff00 -radix hex
## add_wave /apatb_myproject_top/layer102_out_11_V_V_TVALID -into $tb_layer102_out_group -color #ffff00 -radix hex
## add_wave /apatb_myproject_top/layer102_out_10_V_V_TREADY -into $tb_layer102_out_group -color #ffff00 -radix hex
## add_wave /apatb_myproject_top/layer102_out_10_V_V_TVALID -into $tb_layer102_out_group -color #ffff00 -radix hex
## add_wave /apatb_myproject_top/layer102_out_9_V_V_TREADY -into $tb_layer102_out_group -color #ffff00 -radix hex
## add_wave /apatb_myproject_top/layer102_out_9_V_V_TVALID -into $tb_layer102_out_group -color #ffff00 -radix hex
## add_wave /apatb_myproject_top/layer102_out_8_V_V_TREADY -into $tb_layer102_out_group -color #ffff00 -radix hex
## add_wave /apatb_myproject_top/layer102_out_8_V_V_TVALID -into $tb_layer102_out_group -color #ffff00 -radix hex
## add_wave /apatb_myproject_top/layer102_out_7_V_V_TREADY -into $tb_layer102_out_group -color #ffff00 -radix hex
## add_wave /apatb_myproject_top/layer102_out_7_V_V_TVALID -into $tb_layer102_out_group -color #ffff00 -radix hex
## add_wave /apatb_myproject_top/layer102_out_6_V_V_TREADY -into $tb_layer102_out_group -color #ffff00 -radix hex
## add_wave /apatb_myproject_top/layer102_out_6_V_V_TVALID -into $tb_layer102_out_group -color #ffff00 -radix hex
## add_wave /apatb_myproject_top/layer102_out_5_V_V_TREADY -into $tb_layer102_out_group -color #ffff00 -radix hex
## add_wave /apatb_myproject_top/layer102_out_5_V_V_TVALID -into $tb_layer102_out_group -color #ffff00 -radix hex
## add_wave /apatb_myproject_top/layer102_out_4_V_V_TREADY -into $tb_layer102_out_group -color #ffff00 -radix hex
## add_wave /apatb_myproject_top/layer102_out_4_V_V_TVALID -into $tb_layer102_out_group -color #ffff00 -radix hex
## add_wave /apatb_myproject_top/layer102_out_3_V_V_TREADY -into $tb_layer102_out_group -color #ffff00 -radix hex
## add_wave /apatb_myproject_top/layer102_out_3_V_V_TVALID -into $tb_layer102_out_group -color #ffff00 -radix hex
## add_wave /apatb_myproject_top/layer102_out_2_V_V_TREADY -into $tb_layer102_out_group -color #ffff00 -radix hex
## add_wave /apatb_myproject_top/layer102_out_2_V_V_TVALID -into $tb_layer102_out_group -color #ffff00 -radix hex
## add_wave /apatb_myproject_top/layer102_out_1_V_V_TREADY -into $tb_layer102_out_group -color #ffff00 -radix hex
## add_wave /apatb_myproject_top/layer102_out_1_V_V_TVALID -into $tb_layer102_out_group -color #ffff00 -radix hex
## add_wave /apatb_myproject_top/layer102_out_0_V_V_TREADY -into $tb_layer102_out_group -color #ffff00 -radix hex
## add_wave /apatb_myproject_top/layer102_out_0_V_V_TVALID -into $tb_layer102_out_group -color #ffff00 -radix hex
## add_wave /apatb_myproject_top/layer102_out_15_V_V_TDATA -into $tb_layer102_out_group -radix hex
## add_wave /apatb_myproject_top/layer102_out_14_V_V_TDATA -into $tb_layer102_out_group -radix hex
## add_wave /apatb_myproject_top/layer102_out_13_V_V_TDATA -into $tb_layer102_out_group -radix hex
## add_wave /apatb_myproject_top/layer102_out_12_V_V_TDATA -into $tb_layer102_out_group -radix hex
## add_wave /apatb_myproject_top/layer102_out_11_V_V_TDATA -into $tb_layer102_out_group -radix hex
## add_wave /apatb_myproject_top/layer102_out_10_V_V_TDATA -into $tb_layer102_out_group -radix hex
## add_wave /apatb_myproject_top/layer102_out_9_V_V_TDATA -into $tb_layer102_out_group -radix hex
## add_wave /apatb_myproject_top/layer102_out_8_V_V_TDATA -into $tb_layer102_out_group -radix hex
## add_wave /apatb_myproject_top/layer102_out_7_V_V_TDATA -into $tb_layer102_out_group -radix hex
## add_wave /apatb_myproject_top/layer102_out_6_V_V_TDATA -into $tb_layer102_out_group -radix hex
## add_wave /apatb_myproject_top/layer102_out_5_V_V_TDATA -into $tb_layer102_out_group -radix hex
## add_wave /apatb_myproject_top/layer102_out_4_V_V_TDATA -into $tb_layer102_out_group -radix hex
## add_wave /apatb_myproject_top/layer102_out_3_V_V_TDATA -into $tb_layer102_out_group -radix hex
## add_wave /apatb_myproject_top/layer102_out_2_V_V_TDATA -into $tb_layer102_out_group -radix hex
## add_wave /apatb_myproject_top/layer102_out_1_V_V_TDATA -into $tb_layer102_out_group -radix hex
## add_wave /apatb_myproject_top/layer102_out_0_V_V_TDATA -into $tb_layer102_out_group -radix hex
## set tbcinputgroup [add_wave_group "C Inputs" -into $testbenchgroup]
## set tb_scalars_group [add_wave_group scalars(axis) -into $tbcinputgroup]
## add_wave /apatb_myproject_top/scalars_0_V_V_TREADY -into $tb_scalars_group -color #ffff00 -radix hex
## add_wave /apatb_myproject_top/scalars_0_V_V_TVALID -into $tb_scalars_group -color #ffff00 -radix hex
## add_wave /apatb_myproject_top/scalars_0_V_V_TDATA -into $tb_scalars_group -radix hex
## set tb_em_barrel_group [add_wave_group em_barrel(axis) -into $tbcinputgroup]
## add_wave /apatb_myproject_top/em_barrel_15_V_V_TREADY -into $tb_em_barrel_group -color #ffff00 -radix hex
## add_wave /apatb_myproject_top/em_barrel_15_V_V_TVALID -into $tb_em_barrel_group -color #ffff00 -radix hex
## add_wave /apatb_myproject_top/em_barrel_14_V_V_TREADY -into $tb_em_barrel_group -color #ffff00 -radix hex
## add_wave /apatb_myproject_top/em_barrel_14_V_V_TVALID -into $tb_em_barrel_group -color #ffff00 -radix hex
## add_wave /apatb_myproject_top/em_barrel_13_V_V_TREADY -into $tb_em_barrel_group -color #ffff00 -radix hex
## add_wave /apatb_myproject_top/em_barrel_13_V_V_TVALID -into $tb_em_barrel_group -color #ffff00 -radix hex
## add_wave /apatb_myproject_top/em_barrel_12_V_V_TREADY -into $tb_em_barrel_group -color #ffff00 -radix hex
## add_wave /apatb_myproject_top/em_barrel_12_V_V_TVALID -into $tb_em_barrel_group -color #ffff00 -radix hex
## add_wave /apatb_myproject_top/em_barrel_11_V_V_TREADY -into $tb_em_barrel_group -color #ffff00 -radix hex
## add_wave /apatb_myproject_top/em_barrel_11_V_V_TVALID -into $tb_em_barrel_group -color #ffff00 -radix hex
## add_wave /apatb_myproject_top/em_barrel_10_V_V_TREADY -into $tb_em_barrel_group -color #ffff00 -radix hex
## add_wave /apatb_myproject_top/em_barrel_10_V_V_TVALID -into $tb_em_barrel_group -color #ffff00 -radix hex
## add_wave /apatb_myproject_top/em_barrel_9_V_V_TREADY -into $tb_em_barrel_group -color #ffff00 -radix hex
## add_wave /apatb_myproject_top/em_barrel_9_V_V_TVALID -into $tb_em_barrel_group -color #ffff00 -radix hex
## add_wave /apatb_myproject_top/em_barrel_8_V_V_TREADY -into $tb_em_barrel_group -color #ffff00 -radix hex
## add_wave /apatb_myproject_top/em_barrel_8_V_V_TVALID -into $tb_em_barrel_group -color #ffff00 -radix hex
## add_wave /apatb_myproject_top/em_barrel_7_V_V_TREADY -into $tb_em_barrel_group -color #ffff00 -radix hex
## add_wave /apatb_myproject_top/em_barrel_7_V_V_TVALID -into $tb_em_barrel_group -color #ffff00 -radix hex
## add_wave /apatb_myproject_top/em_barrel_6_V_V_TREADY -into $tb_em_barrel_group -color #ffff00 -radix hex
## add_wave /apatb_myproject_top/em_barrel_6_V_V_TVALID -into $tb_em_barrel_group -color #ffff00 -radix hex
## add_wave /apatb_myproject_top/em_barrel_5_V_V_TREADY -into $tb_em_barrel_group -color #ffff00 -radix hex
## add_wave /apatb_myproject_top/em_barrel_5_V_V_TVALID -into $tb_em_barrel_group -color #ffff00 -radix hex
## add_wave /apatb_myproject_top/em_barrel_4_V_V_TREADY -into $tb_em_barrel_group -color #ffff00 -radix hex
## add_wave /apatb_myproject_top/em_barrel_4_V_V_TVALID -into $tb_em_barrel_group -color #ffff00 -radix hex
## add_wave /apatb_myproject_top/em_barrel_3_V_V_TREADY -into $tb_em_barrel_group -color #ffff00 -radix hex
## add_wave /apatb_myproject_top/em_barrel_3_V_V_TVALID -into $tb_em_barrel_group -color #ffff00 -radix hex
## add_wave /apatb_myproject_top/em_barrel_2_V_V_TREADY -into $tb_em_barrel_group -color #ffff00 -radix hex
## add_wave /apatb_myproject_top/em_barrel_2_V_V_TVALID -into $tb_em_barrel_group -color #ffff00 -radix hex
## add_wave /apatb_myproject_top/em_barrel_1_V_V_TREADY -into $tb_em_barrel_group -color #ffff00 -radix hex
## add_wave /apatb_myproject_top/em_barrel_1_V_V_TVALID -into $tb_em_barrel_group -color #ffff00 -radix hex
## add_wave /apatb_myproject_top/em_barrel_0_V_V_TREADY -into $tb_em_barrel_group -color #ffff00 -radix hex
## add_wave /apatb_myproject_top/em_barrel_0_V_V_TVALID -into $tb_em_barrel_group -color #ffff00 -radix hex
## add_wave /apatb_myproject_top/em_barrel_15_V_V_TDATA -into $tb_em_barrel_group -radix hex
## add_wave /apatb_myproject_top/em_barrel_14_V_V_TDATA -into $tb_em_barrel_group -radix hex
## add_wave /apatb_myproject_top/em_barrel_13_V_V_TDATA -into $tb_em_barrel_group -radix hex
## add_wave /apatb_myproject_top/em_barrel_12_V_V_TDATA -into $tb_em_barrel_group -radix hex
## add_wave /apatb_myproject_top/em_barrel_11_V_V_TDATA -into $tb_em_barrel_group -radix hex
## add_wave /apatb_myproject_top/em_barrel_10_V_V_TDATA -into $tb_em_barrel_group -radix hex
## add_wave /apatb_myproject_top/em_barrel_9_V_V_TDATA -into $tb_em_barrel_group -radix hex
## add_wave /apatb_myproject_top/em_barrel_8_V_V_TDATA -into $tb_em_barrel_group -radix hex
## add_wave /apatb_myproject_top/em_barrel_7_V_V_TDATA -into $tb_em_barrel_group -radix hex
## add_wave /apatb_myproject_top/em_barrel_6_V_V_TDATA -into $tb_em_barrel_group -radix hex
## add_wave /apatb_myproject_top/em_barrel_5_V_V_TDATA -into $tb_em_barrel_group -radix hex
## add_wave /apatb_myproject_top/em_barrel_4_V_V_TDATA -into $tb_em_barrel_group -radix hex
## add_wave /apatb_myproject_top/em_barrel_3_V_V_TDATA -into $tb_em_barrel_group -radix hex
## add_wave /apatb_myproject_top/em_barrel_2_V_V_TDATA -into $tb_em_barrel_group -radix hex
## add_wave /apatb_myproject_top/em_barrel_1_V_V_TDATA -into $tb_em_barrel_group -radix hex
## add_wave /apatb_myproject_top/em_barrel_0_V_V_TDATA -into $tb_em_barrel_group -radix hex
## save_wave_config myproject.wcfg
## run all
////////////////////////////////////////////////////////////////////////////////////
// Inter-Transaction Progress: Completed Transaction / Total Transaction
// Intra-Transaction Progress: Measured Latency / Latency Estimation * 100%
//
// RTL Simulation : "Inter-Transaction Progress" ["Intra-Transaction Progress"] @ "Simulation Time"
////////////////////////////////////////////////////////////////////////////////////
// RTL Simulation : 0 / 1 [0.00%] @ "113000"
// RTL Simulation : 1 / 1 [100.00%] @ "15708000"
////////////////////////////////////////////////////////////////////////////////////
$finish called at time : 15727500 ps : File "/home/YL_HUANG/10_21/full_model_layer/film/myproject_prj/solution1/sim/verilog/myproject.autotb.v" Line 1606
## quit
INFO: [Common 17-206] Exiting xsim at Fri Oct 21 13:42:01 2022...
